<?xml version="1.0" encoding="UTF-8" ?>
<testsuites name="vitest tests" tests="160" failures="0" errors="0" time="1.215692917">
    <testsuite name="test/jdm.test.js" timestamp="2026-03-11T12:22:57.298Z" hostname="Host-001.homenet.telecomitalia.it" tests="160" failures="0" errors="0" skipped="0" time="1.215692917">
        <testcase classname="test/jdm.test.js" name="JDM - Costruttore &gt; crea un elemento da tag string" time="0.005285917">
        </testcase>
        <testcase classname="test/jdm.test.js" name="JDM - Costruttore &gt; crea un elemento da stringa HTML completa (domFromString)" time="0.001460167">
        </testcase>
        <testcase classname="test/jdm.test.js" name="JDM - Costruttore &gt; crea un elemento da stringa HTML parziale (domFromHtml)" time="0.001496166">
        </testcase>
        <testcase classname="test/jdm.test.js" name="JDM - Costruttore &gt; wrappa un elemento DOM esistente (elementDom)" time="0.000714875">
        </testcase>
        <testcase classname="test/jdm.test.js" name="JDM - Costruttore &gt; aggiunge classList passata nel costruttore" time="0.001528917">
        </testcase>
        <testcase classname="test/jdm.test.js" name="JDM - Costruttore &gt; con deep=false non processa i figli" time="0.0010525">
        </testcase>
        <testcase classname="test/jdm.test.js" name="JDM - Costruttore &gt; con deep=true popola jdm_childNode per elementi con data-name" time="0.000973625">
        </testcase>
        <testcase classname="test/jdm.test.js" name="JDM - Costruttore &gt; con deep=true popola jdm_childNode per elementi con name" time="0.001552625">
        </testcase>
        <testcase classname="test/jdm.test.js" name="JDM - Costruttore &gt; crea un elemento SVG" time="0.002247833">
        </testcase>
        <testcase classname="test/jdm.test.js" name="JDM - Costruttore &gt; lancia un errore per tipi non supportati (es. number)" time="0.001774333">
            <system-err>
Element not supported by jdm: {
  element: [33m123[39m,
  parent: HTMLBodyElement {},
  classList: [1mnull[22m,
  deep: [33mtrue[39m,
  args: []
}

            </system-err>
        </testcase>
        <testcase classname="test/jdm.test.js" name="JDM - Costruttore &gt; crea un jdm-element quando element è null" time="0.000701958">
        </testcase>
        <testcase classname="test/jdm.test.js" name="JDM - Costruttore &gt; aggiunge jdm_ metodi direttamente sul nodo" time="0.000982125">
        </testcase>
        <testcase classname="test/jdm.test.js" name="JDM - Class &gt; aggiunge una singola classe" time="0.000555625">
        </testcase>
        <testcase classname="test/jdm.test.js" name="JDM - Class &gt; aggiunge un array di classi" time="0.000488542">
        </testcase>
        <testcase classname="test/jdm.test.js" name="JDM - Class &gt; rimuove una singola classe" time="0.000644542">
        </testcase>
        <testcase classname="test/jdm.test.js" name="JDM - Class &gt; rimuove un array di classi" time="0.0006155">
        </testcase>
        <testcase classname="test/jdm.test.js" name="JDM - Class &gt; toggle di una singola classe" time="0.000636166">
        </testcase>
        <testcase classname="test/jdm.test.js" name="JDM - Class &gt; toggle di un array di classi" time="0.000500958">
        </testcase>
        <testcase classname="test/jdm.test.js" name="JDM - Class &gt; findClassList con stringa - trovata" time="0.00048925">
        </testcase>
        <testcase classname="test/jdm.test.js" name="JDM - Class &gt; findClassList con array in AND" time="0.000473917">
        </testcase>
        <testcase classname="test/jdm.test.js" name="JDM - Class &gt; findClassList con array in OR (some=true)" time="0.00053575">
        </testcase>
        <testcase classname="test/jdm.test.js" name="JDM - Base &gt; crea un elemento partendo da un selector esistente" time="0.004003334">
        </testcase>
        <testcase classname="test/jdm.test.js" name="JDM - Base &gt; crea un jdm-element con parent" time="0.00067275">
        </testcase>
        <testcase classname="test/jdm.test.js" name="JDM - Base &gt; aggiunge singolo figlio con jdm_append" time="0.000496166">
        </testcase>
        <testcase classname="test/jdm.test.js" name="JDM - Base &gt; aggiunge array di figli con jdm_append" time="0.000570167">
        </testcase>
        <testcase classname="test/jdm.test.js" name="JDM - Base &gt; jdm_append con null non lancia errore" time="0.000469042">
        </testcase>
        <testcase classname="test/jdm.test.js" name="JDM - Base &gt; prepend singolo elemento" time="0.000811042">
        </testcase>
        <testcase classname="test/jdm.test.js" name="JDM - Base &gt; prepend lista di elementi" time="0.000605375">
        </testcase>
        <testcase classname="test/jdm.test.js" name="JDM - Base &gt; jdm_prepend con null non lancia errore" time="0.0006785">
        </testcase>
        <testcase classname="test/jdm.test.js" name="JDM - Base &gt; appendBefore singolo elemento" time="0.001550292">
        </testcase>
        <testcase classname="test/jdm.test.js" name="JDM - Base &gt; appendBefore lista di elementi" time="0.001836041">
        </testcase>
        <testcase classname="test/jdm.test.js" name="JDM - Base &gt; appendAfter lancia errore (bug: _core usa insertAfter non nativo)" time="0.001204917">
        </testcase>
        <testcase classname="test/jdm.test.js" name="JDM - Base &gt; appendAfter lista lancia errore (bug: _core usa insertAfter non nativo)" time="0.001064209">
        </testcase>
        <testcase classname="test/jdm.test.js" name="JDM - Base &gt; svuota un div" time="0.000633084">
        </testcase>
        <testcase classname="test/jdm.test.js" name="JDM - Base &gt; distrugge un elemento" time="0.000716958">
        </testcase>
        <testcase classname="test/jdm.test.js" name="JDM - Base &gt; imposta uno stile inline" time="0.001225042">
        </testcase>
        <testcase classname="test/jdm.test.js" name="JDM - Base &gt; estende il nodo con proprietà personalizzata" time="0.00082575">
        </testcase>
        <testcase classname="test/jdm.test.js" name="JDM - Base &gt; imposta innerHTML" time="0.001190292">
        </testcase>
        <testcase classname="test/jdm.test.js" name="JDM - Base &gt; aggiunge e rimuove event listener sul nodo" time="0.001187">
        </testcase>
        <testcase classname="test/jdm.test.js" name="JDM - Base &gt; extendChildNode copia i riferimenti in jdm_childNode sul nodo" time="0.000758458">
        </testcase>
        <testcase classname="test/jdm.test.js" name="JDM - Base &gt; extendChildNode non lancia errore se jdm_childNode è assente o vuoto" time="0.000716667">
        </testcase>
        <testcase classname="test/jdm.test.js" name="JDM - Base &gt; propaga innerHTML su elementi non form (jdm_binding)" time="0.001877">
        </testcase>
        <testcase classname="test/jdm.test.js" name="JDM - Base &gt; jdm_genEvent genera e dispatcha un CustomEvent" time="0.001280416">
        </testcase>
        <testcase classname="test/jdm.test.js" name="JDM - Base &gt; jdm_genEvent con propagation=false non sale ai genitori" time="0.001201667">
        </testcase>
        <testcase classname="test/jdm.test.js" name="JDM - Base &gt; jdm_submit previene la submission se l&apos;evento è cancellato" time="0.000997209">
        </testcase>
        <testcase classname="test/jdm.test.js" name="JDM - Base &gt; jdm_submit lancia errore su elemento non-form" time="0.000938791">
        </testcase>
        <testcase classname="test/jdm.test.js" name="JDM - Attribute &gt; imposta e legge un attributo" time="0.000619375">
        </testcase>
        <testcase classname="test/jdm.test.js" name="JDM - Attribute &gt; imposta un id" time="0.000682417">
        </testcase>
        <testcase classname="test/jdm.test.js" name="JDM - Attribute &gt; rimuove un attributo" time="0.000563959">
        </testcase>
        <testcase classname="test/jdm.test.js" name="JDM - Form &gt; setValue su checkbox e radio" time="0.003156167">
        </testcase>
        <testcase classname="test/jdm.test.js" name="JDM - Form &gt; setValue su input number e range" time="0.001526333">
        </testcase>
        <testcase classname="test/jdm.test.js" name="JDM - Form &gt; setValue su input text" time="0.000927625">
        </testcase>
        <testcase classname="test/jdm.test.js" name="JDM - Form &gt; setValue su form complesso" time="0.004440042">
        </testcase>
        <testcase classname="test/jdm.test.js" name="JDM - Form &gt; getValue da checkbox, radio, select e input text" time="0.003702583">
        </testcase>
        <testcase classname="test/jdm.test.js" name="JDM - Form &gt; getValue da form complesso con array e nested" time="0.0030765">
        </testcase>
        <testcase classname="test/jdm.test.js" name="JDM - Form &gt; getValue gestisce array senza chiave e chiavi duplicate" time="0.001751166">
        </testcase>
        <testcase classname="test/jdm.test.js" name="JDM - Form &gt; svuota input text" time="0.000778125">
        </testcase>
        <testcase classname="test/jdm.test.js" name="JDM - Form &gt; svuota textarea" time="0.000871125">
        </testcase>
        <testcase classname="test/jdm.test.js" name="JDM - Form &gt; svuota checkbox" time="0.000805959">
        </testcase>
        <testcase classname="test/jdm.test.js" name="JDM - Form &gt; svuota radio" time="0.000754875">
        </testcase>
        <testcase classname="test/jdm.test.js" name="JDM - Form &gt; svuota i campi del form" time="0.002364042">
        </testcase>
        <testcase classname="test/jdm.test.js" name="JDM - Form &gt; valida un input required vuoto → false, con valore → true" time="0.001835791">
        </testcase>
        <testcase classname="test/jdm.test.js" name="JDM - Form &gt; binding unidirezionale tra due input" time="0.0011755">
        </testcase>
        <testcase classname="test/jdm.test.js" name="JDM - Form &gt; binding bidirezionale tra due input" time="0.001216042">
        </testcase>
        <testcase classname="test/jdm.test.js" name="JDM - Form &gt; binding con array di target" time="0.001211583">
        </testcase>
        <testcase classname="test/jdm.test.js" name="JDM - Form &gt; invoca jdm_onSubmit" time="0.001368125">
        </testcase>
        <testcase classname="test/jdm.test.js" name="JDM - Event su elementi &gt; jdm_onInput registra listener" time="0.000774167">
        </testcase>
        <testcase classname="test/jdm.test.js" name="JDM - Event su elementi &gt; jdm_onInput senza fn non lancia errore" time="0.000669333">
        </testcase>
        <testcase classname="test/jdm.test.js" name="JDM - Event su elementi &gt; jdm_onInput sovrascrive il listener precedente (preservePrevEvent=false default)" time="0.001012792">
        </testcase>
        <testcase classname="test/jdm.test.js" name="JDM - Event su elementi &gt; jdm_onInput non accetta opt (firma senza secondo parametro in jdm.js)" time="0.000754667">
        </testcase>
        <testcase classname="test/jdm.test.js" name="JDM - Event su elementi &gt; jdm_onChange registra listener" time="0.001107417">
        </testcase>
        <testcase classname="test/jdm.test.js" name="JDM - Event su elementi &gt; jdm_onChange senza fn non lancia errore" time="0.0006565">
        </testcase>
        <testcase classname="test/jdm.test.js" name="JDM - Event su elementi &gt; jdm_onSelect registra listener" time="0.000634125">
        </testcase>
        <testcase classname="test/jdm.test.js" name="JDM - Event su elementi &gt; jdm_onSelect senza fn non lancia errore" time="0.000565541">
        </testcase>
        <testcase classname="test/jdm.test.js" name="JDM - Event su elementi &gt; jdm_onDebounce chiama fn una volta dopo timeout" time="0.13183575">
        </testcase>
        <testcase classname="test/jdm.test.js" name="JDM - Event su elementi &gt; jdm_onDebounce senza fn non lancia errore" time="0.322203417">
        </testcase>
        <testcase classname="test/jdm.test.js" name="JDM - Event su elementi &gt; jdm_onClick registra listener e ritorna HTMLElement" time="0.005757">
        </testcase>
        <testcase classname="test/jdm.test.js" name="JDM - Event su elementi &gt; jdm_onRightClick registra listener e ritorna HTMLElement" time="0.002913458">
        </testcase>
        <testcase classname="test/jdm.test.js" name="JDM - Event su elementi &gt; jdm_onDoubleClick registra listener e ritorna HTMLElement" time="0.002166542">
        </testcase>
        <testcase classname="test/jdm.test.js" name="JDM - Event su elementi &gt; jdm_onInvalid registra listener" time="0.001333792">
        </testcase>
        <testcase classname="test/jdm.test.js" name="JDM - Event su elementi &gt; jdm_onLoad registra listener" time="0.001534667">
        </testcase>
        <testcase classname="test/jdm.test.js" name="JDM - Event su elementi &gt; jdm_onError registra listener" time="0.001099917">
        </testcase>
        <testcase classname="test/jdm.test.js" name="JDM - EventBus &gt; Jdm.on registra un listener e Jdm.emit lo chiama" time="0.000945166">
        </testcase>
        <testcase classname="test/jdm.test.js" name="JDM - EventBus &gt; Jdm.on registra più listener sullo stesso evento" time="0.000664916">
        </testcase>
        <testcase classname="test/jdm.test.js" name="JDM - EventBus &gt; Jdm.off rimuove un listener specifico" time="0.000667708">
        </testcase>
        <testcase classname="test/jdm.test.js" name="JDM - EventBus &gt; Jdm.off senza fn rimuove tutti i listener dell&apos;evento" time="0.00065775">
        </testcase>
        <testcase classname="test/jdm.test.js" name="JDM - EventBus &gt; Jdm.off su evento inesistente non lancia errore" time="0.000614459">
        </testcase>
        <testcase classname="test/jdm.test.js" name="JDM - EventBus &gt; Jdm.emit su evento inesistente non lancia errore" time="0.000835125">
        </testcase>
        <testcase classname="test/jdm.test.js" name="JDM - EventBus &gt; Jdm.once viene chiamato una sola volta" time="0.001327792">
        </testcase>
        <testcase classname="test/jdm.test.js" name="JDM - EventBus &gt; Jdm.once con più listener indipendenti" time="0.000803834">
        </testcase>
        <testcase classname="test/jdm.test.js" name="JDM - EventBus &gt; _evt.jdm_on con opt jdm_once: true si comporta come once" time="0.000702375">
        </testcase>
        <testcase classname="test/jdm.test.js" name="JDM - EventBus &gt; _evt.jdm_off con fn specifica non rimuove altri listener" time="0.000676291">
        </testcase>
        <testcase classname="test/jdm.test.js" name="JDM - EventBus &gt; _evt.jdm_off senza fn su evento inesistente non lancia errore" time="0.000752625">
        </testcase>
        <testcase classname="test/jdm.test.js" name="JDM - _evt Element Events &gt; jdm_onElement registra un listener sull&apos;elemento" time="0.000846834">
        </testcase>
        <testcase classname="test/jdm.test.js" name="JDM - _evt Element Events &gt; jdm_onElement con preservePrevEvent=false sostituisce il listener precedente" time="0.000849125">
        </testcase>
        <testcase classname="test/jdm.test.js" name="JDM - _evt Element Events &gt; jdm_onElement con preservePrevEvent=true accumula i listener" time="0.00075225">
        </testcase>
        <testcase classname="test/jdm.test.js" name="JDM - _evt Element Events &gt; jdm_offElement rimuove tutti i listener dell&apos;evento" time="0.000736834">
        </testcase>
        <testcase classname="test/jdm.test.js" name="JDM - _evt Element Events &gt; jdm_offElement su elemento senza listener registrati non lancia errore" time="0.000676125">
        </testcase>
        <testcase classname="test/jdm.test.js" name="JDM - _evt Element Events &gt; jdm_offElement su evento non registrato per quell&apos;elemento non lancia errore" time="0.000670542">
        </testcase>
        <testcase classname="test/jdm.test.js" name="JDM - _evt Element Events &gt; jdm_offElement pulisce la WeakMap se non ci sono più eventi" time="0.000611875">
        </testcase>
        <testcase classname="test/jdm.test.js" name="JDM - _evt Element Events &gt; jdm_onceElement registra un listener tramite jdm_onElement con jdm_once:true" time="0.001015875">
        </testcase>
        <testcase classname="test/jdm.test.js" name="JDM - _evt Element Events &gt; nuovo _evt() resetta evtListener solo se già inizializzato" time="0.0009875">
        </testcase>
        <testcase classname="test/jdm.test.js" name="JDM - Commons &gt; debounce chiama fn una sola volta dopo timeout" time="0.131846167">
        </testcase>
        <testcase classname="test/jdm.test.js" name="JDM - Commons &gt; debounce con timeout di default (300ms)" time="0.35537025">
        </testcase>
        <testcase classname="test/jdm.test.js" name="JDM - Commons &gt; genEvent dispatcha CustomEvent con detail" time="0.001488875">
        </testcase>
        <testcase classname="test/jdm.test.js" name="JDM - Commons &gt; genEvent propaga ai genitori se propagateToParents=true (default)" time="0.0008155">
        </testcase>
        <testcase classname="test/jdm.test.js" name="JDM - Commons &gt; genEvent non propaga ai genitori se propagateToParents=false" time="0.000867125">
        </testcase>
        <testcase classname="test/jdm.test.js" name="JDM - Commons &gt; getTag restituisce il tag in minuscolo" time="0.000649042">
        </testcase>
        <testcase classname="test/jdm.test.js" name="JDM - Commons &gt; getTag restituisce undefined per nodi senza tagName" time="0.000645167">
        </testcase>
        <testcase classname="test/jdm.test.js" name="JDM - Animation &gt; AnimationOption usa i valori di default" time="0.000677">
        </testcase>
        <testcase classname="test/jdm.test.js" name="JDM - Animation &gt; AnimationOption accetta valori personalizzati" time="0.000642041">
        </testcase>
        <testcase classname="test/jdm.test.js" name="JDM - Animation &gt; jdm_clearAnimations resetta gli stili e cancella le animazioni" time="0.001199292">
        </testcase>
        <testcase classname="test/jdm.test.js" name="JDM - Animation &gt; chiama animate e callback in fadeIn" time="0.001448375">
        </testcase>
        <testcase classname="test/jdm.test.js" name="JDM - Animation &gt; chiama animate e callback in fadeInDown" time="0.000727792">
        </testcase>
        <testcase classname="test/jdm.test.js" name="JDM - Animation &gt; chiama animate e callback in fadeInUp" time="0.001298083">
        </testcase>
        <testcase classname="test/jdm.test.js" name="JDM - Animation &gt; chiama animate e callback in fadeInLeft" time="0.000941709">
        </testcase>
        <testcase classname="test/jdm.test.js" name="JDM - Animation &gt; chiama animate e callback in fadeInRight" time="0.000781166">
        </testcase>
        <testcase classname="test/jdm.test.js" name="JDM - Animation &gt; chiama animate e callback in fadeOut" time="0.000885042">
        </testcase>
        <testcase classname="test/jdm.test.js" name="JDM - Animation &gt; chiama animate e callback in fadeOutDown" time="0.00068125">
        </testcase>
        <testcase classname="test/jdm.test.js" name="JDM - Animation &gt; chiama animate e callback in fadeOutUp" time="0.000700292">
        </testcase>
        <testcase classname="test/jdm.test.js" name="JDM - Animation &gt; chiama animate e callback in fadeOutLeft" time="0.000579541">
        </testcase>
        <testcase classname="test/jdm.test.js" name="JDM - Animation &gt; chiama animate e callback in fadeOutRight" time="0.000544084">
        </testcase>
        <testcase classname="test/jdm.test.js" name="JDM - Animation &gt; chiama animate e callback in bounce" time="0.0005925">
        </testcase>
        <testcase classname="test/jdm.test.js" name="JDM - Animation &gt; chiama animate e callback in tada" time="0.000756708">
        </testcase>
        <testcase classname="test/jdm.test.js" name="JDM - Animation &gt; chiama animate e callback in zoomIn" time="0.000583458">
        </testcase>
        <testcase classname="test/jdm.test.js" name="JDM - Animation &gt; chiama animate e callback in zoomOut" time="0.000545">
        </testcase>
        <testcase classname="test/jdm.test.js" name="JDM - Animation &gt; chiama animate e callback in rotation" time="0.000586709">
        </testcase>
        <testcase classname="test/jdm.test.js" name="JDM - Animation &gt; fadeIn ritorna un HTMLElement" time="0.000525791">
        </testcase>
        <testcase classname="test/jdm.test.js" name="JDM - Animation &gt; fadeInDown ritorna un HTMLElement" time="0.000677541">
        </testcase>
        <testcase classname="test/jdm.test.js" name="JDM - Animation &gt; fadeInUp ritorna un HTMLElement" time="0.000653916">
        </testcase>
        <testcase classname="test/jdm.test.js" name="JDM - Animation &gt; fadeInLeft ritorna un HTMLElement" time="0.000508042">
        </testcase>
        <testcase classname="test/jdm.test.js" name="JDM - Animation &gt; fadeInRight ritorna un HTMLElement" time="0.000471584">
        </testcase>
        <testcase classname="test/jdm.test.js" name="JDM - Animation &gt; fadeOut ritorna un HTMLElement" time="0.000441041">
        </testcase>
        <testcase classname="test/jdm.test.js" name="JDM - Animation &gt; fadeOutDown ritorna un HTMLElement" time="0.00044825">
        </testcase>
        <testcase classname="test/jdm.test.js" name="JDM - Animation &gt; fadeOutUp ritorna un HTMLElement" time="0.000460333">
        </testcase>
        <testcase classname="test/jdm.test.js" name="JDM - Animation &gt; fadeOutLeft ritorna un HTMLElement" time="0.000452708">
        </testcase>
        <testcase classname="test/jdm.test.js" name="JDM - Animation &gt; fadeOutRight ritorna un HTMLElement" time="0.000479084">
        </testcase>
        <testcase classname="test/jdm.test.js" name="JDM - Animation &gt; bounce ritorna un HTMLElement" time="0.000502334">
        </testcase>
        <testcase classname="test/jdm.test.js" name="JDM - Animation &gt; tada ritorna un HTMLElement" time="0.000686167">
        </testcase>
        <testcase classname="test/jdm.test.js" name="JDM - Animation &gt; zoomIn ritorna un HTMLElement" time="0.000610041">
        </testcase>
        <testcase classname="test/jdm.test.js" name="JDM - Animation &gt; zoomOut ritorna un HTMLElement" time="0.000565">
        </testcase>
        <testcase classname="test/jdm.test.js" name="JDM - Animation &gt; rotation ritorna un HTMLElement" time="0.000795959">
        </testcase>
        <testcase classname="test/jdm.test.js" name="JDM - Animation &gt; jdm_animation senza callback non lancia errore" time="0.000593792">
        </testcase>
        <testcase classname="test/jdm.test.js" name="JDM - Animation &gt; jdm_hide imposta visibility e opacity a 0" time="0.00066875">
        </testcase>
        <testcase classname="test/jdm.test.js" name="JDM - Animation &gt; jdm_show ha un bug: chiama _animation.jdm_hide invece di jdm_show (copy-paste)" time="0.000685542">
        </testcase>
        <testcase classname="test/jdm.test.js" name="JDM - Copertura righe residue &gt; jdm_clearAnimations chiama cancel() sulle animazioni attive" time="0.00056925">
        </testcase>
        <testcase classname="test/jdm.test.js" name="JDM - Copertura righe residue &gt; _animation.jdm_show imposta visibility=visible e opacity=1" time="0.000529167">
        </testcase>
        <testcase classname="test/jdm.test.js" name="JDM - Copertura righe residue &gt; setValue su form: path nested object senza campo corrispondente non lancia errore" time="0.001528958">
        </testcase>
        <testcase classname="test/jdm.test.js" name="JDM - Copertura righe residue &gt; jdm_submit ritorna this quando il submit non viene bloccato" time="0.026301583">
            <system-err>
Error: Not implemented: HTMLFormElement.prototype.submit
    at module.exports (/Users/marcogiacobazzi/localhost/jdm2/node_modules/jsdom/lib/jsdom/browser/not-implemented.js:9:17)
    at HTMLFormElementImpl.submit (/Users/marcogiacobazzi/localhost/jdm2/node_modules/jsdom/lib/jsdom/living/nodes/HTMLFormElement-impl.js:104:5)
    at Proxy.submit (/Users/marcogiacobazzi/localhost/jdm2/node_modules/jsdom/lib/jsdom/living/generated/HTMLFormElement.js:121:34)
    at Jdm.jdm_submit (/Users/marcogiacobazzi/localhost/jdm2/src/_core.js:356:23)
    at Jdm.jdm_submit (/Users/marcogiacobazzi/localhost/jdm2/src/jdm.js:1114:33)
    at /Users/marcogiacobazzi/localhost/jdm2/test/jdm.test.js:1157:33
    at file:///Users/marcogiacobazzi/localhost/jdm2/node_modules/@vitest/runner/dist/index.js:103:11
    at file:///Users/marcogiacobazzi/localhost/jdm2/node_modules/@vitest/runner/dist/index.js:595:26
    at file:///Users/marcogiacobazzi/localhost/jdm2/node_modules/@vitest/runner/dist/index.js:877:20
    at new Promise (&lt;anonymous&gt;) [90mundefined[39m

            </system-err>
        </testcase>
        <testcase classname="test/jdm.test.js" name="JDM - Copertura righe residue &gt; jdm_setDebounceTime aggiorna il tempo di default del debounce" time="0.001137541">
        </testcase>
        <testcase classname="test/jdm.test.js" name="JDM - Copertura righe residue &gt; jdm_on su elemento registra un listener direttamente sul nodo" time="0.000527709">
        </testcase>
        <testcase classname="test/jdm.test.js" name="JDM - Copertura righe residue &gt; jdm_off su elemento rimuove il listener registrato con jdm_on" time="0.000469791">
        </testcase>
        <testcase classname="test/jdm.test.js" name="JDM - Copertura righe residue &gt; jdm_setDebounceTime sul nodo aggiorna defadefaultDebounceTime" time="0.082228541">
        </testcase>
        <testcase classname="test/jdm.test.js" name="JDM - Copertura righe residue &gt; window.JDM originale crea un elemento se chiamato direttamente" time="0.001675791">
        </testcase>
        <testcase classname="test/jdm.test.js" name="JDM - Proto &gt; String.prototype.toBoolean &gt; restituisce true per &apos;true&apos;, &apos;1&apos;, &apos;yes&apos; (case-insensitive)" time="0.000693375">
        </testcase>
        <testcase classname="test/jdm.test.js" name="JDM - Proto &gt; String.prototype.toBoolean &gt; restituisce false per &apos;false&apos;, &apos;0&apos;, &apos;no&apos;" time="0.00060325">
        </testcase>
        <testcase classname="test/jdm.test.js" name="JDM - Proto &gt; String.prototype.toBoolean &gt; lancia errore per stringhe non valide" time="0.0007005">
        </testcase>
        <testcase classname="test/jdm.test.js" name="JDM - Proto &gt; String.prototype.toCapitalize &gt; mette la prima lettera in maiuscolo" time="0.000553167">
        </testcase>
        <testcase classname="test/jdm.test.js" name="JDM - Proto &gt; Number.prototype.toBoolean &gt; restituisce true per 1, false per 0" time="0.000491416">
        </testcase>
        <testcase classname="test/jdm.test.js" name="JDM - Proto &gt; Number.prototype.toBoolean &gt; lancia errore per altri numeri" time="0.000574041">
        </testcase>
    </testsuite>
</testsuites>
