{"numTotalTestSuites":56,"numPassedTestSuites":56,"numFailedTestSuites":0,"numPendingTestSuites":0,"numTotalTests":311,"numPassedTests":311,"numFailedTests":0,"numPendingTests":0,"numTodoTests":0,"snapshot":{"added":0,"failure":false,"filesAdded":0,"filesRemoved":0,"filesRemovedList":[],"filesUnmatched":0,"filesUpdated":0,"matched":0,"total":0,"unchecked":0,"uncheckedKeysByFile":[],"unmatched":0,"updated":0,"didUpdate":false},"startTime":1781108631356,"success":true,"testResults":[{"assertionResults":[{"ancestorTitles":["JDM - Costruttore"],"fullName":"JDM - Costruttore crea un elemento da tag string","status":"passed","title":"crea un elemento da tag string","duration":8.365042000000017,"failureMessages":[],"meta":{}},{"ancestorTitles":["JDM - Costruttore"],"fullName":"JDM - Costruttore crea un elemento da stringa HTML completa (domFromString)","status":"passed","title":"crea un elemento da stringa HTML completa (domFromString)","duration":2.6010410000000093,"failureMessages":[],"meta":{}},{"ancestorTitles":["JDM - Costruttore"],"fullName":"JDM - Costruttore crea un elemento da stringa HTML parziale (domFromHtml)","status":"passed","title":"crea un elemento da stringa HTML parziale (domFromHtml)","duration":2.6077080000000024,"failureMessages":[],"meta":{}},{"ancestorTitles":["JDM - Costruttore"],"fullName":"JDM - Costruttore wrappa un elemento DOM esistente (elementDom)","status":"passed","title":"wrappa un elemento DOM esistente (elementDom)","duration":1.0504170000000386,"failureMessages":[],"meta":{}},{"ancestorTitles":["JDM - Costruttore"],"fullName":"JDM - Costruttore aggiunge classList passata nel costruttore","status":"passed","title":"aggiunge classList passata nel costruttore","duration":1.932374999999979,"failureMessages":[],"meta":{}},{"ancestorTitles":["JDM - Costruttore"],"fullName":"JDM - Costruttore con deep=false non processa i figli","status":"passed","title":"con deep=false non processa i figli","duration":2.110166999999933,"failureMessages":[],"meta":{}},{"ancestorTitles":["JDM - Costruttore"],"fullName":"JDM - Costruttore con deep=true popola jdm_childNode per elementi con data-name","status":"passed","title":"con deep=true popola jdm_childNode per elementi con data-name","duration":1.0941249999999627,"failureMessages":[],"meta":{}},{"ancestorTitles":["JDM - Costruttore"],"fullName":"JDM - Costruttore con deep=true popola jdm_childNode per elementi con name","status":"passed","title":"con deep=true popola jdm_childNode per elementi con name","duration":1.3986669999999322,"failureMessages":[],"meta":{}},{"ancestorTitles":["JDM - Costruttore"],"fullName":"JDM - Costruttore crea un elemento SVG","status":"passed","title":"crea un elemento SVG","duration":2.032291999999984,"failureMessages":[],"meta":{}},{"ancestorTitles":["JDM - Costruttore"],"fullName":"JDM - Costruttore lancia un errore per tipi non supportati (es. number)","status":"passed","title":"lancia un errore per tipi non supportati (es. number)","duration":1.3038330000000542,"failureMessages":[],"meta":{}},{"ancestorTitles":["JDM - Costruttore"],"fullName":"JDM - Costruttore crea un jdm-element quando element è null","status":"passed","title":"crea un jdm-element quando element è null","duration":0.4950410000000147,"failureMessages":[],"meta":{}},{"ancestorTitles":["JDM - Costruttore"],"fullName":"JDM - Costruttore aggiunge jdm_ metodi direttamente sul nodo","status":"passed","title":"aggiunge jdm_ metodi direttamente sul nodo","duration":0.6327080000000933,"failureMessages":[],"meta":{}},{"ancestorTitles":["JDM - Class"],"fullName":"JDM - Class aggiunge una singola classe","status":"passed","title":"aggiunge una singola classe","duration":0.46012499999994816,"failureMessages":[],"meta":{}},{"ancestorTitles":["JDM - Class"],"fullName":"JDM - Class aggiunge un array di classi","status":"passed","title":"aggiunge un array di classi","duration":0.4635830000000851,"failureMessages":[],"meta":{}},{"ancestorTitles":["JDM - Class"],"fullName":"JDM - Class rimuove una singola classe","status":"passed","title":"rimuove una singola classe","duration":0.5410829999999578,"failureMessages":[],"meta":{}},{"ancestorTitles":["JDM - Class"],"fullName":"JDM - Class rimuove un array di classi","status":"passed","title":"rimuove un array di classi","duration":0.4595409999999447,"failureMessages":[],"meta":{}},{"ancestorTitles":["JDM - Class"],"fullName":"JDM - Class toggle di una singola classe","status":"passed","title":"toggle di una singola classe","duration":0.4234160000000884,"failureMessages":[],"meta":{}},{"ancestorTitles":["JDM - Class"],"fullName":"JDM - Class toggle di un array di classi","status":"passed","title":"toggle di un array di classi","duration":0.43612499999994725,"failureMessages":[],"meta":{}},{"ancestorTitles":["JDM - Class"],"fullName":"JDM - Class findClassList con stringa - trovata","status":"passed","title":"findClassList con stringa - trovata","duration":0.42837499999996,"failureMessages":[],"meta":{}},{"ancestorTitles":["JDM - Class"],"fullName":"JDM - Class findClassList con array in AND","status":"passed","title":"findClassList con array in AND","duration":0.3776659999999765,"failureMessages":[],"meta":{}},{"ancestorTitles":["JDM - Class"],"fullName":"JDM - Class findClassList con array in OR (some=true)","status":"passed","title":"findClassList con array in OR (some=true)","duration":0.37333399999999983,"failureMessages":[],"meta":{}},{"ancestorTitles":["JDM - Base"],"fullName":"JDM - Base crea un elemento partendo da un selector esistente","status":"passed","title":"crea un elemento partendo da un selector esistente","duration":0.818290999999931,"failureMessages":[],"meta":{}},{"ancestorTitles":["JDM - Base"],"fullName":"JDM - Base crea un jdm-element con parent","status":"passed","title":"crea un jdm-element con parent","duration":0.46995800000001964,"failureMessages":[],"meta":{}},{"ancestorTitles":["JDM - Base"],"fullName":"JDM - Base aggiunge singolo figlio con jdm_append","status":"passed","title":"aggiunge singolo figlio con jdm_append","duration":0.36741699999993216,"failureMessages":[],"meta":{}},{"ancestorTitles":["JDM - Base"],"fullName":"JDM - Base aggiunge array di figli con jdm_append","status":"passed","title":"aggiunge array di figli con jdm_append","duration":0.3575419999999667,"failureMessages":[],"meta":{}},{"ancestorTitles":["JDM - Base"],"fullName":"JDM - Base jdm_append con null non lancia errore","status":"passed","title":"jdm_append con null non lancia errore","duration":0.34512500000005275,"failureMessages":[],"meta":{}},{"ancestorTitles":["JDM - Base"],"fullName":"JDM - Base prepend singolo elemento","status":"passed","title":"prepend singolo elemento","duration":0.48937499999999545,"failureMessages":[],"meta":{}},{"ancestorTitles":["JDM - Base"],"fullName":"JDM - Base prepend lista di elementi","status":"passed","title":"prepend lista di elementi","duration":0.45150000000001,"failureMessages":[],"meta":{}},{"ancestorTitles":["JDM - Base"],"fullName":"JDM - Base jdm_prepend con null non lancia errore","status":"passed","title":"jdm_prepend con null non lancia errore","duration":0.38124999999990905,"failureMessages":[],"meta":{}},{"ancestorTitles":["JDM - Base"],"fullName":"JDM - Base appendBefore singolo elemento","status":"passed","title":"appendBefore singolo elemento","duration":1.0488749999999527,"failureMessages":[],"meta":{}},{"ancestorTitles":["JDM - Base"],"fullName":"JDM - Base appendBefore lista di elementi","status":"passed","title":"appendBefore lista di elementi","duration":1.2662920000000213,"failureMessages":[],"meta":{}},{"ancestorTitles":["JDM - Base"],"fullName":"JDM - Base appendAfter singolo elemento — inserisce dopo il riferimento","status":"passed","title":"appendAfter singolo elemento — inserisce dopo il riferimento","duration":0.9935830000000578,"failureMessages":[],"meta":{}},{"ancestorTitles":["JDM - Base"],"fullName":"JDM - Base appendAfter lista mantiene l'ordine passato dopo il riferimento","status":"passed","title":"appendAfter lista mantiene l'ordine passato dopo il riferimento","duration":1.4038329999999632,"failureMessages":[],"meta":{}},{"ancestorTitles":["JDM - Base"],"fullName":"JDM - Base appendAfter funziona quando il nodo è l'ultimo figlio","status":"passed","title":"appendAfter funziona quando il nodo è l'ultimo figlio","duration":0.9057499999998981,"failureMessages":[],"meta":{}},{"ancestorTitles":["JDM - Base"],"fullName":"JDM - Base appendAfter su nodo orfano non lancia, warna","status":"passed","title":"appendAfter su nodo orfano non lancia, warna","duration":1.4840410000000475,"failureMessages":[],"meta":{}},{"ancestorTitles":["JDM - Base"],"fullName":"JDM - Base svuota un div","status":"passed","title":"svuota un div","duration":0.6592090000000326,"failureMessages":[],"meta":{}},{"ancestorTitles":["JDM - Base"],"fullName":"JDM - Base distrugge un elemento","status":"passed","title":"distrugge un elemento","duration":0.7245830000000524,"failureMessages":[],"meta":{}},{"ancestorTitles":["JDM - Base"],"fullName":"JDM - Base imposta uno stile inline","status":"passed","title":"imposta uno stile inline","duration":1.2387090000000853,"failureMessages":[],"meta":{}},{"ancestorTitles":["JDM - Base"],"fullName":"JDM - Base estende il nodo con proprietà personalizzata","status":"passed","title":"estende il nodo con proprietà personalizzata","duration":0.6009159999999838,"failureMessages":[],"meta":{}},{"ancestorTitles":["JDM - Base"],"fullName":"JDM - Base imposta innerHTML","status":"passed","title":"imposta innerHTML","duration":0.8226250000000164,"failureMessages":[],"meta":{}},{"ancestorTitles":["JDM - Base"],"fullName":"JDM - Base aggiunge e rimuove event listener sul nodo","status":"passed","title":"aggiunge e rimuove event listener sul nodo","duration":3.036542000000054,"failureMessages":[],"meta":{}},{"ancestorTitles":["JDM - Base"],"fullName":"JDM - Base extendChildNode copia i riferimenti in jdm_childNode sul nodo","status":"passed","title":"extendChildNode copia i riferimenti in jdm_childNode sul nodo","duration":0.757167000000095,"failureMessages":[],"meta":{}},{"ancestorTitles":["JDM - Base"],"fullName":"JDM - Base extendChildNode non lancia errore se jdm_childNode è assente o vuoto","status":"passed","title":"extendChildNode non lancia errore se jdm_childNode è assente o vuoto","duration":0.605209000000059,"failureMessages":[],"meta":{}},{"ancestorTitles":["JDM - Base"],"fullName":"JDM - Base propaga innerHTML su elementi non form (jdm_binding)","status":"passed","title":"propaga innerHTML su elementi non form (jdm_binding)","duration":1.4300000000000637,"failureMessages":[],"meta":{}},{"ancestorTitles":["JDM - Base"],"fullName":"JDM - Base jdm_genEvent genera e dispatcha un CustomEvent","status":"passed","title":"jdm_genEvent genera e dispatcha un CustomEvent","duration":0.706792000000064,"failureMessages":[],"meta":{}},{"ancestorTitles":["JDM - Base"],"fullName":"JDM - Base jdm_genEvent con propagation=false non sale ai genitori","status":"passed","title":"jdm_genEvent con propagation=false non sale ai genitori","duration":0.7675420000000486,"failureMessages":[],"meta":{}},{"ancestorTitles":["JDM - Base"],"fullName":"JDM - Base jdm_submit previene la submission se l'evento è cancellato","status":"passed","title":"jdm_submit previene la submission se l'evento è cancellato","duration":0.7032500000000255,"failureMessages":[],"meta":{}},{"ancestorTitles":["JDM - Base"],"fullName":"JDM - Base jdm_submit lancia errore su elemento non-form","status":"passed","title":"jdm_submit lancia errore su elemento non-form","duration":0.6949160000000347,"failureMessages":[],"meta":{}},{"ancestorTitles":["JDM - Attribute"],"fullName":"JDM - Attribute imposta e legge un attributo","status":"passed","title":"imposta e legge un attributo","duration":0.38220799999999144,"failureMessages":[],"meta":{}},{"ancestorTitles":["JDM - Attribute"],"fullName":"JDM - Attribute imposta un id","status":"passed","title":"imposta un id","duration":0.32074999999997544,"failureMessages":[],"meta":{}},{"ancestorTitles":["JDM - Attribute"],"fullName":"JDM - Attribute rimuove un attributo","status":"passed","title":"rimuove un attributo","duration":0.41495900000006714,"failureMessages":[],"meta":{}},{"ancestorTitles":["JDM - Form"],"fullName":"JDM - Form setValue su checkbox e radio","status":"passed","title":"setValue su checkbox e radio","duration":1.189875000000029,"failureMessages":[],"meta":{}},{"ancestorTitles":["JDM - Form"],"fullName":"JDM - Form setValue su input number e range","status":"passed","title":"setValue su input number e range","duration":1.3942919999999503,"failureMessages":[],"meta":{}},{"ancestorTitles":["JDM - Form"],"fullName":"JDM - Form setValue su input text","status":"passed","title":"setValue su input text","duration":0.9278329999999642,"failureMessages":[],"meta":{}},{"ancestorTitles":["JDM - Form"],"fullName":"JDM - Form setValue su form complesso","status":"passed","title":"setValue su form complesso","duration":4.028332999999975,"failureMessages":[],"meta":{}},{"ancestorTitles":["JDM - Form"],"fullName":"JDM - Form getValue da checkbox, radio, select e input text","status":"passed","title":"getValue da checkbox, radio, select e input text","duration":2.713707999999997,"failureMessages":[],"meta":{}},{"ancestorTitles":["JDM - Form"],"fullName":"JDM - Form getValue da form complesso con array e nested","status":"passed","title":"getValue da form complesso con array e nested","duration":3.155499999999961,"failureMessages":[],"meta":{}},{"ancestorTitles":["JDM - Form"],"fullName":"JDM - Form getValue gestisce array senza chiave e chiavi duplicate","status":"passed","title":"getValue gestisce array senza chiave e chiavi duplicate","duration":2.1087499999999864,"failureMessages":[],"meta":{}},{"ancestorTitles":["JDM - Form"],"fullName":"JDM - Form svuota input text","status":"passed","title":"svuota input text","duration":1.0240840000000162,"failureMessages":[],"meta":{}},{"ancestorTitles":["JDM - Form"],"fullName":"JDM - Form svuota textarea","status":"passed","title":"svuota textarea","duration":0.829166999999984,"failureMessages":[],"meta":{}},{"ancestorTitles":["JDM - Form"],"fullName":"JDM - Form svuota checkbox","status":"passed","title":"svuota checkbox","duration":0.9384579999999687,"failureMessages":[],"meta":{}},{"ancestorTitles":["JDM - Form"],"fullName":"JDM - Form svuota radio","status":"passed","title":"svuota radio","duration":0.9324169999999867,"failureMessages":[],"meta":{}},{"ancestorTitles":["JDM - Form"],"fullName":"JDM - Form svuota i campi del form","status":"passed","title":"svuota i campi del form","duration":2.018583000000035,"failureMessages":[],"meta":{}},{"ancestorTitles":["JDM - Form"],"fullName":"JDM - Form valida un input required vuoto → false, con valore → true","status":"passed","title":"valida un input required vuoto → false, con valore → true","duration":1.7727919999999813,"failureMessages":[],"meta":{}},{"ancestorTitles":["JDM - Form"],"fullName":"JDM - Form binding unidirezionale tra due input","status":"passed","title":"binding unidirezionale tra due input","duration":0.9943749999999909,"failureMessages":[],"meta":{}},{"ancestorTitles":["JDM - Form"],"fullName":"JDM - Form binding bidirezionale tra due input","status":"passed","title":"binding bidirezionale tra due input","duration":1.0873750000000655,"failureMessages":[],"meta":{}},{"ancestorTitles":["JDM - Form"],"fullName":"JDM - Form binding con array di target","status":"passed","title":"binding con array di target","duration":1.2624579999999241,"failureMessages":[],"meta":{}},{"ancestorTitles":["JDM - Form"],"fullName":"JDM - Form invoca jdm_onSubmit","status":"passed","title":"invoca jdm_onSubmit","duration":2.823333000000048,"failureMessages":[],"meta":{}},{"ancestorTitles":["JDM - Event su elementi"],"fullName":"JDM - Event su elementi jdm_onInput registra listener","status":"passed","title":"jdm_onInput registra listener","duration":0.586084000000028,"failureMessages":[],"meta":{}},{"ancestorTitles":["JDM - Event su elementi"],"fullName":"JDM - Event su elementi jdm_onInput senza fn non lancia errore","status":"passed","title":"jdm_onInput senza fn non lancia errore","duration":0.6269579999999451,"failureMessages":[],"meta":{}},{"ancestorTitles":["JDM - Event su elementi"],"fullName":"JDM - Event su elementi jdm_onInput sovrascrive il listener precedente (preservePrevEvent=false default)","status":"passed","title":"jdm_onInput sovrascrive il listener precedente (preservePrevEvent=false default)","duration":0.5614170000000058,"failureMessages":[],"meta":{}},{"ancestorTitles":["JDM - Event su elementi"],"fullName":"JDM - Event su elementi jdm_onInput non accetta opt (firma senza secondo parametro in jdm.js)","status":"passed","title":"jdm_onInput non accetta opt (firma senza secondo parametro in jdm.js)","duration":0.6032079999999951,"failureMessages":[],"meta":{}},{"ancestorTitles":["JDM - Event su elementi"],"fullName":"JDM - Event su elementi jdm_onChange registra listener","status":"passed","title":"jdm_onChange registra listener","duration":1.0323750000000018,"failureMessages":[],"meta":{}},{"ancestorTitles":["JDM - Event su elementi"],"fullName":"JDM - Event su elementi jdm_onChange senza fn non lancia errore","status":"passed","title":"jdm_onChange senza fn non lancia errore","duration":0.6369169999999258,"failureMessages":[],"meta":{}},{"ancestorTitles":["JDM - Event su elementi"],"fullName":"JDM - Event su elementi jdm_onSelect registra listener","status":"passed","title":"jdm_onSelect registra listener","duration":0.5779159999999592,"failureMessages":[],"meta":{}},{"ancestorTitles":["JDM - Event su elementi"],"fullName":"JDM - Event su elementi jdm_onSelect senza fn non lancia errore","status":"passed","title":"jdm_onSelect senza fn non lancia errore","duration":0.5012499999999136,"failureMessages":[],"meta":{}},{"ancestorTitles":["JDM - Event su elementi"],"fullName":"JDM - Event su elementi jdm_onDebounce chiama fn una volta dopo timeout","status":"passed","title":"jdm_onDebounce chiama fn una volta dopo timeout","duration":131.96354199999996,"failureMessages":[],"meta":{}},{"ancestorTitles":["JDM - Event su elementi"],"fullName":"JDM - Event su elementi jdm_onDebounce senza fn non lancia errore","status":"passed","title":"jdm_onDebounce senza fn non lancia errore","duration":322.48908399999993,"failureMessages":[],"meta":{}},{"ancestorTitles":["JDM - Event su elementi"],"fullName":"JDM - Event su elementi jdm_onClick registra listener e ritorna HTMLElement","status":"passed","title":"jdm_onClick registra listener e ritorna HTMLElement","duration":3.651834000000008,"failureMessages":[],"meta":{}},{"ancestorTitles":["JDM - Event su elementi"],"fullName":"JDM - Event su elementi jdm_onRightClick registra listener e ritorna HTMLElement","status":"passed","title":"jdm_onRightClick registra listener e ritorna HTMLElement","duration":1.4450420000000577,"failureMessages":[],"meta":{}},{"ancestorTitles":["JDM - Event su elementi"],"fullName":"JDM - Event su elementi jdm_onDoubleClick registra listener e ritorna HTMLElement","status":"passed","title":"jdm_onDoubleClick registra listener e ritorna HTMLElement","duration":1.089291000000003,"failureMessages":[],"meta":{}},{"ancestorTitles":["JDM - Event su elementi"],"fullName":"JDM - Event su elementi jdm_onInvalid registra listener","status":"passed","title":"jdm_onInvalid registra listener","duration":0.9878340000000208,"failureMessages":[],"meta":{}},{"ancestorTitles":["JDM - Event su elementi"],"fullName":"JDM - Event su elementi jdm_onLoad registra listener","status":"passed","title":"jdm_onLoad registra listener","duration":1.3155829999998332,"failureMessages":[],"meta":{}},{"ancestorTitles":["JDM - Event su elementi"],"fullName":"JDM - Event su elementi jdm_onError registra listener","status":"passed","title":"jdm_onError registra listener","duration":0.9671670000000177,"failureMessages":[],"meta":{}},{"ancestorTitles":["JDM - EventBus"],"fullName":"JDM - EventBus Jdm.on registra un listener e Jdm.emit lo chiama","status":"passed","title":"Jdm.on registra un listener e Jdm.emit lo chiama","duration":1.499416999999994,"failureMessages":[],"meta":{}},{"ancestorTitles":["JDM - EventBus"],"fullName":"JDM - EventBus Jdm.on registra più listener sullo stesso evento","status":"passed","title":"Jdm.on registra più listener sullo stesso evento","duration":0.7569169999999303,"failureMessages":[],"meta":{}},{"ancestorTitles":["JDM - EventBus"],"fullName":"JDM - EventBus Jdm.off rimuove un listener specifico","status":"passed","title":"Jdm.off rimuove un listener specifico","duration":0.7109169999998812,"failureMessages":[],"meta":{}},{"ancestorTitles":["JDM - EventBus"],"fullName":"JDM - EventBus Jdm.off senza fn rimuove tutti i listener dell'evento","status":"passed","title":"Jdm.off senza fn rimuove tutti i listener dell'evento","duration":0.6492909999999483,"failureMessages":[],"meta":{}},{"ancestorTitles":["JDM - EventBus"],"fullName":"JDM - EventBus Jdm.off su evento inesistente non lancia errore","status":"passed","title":"Jdm.off su evento inesistente non lancia errore","duration":0.6513750000001437,"failureMessages":[],"meta":{}},{"ancestorTitles":["JDM - EventBus"],"fullName":"JDM - EventBus Jdm.emit su evento inesistente non lancia errore","status":"passed","title":"Jdm.emit su evento inesistente non lancia errore","duration":0.6435830000000351,"failureMessages":[],"meta":{}},{"ancestorTitles":["JDM - EventBus"],"fullName":"JDM - EventBus Jdm.once viene chiamato una sola volta","status":"passed","title":"Jdm.once viene chiamato una sola volta","duration":0.7029999999999745,"failureMessages":[],"meta":{}},{"ancestorTitles":["JDM - EventBus"],"fullName":"JDM - EventBus Jdm.once con più listener indipendenti","status":"passed","title":"Jdm.once con più listener indipendenti","duration":0.6742500000000291,"failureMessages":[],"meta":{}},{"ancestorTitles":["JDM - EventBus"],"fullName":"JDM - EventBus _evt.jdm_on con opt jdm_once: true si comporta come once","status":"passed","title":"_evt.jdm_on con opt jdm_once: true si comporta come once","duration":0.5335000000000036,"failureMessages":[],"meta":{}},{"ancestorTitles":["JDM - EventBus"],"fullName":"JDM - EventBus _evt.jdm_off con fn specifica non rimuove altri listener","status":"passed","title":"_evt.jdm_off con fn specifica non rimuove altri listener","duration":0.5258750000000418,"failureMessages":[],"meta":{}},{"ancestorTitles":["JDM - EventBus"],"fullName":"JDM - EventBus _evt.jdm_off senza fn su evento inesistente non lancia errore","status":"passed","title":"_evt.jdm_off senza fn su evento inesistente non lancia errore","duration":0.46612499999991996,"failureMessages":[],"meta":{}},{"ancestorTitles":["JDM - _evt Element Events"],"fullName":"JDM - _evt Element Events jdm_onElement registra un listener sull'elemento","status":"passed","title":"jdm_onElement registra un listener sull'elemento","duration":0.6677079999999478,"failureMessages":[],"meta":{}},{"ancestorTitles":["JDM - _evt Element Events"],"fullName":"JDM - _evt Element Events jdm_onElement con preservePrevEvent=false sostituisce il listener precedente","status":"passed","title":"jdm_onElement con preservePrevEvent=false sostituisce il listener precedente","duration":0.8228750000000673,"failureMessages":[],"meta":{}},{"ancestorTitles":["JDM - _evt Element Events"],"fullName":"JDM - _evt Element Events jdm_onElement con preservePrevEvent=true accumula i listener","status":"passed","title":"jdm_onElement con preservePrevEvent=true accumula i listener","duration":0.589708999999857,"failureMessages":[],"meta":{}},{"ancestorTitles":["JDM - _evt Element Events"],"fullName":"JDM - _evt Element Events jdm_offElement rimuove tutti i listener dell'evento","status":"passed","title":"jdm_offElement rimuove tutti i listener dell'evento","duration":1.0214169999999285,"failureMessages":[],"meta":{}},{"ancestorTitles":["JDM - _evt Element Events"],"fullName":"JDM - _evt Element Events jdm_offElement su elemento senza listener registrati non lancia errore","status":"passed","title":"jdm_offElement su elemento senza listener registrati non lancia errore","duration":0.6517089999999826,"failureMessages":[],"meta":{}},{"ancestorTitles":["JDM - _evt Element Events"],"fullName":"JDM - _evt Element Events jdm_offElement su evento non registrato per quell'elemento non lancia errore","status":"passed","title":"jdm_offElement su evento non registrato per quell'elemento non lancia errore","duration":0.6789999999998599,"failureMessages":[],"meta":{}},{"ancestorTitles":["JDM - _evt Element Events"],"fullName":"JDM - _evt Element Events jdm_offElement pulisce la WeakMap se non ci sono più eventi","status":"passed","title":"jdm_offElement pulisce la WeakMap se non ci sono più eventi","duration":0.5587920000000395,"failureMessages":[],"meta":{}},{"ancestorTitles":["JDM - _evt Element Events"],"fullName":"JDM - _evt Element Events jdm_onceElement registra un listener tramite jdm_onElement con jdm_once:true","status":"passed","title":"jdm_onceElement registra un listener tramite jdm_onElement con jdm_once:true","duration":0.7147079999999733,"failureMessages":[],"meta":{}},{"ancestorTitles":["JDM - _evt Element Events"],"fullName":"JDM - _evt Element Events nuovo _evt() resetta evtListener solo se già inizializzato","status":"passed","title":"nuovo _evt() resetta evtListener solo se già inizializzato","duration":0.5823330000000624,"failureMessages":[],"meta":{}},{"ancestorTitles":["JDM - Commons"],"fullName":"JDM - Commons debounce chiama fn una sola volta dopo timeout","status":"passed","title":"debounce chiama fn una sola volta dopo timeout","duration":131.4391250000001,"failureMessages":[],"meta":{}},{"ancestorTitles":["JDM - Commons"],"fullName":"JDM - Commons debounce con timeout di default (300ms)","status":"passed","title":"debounce con timeout di default (300ms)","duration":356.7873750000001,"failureMessages":[],"meta":{}},{"ancestorTitles":["JDM - Commons"],"fullName":"JDM - Commons genEvent dispatcha CustomEvent con detail","status":"passed","title":"genEvent dispatcha CustomEvent con detail","duration":2.7793329999999514,"failureMessages":[],"meta":{}},{"ancestorTitles":["JDM - Commons"],"fullName":"JDM - Commons genEvent propaga ai genitori se propagateToParents=true (default)","status":"passed","title":"genEvent propaga ai genitori se propagateToParents=true (default)","duration":0.6329580000001442,"failureMessages":[],"meta":{}},{"ancestorTitles":["JDM - Commons"],"fullName":"JDM - Commons genEvent non propaga ai genitori se propagateToParents=false","status":"passed","title":"genEvent non propaga ai genitori se propagateToParents=false","duration":0.8160000000000309,"failureMessages":[],"meta":{}},{"ancestorTitles":["JDM - Commons"],"fullName":"JDM - Commons getTag restituisce il tag in minuscolo","status":"passed","title":"getTag restituisce il tag in minuscolo","duration":0.7861659999998665,"failureMessages":[],"meta":{}},{"ancestorTitles":["JDM - Commons"],"fullName":"JDM - Commons getTag restituisce undefined per nodi senza tagName","status":"passed","title":"getTag restituisce undefined per nodi senza tagName","duration":0.4309160000000247,"failureMessages":[],"meta":{}},{"ancestorTitles":["JDM - Animation"],"fullName":"JDM - Animation AnimationOption usa i valori di default","status":"passed","title":"AnimationOption usa i valori di default","duration":0.5281669999999394,"failureMessages":[],"meta":{}},{"ancestorTitles":["JDM - Animation"],"fullName":"JDM - Animation AnimationOption accetta valori personalizzati","status":"passed","title":"AnimationOption accetta valori personalizzati","duration":0.4279579999999896,"failureMessages":[],"meta":{}},{"ancestorTitles":["JDM - Animation"],"fullName":"JDM - Animation jdm_clearAnimations resetta gli stili e cancella le animazioni","status":"passed","title":"jdm_clearAnimations resetta gli stili e cancella le animazioni","duration":1.1582499999999527,"failureMessages":[],"meta":{}},{"ancestorTitles":["JDM - Animation"],"fullName":"JDM - Animation chiama animate e callback in fadeIn","status":"passed","title":"chiama animate e callback in fadeIn","duration":1.3837089999999534,"failureMessages":[],"meta":{}},{"ancestorTitles":["JDM - Animation"],"fullName":"JDM - Animation chiama animate e callback in fadeInDown","status":"passed","title":"chiama animate e callback in fadeInDown","duration":0.7173749999999472,"failureMessages":[],"meta":{}},{"ancestorTitles":["JDM - Animation"],"fullName":"JDM - Animation chiama animate e callback in fadeInUp","status":"passed","title":"chiama animate e callback in fadeInUp","duration":0.6510839999998552,"failureMessages":[],"meta":{}},{"ancestorTitles":["JDM - Animation"],"fullName":"JDM - Animation chiama animate e callback in fadeInLeft","status":"passed","title":"chiama animate e callback in fadeInLeft","duration":0.5540410000000975,"failureMessages":[],"meta":{}},{"ancestorTitles":["JDM - Animation"],"fullName":"JDM - Animation chiama animate e callback in fadeInRight","status":"passed","title":"chiama animate e callback in fadeInRight","duration":0.4168329999999969,"failureMessages":[],"meta":{}},{"ancestorTitles":["JDM - Animation"],"fullName":"JDM - Animation chiama animate e callback in fadeOut","status":"passed","title":"chiama animate e callback in fadeOut","duration":0.3941659999998137,"failureMessages":[],"meta":{}},{"ancestorTitles":["JDM - Animation"],"fullName":"JDM - Animation chiama animate e callback in fadeOutDown","status":"passed","title":"chiama animate e callback in fadeOutDown","duration":0.46250000000009095,"failureMessages":[],"meta":{}},{"ancestorTitles":["JDM - Animation"],"fullName":"JDM - Animation chiama animate e callback in fadeOutUp","status":"passed","title":"chiama animate e callback in fadeOutUp","duration":0.5493750000000546,"failureMessages":[],"meta":{}},{"ancestorTitles":["JDM - Animation"],"fullName":"JDM - Animation chiama animate e callback in fadeOutLeft","status":"passed","title":"chiama animate e callback in fadeOutLeft","duration":0.5798750000001291,"failureMessages":[],"meta":{}},{"ancestorTitles":["JDM - Animation"],"fullName":"JDM - Animation chiama animate e callback in fadeOutRight","status":"passed","title":"chiama animate e callback in fadeOutRight","duration":0.8922499999998763,"failureMessages":[],"meta":{}},{"ancestorTitles":["JDM - Animation"],"fullName":"JDM - Animation chiama animate e callback in bounce","status":"passed","title":"chiama animate e callback in bounce","duration":3.0652090000000953,"failureMessages":[],"meta":{}},{"ancestorTitles":["JDM - Animation"],"fullName":"JDM - Animation chiama animate e callback in tada","status":"passed","title":"chiama animate e callback in tada","duration":0.5451669999999922,"failureMessages":[],"meta":{}},{"ancestorTitles":["JDM - Animation"],"fullName":"JDM - Animation chiama animate e callback in zoomIn","status":"passed","title":"chiama animate e callback in zoomIn","duration":0.44337500000006,"failureMessages":[],"meta":{}},{"ancestorTitles":["JDM - Animation"],"fullName":"JDM - Animation chiama animate e callback in zoomOut","status":"passed","title":"chiama animate e callback in zoomOut","duration":0.4199579999999514,"failureMessages":[],"meta":{}},{"ancestorTitles":["JDM - Animation"],"fullName":"JDM - Animation chiama animate e callback in rotation","status":"passed","title":"chiama animate e callback in rotation","duration":0.43695900000011534,"failureMessages":[],"meta":{}},{"ancestorTitles":["JDM - Animation"],"fullName":"JDM - Animation fadeIn ritorna un HTMLElement","status":"passed","title":"fadeIn ritorna un HTMLElement","duration":0.369083000000046,"failureMessages":[],"meta":{}},{"ancestorTitles":["JDM - Animation"],"fullName":"JDM - Animation fadeInDown ritorna un HTMLElement","status":"passed","title":"fadeInDown ritorna un HTMLElement","duration":0.3320409999998901,"failureMessages":[],"meta":{}},{"ancestorTitles":["JDM - Animation"],"fullName":"JDM - Animation fadeInUp ritorna un HTMLElement","status":"passed","title":"fadeInUp ritorna un HTMLElement","duration":0.3169589999999971,"failureMessages":[],"meta":{}},{"ancestorTitles":["JDM - Animation"],"fullName":"JDM - Animation fadeInLeft ritorna un HTMLElement","status":"passed","title":"fadeInLeft ritorna un HTMLElement","duration":0.31083300000000236,"failureMessages":[],"meta":{}},{"ancestorTitles":["JDM - Animation"],"fullName":"JDM - Animation fadeInRight ritorna un HTMLElement","status":"passed","title":"fadeInRight ritorna un HTMLElement","duration":0.3114170000001195,"failureMessages":[],"meta":{}},{"ancestorTitles":["JDM - Animation"],"fullName":"JDM - Animation fadeOut ritorna un HTMLElement","status":"passed","title":"fadeOut ritorna un HTMLElement","duration":0.32129200000008495,"failureMessages":[],"meta":{}},{"ancestorTitles":["JDM - Animation"],"fullName":"JDM - Animation fadeOutDown ritorna un HTMLElement","status":"passed","title":"fadeOutDown ritorna un HTMLElement","duration":0.32254200000011224,"failureMessages":[],"meta":{}},{"ancestorTitles":["JDM - Animation"],"fullName":"JDM - Animation fadeOutUp ritorna un HTMLElement","status":"passed","title":"fadeOutUp ritorna un HTMLElement","duration":0.35550000000012005,"failureMessages":[],"meta":{}},{"ancestorTitles":["JDM - Animation"],"fullName":"JDM - Animation fadeOutLeft ritorna un HTMLElement","status":"passed","title":"fadeOutLeft ritorna un HTMLElement","duration":0.4797920000000886,"failureMessages":[],"meta":{}},{"ancestorTitles":["JDM - Animation"],"fullName":"JDM - Animation fadeOutRight ritorna un HTMLElement","status":"passed","title":"fadeOutRight ritorna un HTMLElement","duration":0.7952080000000024,"failureMessages":[],"meta":{}},{"ancestorTitles":["JDM - Animation"],"fullName":"JDM - Animation bounce ritorna un HTMLElement","status":"passed","title":"bounce ritorna un HTMLElement","duration":0.4547499999998763,"failureMessages":[],"meta":{}},{"ancestorTitles":["JDM - Animation"],"fullName":"JDM - Animation tada ritorna un HTMLElement","status":"passed","title":"tada ritorna un HTMLElement","duration":0.3688750000001164,"failureMessages":[],"meta":{}},{"ancestorTitles":["JDM - Animation"],"fullName":"JDM - Animation zoomIn ritorna un HTMLElement","status":"passed","title":"zoomIn ritorna un HTMLElement","duration":0.36391600000001745,"failureMessages":[],"meta":{}},{"ancestorTitles":["JDM - Animation"],"fullName":"JDM - Animation zoomOut ritorna un HTMLElement","status":"passed","title":"zoomOut ritorna un HTMLElement","duration":0.39112500000010186,"failureMessages":[],"meta":{}},{"ancestorTitles":["JDM - Animation"],"fullName":"JDM - Animation rotation ritorna un HTMLElement","status":"passed","title":"rotation ritorna un HTMLElement","duration":0.3199160000001484,"failureMessages":[],"meta":{}},{"ancestorTitles":["JDM - Animation"],"fullName":"JDM - Animation jdm_animation senza callback non lancia errore","status":"passed","title":"jdm_animation senza callback non lancia errore","duration":0.47529099999997015,"failureMessages":[],"meta":{}},{"ancestorTitles":["JDM - Animation"],"fullName":"JDM - Animation jdm_hide imposta visibility=hidden e opacity=0","status":"passed","title":"jdm_hide imposta visibility=hidden e opacity=0","duration":0.4762500000001637,"failureMessages":[],"meta":{}},{"ancestorTitles":["JDM - Animation"],"fullName":"JDM - Animation jdm_show imposta visibility=visible e opacity=1","status":"passed","title":"jdm_show imposta visibility=visible e opacity=1","duration":0.6496250000000146,"failureMessages":[],"meta":{}},{"ancestorTitles":["JDM - Copertura righe residue"],"fullName":"JDM - Copertura righe residue jdm_clearAnimations chiama cancel() sulle animazioni attive","status":"passed","title":"jdm_clearAnimations chiama cancel() sulle animazioni attive","duration":0.7630410000001575,"failureMessages":[],"meta":{}},{"ancestorTitles":["JDM - Copertura righe residue"],"fullName":"JDM - Copertura righe residue _animation.jdm_show imposta visibility=visible e opacity=1","status":"passed","title":"_animation.jdm_show imposta visibility=visible e opacity=1","duration":0.48537499999997635,"failureMessages":[],"meta":{}},{"ancestorTitles":["JDM - Copertura righe residue"],"fullName":"JDM - Copertura righe residue setValue su form: path nested object senza campo corrispondente non lancia errore","status":"passed","title":"setValue su form: path nested object senza campo corrispondente non lancia errore","duration":1.5415000000000418,"failureMessages":[],"meta":{}},{"ancestorTitles":["JDM - Copertura righe residue"],"fullName":"JDM - Copertura righe residue jdm_submit ritorna this quando il submit non viene bloccato","status":"passed","title":"jdm_submit ritorna this quando il submit non viene bloccato","duration":22.54933300000016,"failureMessages":[],"meta":{}},{"ancestorTitles":["JDM - Copertura righe residue"],"fullName":"JDM - Copertura righe residue jdm_setDebounceTime aggiorna il tempo di default del debounce","status":"passed","title":"jdm_setDebounceTime aggiorna il tempo di default del debounce","duration":1.2668330000001333,"failureMessages":[],"meta":{}},{"ancestorTitles":["JDM - Copertura righe residue"],"fullName":"JDM - Copertura righe residue jdm_on su elemento registra un listener direttamente sul nodo","status":"passed","title":"jdm_on su elemento registra un listener direttamente sul nodo","duration":0.4860830000000078,"failureMessages":[],"meta":{}},{"ancestorTitles":["JDM - Copertura righe residue"],"fullName":"JDM - Copertura righe residue jdm_off su elemento rimuove il listener registrato con jdm_on","status":"passed","title":"jdm_off su elemento rimuove il listener registrato con jdm_on","duration":0.5512499999999818,"failureMessages":[],"meta":{}},{"ancestorTitles":["JDM - Copertura righe residue"],"fullName":"JDM - Copertura righe residue jdm_setDebounceTime sul nodo aggiorna defadefaultDebounceTime","status":"passed","title":"jdm_setDebounceTime sul nodo aggiorna defadefaultDebounceTime","duration":81.93870800000013,"failureMessages":[],"meta":{}},{"ancestorTitles":["JDM - Copertura righe residue"],"fullName":"JDM - Copertura righe residue window.JDM originale crea un elemento se chiamato direttamente","status":"passed","title":"window.JDM originale crea un elemento se chiamato direttamente","duration":1.9327919999998358,"failureMessages":[],"meta":{}},{"ancestorTitles":["JDM - Proto","String.prototype.toBoolean"],"fullName":"JDM - Proto String.prototype.toBoolean restituisce true per 'true', '1', 'yes' (case-insensitive)","status":"passed","title":"restituisce true per 'true', '1', 'yes' (case-insensitive)","duration":0.556833000000097,"failureMessages":[],"meta":{}},{"ancestorTitles":["JDM - Proto","String.prototype.toBoolean"],"fullName":"JDM - Proto String.prototype.toBoolean restituisce false per 'false', '0', 'no'","status":"passed","title":"restituisce false per 'false', '0', 'no'","duration":0.47479100000009566,"failureMessages":[],"meta":{}},{"ancestorTitles":["JDM - Proto","String.prototype.toBoolean"],"fullName":"JDM - Proto String.prototype.toBoolean lancia errore per stringhe non valide","status":"passed","title":"lancia errore per stringhe non valide","duration":0.5732919999998103,"failureMessages":[],"meta":{}},{"ancestorTitles":["JDM - Proto","String.prototype.toCapitalize"],"fullName":"JDM - Proto String.prototype.toCapitalize mette la prima lettera in maiuscolo","status":"passed","title":"mette la prima lettera in maiuscolo","duration":0.44429200000013225,"failureMessages":[],"meta":{}},{"ancestorTitles":["JDM - Proto","Number.prototype.toBoolean"],"fullName":"JDM - Proto Number.prototype.toBoolean restituisce true per 1, false per 0","status":"passed","title":"restituisce true per 1, false per 0","duration":0.40012499999988904,"failureMessages":[],"meta":{}},{"ancestorTitles":["JDM - Proto","Number.prototype.toBoolean"],"fullName":"JDM - Proto Number.prototype.toBoolean lancia errore per altri numeri","status":"passed","title":"lancia errore per altri numeri","duration":0.4513329999999769,"failureMessages":[],"meta":{}},{"ancestorTitles":["JDM - Form exhaustive: radio groups"],"fullName":"JDM - Form exhaustive: radio groups radio group: setValue {gender: 'F'} checka solo F","status":"passed","title":"radio group: setValue {gender: 'F'} checka solo F","duration":2.1474170000001322,"failureMessages":[],"meta":{}},{"ancestorTitles":["JDM - Form exhaustive: radio groups"],"fullName":"JDM - Form exhaustive: radio groups radio group: getValue ritorna value del radio checked","status":"passed","title":"radio group: getValue ritorna value del radio checked","duration":1.3309999999999036,"failureMessages":[],"meta":{}},{"ancestorTitles":["JDM - Form exhaustive: radio groups"],"fullName":"JDM - Form exhaustive: radio groups radio group: nessun checked → name assente da getValue","status":"passed","title":"radio group: nessun checked → name assente da getValue","duration":1.1172090000000026,"failureMessages":[],"meta":{}},{"ancestorTitles":["JDM - Form exhaustive: radio groups"],"fullName":"JDM - Form exhaustive: radio groups singolo radio: setValue(true) → checked","status":"passed","title":"singolo radio: setValue(true) → checked","duration":0.9727500000001328,"failureMessages":[],"meta":{}},{"ancestorTitles":["JDM - Form exhaustive: radio groups"],"fullName":"JDM - Form exhaustive: radio groups singolo radio: setValue(false) → unchecked","status":"passed","title":"singolo radio: setValue(false) → unchecked","duration":0.8338750000000346,"failureMessages":[],"meta":{}},{"ancestorTitles":["JDM - Form exhaustive: select-one"],"fullName":"JDM - Form exhaustive: select-one setValue su select-one direttamente (no form)","status":"passed","title":"setValue su select-one direttamente (no form)","duration":1.4701669999999467,"failureMessages":[],"meta":{}},{"ancestorTitles":["JDM - Form exhaustive: select-one"],"fullName":"JDM - Form exhaustive: select-one getValue select-one ritorna value selezionato","status":"passed","title":"getValue select-one ritorna value selezionato","duration":1.06837500000006,"failureMessages":[],"meta":{}},{"ancestorTitles":["JDM - Form exhaustive: select-one"],"fullName":"JDM - Form exhaustive: select-one select dentro form: setValue {choice: 'b'} cambia selezione","status":"passed","title":"select dentro form: setValue {choice: 'b'} cambia selezione","duration":1.4691250000000764,"failureMessages":[],"meta":{}},{"ancestorTitles":["JDM - Form exhaustive: select-one"],"fullName":"JDM - Form exhaustive: select-one select dentro form: getValue ritorna option scelta","status":"passed","title":"select dentro form: getValue ritorna option scelta","duration":1.2235829999999623,"failureMessages":[],"meta":{}},{"ancestorTitles":["JDM - Form exhaustive: select-one"],"fullName":"JDM - Form exhaustive: select-one select-one con option vuoto come default","status":"passed","title":"select-one con option vuoto come default","duration":0.9070420000000468,"failureMessages":[],"meta":{}},{"ancestorTitles":["JDM - Form exhaustive: select-multiple"],"fullName":"JDM - Form exhaustive: select-multiple getValue select-multiple ritorna stringa (comportamento legacy v2.4.7)","status":"passed","title":"getValue select-multiple ritorna stringa (comportamento legacy v2.4.7)","duration":1.0659170000001268,"failureMessages":[],"meta":{}},{"ancestorTitles":["JDM - Form exhaustive: select-multiple"],"fullName":"JDM - Form exhaustive: select-multiple select-multiple dentro form: getValue raccoglie via FormData","status":"passed","title":"select-multiple dentro form: getValue raccoglie via FormData","duration":1.0861250000000382,"failureMessages":[],"meta":{}},{"ancestorTitles":["JDM - Form exhaustive: textarea"],"fullName":"JDM - Form exhaustive: textarea setValue su textarea","status":"passed","title":"setValue su textarea","duration":1.0212080000001151,"failureMessages":[],"meta":{}},{"ancestorTitles":["JDM - Form exhaustive: textarea"],"fullName":"JDM - Form exhaustive: textarea getValue textarea ritorna node.value","status":"passed","title":"getValue textarea ritorna node.value","duration":0.85349999999994,"failureMessages":[],"meta":{}},{"ancestorTitles":["JDM - Form exhaustive: textarea"],"fullName":"JDM - Form exhaustive: textarea textarea preserva newline + tab","status":"passed","title":"textarea preserva newline + tab","duration":0.6349999999999909,"failureMessages":[],"meta":{}},{"ancestorTitles":["JDM - Form exhaustive: textarea"],"fullName":"JDM - Form exhaustive: textarea textarea dentro form: setValue/getValue","status":"passed","title":"textarea dentro form: setValue/getValue","duration":1.2321660000000065,"failureMessages":[],"meta":{}},{"ancestorTitles":["JDM - Form exhaustive: textarea"],"fullName":"JDM - Form exhaustive: textarea textarea empty (jdm_empty)","status":"passed","title":"textarea empty (jdm_empty)","duration":0.7353749999999764,"failureMessages":[],"meta":{}},{"ancestorTitles":["JDM - Form exhaustive: HTML5 input types"],"fullName":"JDM - Form exhaustive: HTML5 input types setValue / getValue su input type=\"password\"","status":"passed","title":"setValue / getValue su input type=\"password\"","duration":1.2546250000000327,"failureMessages":[],"meta":{}},{"ancestorTitles":["JDM - Form exhaustive: HTML5 input types"],"fullName":"JDM - Form exhaustive: HTML5 input types setValue / getValue su input type=\"email\"","status":"passed","title":"setValue / getValue su input type=\"email\"","duration":1.4249579999998332,"failureMessages":[],"meta":{}},{"ancestorTitles":["JDM - Form exhaustive: HTML5 input types"],"fullName":"JDM - Form exhaustive: HTML5 input types setValue / getValue su input type=\"tel\"","status":"passed","title":"setValue / getValue su input type=\"tel\"","duration":1.1556250000001,"failureMessages":[],"meta":{}},{"ancestorTitles":["JDM - Form exhaustive: HTML5 input types"],"fullName":"JDM - Form exhaustive: HTML5 input types setValue / getValue su input type=\"url\"","status":"passed","title":"setValue / getValue su input type=\"url\"","duration":1.0647080000001097,"failureMessages":[],"meta":{}},{"ancestorTitles":["JDM - Form exhaustive: HTML5 input types"],"fullName":"JDM - Form exhaustive: HTML5 input types setValue / getValue su input type=\"search\"","status":"passed","title":"setValue / getValue su input type=\"search\"","duration":1.1734589999998661,"failureMessages":[],"meta":{}},{"ancestorTitles":["JDM - Form exhaustive: HTML5 input types"],"fullName":"JDM - Form exhaustive: HTML5 input types setValue / getValue su input type=\"hidden\"","status":"passed","title":"setValue / getValue su input type=\"hidden\"","duration":1.1847920000000158,"failureMessages":[],"meta":{}},{"ancestorTitles":["JDM - Form exhaustive: HTML5 input types"],"fullName":"JDM - Form exhaustive: HTML5 input types setValue / getValue su input type=\"color\"","status":"passed","title":"setValue / getValue su input type=\"color\"","duration":1.2225840000000971,"failureMessages":[],"meta":{}},{"ancestorTitles":["JDM - Form exhaustive: HTML5 input types"],"fullName":"JDM - Form exhaustive: HTML5 input types setValue / getValue su input type=\"date\"","status":"passed","title":"setValue / getValue su input type=\"date\"","duration":1.1687919999999394,"failureMessages":[],"meta":{}},{"ancestorTitles":["JDM - Form exhaustive: HTML5 input types"],"fullName":"JDM - Form exhaustive: HTML5 input types setValue / getValue su input type=\"time\"","status":"passed","title":"setValue / getValue su input type=\"time\"","duration":1.1512499999998909,"failureMessages":[],"meta":{}},{"ancestorTitles":["JDM - Form exhaustive: HTML5 input types"],"fullName":"JDM - Form exhaustive: HTML5 input types setValue / getValue su input type=\"datetime-local\"","status":"passed","title":"setValue / getValue su input type=\"datetime-local\"","duration":1.0737080000001242,"failureMessages":[],"meta":{}},{"ancestorTitles":["JDM - Form exhaustive: HTML5 input types"],"fullName":"JDM - Form exhaustive: HTML5 input types setValue / getValue su input type=\"month\"","status":"passed","title":"setValue / getValue su input type=\"month\"","duration":1.0078340000000026,"failureMessages":[],"meta":{}},{"ancestorTitles":["JDM - Form exhaustive: HTML5 input types"],"fullName":"JDM - Form exhaustive: HTML5 input types setValue / getValue su input type=\"week\"","status":"passed","title":"setValue / getValue su input type=\"week\"","duration":1.0947920000000977,"failureMessages":[],"meta":{}},{"ancestorTitles":["JDM - Form exhaustive: HTML5 input types"],"fullName":"JDM - Form exhaustive: HTML5 input types input type=number con decimale","status":"passed","title":"input type=number con decimale","duration":0.554834000000028,"failureMessages":[],"meta":{}},{"ancestorTitles":["JDM - Form exhaustive: HTML5 input types"],"fullName":"JDM - Form exhaustive: HTML5 input types input type=number negativo","status":"passed","title":"input type=number negativo","duration":0.668292000000065,"failureMessages":[],"meta":{}},{"ancestorTitles":["JDM - Form exhaustive: HTML5 input types"],"fullName":"JDM - Form exhaustive: HTML5 input types input type=range con min/max","status":"passed","title":"input type=range con min/max","duration":1.2667500000000018,"failureMessages":[],"meta":{}},{"ancestorTitles":["JDM - Form exhaustive: HTML5 input types"],"fullName":"JDM - Form exhaustive: HTML5 input types input type=hidden in form: roundtrip","status":"passed","title":"input type=hidden in form: roundtrip","duration":1.1748339999999189,"failureMessages":[],"meta":{}},{"ancestorTitles":["JDM - Form exhaustive: disabled / readonly"],"fullName":"JDM - Form exhaustive: disabled / readonly FormData esclude campi disabled → assenti da getValue","status":"passed","title":"FormData esclude campi disabled → assenti da getValue","duration":1.0147910000000593,"failureMessages":[],"meta":{}},{"ancestorTitles":["JDM - Form exhaustive: disabled / readonly"],"fullName":"JDM - Form exhaustive: disabled / readonly readonly inclusi in FormData","status":"passed","title":"readonly inclusi in FormData","duration":0.8125830000001315,"failureMessages":[],"meta":{}},{"ancestorTitles":["JDM - Form exhaustive: disabled / readonly"],"fullName":"JDM - Form exhaustive: disabled / readonly setValue scrive anche su readonly (DOM permette)","status":"passed","title":"setValue scrive anche su readonly (DOM permette)","duration":0.8256249999999454,"failureMessages":[],"meta":{}},{"ancestorTitles":["JDM - Form exhaustive: edge cases"],"fullName":"JDM - Form exhaustive: edge cases form vuoto getValue → {}","status":"passed","title":"form vuoto getValue → {}","duration":0.658542000000125,"failureMessages":[],"meta":{}},{"ancestorTitles":["JDM - Form exhaustive: edge cases"],"fullName":"JDM - Form exhaustive: edge cases setValue su form vuoto non lancia","status":"passed","title":"setValue su form vuoto non lancia","duration":0.7362910000001648,"failureMessages":[],"meta":{}},{"ancestorTitles":["JDM - Form exhaustive: edge cases"],"fullName":"JDM - Form exhaustive: edge cases setValue {x: undefined} → campo vuoto","status":"passed","title":"setValue {x: undefined} → campo vuoto","duration":1.9682499999998981,"failureMessages":[],"meta":{}},{"ancestorTitles":["JDM - Form exhaustive: edge cases"],"fullName":"JDM - Form exhaustive: edge cases setValue su name inesistente non lancia","status":"passed","title":"setValue su name inesistente non lancia","duration":1.1701669999999922,"failureMessages":[],"meta":{}},{"ancestorTitles":["JDM - Form exhaustive: edge cases"],"fullName":"JDM - Form exhaustive: edge cases setValue con valore special chars","status":"passed","title":"setValue con valore special chars","duration":0.8383340000000317,"failureMessages":[],"meta":{}},{"ancestorTitles":["JDM - Form exhaustive: edge cases"],"fullName":"JDM - Form exhaustive: edge cases setValue con unicode + emoji","status":"passed","title":"setValue con unicode + emoji","duration":0.7974999999999,"failureMessages":[],"meta":{}},{"ancestorTitles":["JDM - Form exhaustive: edge cases"],"fullName":"JDM - Form exhaustive: edge cases setValue con numero molto grande","status":"passed","title":"setValue con numero molto grande","duration":0.7637500000000728,"failureMessages":[],"meta":{}},{"ancestorTitles":["JDM - Form exhaustive: edge cases"],"fullName":"JDM - Form exhaustive: edge cases setValue con valore con spazi a inizio/fine preservato","status":"passed","title":"setValue con valore con spazi a inizio/fine preservato","duration":0.6854169999999158,"failureMessages":[],"meta":{}},{"ancestorTitles":["JDM - Form exhaustive: nesting profondo"],"fullName":"JDM - Form exhaustive: nesting profondo 3 livelli: a[b][c]","status":"passed","title":"3 livelli: a[b][c]","duration":0.8943750000000819,"failureMessages":[],"meta":{}},{"ancestorTitles":["JDM - Form exhaustive: nesting profondo"],"fullName":"JDM - Form exhaustive: nesting profondo 4 livelli: a[b][c][d]","status":"passed","title":"4 livelli: a[b][c][d]","duration":0.9178340000000844,"failureMessages":[],"meta":{}},{"ancestorTitles":["JDM - Form exhaustive: nesting profondo"],"fullName":"JDM - Form exhaustive: nesting profondo array di array: matrix[0][] / matrix[1][]","status":"passed","title":"array di array: matrix[0][] / matrix[1][]","duration":1.0533339999999498,"failureMessages":[],"meta":{}},{"ancestorTitles":["JDM - Form exhaustive: nesting profondo"],"fullName":"JDM - Form exhaustive: nesting profondo oggetto con multiple proprietà nested","status":"passed","title":"oggetto con multiple proprietà nested","duration":1.615916999999854,"failureMessages":[],"meta":{}},{"ancestorTitles":["JDM - Form exhaustive: array misti"],"fullName":"JDM - Form exhaustive: array misti array di stringhe semplice","status":"passed","title":"array di stringhe semplice","duration":1.2823750000000018,"failureMessages":[],"meta":{}},{"ancestorTitles":["JDM - Form exhaustive: array misti"],"fullName":"JDM - Form exhaustive: array misti checkbox array: setValue parziale → solo specifici checked","status":"passed","title":"checkbox array: setValue parziale → solo specifici checked","duration":1.2755409999999756,"failureMessages":[],"meta":{}},{"ancestorTitles":["JDM - Form exhaustive: array misti"],"fullName":"JDM - Form exhaustive: array misti checkbox array: getValue ritorna solo checked","status":"passed","title":"checkbox array: getValue ritorna solo checked","duration":1.1297919999999522,"failureMessages":[],"meta":{}},{"ancestorTitles":["JDM - Form exhaustive: array misti"],"fullName":"JDM - Form exhaustive: array misti checkbox array: setValue con array vuoto → tutti unchecked","status":"passed","title":"checkbox array: setValue con array vuoto → tutti unchecked","duration":1.1374590000000353,"failureMessages":[],"meta":{}},{"ancestorTitles":["JDM - Form exhaustive: binding edge cases"],"fullName":"JDM - Form exhaustive: binding edge cases binding source verso input + div (mixed targets)","status":"passed","title":"binding source verso input + div (mixed targets)","duration":1.2233340000000226,"failureMessages":[],"meta":{}},{"ancestorTitles":["JDM - Form exhaustive: binding edge cases"],"fullName":"JDM - Form exhaustive: binding edge cases binding 1→3 propaga a tutti","status":"passed","title":"binding 1→3 propaga a tutti","duration":1.2953750000001492,"failureMessages":[],"meta":{}},{"ancestorTitles":["JDM - Form exhaustive: binding edge cases"],"fullName":"JDM - Form exhaustive: binding edge cases binding bidir: cambio su qualsiasi target propaga al source","status":"passed","title":"binding bidir: cambio su qualsiasi target propaga al source","duration":0.9970839999998589,"failureMessages":[],"meta":{}},{"ancestorTitles":["JDM - Form exhaustive: binding edge cases"],"fullName":"JDM - Form exhaustive: binding edge cases binding con custom event name (change invece di input)","status":"passed","title":"binding con custom event name (change invece di input)","duration":0.7338330000000042,"failureMessages":[],"meta":{}},{"ancestorTitles":["JDM - Form exhaustive: form con TUTTI i tipi"],"fullName":"JDM - Form exhaustive: form con TUTTI i tipi getValue su form mega con ogni input","status":"passed","title":"getValue su form mega con ogni input","duration":2.137917000000016,"failureMessages":[],"meta":{}},{"ancestorTitles":["JDM - Form exhaustive: form con TUTTI i tipi"],"fullName":"JDM - Form exhaustive: form con TUTTI i tipi setValue su form mega: roundtrip completo","status":"passed","title":"setValue su form mega: roundtrip completo","duration":2.516540999999961,"failureMessages":[],"meta":{}},{"ancestorTitles":["JDM - Lista A: jdm_extendNode prototype pollution guard"],"fullName":"JDM - Lista A: jdm_extendNode prototype pollution guard rifiuta name='__proto__' e non muta Object.prototype","status":"passed","title":"rifiuta name='__proto__' e non muta Object.prototype","duration":0.8082910000000538,"failureMessages":[],"meta":{}},{"ancestorTitles":["JDM - Lista A: jdm_extendNode prototype pollution guard"],"fullName":"JDM - Lista A: jdm_extendNode prototype pollution guard rifiuta name='prototype'","status":"passed","title":"rifiuta name='prototype'","duration":0.5960419999998976,"failureMessages":[],"meta":{}},{"ancestorTitles":["JDM - Lista A: jdm_extendNode prototype pollution guard"],"fullName":"JDM - Lista A: jdm_extendNode prototype pollution guard rifiuta name='constructor'","status":"passed","title":"rifiuta name='constructor'","duration":0.556957999999895,"failureMessages":[],"meta":{}},{"ancestorTitles":["JDM - Lista A: jdm_extendNode prototype pollution guard"],"fullName":"JDM - Lista A: jdm_extendNode prototype pollution guard nomi normali continuano a funzionare","status":"passed","title":"nomi normali continuano a funzionare","duration":0.47125000000005457,"failureMessages":[],"meta":{}},{"ancestorTitles":["JDM - Lista A: jdm_appendBefore null-parent guard"],"fullName":"JDM - Lista A: jdm_appendBefore null-parent guard non lancia errore quando il nodo è orfano (no parent)","status":"passed","title":"non lancia errore quando il nodo è orfano (no parent)","duration":0.40654099999983373,"failureMessages":[],"meta":{}},{"ancestorTitles":["JDM - Lista A: jdm_appendBefore null-parent guard"],"fullName":"JDM - Lista A: jdm_appendBefore null-parent guard ritorna il nodo (chainable) anche con parent null","status":"passed","title":"ritorna il nodo (chainable) anche con parent null","duration":0.37045800000009876,"failureMessages":[],"meta":{}},{"ancestorTitles":["JDM - Lista A: jdm_appendBefore null-parent guard"],"fullName":"JDM - Lista A: jdm_appendBefore null-parent guard comportamento normale con parent: insert prima del nodo","status":"passed","title":"comportamento normale con parent: insert prima del nodo","duration":0.8606250000000273,"failureMessages":[],"meta":{}},{"ancestorTitles":["JDM - Lista A: jdm_setAttribute empty-name guard"],"fullName":"JDM - Lista A: jdm_setAttribute empty-name guard non lancia errore su attributo vuoto","status":"passed","title":"non lancia errore su attributo vuoto","duration":0.5252090000001317,"failureMessages":[],"meta":{}},{"ancestorTitles":["JDM - Lista A: jdm_setAttribute empty-name guard"],"fullName":"JDM - Lista A: jdm_setAttribute empty-name guard non lancia errore su attributo null","status":"passed","title":"non lancia errore su attributo null","duration":0.47012500000005275,"failureMessages":[],"meta":{}},{"ancestorTitles":["JDM - Lista A: jdm_setAttribute empty-name guard"],"fullName":"JDM - Lista A: jdm_setAttribute empty-name guard comportamento normale con nome valido invariato","status":"passed","title":"comportamento normale con nome valido invariato","duration":0.4517920000000686,"failureMessages":[],"meta":{}},{"ancestorTitles":["JDM - Lista A: jdm_validate typeof checkValidity guard"],"fullName":"JDM - Lista A: jdm_validate typeof checkValidity guard non lancia errore su nodo senza checkValidity (es. div)","status":"passed","title":"non lancia errore su nodo senza checkValidity (es. div)","duration":0.5339579999999842,"failureMessages":[],"meta":{}},{"ancestorTitles":["JDM - Lista A: jdm_validate typeof checkValidity guard"],"fullName":"JDM - Lista A: jdm_validate typeof checkValidity guard ritorna il nodo (chainable) anche su non-form-control","status":"passed","title":"ritorna il nodo (chainable) anche su non-form-control","duration":0.5103340000000571,"failureMessages":[],"meta":{}},{"ancestorTitles":["JDM - Lista A: jdm_validate typeof checkValidity guard"],"fullName":"JDM - Lista A: jdm_validate typeof checkValidity guard su input continua a chiamare checkValidity e a emettere evento","status":"passed","title":"su input continua a chiamare checkValidity e a emettere evento","duration":2.71550000000002,"failureMessages":[],"meta":{}},{"ancestorTitles":["JDM - Lista A: _evt.jdm_emit snapshot iteration"],"fullName":"JDM - Lista A: _evt.jdm_emit snapshot iteration handler che fa off() durante emit non blocca i successivi","status":"passed","title":"handler che fa off() durante emit non blocca i successivi","duration":0.4141660000000229,"failureMessages":[],"meta":{}},{"ancestorTitles":["JDM - Lista A: _evt.jdm_emit snapshot iteration"],"fullName":"JDM - Lista A: _evt.jdm_emit snapshot iteration emit di evento senza listener non lancia","status":"passed","title":"emit di evento senza listener non lancia","duration":0.31837500000006,"failureMessages":[],"meta":{}},{"ancestorTitles":["JDM - Lista A: _evt.jdm_offElement onora arg fn"],"fullName":"JDM - Lista A: _evt.jdm_offElement onora arg fn con fn rimuove solo quell'handler, gli altri restano","status":"passed","title":"con fn rimuove solo quell'handler, gli altri restano","duration":0.6287500000000819,"failureMessages":[],"meta":{}},{"ancestorTitles":["JDM - Lista A: _evt.jdm_offElement onora arg fn"],"fullName":"JDM - Lista A: _evt.jdm_offElement onora arg fn senza fn rimuove tutti gli handler (comportamento legacy)","status":"passed","title":"senza fn rimuove tutti gli handler (comportamento legacy)","duration":0.6793750000001637,"failureMessages":[],"meta":{}},{"ancestorTitles":["JDM - Lista A: _evt.jdm_offElement onora arg fn"],"fullName":"JDM - Lista A: _evt.jdm_offElement onora arg fn fn non registrato è no-op silente","status":"passed","title":"fn non registrato è no-op silente","duration":0.6378749999998945,"failureMessages":[],"meta":{}},{"ancestorTitles":["JDM - Lista A: _evt.jdm_onceElement auto-remove DOM listener"],"fullName":"JDM - Lista A: _evt.jdm_onceElement auto-remove DOM listener dopo il primo dispatch i successivi NON chiamano la fn","status":"passed","title":"dopo il primo dispatch i successivi NON chiamano la fn","duration":0.541541000000052,"failureMessages":[],"meta":{}},{"ancestorTitles":["JDM - Lista A: _evt.jdm_onceElement auto-remove DOM listener"],"fullName":"JDM - Lista A: _evt.jdm_onceElement auto-remove DOM listener dopo il fire, il tracking interno è pulito","status":"passed","title":"dopo il fire, il tracking interno è pulito","duration":0.5325000000000273,"failureMessages":[],"meta":{}},{"ancestorTitles":["JDM - Lista A: DOMParser parsererror detect"],"fullName":"JDM - Lista A: DOMParser parsererror detect input SVG con XML rotto produce warn parsererror (senza crash)","status":"passed","title":"input SVG con XML rotto produce warn parsererror (senza crash)","duration":0.9642499999999927,"failureMessages":[],"meta":{}},{"ancestorTitles":["JDM - Lista A: DOMParser parsererror detect"],"fullName":"JDM - Lista A: DOMParser parsererror detect input HTML valido non triggera il warn","status":"passed","title":"input HTML valido non triggera il warn","duration":0.6276249999998527,"failureMessages":[],"meta":{}},{"ancestorTitles":["JDM - Lista A: #loopOverChild duplicate-name warn"],"fullName":"JDM - Lista A: #loopOverChild duplicate-name warn warn quando ci sono data-name duplicati","status":"passed","title":"warn quando ci sono data-name duplicati","duration":0.6541250000000218,"failureMessages":[],"meta":{}},{"ancestorTitles":["JDM - Lista A: #loopOverChild duplicate-name warn"],"fullName":"JDM - Lista A: #loopOverChild duplicate-name warn warn quando ci sono name duplicati (non-form)","status":"passed","title":"warn quando ci sono name duplicati (non-form)","duration":0.6474160000000211,"failureMessages":[],"meta":{}},{"ancestorTitles":["JDM - Lista A: #loopOverChild duplicate-name warn"],"fullName":"JDM - Lista A: #loopOverChild duplicate-name warn nomi unici non triggerano warn","status":"passed","title":"nomi unici non triggerano warn","duration":0.5582910000000538,"failureMessages":[],"meta":{}},{"ancestorTitles":["JDM - Lista A: #loopOverChild duplicate-name warn"],"fullName":"JDM - Lista A: #loopOverChild duplicate-name warn ultima istanza vince (comportamento osservabile invariato)","status":"passed","title":"ultima istanza vince (comportamento osservabile invariato)","duration":0.5419580000000224,"failureMessages":[],"meta":{}},{"ancestorTitles":["JDM - Lista A: #addJdmMethodToNode custom-element self-bind skip"],"fullName":"JDM - Lista A: #addJdmMethodToNode custom-element self-bind skip JDM(null) crea <jdm-element> e i metodi jdm_* sono accessibili","status":"passed","title":"JDM(null) crea <jdm-element> e i metodi jdm_* sono accessibili","duration":0.3137500000000273,"failureMessages":[],"meta":{}},{"ancestorTitles":["JDM - Lista A: #addJdmMethodToNode custom-element self-bind skip"],"fullName":"JDM - Lista A: #addJdmMethodToNode custom-element self-bind skip metodi jdm_* funzionano correttamente sul custom element","status":"passed","title":"metodi jdm_* funzionano correttamente sul custom element","duration":0.3587920000002214,"failureMessages":[],"meta":{}},{"ancestorTitles":["JDM - Lista A: #addJdmMethodToNode custom-element self-bind skip"],"fullName":"JDM - Lista A: #addJdmMethodToNode custom-element self-bind skip nessun own-property jdm_*-method duplicato sul custom element","status":"passed","title":"nessun own-property jdm_*-method duplicato sul custom element","duration":0.29291699999998855,"failureMessages":[],"meta":{}},{"ancestorTitles":["JDM - Lista A: #addJdmMethodToNode custom-element self-bind skip"],"fullName":"JDM - Lista A: #addJdmMethodToNode custom-element self-bind skip nodo NON custom mantiene metodi jdm_* come own-property (legacy)","status":"passed","title":"nodo NON custom mantiene metodi jdm_* come own-property (legacy)","duration":0.4493750000001455,"failureMessages":[],"meta":{}},{"ancestorTitles":["JDM - Round 2: wrapper jdm_on* forwarda opt"],"fullName":"JDM - Round 2: wrapper jdm_on* forwarda opt jdm_onClick con preservePrevEvent:true accumula listener","status":"passed","title":"jdm_onClick con preservePrevEvent:true accumula listener","duration":0.4877920000001268,"failureMessages":[],"meta":{}},{"ancestorTitles":["JDM - Round 2: wrapper jdm_on* forwarda opt"],"fullName":"JDM - Round 2: wrapper jdm_on* forwarda opt jdm_onInput con preservePrevEvent:true accumula listener","status":"passed","title":"jdm_onInput con preservePrevEvent:true accumula listener","duration":0.48337500000002365,"failureMessages":[],"meta":{}},{"ancestorTitles":["JDM - Round 2: wrapper jdm_on* forwarda opt"],"fullName":"JDM - Round 2: wrapper jdm_on* forwarda opt jdm_onChange con jdm_once:true fire solo una volta","status":"passed","title":"jdm_onChange con jdm_once:true fire solo una volta","duration":0.4447500000001128,"failureMessages":[],"meta":{}},{"ancestorTitles":["JDM - Round 2: wrapper jdm_on* forwarda opt"],"fullName":"JDM - Round 2: wrapper jdm_on* forwarda opt jdm_onSubmit con opt forward","status":"passed","title":"jdm_onSubmit con opt forward","duration":0.6208749999998417,"failureMessages":[],"meta":{}},{"ancestorTitles":["JDM - Round 2: wrapper jdm_on* forwarda opt"],"fullName":"JDM - Round 2: wrapper jdm_on* forwarda opt omettere opt mantiene comportamento legacy (sovrascrive)","status":"passed","title":"omettere opt mantiene comportamento legacy (sovrascrive)","duration":0.5199580000000878,"failureMessages":[],"meta":{}},{"ancestorTitles":["JDM - Round 3: jdm_show wrapper corretto"],"fullName":"JDM - Round 3: jdm_show wrapper corretto jdm_show chiamato dopo jdm_hide ripristina opacity=1 e visibility=visible","status":"passed","title":"jdm_show chiamato dopo jdm_hide ripristina opacity=1 e visibility=visible","duration":0.31987499999991087,"failureMessages":[],"meta":{}},{"ancestorTitles":["JDM - Round 3: jdm_hide usa visibility=hidden (CSS valido)"],"fullName":"JDM - Round 3: jdm_hide usa visibility=hidden (CSS valido) hide imposta hidden, non 'hide' (valore invalido)","status":"passed","title":"hide imposta hidden, non 'hide' (valore invalido)","duration":0.2521670000000995,"failureMessages":[],"meta":{}},{"ancestorTitles":["JDM - Round 3: jdm_hide usa visibility=hidden (CSS valido)"],"fullName":"JDM - Round 3: jdm_hide usa visibility=hidden (CSS valido) getComputedStyle riconosce visibility=hidden","status":"passed","title":"getComputedStyle riconosce visibility=hidden","duration":0.3082499999998163,"failureMessages":[],"meta":{}},{"ancestorTitles":["JDM - Lista C: setValue form preserva 0/false/''"],"fullName":"JDM - Lista C: setValue form preserva 0/false/'' setValue {count: 0} su form scrive '0', non stringa vuota","status":"passed","title":"setValue {count: 0} su form scrive '0', non stringa vuota","duration":0.7431249999999636,"failureMessages":[],"meta":{}},{"ancestorTitles":["JDM - Lista C: setValue form preserva 0/false/''"],"fullName":"JDM - Lista C: setValue form preserva 0/false/'' setValue {flag: false} su input text scrive 'false', non vuoto","status":"passed","title":"setValue {flag: false} su input text scrive 'false', non vuoto","duration":0.638332999999875,"failureMessages":[],"meta":{}},{"ancestorTitles":["JDM - Lista C: setValue form preserva 0/false/''"],"fullName":"JDM - Lista C: setValue form preserva 0/false/'' setValue {x: ''} su input text scrive '' (preservato)","status":"passed","title":"setValue {x: ''} su input text scrive '' (preservato)","duration":0.7198750000000018,"failureMessages":[],"meta":{}},{"ancestorTitles":["JDM - Lista C: setValue form preserva 0/false/''"],"fullName":"JDM - Lista C: setValue form preserva 0/false/'' setValue {checked: false} su checkbox lascia unchecked","status":"passed","title":"setValue {checked: false} su checkbox lascia unchecked","duration":0.7997920000000249,"failureMessages":[],"meta":{}},{"ancestorTitles":["JDM - Lista C: setValue form preserva 0/false/''"],"fullName":"JDM - Lista C: setValue form preserva 0/false/'' setValue {checked: true} su checkbox attiva","status":"passed","title":"setValue {checked: true} su checkbox attiva","duration":0.6148749999999836,"failureMessages":[],"meta":{}},{"ancestorTitles":["JDM - Lista C: setValue form preserva 0/false/''"],"fullName":"JDM - Lista C: setValue form preserva 0/false/'' setValue {x: null} su input scrive '' (null = clear)","status":"passed","title":"setValue {x: null} su input scrive '' (null = clear)","duration":0.603832999999895,"failureMessages":[],"meta":{}},{"ancestorTitles":["JDM - Lista C: setValue form preserva 0/false/''"],"fullName":"JDM - Lista C: setValue form preserva 0/false/'' setValue ignora proprietà ereditate (Object.keys, non for...in)","status":"passed","title":"setValue ignora proprietà ereditate (Object.keys, non for...in)","duration":0.6540419999998903,"failureMessages":[],"meta":{}},{"ancestorTitles":["JDM - Lista C: setValue number/range NaN guard"],"fullName":"JDM - Lista C: setValue number/range NaN guard setValue('banana') su number warna e NON scrive NaN","status":"passed","title":"setValue('banana') su number warna e NON scrive NaN","duration":0.5076249999999618,"failureMessages":[],"meta":{}},{"ancestorTitles":["JDM - Lista C: setValue number/range NaN guard"],"fullName":"JDM - Lista C: setValue number/range NaN guard setValue('42') su number scrive 42","status":"passed","title":"setValue('42') su number scrive 42","duration":0.4130000000000109,"failureMessages":[],"meta":{}},{"ancestorTitles":["JDM - Lista C: setValue number/range NaN guard"],"fullName":"JDM - Lista C: setValue number/range NaN guard setValue('7') su range scrive 7","status":"passed","title":"setValue('7') su range scrive 7","duration":0.4294159999999465,"failureMessages":[],"meta":{}},{"ancestorTitles":["JDM - Lista C: setValue number/range NaN guard"],"fullName":"JDM - Lista C: setValue number/range NaN guard setValue(0) su number scrive 0 (zero numerico, no NaN)","status":"passed","title":"setValue(0) su number scrive 0 (zero numerico, no NaN)","duration":0.390625,"failureMessages":[],"meta":{}},{"ancestorTitles":["JDM - Lista C: setAttribute(attr) senza value usa ''"],"fullName":"JDM - Lista C: setAttribute(attr) senza value usa '' setAttribute('foo') senza valore → attributo vuoto, non 'null'","status":"passed","title":"setAttribute('foo') senza valore → attributo vuoto, non 'null'","duration":0.3984169999998812,"failureMessages":[],"meta":{}},{"ancestorTitles":["JDM - Lista C: setAttribute(attr) senza value usa ''"],"fullName":"JDM - Lista C: setAttribute(attr) senza value usa '' setAttribute('foo', null) → vuoto, non stringa 'null'","status":"passed","title":"setAttribute('foo', null) → vuoto, non stringa 'null'","duration":0.3797079999999369,"failureMessages":[],"meta":{}},{"ancestorTitles":["JDM - Lista C: setAttribute(attr) senza value usa ''"],"fullName":"JDM - Lista C: setAttribute(attr) senza value usa '' setAttribute('foo', 'bar') comportamento normale invariato","status":"passed","title":"setAttribute('foo', 'bar') comportamento normale invariato","duration":0.37837500000000546,"failureMessages":[],"meta":{}},{"ancestorTitles":["JDM - Lista C: setAttribute(attr) senza value usa ''"],"fullName":"JDM - Lista C: setAttribute(attr) senza value usa '' setAttribute('foo', 0) scrive '0' (non confuso con falsy)","status":"passed","title":"setAttribute('foo', 0) scrive '0' (non confuso con falsy)","duration":0.40562499999987267,"failureMessages":[],"meta":{}},{"ancestorTitles":["JDM - Lista C: jdm_binding non duplica listener (N×N → N)"],"fullName":"JDM - Lista C: jdm_binding non duplica listener (N×N → N) two-way binding tra 2 input: input change su i1 propaga 1 volta su i2","status":"passed","title":"two-way binding tra 2 input: input change su i1 propaga 1 volta su i2","duration":0.6732499999998254,"failureMessages":[],"meta":{}},{"ancestorTitles":["JDM - Lista C: jdm_binding non duplica listener (N×N → N)"],"fullName":"JDM - Lista C: jdm_binding non duplica listener (N×N → N) two-way binding tra 3 input: 1 evento → 2 propagazioni (1 per target)","status":"passed","title":"two-way binding tra 3 input: 1 evento → 2 propagazioni (1 per target)","duration":0.8108750000001237,"failureMessages":[],"meta":{}},{"ancestorTitles":["JDM - Lista C: jdm_binding non duplica listener (N×N → N)"],"fullName":"JDM - Lista C: jdm_binding non duplica listener (N×N → N) two-way binding: cambio su i2 propaga 1 volta su i1","status":"passed","title":"two-way binding: cambio su i2 propaga 1 volta su i1","duration":0.6138750000000073,"failureMessages":[],"meta":{}},{"ancestorTitles":["JDM - Lista C: jdm_submit ritorna this.node (chainable corretto)"],"fullName":"JDM - Lista C: jdm_submit ritorna this.node (chainable corretto) jdm_submit con preventDefault ritorna il nodo form","status":"passed","title":"jdm_submit con preventDefault ritorna il nodo form","duration":0.5535829999998896,"failureMessages":[],"meta":{}},{"ancestorTitles":["JDM - Lista C: jdm_submit ritorna this.node (chainable corretto)"],"fullName":"JDM - Lista C: jdm_submit ritorna this.node (chainable corretto) ritorno permette chaining con altri jdm_* metodi","status":"passed","title":"ritorno permette chaining con altri jdm_* metodi","duration":2.193749999999909,"failureMessages":[],"meta":{}},{"ancestorTitles":["JDM - Lista C: keyframe.rotation 2 keyframes (interpolazione)"],"fullName":"JDM - Lista C: keyframe.rotation 2 keyframes (interpolazione) rotation(deg) ritorna array con 2 frame: 0° → deg°","status":"passed","title":"rotation(deg) ritorna array con 2 frame: 0° → deg°","duration":0.38620799999989686,"failureMessages":[],"meta":{}},{"ancestorTitles":["JDM - Lista C: keyframe.rotation 2 keyframes (interpolazione)"],"fullName":"JDM - Lista C: keyframe.rotation 2 keyframes (interpolazione) rotation(360) full turn — 2 frame validi","status":"passed","title":"rotation(360) full turn — 2 frame validi","duration":0.3880410000001575,"failureMessages":[],"meta":{}},{"ancestorTitles":["JDM - Lista C: keyframe.rotation 2 keyframes (interpolazione)"],"fullName":"JDM - Lista C: keyframe.rotation 2 keyframes (interpolazione) rotation con deg negativo gestito","status":"passed","title":"rotation con deg negativo gestito","duration":0.2793329999999514,"failureMessages":[],"meta":{}},{"ancestorTitles":["JDM - Lista C: keyframe.rotation 2 keyframes (interpolazione)"],"fullName":"JDM - Lista C: keyframe.rotation 2 keyframes (interpolazione) jdm_rotation chiama animate con keyframe a 2 frame","status":"passed","title":"jdm_rotation chiama animate con keyframe a 2 frame","duration":0.4987079999998514,"failureMessages":[],"meta":{}},{"ancestorTitles":["JDM - Lista C: _common.debounce preserva il this del chiamante"],"fullName":"JDM - Lista C: _common.debounce preserva il this del chiamante debounce wrappato su un metodo eredita il this dell'oggetto chiamante","status":"passed","title":"debounce wrappato su un metodo eredita il this dell'oggetto chiamante","duration":31.263499999999794,"failureMessages":[],"meta":{}},{"ancestorTitles":["JDM - Lista C: _common.debounce preserva il this del chiamante"],"fullName":"JDM - Lista C: _common.debounce preserva il this del chiamante debounce come event listener: this = elemento target","status":"passed","title":"debounce come event listener: this = elemento target","duration":31.90424999999982,"failureMessages":[],"meta":{}},{"ancestorTitles":["JDM - Lista C: _common.debounce preserva il this del chiamante"],"fullName":"JDM - Lista C: _common.debounce preserva il this del chiamante debounce chiamato senza contesto: this = undefined (strict) o globalThis","status":"passed","title":"debounce chiamato senza contesto: this = undefined (strict) o globalThis","duration":31.803750000000036,"failureMessages":[],"meta":{}},{"ancestorTitles":["JDM - Tier 1: Jdm.version"],"fullName":"JDM - Tier 1: Jdm.version Jdm.version è una stringa semver","status":"passed","title":"Jdm.version è una stringa semver","duration":0.7091660000000957,"failureMessages":[],"meta":{}},{"ancestorTitles":["JDM - Tier 1: Jdm.use plugin registry"],"fullName":"JDM - Tier 1: Jdm.use plugin registry plugin riceve ctx con Jdm + moduli","status":"passed","title":"plugin riceve ctx con Jdm + moduli","duration":0.5297500000001492,"failureMessages":[],"meta":{}},{"ancestorTitles":["JDM - Tier 1: Jdm.use plugin registry"],"fullName":"JDM - Tier 1: Jdm.use plugin registry plugin che aggiunge jdm_* su prototype è visibile su nuove istanze","status":"passed","title":"plugin che aggiunge jdm_* su prototype è visibile su nuove istanze","duration":0.9326249999999163,"failureMessages":[],"meta":{}},{"ancestorTitles":["JDM - Tier 1: Jdm.use plugin registry"],"fullName":"JDM - Tier 1: Jdm.use plugin registry use(non-function) warna e non crasha","status":"passed","title":"use(non-function) warna e non crasha","duration":0.4756250000000364,"failureMessages":[],"meta":{}},{"ancestorTitles":["JDM - Tier 1: Jdm.use plugin registry"],"fullName":"JDM - Tier 1: Jdm.use plugin registry use ritorna Jdm per chaining","status":"passed","title":"use ritorna Jdm per chaining","duration":0.3630829999999605,"failureMessages":[],"meta":{}},{"ancestorTitles":["JDM - Tier 1: Jdm.inspect"],"fullName":"JDM - Tier 1: Jdm.inspect inspect logga la struttura senza crashare","status":"passed","title":"inspect logga la struttura senza crashare","duration":0.7674170000000231,"failureMessages":[],"meta":{}},{"ancestorTitles":["JDM - Tier 1: Jdm.inspect"],"fullName":"JDM - Tier 1: Jdm.inspect inspect su null è no-op","status":"passed","title":"inspect su null è no-op","duration":0.37712499999997817,"failureMessages":[],"meta":{}},{"ancestorTitles":["JDM - Tier 1: jdm_setValueRaw / jdm_getValueRaw / jdm_getValueAsNumber"],"fullName":"JDM - Tier 1: jdm_setValueRaw / jdm_getValueRaw / jdm_getValueAsNumber setValueRaw bypassa tooBoolean coerce","status":"passed","title":"setValueRaw bypassa tooBoolean coerce","duration":0.6236669999998412,"failureMessages":[],"meta":{}},{"ancestorTitles":["JDM - Tier 1: jdm_setValueRaw / jdm_getValueRaw / jdm_getValueAsNumber"],"fullName":"JDM - Tier 1: jdm_setValueRaw / jdm_getValueRaw / jdm_getValueAsNumber getValueRaw su input text ritorna node.value crudo","status":"passed","title":"getValueRaw su input text ritorna node.value crudo","duration":0.6126659999999902,"failureMessages":[],"meta":{}},{"ancestorTitles":["JDM - Tier 1: jdm_setValueRaw / jdm_getValueRaw / jdm_getValueAsNumber"],"fullName":"JDM - Tier 1: jdm_setValueRaw / jdm_getValueRaw / jdm_getValueAsNumber getValueRaw su checkbox ritorna boolean checked","status":"passed","title":"getValueRaw su checkbox ritorna boolean checked","duration":0.5931250000001,"failureMessages":[],"meta":{}},{"ancestorTitles":["JDM - Tier 1: jdm_setValueRaw / jdm_getValueRaw / jdm_getValueAsNumber"],"fullName":"JDM - Tier 1: jdm_setValueRaw / jdm_getValueRaw / jdm_getValueAsNumber getValueRaw su form ritorna FormData","status":"passed","title":"getValueRaw su form ritorna FormData","duration":0.8520000000000891,"failureMessages":[],"meta":{}},{"ancestorTitles":["JDM - Tier 1: jdm_setValueRaw / jdm_getValueRaw / jdm_getValueAsNumber"],"fullName":"JDM - Tier 1: jdm_setValueRaw / jdm_getValueRaw / jdm_getValueAsNumber getValueAsNumber su input number ritorna Number","status":"passed","title":"getValueAsNumber su input number ritorna Number","duration":0.6670830000000478,"failureMessages":[],"meta":{}},{"ancestorTitles":["JDM - Tier 1: jdm_setValueRaw / jdm_getValueRaw / jdm_getValueAsNumber"],"fullName":"JDM - Tier 1: jdm_setValueRaw / jdm_getValueRaw / jdm_getValueAsNumber getValueAsNumber su input text non parseable ritorna NaN","status":"passed","title":"getValueAsNumber su input text non parseable ritorna NaN","duration":0.68100000000004,"failureMessages":[],"meta":{}},{"ancestorTitles":["JDM - Tier 1: jdm_waitFor"],"fullName":"JDM - Tier 1: jdm_waitFor risolve quando l'evento è dispatched","status":"passed","title":"risolve quando l'evento è dispatched","duration":0.9600000000000364,"failureMessages":[],"meta":{}},{"ancestorTitles":["JDM - Tier 1: jdm_waitFor"],"fullName":"JDM - Tier 1: jdm_waitFor rigetta dopo timeout se l'evento non arriva","status":"passed","title":"rigetta dopo timeout se l'evento non arriva","duration":31.927875000000085,"failureMessages":[],"meta":{}},{"ancestorTitles":["JDM - Tier 1: jdm_waitFor"],"fullName":"JDM - Tier 1: jdm_waitFor rigetta su abort signal","status":"passed","title":"rigetta su abort signal","duration":1.8848750000001928,"failureMessages":[],"meta":{}},{"ancestorTitles":["JDM - Tier 1: jdm_delegate"],"fullName":"JDM - Tier 1: jdm_delegate fn chiamato solo per target che matcha il selector","status":"passed","title":"fn chiamato solo per target che matcha il selector","duration":1.557207999999946,"failureMessages":[],"meta":{}},{"ancestorTitles":["JDM - Tier 1: jdm_delegate"],"fullName":"JDM - Tier 1: jdm_delegate unsubscribe rimuove il listener","status":"passed","title":"unsubscribe rimuove il listener","duration":1.1455000000000837,"failureMessages":[],"meta":{}},{"ancestorTitles":["JDM - Tier 1: jdm_delegate"],"fullName":"JDM - Tier 1: jdm_delegate fn riceve event e target matched","status":"passed","title":"fn riceve event e target matched","duration":1.101667000000134,"failureMessages":[],"meta":{}},{"ancestorTitles":["JDM - Tier 1: jdm_batch"],"fullName":"JDM - Tier 1: jdm_batch esegue fn in rAF, risolve con il nodo","status":"passed","title":"esegue fn in rAF, risolve con il nodo","duration":18.81229099999996,"failureMessages":[],"meta":{}},{"ancestorTitles":["JDM - Tier 1: jdm_batch"],"fullName":"JDM - Tier 1: jdm_batch errore dentro fn risolve comunque la promise","status":"passed","title":"errore dentro fn risolve comunque la promise","duration":17.960833000000093,"failureMessages":[],"meta":{}},{"ancestorTitles":["JDM - Tier 1: jdm_cancelAnimations / jdm_resetStyles"],"fullName":"JDM - Tier 1: jdm_cancelAnimations / jdm_resetStyles cancelAnimations NON azzera transform/opacity","status":"passed","title":"cancelAnimations NON azzera transform/opacity","duration":1.0130830000002788,"failureMessages":[],"meta":{}},{"ancestorTitles":["JDM - Tier 1: jdm_cancelAnimations / jdm_resetStyles"],"fullName":"JDM - Tier 1: jdm_cancelAnimations / jdm_resetStyles resetStyles rimuove l'attributo style","status":"passed","title":"resetStyles rimuove l'attributo style","duration":2.2777909999999792,"failureMessages":[],"meta":{}},{"ancestorTitles":["JDM - Tier 1: jdm_cancelAnimations / jdm_resetStyles"],"fullName":"JDM - Tier 1: jdm_cancelAnimations / jdm_resetStyles cancelAnimations chiama cancel() sulle animazioni attive","status":"passed","title":"cancelAnimations chiama cancel() sulle animazioni attive","duration":0.5364999999997053,"failureMessages":[],"meta":{}},{"ancestorTitles":["JDM - Lista A: index.js re-exports"],"fullName":"JDM - Lista A: index.js re-exports espone JDM factory, Jdm class, moduli e default","status":"passed","title":"espone JDM factory, Jdm class, moduli e default","duration":7.071957999999995,"failureMessages":[],"meta":{}},{"ancestorTitles":["JDM - Lista A: index.js re-exports"],"fullName":"JDM - Lista A: index.js re-exports mod.JDM factory crea un nodo equivalente a new mod.Jdm()","status":"passed","title":"mod.JDM factory crea un nodo equivalente a new mod.Jdm()","duration":0.8202080000000933,"failureMessages":[],"meta":{}}],"startTime":1781108631949,"endTime":1781108633442.8203,"status":"passed","message":"","name":"/Users/marcogiacobazzi/localhost/jdm3/test/jdm.test.js"}]}