{"numTotalTestSuites":12,"numPassedTestSuites":12,"numFailedTestSuites":0,"numPendingTestSuites":0,"numTotalTests":118,"numPassedTests":118,"numFailedTests":0,"numPendingTests":0,"numTodoTests":0,"snapshot":{"added":0,"failure":false,"filesAdded":0,"filesRemoved":0,"filesRemovedList":[],"filesUnmatched":0,"filesUpdated":0,"matched":0,"total":0,"unchecked":0,"uncheckedKeysByFile":[],"unmatched":0,"updated":0,"didUpdate":false},"startTime":1745618693709,"success":true,"testResults":[{"assertionResults":[{"ancestorTitles":["JDM - Class"],"fullName":"JDM - Class aggiunge una singola classe","status":"passed","title":"aggiunge una singola classe","duration":5.006000000000029,"failureMessages":[],"meta":{}},{"ancestorTitles":["JDM - Class"],"fullName":"JDM - Class aggiunge un array di classi","status":"passed","title":"aggiunge un array di classi","duration":0.6800420000000145,"failureMessages":[],"meta":{}},{"ancestorTitles":["JDM - Class"],"fullName":"JDM - Class rimuove una singola classe","status":"passed","title":"rimuove una singola classe","duration":0.6221249999999827,"failureMessages":[],"meta":{}},{"ancestorTitles":["JDM - Class"],"fullName":"JDM - Class rimuove un array di classi","status":"passed","title":"rimuove un array di classi","duration":0.5222089999999753,"failureMessages":[],"meta":{}},{"ancestorTitles":["JDM - Class"],"fullName":"JDM - Class toggle di una singola classe","status":"passed","title":"toggle di una singola classe","duration":0.6867500000000177,"failureMessages":[],"meta":{}},{"ancestorTitles":["JDM - Class"],"fullName":"JDM - Class toggle di un array di classi","status":"passed","title":"toggle di un array di classi","duration":0.5665410000000293,"failureMessages":[],"meta":{}},{"ancestorTitles":["JDM - Class"],"fullName":"JDM - Class verifico se c'è una stringa nella classe","status":"passed","title":"verifico se c'è una stringa nella classe","duration":0.5652919999999995,"failureMessages":[],"meta":{}},{"ancestorTitles":["JDM - Class"],"fullName":"JDM - Class verifico se c'è un array di stringhe in AND nella classe","status":"passed","title":"verifico se c'è un array di stringhe in AND nella classe","duration":0.5504579999999919,"failureMessages":[],"meta":{}},{"ancestorTitles":["JDM - Class"],"fullName":"JDM - Class verifico se c'è un array di stringhe in OR nella classe","status":"passed","title":"verifico se c'è un array di stringhe in OR nella classe","duration":0.5679999999999836,"failureMessages":[],"meta":{}},{"ancestorTitles":["JDM - Base"],"fullName":"JDM - Base crea un elemento partendo da un selector","status":"passed","title":"crea un elemento partendo da un selector","duration":3.936666999999943,"failureMessages":[],"meta":{}},{"ancestorTitles":["JDM - Base"],"fullName":"JDM - Base crea un elemento jdm-element","status":"passed","title":"crea un elemento jdm-element","duration":0.7113339999999653,"failureMessages":[],"meta":{}},{"ancestorTitles":["JDM - Base"],"fullName":"JDM - Base crea un elemento e lo aggiunge al body","status":"passed","title":"crea un elemento e lo aggiunge al body","duration":0.5503750000000309,"failureMessages":[],"meta":{}},{"ancestorTitles":["JDM - Base"],"fullName":"JDM - Base aggiunge un singolo elemento come figli","status":"passed","title":"aggiunge un singolo elemento come figli","duration":0.6287079999999605,"failureMessages":[],"meta":{}},{"ancestorTitles":["JDM - Base"],"fullName":"JDM - Base aggiunge un array di elementi come figli","status":"passed","title":"aggiunge un array di elementi come figli","duration":0.5276250000000573,"failureMessages":[],"meta":{}},{"ancestorTitles":["JDM - Base"],"fullName":"JDM - Base preprende un singolo elemento","status":"passed","title":"preprende un singolo elemento","duration":1.278458999999998,"failureMessages":[],"meta":{}},{"ancestorTitles":["JDM - Base"],"fullName":"JDM - Base preprende una lista di elementi","status":"passed","title":"preprende una lista di elementi","duration":1.1510829999999714,"failureMessages":[],"meta":{}},{"ancestorTitles":["JDM - Base"],"fullName":"JDM - Base svuota un div (o elemento)","status":"passed","title":"svuota un div (o elemento)","duration":0.6588749999999663,"failureMessages":[],"meta":{}},{"ancestorTitles":["JDM - Base"],"fullName":"JDM - Base distrugge un elemento","status":"passed","title":"distrugge un elemento","duration":0.8897090000000389,"failureMessages":[],"meta":{}},{"ancestorTitles":["JDM - Base"],"fullName":"JDM - Base imposta uno stile inline sull'elemento","status":"passed","title":"imposta uno stile inline sull'elemento","duration":2.1001660000000584,"failureMessages":[],"meta":{}},{"ancestorTitles":["JDM - Base"],"fullName":"JDM - Base estende il nodo con una proprietà personalizzata","status":"passed","title":"estende il nodo con una proprietà personalizzata","duration":0.8215419999999085,"failureMessages":[],"meta":{}},{"ancestorTitles":["JDM - Base"],"fullName":"JDM - Base imposta il contenuto HTML interno dell'elemento","status":"passed","title":"imposta il contenuto HTML interno dell'elemento","duration":1.3752090000000408,"failureMessages":[],"meta":{}},{"ancestorTitles":["JDM - Base"],"fullName":"JDM - Base propaga innerHTML su elementi non form","status":"passed","title":"propaga innerHTML su elementi non form","duration":2.368708999999967,"failureMessages":[],"meta":{}},{"ancestorTitles":["JDM - Base"],"fullName":"JDM - Base aggiunge un event listener all'elemento","status":"passed","title":"aggiunge un event listener all'elemento","duration":1.4012500000000045,"failureMessages":[],"meta":{}},{"ancestorTitles":["JDM - Base"],"fullName":"JDM - Base rimuove un event listener dall'elemento","status":"passed","title":"rimuove un event listener dall'elemento","duration":0.9807500000000573,"failureMessages":[],"meta":{}},{"ancestorTitles":["JDM - Base"],"fullName":"JDM - Base estende il nodo con i riferimenti presenti in jdm_childNode","status":"passed","title":"estende il nodo con i riferimenti presenti in jdm_childNode","duration":0.8946250000000191,"failureMessages":[],"meta":{}},{"ancestorTitles":["JDM - Base"],"fullName":"JDM - Base non estende nulla se jdm_childNode è assente o vuoto","status":"passed","title":"non estende nulla se jdm_childNode è assente o vuoto","duration":1.0316249999999627,"failureMessages":[],"meta":{}},{"ancestorTitles":["JDM - Attribute"],"fullName":"JDM - Attribute imposta  un attributo","status":"passed","title":"imposta  un attributo","duration":0.5232919999999694,"failureMessages":[],"meta":{}},{"ancestorTitles":["JDM - Attribute"],"fullName":"JDM - Attribute legge un attributo","status":"passed","title":"legge un attributo","duration":0.46649999999999636,"failureMessages":[],"meta":{}},{"ancestorTitles":["JDM - Attribute"],"fullName":"JDM - Attribute imposta un id","status":"passed","title":"imposta un id","duration":0.45420799999999417,"failureMessages":[],"meta":{}},{"ancestorTitles":["JDM - Attribute"],"fullName":"JDM - Attribute rimuove un attributo da un elemento","status":"passed","title":"rimuove un attributo da un elemento","duration":0.8137499999999136,"failureMessages":[],"meta":{}},{"ancestorTitles":["JDM - Form"],"fullName":"JDM - Form imposta il valore su diversi tipi di elementi, incluso un form complesso","status":"passed","title":"imposta il valore su diversi tipi di elementi, incluso un form complesso","duration":6.72199999999998,"failureMessages":[],"meta":{}},{"ancestorTitles":["JDM - Form"],"fullName":"JDM - Form restituisce correttamente il valore da input, checkbox, radio, select e form complesso","status":"passed","title":"restituisce correttamente il valore da input, checkbox, radio, select e form complesso","duration":5.906791999999996,"failureMessages":[],"meta":{}},{"ancestorTitles":["JDM - Form"],"fullName":"JDM - Form gestisce array senza chiave e chiavi duplicate in jdm_getValue","status":"passed","title":"gestisce array senza chiave e chiavi duplicate in jdm_getValue","duration":1.7920829999999341,"failureMessages":[],"meta":{}},{"ancestorTitles":["JDM - Form"],"fullName":"JDM - Form invoca jdm_onSubmit","status":"passed","title":"invoca jdm_onSubmit","duration":1.6883750000000646,"failureMessages":[],"meta":{}},{"ancestorTitles":["JDM - Form"],"fullName":"JDM - Form svuota un input","status":"passed","title":"svuota un input","duration":0.5853749999999991,"failureMessages":[],"meta":{}},{"ancestorTitles":["JDM - Form"],"fullName":"JDM - Form svuota una textarea","status":"passed","title":"svuota una textarea","duration":0.7130420000000868,"failureMessages":[],"meta":{}},{"ancestorTitles":["JDM - Form"],"fullName":"JDM - Form svuota un checkbox","status":"passed","title":"svuota un checkbox","duration":0.8326670000000149,"failureMessages":[],"meta":{}},{"ancestorTitles":["JDM - Form"],"fullName":"JDM - Form svuota un radio","status":"passed","title":"svuota un radio","duration":0.7094159999999192,"failureMessages":[],"meta":{}},{"ancestorTitles":["JDM - Form"],"fullName":"JDM - Form svuota i campi del form","status":"passed","title":"svuota i campi del form","duration":2.5170419999999467,"failureMessages":[],"meta":{}},{"ancestorTitles":["JDM - Form"],"fullName":"JDM - Form valida un input e genera evento 'validate'","status":"passed","title":"valida un input e genera evento 'validate'","duration":1.7069159999999783,"failureMessages":[],"meta":{}},{"ancestorTitles":["JDM - Form"],"fullName":"JDM - Form propaga il valore da un input all'altro (binding unidirezionale)","status":"passed","title":"propaga il valore da un input all'altro (binding unidirezionale)","duration":2.433167000000026,"failureMessages":[],"meta":{}},{"ancestorTitles":["JDM - Form"],"fullName":"JDM - Form propaga il valore in entrambe le direzioni (binding bidirezionale)","status":"passed","title":"propaga il valore in entrambe le direzioni (binding bidirezionale)","duration":1.102292000000034,"failureMessages":[],"meta":{}},{"ancestorTitles":["JDM - Event"],"fullName":"JDM - Event registra un event listener per 'input'","status":"passed","title":"registra un event listener per 'input'","duration":0.7072920000000522,"failureMessages":[],"meta":{}},{"ancestorTitles":["JDM - Event"],"fullName":"JDM - Event non lancia errore se la funzione non viene fornita","status":"passed","title":"non lancia errore se la funzione non viene fornita","duration":0.601709000000028,"failureMessages":[],"meta":{}},{"ancestorTitles":["JDM - Event"],"fullName":"JDM - Event registra un event listener per 'change'","status":"passed","title":"registra un event listener per 'change'","duration":1.1632079999999405,"failureMessages":[],"meta":{}},{"ancestorTitles":["JDM - Event"],"fullName":"JDM - Event non lancia errore se nessuna funzione viene passata","status":"passed","title":"non lancia errore se nessuna funzione viene passata","duration":0.6819590000000062,"failureMessages":[],"meta":{}},{"ancestorTitles":["JDM - Event"],"fullName":"JDM - Event registra un event listener per 'select'","status":"passed","title":"registra un event listener per 'select'","duration":1.3190829999999778,"failureMessages":[],"meta":{}},{"ancestorTitles":["JDM - Event"],"fullName":"JDM - Event non lancia errore se nessuna funzione viene passata","status":"passed","title":"non lancia errore se nessuna funzione viene passata","duration":0.6464589999999362,"failureMessages":[],"meta":{}},{"ancestorTitles":["JDM - Event"],"fullName":"JDM - Event registra un event listener debounce per 'input'","status":"passed","title":"registra un event listener debounce per 'input'","duration":122.13499999999999,"failureMessages":[],"meta":{}},{"ancestorTitles":["JDM - Event"],"fullName":"JDM - Event usa il valore di timeout predefinito se non fornito","status":"passed","title":"usa il valore di timeout predefinito se non fornito","duration":322.2855420000001,"failureMessages":[],"meta":{}},{"ancestorTitles":["JDM - Event"],"fullName":"JDM - Event usa 'input' come metodo di default","status":"passed","title":"usa 'input' come metodo di default","duration":326.73341600000003,"failureMessages":[],"meta":{}},{"ancestorTitles":["JDM - Event"],"fullName":"JDM - Event non lancia errore se nessuna funzione viene passata","status":"passed","title":"non lancia errore se nessuna funzione viene passata","duration":326.87545899999986,"failureMessages":[],"meta":{}},{"ancestorTitles":["JDM - Event"],"fullName":"JDM - Event registra un event listener per 'click'","status":"passed","title":"registra un event listener per 'click'","duration":6.801416999999901,"failureMessages":[],"meta":{}},{"ancestorTitles":["JDM - Event"],"fullName":"JDM - Event non lancia errore se nessuna funzione viene passata","status":"passed","title":"non lancia errore se nessuna funzione viene passata","duration":2.262292000000116,"failureMessages":[],"meta":{}},{"ancestorTitles":["JDM - Event"],"fullName":"JDM - Event ritorna il nodo HTML","status":"passed","title":"ritorna il nodo HTML","duration":2.3651250000000346,"failureMessages":[],"meta":{}},{"ancestorTitles":["JDM - Event"],"fullName":"JDM - Event registra un event listener per 'contextmenu'","status":"passed","title":"registra un event listener per 'contextmenu'","duration":1.9170409999999265,"failureMessages":[],"meta":{}},{"ancestorTitles":["JDM - Event"],"fullName":"JDM - Event non lancia errore se nessuna funzione viene passata","status":"passed","title":"non lancia errore se nessuna funzione viene passata","duration":1.450458000000026,"failureMessages":[],"meta":{}},{"ancestorTitles":["JDM - Event"],"fullName":"JDM - Event ritorna il nodo HTML","status":"passed","title":"ritorna il nodo HTML","duration":1.2406670000000304,"failureMessages":[],"meta":{}},{"ancestorTitles":["JDM - Event"],"fullName":"JDM - Event registra un event listener per 'dblclick'","status":"passed","title":"registra un event listener per 'dblclick'","duration":1.277667000000065,"failureMessages":[],"meta":{}},{"ancestorTitles":["JDM - Event"],"fullName":"JDM - Event non lancia errore se nessuna funzione viene passata","status":"passed","title":"non lancia errore se nessuna funzione viene passata","duration":1.3242089999998825,"failureMessages":[],"meta":{}},{"ancestorTitles":["JDM - Event"],"fullName":"JDM - Event ritorna il nodo HTML","status":"passed","title":"ritorna il nodo HTML","duration":1.5072079999999914,"failureMessages":[],"meta":{}},{"ancestorTitles":["JDM - Event"],"fullName":"JDM - Event registra un event listener per 'invalid'","status":"passed","title":"registra un event listener per 'invalid'","duration":2.046374999999898,"failureMessages":[],"meta":{}},{"ancestorTitles":["JDM - Event"],"fullName":"JDM - Event non lancia errore se nessuna funzione viene passata","status":"passed","title":"non lancia errore se nessuna funzione viene passata","duration":1.2612910000000284,"failureMessages":[],"meta":{}},{"ancestorTitles":["JDM - Event"],"fullName":"JDM - Event ritorna il nodo HTML","status":"passed","title":"ritorna il nodo HTML","duration":0.9149589999999534,"failureMessages":[],"meta":{}},{"ancestorTitles":["JDM - Event"],"fullName":"JDM - Event registra un event listener per 'load'","status":"passed","title":"registra un event listener per 'load'","duration":1.566291000000092,"failureMessages":[],"meta":{}},{"ancestorTitles":["JDM - Event"],"fullName":"JDM - Event non lancia errore se nessuna funzione viene passata","status":"passed","title":"non lancia errore se nessuna funzione viene passata","duration":1.0413750000000164,"failureMessages":[],"meta":{}},{"ancestorTitles":["JDM - Event"],"fullName":"JDM - Event ritorna il nodo HTML","status":"passed","title":"ritorna il nodo HTML","duration":0.9809580000001006,"failureMessages":[],"meta":{}},{"ancestorTitles":["JDM - Event"],"fullName":"JDM - Event registra un event listener per 'error'","status":"passed","title":"registra un event listener per 'error'","duration":0.997707999999875,"failureMessages":[],"meta":{}},{"ancestorTitles":["JDM - Event"],"fullName":"JDM - Event non lancia errore se nessuna funzione viene passata","status":"passed","title":"non lancia errore se nessuna funzione viene passata","duration":1.7100829999999405,"failureMessages":[],"meta":{}},{"ancestorTitles":["JDM - Event"],"fullName":"JDM - Event ritorna il nodo HTML","status":"passed","title":"ritorna il nodo HTML","duration":1.133874999999989,"failureMessages":[],"meta":{}},{"ancestorTitles":["JDM - Commons"],"fullName":"JDM - Commons dovrebbe chiamare la funzione dopo il timeout","status":"passed","title":"dovrebbe chiamare la funzione dopo il timeout","duration":152.52975000000015,"failureMessages":[],"meta":{}},{"ancestorTitles":["JDM - Commons"],"fullName":"JDM - Commons dovrebbe usare il timeout di default se non fornito","status":"passed","title":"dovrebbe usare il timeout di default se non fornito","duration":354.5542919999998,"failureMessages":[],"meta":{}},{"ancestorTitles":["JDM - Commons"],"fullName":"JDM - Commons dovrebbe creare un CustomEvent e dispatcharlo sul nodo","status":"passed","title":"dovrebbe creare un CustomEvent e dispatcharlo sul nodo","duration":4.128791999999976,"failureMessages":[],"meta":{}},{"ancestorTitles":["JDM - Commons"],"fullName":"JDM - Commons dovrebbe far propagare l'evento ai genitori se 'propagateToParents' è true","status":"passed","title":"dovrebbe far propagare l'evento ai genitori se 'propagateToParents' è true","duration":2.3696249999998145,"failureMessages":[],"meta":{}},{"ancestorTitles":["JDM - Commons"],"fullName":"JDM - Commons non fa propagare l'evento ai genitori se 'propagateToParents' è false","status":"passed","title":"non fa propagare l'evento ai genitori se 'propagateToParents' è false","duration":1.7429580000002716,"failureMessages":[],"meta":{}},{"ancestorTitles":["JDM - Commons"],"fullName":"JDM - Commons dovrebbe restituire il tag name in minuscolo","status":"passed","title":"dovrebbe restituire il tag name in minuscolo","duration":1.9395409999997355,"failureMessages":[],"meta":{}},{"ancestorTitles":["JDM - Commons"],"fullName":"JDM - Commons dovrebbe restituire undefined per nodi senza tagName","status":"passed","title":"dovrebbe restituire undefined per nodi senza tagName","duration":1.722374999999829,"failureMessages":[],"meta":{}},{"ancestorTitles":["JDM - Animation"],"fullName":"JDM - Animation utilizzare i valori di default","status":"passed","title":"utilizzare i valori di default","duration":1.2360830000002352,"failureMessages":[],"meta":{}},{"ancestorTitles":["JDM - Animation"],"fullName":"JDM - Animation permettere di sovrascrivere i valori di default","status":"passed","title":"permettere di sovrascrivere i valori di default","duration":1.1346670000002632,"failureMessages":[],"meta":{}},{"ancestorTitles":["JDM - Animation"],"fullName":"JDM - Animation utilizzare il valore di default per i parametri non specificati","status":"passed","title":"utilizzare il valore di default per i parametri non specificati","duration":0.9847500000000764,"failureMessages":[],"meta":{}},{"ancestorTitles":["JDM - Animation"],"fullName":"JDM - Animation  cancellare tutte le animazioni e resettare gli stili","status":"passed","title":" cancellare tutte le animazioni e resettare gli stili","duration":2.150916999999936,"failureMessages":[],"meta":{}},{"ancestorTitles":["JDM - Animation"],"fullName":"JDM - Animation dovrebbe chiamare animate e callback in fadeIn","status":"passed","title":"dovrebbe chiamare animate e callback in fadeIn","duration":2.1579999999999018,"failureMessages":[],"meta":{}},{"ancestorTitles":["JDM - Animation"],"fullName":"JDM - Animation dovrebbe chiamare animate e callback in fadeInDown","status":"passed","title":"dovrebbe chiamare animate e callback in fadeInDown","duration":1.277625000000171,"failureMessages":[],"meta":{}},{"ancestorTitles":["JDM - Animation"],"fullName":"JDM - Animation dovrebbe chiamare animate e callback in fadeInUp","status":"passed","title":"dovrebbe chiamare animate e callback in fadeInUp","duration":0.9673330000000533,"failureMessages":[],"meta":{}},{"ancestorTitles":["JDM - Animation"],"fullName":"JDM - Animation dovrebbe chiamare animate e callback in fadeInLeft","status":"passed","title":"dovrebbe chiamare animate e callback in fadeInLeft","duration":0.9043750000000728,"failureMessages":[],"meta":{}},{"ancestorTitles":["JDM - Animation"],"fullName":"JDM - Animation dovrebbe chiamare animate e callback in fadeInRight","status":"passed","title":"dovrebbe chiamare animate e callback in fadeInRight","duration":0.8957500000001346,"failureMessages":[],"meta":{}},{"ancestorTitles":["JDM - Animation"],"fullName":"JDM - Animation dovrebbe chiamare animate e callback in fadeOut","status":"passed","title":"dovrebbe chiamare animate e callback in fadeOut","duration":0.8234579999998459,"failureMessages":[],"meta":{}},{"ancestorTitles":["JDM - Animation"],"fullName":"JDM - Animation dovrebbe chiamare animate e callback in fadeOutDown","status":"passed","title":"dovrebbe chiamare animate e callback in fadeOutDown","duration":0.8032910000001721,"failureMessages":[],"meta":{}},{"ancestorTitles":["JDM - Animation"],"fullName":"JDM - Animation dovrebbe chiamare animate e callback in fadeOutUp","status":"passed","title":"dovrebbe chiamare animate e callback in fadeOutUp","duration":0.7709170000002814,"failureMessages":[],"meta":{}},{"ancestorTitles":["JDM - Animation"],"fullName":"JDM - Animation dovrebbe chiamare animate e callback in fadeOutLeft","status":"passed","title":"dovrebbe chiamare animate e callback in fadeOutLeft","duration":0.7720420000000559,"failureMessages":[],"meta":{}},{"ancestorTitles":["JDM - Animation"],"fullName":"JDM - Animation dovrebbe chiamare animate e callback in fadeOutRight","status":"passed","title":"dovrebbe chiamare animate e callback in fadeOutRight","duration":0.7848329999997077,"failureMessages":[],"meta":{}},{"ancestorTitles":["JDM - Animation"],"fullName":"JDM - Animation dovrebbe chiamare animate e callback in bounce","status":"passed","title":"dovrebbe chiamare animate e callback in bounce","duration":0.8047500000002401,"failureMessages":[],"meta":{}},{"ancestorTitles":["JDM - Animation"],"fullName":"JDM - Animation dovrebbe chiamare animate e callback in tada","status":"passed","title":"dovrebbe chiamare animate e callback in tada","duration":0.7689579999996567,"failureMessages":[],"meta":{}},{"ancestorTitles":["JDM - Animation"],"fullName":"JDM - Animation dovrebbe chiamare animate e callback in zoomIn","status":"passed","title":"dovrebbe chiamare animate e callback in zoomIn","duration":0.9123329999997623,"failureMessages":[],"meta":{}},{"ancestorTitles":["JDM - Animation"],"fullName":"JDM - Animation dovrebbe chiamare animate e callback in zoomOut","status":"passed","title":"dovrebbe chiamare animate e callback in zoomOut","duration":0.7112919999999576,"failureMessages":[],"meta":{}},{"ancestorTitles":["JDM - Animation"],"fullName":"JDM - Animation dovrebbe chiamare animate e callback in rotation","status":"passed","title":"dovrebbe chiamare animate e callback in rotation","duration":0.7917079999997441,"failureMessages":[],"meta":{}},{"ancestorTitles":["JDM - Animation"],"fullName":"JDM - Animation  fadeIn ritorna un elemento HTMLElement","status":"passed","title":" fadeIn ritorna un elemento HTMLElement","duration":0.7723339999997734,"failureMessages":[],"meta":{}},{"ancestorTitles":["JDM - Animation"],"fullName":"JDM - Animation  fadeInDown ritorna un elemento HTMLElement","status":"passed","title":" fadeInDown ritorna un elemento HTMLElement","duration":0.5462500000003274,"failureMessages":[],"meta":{}},{"ancestorTitles":["JDM - Animation"],"fullName":"JDM - Animation  fadeInUp ritorna un elemento HTMLElement","status":"passed","title":" fadeInUp ritorna un elemento HTMLElement","duration":0.5490829999998823,"failureMessages":[],"meta":{}},{"ancestorTitles":["JDM - Animation"],"fullName":"JDM - Animation  fadeInLeft ritorna un elemento HTMLElement","status":"passed","title":" fadeInLeft ritorna un elemento HTMLElement","duration":0.5529999999998836,"failureMessages":[],"meta":{}},{"ancestorTitles":["JDM - Animation"],"fullName":"JDM - Animation  fadeInRight ritorna un elemento HTMLElement","status":"passed","title":" fadeInRight ritorna un elemento HTMLElement","duration":4.367291000000023,"failureMessages":[],"meta":{}},{"ancestorTitles":["JDM - Animation"],"fullName":"JDM - Animation  fadeOut ritorna un elemento HTMLElement","status":"passed","title":" fadeOut ritorna un elemento HTMLElement","duration":0.6204159999997501,"failureMessages":[],"meta":{}},{"ancestorTitles":["JDM - Animation"],"fullName":"JDM - Animation  fadeOutDown ritorna un elemento HTMLElement","status":"passed","title":" fadeOutDown ritorna un elemento HTMLElement","duration":0.5790420000002996,"failureMessages":[],"meta":{}},{"ancestorTitles":["JDM - Animation"],"fullName":"JDM - Animation  fadeOutUp ritorna un elemento HTMLElement","status":"passed","title":" fadeOutUp ritorna un elemento HTMLElement","duration":0.5467499999999745,"failureMessages":[],"meta":{}},{"ancestorTitles":["JDM - Animation"],"fullName":"JDM - Animation  fadeOutLeft ritorna un elemento HTMLElement","status":"passed","title":" fadeOutLeft ritorna un elemento HTMLElement","duration":0.5052499999997053,"failureMessages":[],"meta":{}},{"ancestorTitles":["JDM - Animation"],"fullName":"JDM - Animation  fadeOutRight ritorna un elemento HTMLElement","status":"passed","title":" fadeOutRight ritorna un elemento HTMLElement","duration":0.520958999999948,"failureMessages":[],"meta":{}},{"ancestorTitles":["JDM - Animation"],"fullName":"JDM - Animation  bounce ritorna un elemento HTMLElement","status":"passed","title":" bounce ritorna un elemento HTMLElement","duration":0.48508300000003146,"failureMessages":[],"meta":{}},{"ancestorTitles":["JDM - Animation"],"fullName":"JDM - Animation  tada ritorna un elemento HTMLElement","status":"passed","title":" tada ritorna un elemento HTMLElement","duration":0.4560420000002523,"failureMessages":[],"meta":{}},{"ancestorTitles":["JDM - Animation"],"fullName":"JDM - Animation  zoomIn ritorna un elemento HTMLElement","status":"passed","title":" zoomIn ritorna un elemento HTMLElement","duration":0.6124999999997272,"failureMessages":[],"meta":{}},{"ancestorTitles":["JDM - Animation"],"fullName":"JDM - Animation  zoomOut ritorna un elemento HTMLElement","status":"passed","title":" zoomOut ritorna un elemento HTMLElement","duration":0.5724999999997635,"failureMessages":[],"meta":{}},{"ancestorTitles":["JDM - Animation"],"fullName":"JDM - Animation  rotation ritorna un elemento HTMLElement","status":"passed","title":" rotation ritorna un elemento HTMLElement","duration":0.5673750000000837,"failureMessages":[],"meta":{}},{"ancestorTitles":["JDM - Proto","String.prototype.toBoolean"],"fullName":"JDM - Proto String.prototype.toBoolean restituisce true per 'true', '1', 'yes'","status":"passed","title":"restituisce true per 'true', '1', 'yes'","duration":0.590291999999863,"failureMessages":[],"meta":{}},{"ancestorTitles":["JDM - Proto","String.prototype.toBoolean"],"fullName":"JDM - Proto String.prototype.toBoolean restituisce false per 'false', '0', 'no'","status":"passed","title":"restituisce false per 'false', '0', 'no'","duration":0.6701669999997648,"failureMessages":[],"meta":{}},{"ancestorTitles":["JDM - Proto","String.prototype.toBoolean"],"fullName":"JDM - Proto String.prototype.toBoolean genera un errore per stringhe non valide","status":"passed","title":"genera un errore per stringhe non valide","duration":0.6169999999997344,"failureMessages":[],"meta":{}},{"ancestorTitles":["JDM - Proto","String.prototype.toCapitalize"],"fullName":"JDM - Proto String.prototype.toCapitalize mette la prima lettera in maiuscolo","status":"passed","title":"mette la prima lettera in maiuscolo","duration":0.5629170000001977,"failureMessages":[],"meta":{}},{"ancestorTitles":["JDM - Proto","Number.prototype.toBoolean"],"fullName":"JDM - Proto Number.prototype.toBoolean restituisce true per 1","status":"passed","title":"restituisce true per 1","duration":0.5160829999999805,"failureMessages":[],"meta":{}},{"ancestorTitles":["JDM - Proto","Number.prototype.toBoolean"],"fullName":"JDM - Proto Number.prototype.toBoolean restituisce false per 0","status":"passed","title":"restituisce false per 0","duration":0.4642090000002099,"failureMessages":[],"meta":{}},{"ancestorTitles":["JDM - Proto","Number.prototype.toBoolean"],"fullName":"JDM - Proto Number.prototype.toBoolean genera un errore per altri numeri","status":"passed","title":"genera un errore per altri numeri","duration":0.8640000000000327,"failureMessages":[],"meta":{}}],"startTime":1745618694224,"endTime":1745618695978.864,"status":"passed","message":"","name":"/Users/marcogiacobazzi/localhost/jdm2/test/jdm.test.js"}],"coverageMap":{"/Users/marcogiacobazzi/localhost/jdm2/src/_animation.js":{"path":"/Users/marcogiacobazzi/localhost/jdm2/src/_animation.js","all":false,"statementMap":{"0":{"start":{"line":1,"column":0},"end":{"line":1,"column":3}},"1":{"start":{"line":2,"column":0},"end":{"line":2,"column":28}},"2":{"start":{"line":3,"column":0},"end":{"line":3,"column":3}},"3":{"start":{"line":4,"column":0},"end":{"line":4,"column":30}},"4":{"start":{"line":5,"column":0},"end":{"line":5,"column":7}},"5":{"start":{"line":6,"column":0},"end":{"line":6,"column":73}},"6":{"start":{"line":7,"column":0},"end":{"line":7,"column":19}},"7":{"start":{"line":8,"column":0},"end":{"line":8,"column":6}},"8":{"start":{"line":9,"column":0},"end":{"line":9,"column":111}},"9":{"start":{"line":10,"column":0},"end":{"line":10,"column":27}},"10":{"start":{"line":11,"column":0},"end":{"line":11,"column":6}},"11":{"start":{"line":12,"column":0},"end":{"line":12,"column":121}},"12":{"start":{"line":13,"column":0},"end":{"line":13,"column":26}},"13":{"start":{"line":14,"column":0},"end":{"line":14,"column":6}},"14":{"start":{"line":15,"column":0},"end":{"line":15,"column":83}},"15":{"start":{"line":16,"column":0},"end":{"line":16,"column":17}},"16":{"start":{"line":17,"column":0},"end":{"line":17,"column":6}},"17":{"start":{"line":18,"column":0},"end":{"line":18,"column":98}},"18":{"start":{"line":19,"column":0},"end":{"line":19,"column":25}},"19":{"start":{"line":20,"column":0},"end":{"line":20,"column":6}},"20":{"start":{"line":21,"column":0},"end":{"line":21,"column":121}},"21":{"start":{"line":22,"column":0},"end":{"line":22,"column":24}},"22":{"start":{"line":23,"column":0},"end":{"line":23,"column":6}},"23":{"start":{"line":24,"column":0},"end":{"line":24,"column":91}},"24":{"start":{"line":25,"column":0},"end":{"line":25,"column":17}},"25":{"start":{"line":26,"column":0},"end":{"line":26,"column":7}},"26":{"start":{"line":27,"column":0},"end":{"line":27,"column":148}},"27":{"start":{"line":28,"column":0},"end":{"line":28,"column":33}},"28":{"start":{"line":29,"column":0},"end":{"line":29,"column":29}},"29":{"start":{"line":30,"column":0},"end":{"line":30,"column":25}},"30":{"start":{"line":31,"column":0},"end":{"line":31,"column":27}},"31":{"start":{"line":32,"column":0},"end":{"line":32,"column":35}},"32":{"start":{"line":33,"column":0},"end":{"line":33,"column":35}},"33":{"start":{"line":34,"column":0},"end":{"line":34,"column":37}},"34":{"start":{"line":35,"column":0},"end":{"line":35,"column":5}},"35":{"start":{"line":36,"column":0},"end":{"line":36,"column":1}},"37":{"start":{"line":38,"column":0},"end":{"line":38,"column":25}},"38":{"start":{"line":39,"column":0},"end":{"line":39,"column":45}},"39":{"start":{"line":40,"column":0},"end":{"line":40,"column":17}},"40":{"start":{"line":41,"column":0},"end":{"line":41,"column":62}},"41":{"start":{"line":42,"column":0},"end":{"line":42,"column":58}},"42":{"start":{"line":43,"column":0},"end":{"line":43,"column":6}},"43":{"start":{"line":44,"column":0},"end":{"line":44,"column":15}},"44":{"start":{"line":45,"column":0},"end":{"line":45,"column":61}},"45":{"start":{"line":46,"column":0},"end":{"line":46,"column":58}},"46":{"start":{"line":47,"column":0},"end":{"line":47,"column":6}},"47":{"start":{"line":48,"column":0},"end":{"line":48,"column":17}},"48":{"start":{"line":49,"column":0},"end":{"line":49,"column":62}},"49":{"start":{"line":50,"column":0},"end":{"line":50,"column":58}},"50":{"start":{"line":51,"column":0},"end":{"line":51,"column":6}},"51":{"start":{"line":52,"column":0},"end":{"line":52,"column":18}},"52":{"start":{"line":53,"column":0},"end":{"line":53,"column":61}},"53":{"start":{"line":54,"column":0},"end":{"line":54,"column":58}},"54":{"start":{"line":55,"column":0},"end":{"line":55,"column":6}},"55":{"start":{"line":56,"column":0},"end":{"line":56,"column":46}},"56":{"start":{"line":57,"column":0},"end":{"line":57,"column":18}},"57":{"start":{"line":58,"column":0},"end":{"line":58,"column":58}},"58":{"start":{"line":59,"column":0},"end":{"line":59,"column":61}},"59":{"start":{"line":60,"column":0},"end":{"line":60,"column":6}},"60":{"start":{"line":61,"column":0},"end":{"line":61,"column":16}},"61":{"start":{"line":62,"column":0},"end":{"line":62,"column":58}},"62":{"start":{"line":63,"column":0},"end":{"line":63,"column":62}},"63":{"start":{"line":64,"column":0},"end":{"line":64,"column":6}},"64":{"start":{"line":65,"column":0},"end":{"line":65,"column":18}},"65":{"start":{"line":66,"column":0},"end":{"line":66,"column":58}},"66":{"start":{"line":67,"column":0},"end":{"line":67,"column":62}},"67":{"start":{"line":68,"column":0},"end":{"line":68,"column":6}},"68":{"start":{"line":69,"column":0},"end":{"line":69,"column":19}},"69":{"start":{"line":70,"column":0},"end":{"line":70,"column":58}},"70":{"start":{"line":71,"column":0},"end":{"line":71,"column":61}},"71":{"start":{"line":72,"column":0},"end":{"line":72,"column":6}},"72":{"start":{"line":73,"column":0},"end":{"line":73,"column":13}},"73":{"start":{"line":74,"column":0},"end":{"line":74,"column":55}},"74":{"start":{"line":75,"column":0},"end":{"line":75,"column":62}},"75":{"start":{"line":76,"column":0},"end":{"line":76,"column":62}},"76":{"start":{"line":77,"column":0},"end":{"line":77,"column":66}},"77":{"start":{"line":78,"column":0},"end":{"line":78,"column":59}},"78":{"start":{"line":79,"column":0},"end":{"line":79,"column":6}},"79":{"start":{"line":80,"column":0},"end":{"line":80,"column":11}},"80":{"start":{"line":81,"column":0},"end":{"line":81,"column":9}},"81":{"start":{"line":82,"column":0},"end":{"line":82,"column":58}},"82":{"start":{"line":83,"column":0},"end":{"line":83,"column":45}},"83":{"start":{"line":84,"column":0},"end":{"line":84,"column":27}},"84":{"start":{"line":85,"column":0},"end":{"line":85,"column":10}},"85":{"start":{"line":86,"column":0},"end":{"line":86,"column":9}},"86":{"start":{"line":87,"column":0},"end":{"line":87,"column":68}},"87":{"start":{"line":88,"column":0},"end":{"line":88,"column":45}},"88":{"start":{"line":89,"column":0},"end":{"line":89,"column":34}},"89":{"start":{"line":90,"column":0},"end":{"line":90,"column":10}},"90":{"start":{"line":91,"column":0},"end":{"line":91,"column":9}},"91":{"start":{"line":92,"column":0},"end":{"line":92,"column":67}},"92":{"start":{"line":93,"column":0},"end":{"line":93,"column":45}},"93":{"start":{"line":94,"column":0},"end":{"line":94,"column":34}},"94":{"start":{"line":95,"column":0},"end":{"line":95,"column":10}},"95":{"start":{"line":96,"column":0},"end":{"line":96,"column":9}},"96":{"start":{"line":97,"column":0},"end":{"line":97,"column":68}},"97":{"start":{"line":98,"column":0},"end":{"line":98,"column":45}},"98":{"start":{"line":99,"column":0},"end":{"line":99,"column":34}},"99":{"start":{"line":100,"column":0},"end":{"line":100,"column":10}},"100":{"start":{"line":101,"column":0},"end":{"line":101,"column":9}},"101":{"start":{"line":102,"column":0},"end":{"line":102,"column":67}},"102":{"start":{"line":103,"column":0},"end":{"line":103,"column":45}},"103":{"start":{"line":104,"column":0},"end":{"line":104,"column":34}},"104":{"start":{"line":105,"column":0},"end":{"line":105,"column":10}},"105":{"start":{"line":106,"column":0},"end":{"line":106,"column":9}},"106":{"start":{"line":107,"column":0},"end":{"line":107,"column":58}},"107":{"start":{"line":108,"column":0},"end":{"line":108,"column":45}},"108":{"start":{"line":109,"column":0},"end":{"line":109,"column":31}},"109":{"start":{"line":110,"column":0},"end":{"line":110,"column":10}},"110":{"start":{"line":111,"column":0},"end":{"line":111,"column":6}},"111":{"start":{"line":112,"column":0},"end":{"line":112,"column":13}},"112":{"start":{"line":113,"column":0},"end":{"line":113,"column":9}},"113":{"start":{"line":114,"column":0},"end":{"line":114,"column":34}},"114":{"start":{"line":115,"column":0},"end":{"line":115,"column":23}},"115":{"start":{"line":116,"column":0},"end":{"line":116,"column":45}},"116":{"start":{"line":117,"column":0},"end":{"line":117,"column":27}},"117":{"start":{"line":118,"column":0},"end":{"line":118,"column":10}},"118":{"start":{"line":119,"column":0},"end":{"line":119,"column":9}},"119":{"start":{"line":120,"column":0},"end":{"line":120,"column":34}},"120":{"start":{"line":121,"column":0},"end":{"line":121,"column":23}},"121":{"start":{"line":122,"column":0},"end":{"line":122,"column":45}},"122":{"start":{"line":123,"column":0},"end":{"line":123,"column":31}},"123":{"start":{"line":124,"column":0},"end":{"line":124,"column":10}},"124":{"start":{"line":125,"column":0},"end":{"line":125,"column":6}},"125":{"start":{"line":126,"column":0},"end":{"line":126,"column":14}},"126":{"start":{"line":127,"column":0},"end":{"line":127,"column":9}},"127":{"start":{"line":128,"column":0},"end":{"line":128,"column":34}},"128":{"start":{"line":129,"column":0},"end":{"line":129,"column":23}},"129":{"start":{"line":130,"column":0},"end":{"line":130,"column":45}},"130":{"start":{"line":131,"column":0},"end":{"line":131,"column":31}},"131":{"start":{"line":132,"column":0},"end":{"line":132,"column":10}},"132":{"start":{"line":133,"column":0},"end":{"line":133,"column":9}},"133":{"start":{"line":134,"column":0},"end":{"line":134,"column":34}},"134":{"start":{"line":135,"column":0},"end":{"line":135,"column":23}},"135":{"start":{"line":136,"column":0},"end":{"line":136,"column":45}},"136":{"start":{"line":137,"column":0},"end":{"line":137,"column":27}},"137":{"start":{"line":138,"column":0},"end":{"line":138,"column":10}},"138":{"start":{"line":139,"column":0},"end":{"line":139,"column":6}},"139":{"start":{"line":140,"column":0},"end":{"line":140,"column":22}},"140":{"start":{"line":141,"column":0},"end":{"line":141,"column":9}},"141":{"start":{"line":142,"column":0},"end":{"line":142,"column":43}},"142":{"start":{"line":143,"column":0},"end":{"line":143,"column":45}},"143":{"start":{"line":144,"column":0},"end":{"line":144,"column":29}},"144":{"start":{"line":145,"column":0},"end":{"line":145,"column":10}},"145":{"start":{"line":146,"column":0},"end":{"line":146,"column":6}},"146":{"start":{"line":147,"column":0},"end":{"line":147,"column":2}},"148":{"start":{"line":149,"column":0},"end":{"line":149,"column":25}},"149":{"start":{"line":150,"column":0},"end":{"line":150,"column":22}},"150":{"start":{"line":151,"column":0},"end":{"line":151,"column":51}},"151":{"start":{"line":152,"column":0},"end":{"line":152,"column":57}},"152":{"start":{"line":153,"column":0},"end":{"line":153,"column":62}},"153":{"start":{"line":154,"column":0},"end":{"line":154,"column":36}},"154":{"start":{"line":155,"column":0},"end":{"line":155,"column":51}},"155":{"start":{"line":156,"column":0},"end":{"line":156,"column":29}},"156":{"start":{"line":157,"column":0},"end":{"line":157,"column":13}},"157":{"start":{"line":158,"column":0},"end":{"line":158,"column":10}},"158":{"start":{"line":159,"column":0},"end":{"line":159,"column":25}},"159":{"start":{"line":160,"column":0},"end":{"line":160,"column":5}},"161":{"start":{"line":162,"column":0},"end":{"line":162,"column":22}},"162":{"start":{"line":163,"column":0},"end":{"line":163,"column":34}},"163":{"start":{"line":164,"column":0},"end":{"line":164,"column":60}},"164":{"start":{"line":165,"column":0},"end":{"line":165,"column":79}},"165":{"start":{"line":166,"column":0},"end":{"line":166,"column":9}},"167":{"start":{"line":168,"column":0},"end":{"line":168,"column":43}},"168":{"start":{"line":169,"column":0},"end":{"line":169,"column":44}},"169":{"start":{"line":170,"column":0},"end":{"line":170,"column":39}},"170":{"start":{"line":171,"column":0},"end":{"line":171,"column":37}},"171":{"start":{"line":172,"column":0},"end":{"line":172,"column":25}},"172":{"start":{"line":173,"column":0},"end":{"line":173,"column":5}},"174":{"start":{"line":175,"column":0},"end":{"line":175,"column":22}},"175":{"start":{"line":176,"column":0},"end":{"line":176,"column":80}},"176":{"start":{"line":177,"column":0},"end":{"line":177,"column":72}},"177":{"start":{"line":178,"column":0},"end":{"line":178,"column":25}},"178":{"start":{"line":179,"column":0},"end":{"line":179,"column":5}},"180":{"start":{"line":181,"column":0},"end":{"line":181,"column":22}},"181":{"start":{"line":182,"column":0},"end":{"line":182,"column":67}},"182":{"start":{"line":183,"column":0},"end":{"line":183,"column":91}},"183":{"start":{"line":184,"column":0},"end":{"line":184,"column":5}},"185":{"start":{"line":186,"column":0},"end":{"line":186,"column":22}},"186":{"start":{"line":187,"column":0},"end":{"line":187,"column":71}},"187":{"start":{"line":188,"column":0},"end":{"line":188,"column":95}},"188":{"start":{"line":189,"column":0},"end":{"line":189,"column":5}},"190":{"start":{"line":191,"column":0},"end":{"line":191,"column":22}},"191":{"start":{"line":192,"column":0},"end":{"line":192,"column":69}},"192":{"start":{"line":193,"column":0},"end":{"line":193,"column":93}},"193":{"start":{"line":194,"column":0},"end":{"line":194,"column":5}},"195":{"start":{"line":196,"column":0},"end":{"line":196,"column":22}},"196":{"start":{"line":197,"column":0},"end":{"line":197,"column":71}},"197":{"start":{"line":198,"column":0},"end":{"line":198,"column":95}},"198":{"start":{"line":199,"column":0},"end":{"line":199,"column":5}},"200":{"start":{"line":201,"column":0},"end":{"line":201,"column":22}},"201":{"start":{"line":202,"column":0},"end":{"line":202,"column":72}},"202":{"start":{"line":203,"column":0},"end":{"line":203,"column":96}},"203":{"start":{"line":204,"column":0},"end":{"line":204,"column":5}},"205":{"start":{"line":206,"column":0},"end":{"line":206,"column":22}},"206":{"start":{"line":207,"column":0},"end":{"line":207,"column":68}},"207":{"start":{"line":208,"column":0},"end":{"line":208,"column":92}},"208":{"start":{"line":209,"column":0},"end":{"line":209,"column":5}},"210":{"start":{"line":211,"column":0},"end":{"line":211,"column":22}},"211":{"start":{"line":212,"column":0},"end":{"line":212,"column":72}},"212":{"start":{"line":213,"column":0},"end":{"line":213,"column":96}},"213":{"start":{"line":214,"column":0},"end":{"line":214,"column":5}},"215":{"start":{"line":216,"column":0},"end":{"line":216,"column":22}},"216":{"start":{"line":217,"column":0},"end":{"line":217,"column":70}},"217":{"start":{"line":218,"column":0},"end":{"line":218,"column":94}},"218":{"start":{"line":219,"column":0},"end":{"line":219,"column":5}},"220":{"start":{"line":221,"column":0},"end":{"line":221,"column":22}},"221":{"start":{"line":222,"column":0},"end":{"line":222,"column":72}},"222":{"start":{"line":223,"column":0},"end":{"line":223,"column":96}},"223":{"start":{"line":224,"column":0},"end":{"line":224,"column":5}},"225":{"start":{"line":226,"column":0},"end":{"line":226,"column":22}},"226":{"start":{"line":227,"column":0},"end":{"line":227,"column":73}},"227":{"start":{"line":228,"column":0},"end":{"line":228,"column":97}},"228":{"start":{"line":229,"column":0},"end":{"line":229,"column":5}},"230":{"start":{"line":231,"column":0},"end":{"line":231,"column":22}},"231":{"start":{"line":232,"column":0},"end":{"line":232,"column":67}},"232":{"start":{"line":233,"column":0},"end":{"line":233,"column":91}},"233":{"start":{"line":234,"column":0},"end":{"line":234,"column":5}},"235":{"start":{"line":236,"column":0},"end":{"line":236,"column":22}},"236":{"start":{"line":237,"column":0},"end":{"line":237,"column":65}},"237":{"start":{"line":238,"column":0},"end":{"line":238,"column":89}},"238":{"start":{"line":239,"column":0},"end":{"line":239,"column":5}},"240":{"start":{"line":241,"column":0},"end":{"line":241,"column":22}},"241":{"start":{"line":242,"column":0},"end":{"line":242,"column":67}},"242":{"start":{"line":243,"column":0},"end":{"line":243,"column":91}},"243":{"start":{"line":244,"column":0},"end":{"line":244,"column":5}},"245":{"start":{"line":246,"column":0},"end":{"line":246,"column":22}},"246":{"start":{"line":247,"column":0},"end":{"line":247,"column":68}},"247":{"start":{"line":248,"column":0},"end":{"line":248,"column":92}},"248":{"start":{"line":249,"column":0},"end":{"line":249,"column":5}},"250":{"start":{"line":251,"column":0},"end":{"line":251,"column":22}},"251":{"start":{"line":252,"column":0},"end":{"line":252,"column":80}},"252":{"start":{"line":253,"column":0},"end":{"line":253,"column":98}},"253":{"start":{"line":254,"column":0},"end":{"line":254,"column":5}},"254":{"start":{"line":255,"column":0},"end":{"line":255,"column":1}}},"s":{"0":1,"1":1,"2":1,"3":1,"4":1,"5":1,"6":1,"7":1,"8":1,"9":1,"10":1,"11":1,"12":1,"13":1,"14":1,"15":1,"16":1,"17":1,"18":1,"19":1,"20":1,"21":1,"22":1,"23":1,"24":1,"25":1,"26":1,"27":65,"28":65,"29":65,"30":65,"31":65,"32":65,"33":65,"34":65,"35":1,"37":1,"38":1,"39":1,"40":1,"41":1,"42":1,"43":1,"44":1,"45":1,"46":1,"47":1,"48":1,"49":1,"50":1,"51":1,"52":1,"53":1,"54":1,"55":1,"56":1,"57":1,"58":1,"59":1,"60":1,"61":1,"62":1,"63":1,"64":1,"65":1,"66":1,"67":1,"68":1,"69":1,"70":1,"71":1,"72":1,"73":1,"74":1,"75":1,"76":1,"77":1,"78":1,"79":1,"80":1,"81":1,"82":1,"83":1,"84":1,"85":1,"86":1,"87":1,"88":1,"89":1,"90":1,"91":1,"92":1,"93":1,"94":1,"95":1,"96":1,"97":1,"98":1,"99":1,"100":1,"101":1,"102":1,"103":1,"104":1,"105":1,"106":1,"107":1,"108":1,"109":1,"110":1,"111":1,"112":1,"113":1,"114":1,"115":1,"116":1,"117":1,"118":1,"119":1,"120":1,"121":1,"122":1,"123":1,"124":1,"125":1,"126":1,"127":1,"128":1,"129":1,"130":1,"131":1,"132":1,"133":1,"134":1,"135":1,"136":1,"137":1,"138":1,"139":1,"140":4,"141":4,"142":4,"143":4,"144":4,"145":1,"146":1,"148":1,"149":1,"150":1,"151":31,"152":31,"153":31,"154":15,"155":15,"156":15,"157":31,"158":31,"159":31,"161":1,"162":1,"163":1,"164":0,"165":0,"167":1,"168":1,"169":1,"170":1,"171":1,"172":1,"174":1,"175":1,"176":31,"177":31,"178":31,"180":1,"181":1,"182":3,"183":3,"185":1,"186":1,"187":2,"188":2,"190":1,"191":1,"192":2,"193":2,"195":1,"196":1,"197":2,"198":2,"200":1,"201":1,"202":2,"203":2,"205":1,"206":1,"207":2,"208":2,"210":1,"211":1,"212":2,"213":2,"215":1,"216":1,"217":2,"218":2,"220":1,"221":1,"222":2,"223":2,"225":1,"226":1,"227":2,"228":2,"230":1,"231":1,"232":2,"233":2,"235":1,"236":1,"237":2,"238":2,"240":1,"241":1,"242":2,"243":2,"245":1,"246":1,"247":2,"248":2,"250":1,"251":1,"252":2,"253":2,"254":1},"branchMap":{"0":{"type":"branch","line":27,"loc":{"start":{"line":27,"column":4},"end":{"line":35,"column":5}},"locations":[{"start":{"line":27,"column":4},"end":{"line":35,"column":5}}]},"1":{"type":"branch","line":140,"loc":{"start":{"line":140,"column":14},"end":{"line":146,"column":5}},"locations":[{"start":{"line":140,"column":14},"end":{"line":146,"column":5}}]},"2":{"type":"branch","line":151,"loc":{"start":{"line":151,"column":11},"end":{"line":160,"column":5}},"locations":[{"start":{"line":151,"column":11},"end":{"line":160,"column":5}}]},"3":{"type":"branch","line":154,"loc":{"start":{"line":154,"column":29},"end":{"line":158,"column":9}},"locations":[{"start":{"line":154,"column":29},"end":{"line":158,"column":9}}]},"4":{"type":"branch","line":163,"loc":{"start":{"line":163,"column":11},"end":{"line":173,"column":5}},"locations":[{"start":{"line":163,"column":11},"end":{"line":173,"column":5}}]},"5":{"type":"branch","line":164,"loc":{"start":{"line":164,"column":59},"end":{"line":166,"column":9}},"locations":[{"start":{"line":164,"column":59},"end":{"line":166,"column":9}}]},"6":{"type":"branch","line":176,"loc":{"start":{"line":176,"column":11},"end":{"line":179,"column":5}},"locations":[{"start":{"line":176,"column":11},"end":{"line":179,"column":5}}]},"7":{"type":"branch","line":182,"loc":{"start":{"line":182,"column":11},"end":{"line":184,"column":5}},"locations":[{"start":{"line":182,"column":11},"end":{"line":184,"column":5}}]},"8":{"type":"branch","line":187,"loc":{"start":{"line":187,"column":11},"end":{"line":189,"column":5}},"locations":[{"start":{"line":187,"column":11},"end":{"line":189,"column":5}}]},"9":{"type":"branch","line":192,"loc":{"start":{"line":192,"column":11},"end":{"line":194,"column":5}},"locations":[{"start":{"line":192,"column":11},"end":{"line":194,"column":5}}]},"10":{"type":"branch","line":197,"loc":{"start":{"line":197,"column":11},"end":{"line":199,"column":5}},"locations":[{"start":{"line":197,"column":11},"end":{"line":199,"column":5}}]},"11":{"type":"branch","line":202,"loc":{"start":{"line":202,"column":11},"end":{"line":204,"column":5}},"locations":[{"start":{"line":202,"column":11},"end":{"line":204,"column":5}}]},"12":{"type":"branch","line":207,"loc":{"start":{"line":207,"column":11},"end":{"line":209,"column":5}},"locations":[{"start":{"line":207,"column":11},"end":{"line":209,"column":5}}]},"13":{"type":"branch","line":212,"loc":{"start":{"line":212,"column":11},"end":{"line":214,"column":5}},"locations":[{"start":{"line":212,"column":11},"end":{"line":214,"column":5}}]},"14":{"type":"branch","line":217,"loc":{"start":{"line":217,"column":11},"end":{"line":219,"column":5}},"locations":[{"start":{"line":217,"column":11},"end":{"line":219,"column":5}}]},"15":{"type":"branch","line":222,"loc":{"start":{"line":222,"column":11},"end":{"line":224,"column":5}},"locations":[{"start":{"line":222,"column":11},"end":{"line":224,"column":5}}]},"16":{"type":"branch","line":227,"loc":{"start":{"line":227,"column":11},"end":{"line":229,"column":5}},"locations":[{"start":{"line":227,"column":11},"end":{"line":229,"column":5}}]},"17":{"type":"branch","line":232,"loc":{"start":{"line":232,"column":11},"end":{"line":234,"column":5}},"locations":[{"start":{"line":232,"column":11},"end":{"line":234,"column":5}}]},"18":{"type":"branch","line":237,"loc":{"start":{"line":237,"column":11},"end":{"line":239,"column":5}},"locations":[{"start":{"line":237,"column":11},"end":{"line":239,"column":5}}]},"19":{"type":"branch","line":242,"loc":{"start":{"line":242,"column":11},"end":{"line":244,"column":5}},"locations":[{"start":{"line":242,"column":11},"end":{"line":244,"column":5}}]},"20":{"type":"branch","line":247,"loc":{"start":{"line":247,"column":11},"end":{"line":249,"column":5}},"locations":[{"start":{"line":247,"column":11},"end":{"line":249,"column":5}}]},"21":{"type":"branch","line":252,"loc":{"start":{"line":252,"column":11},"end":{"line":254,"column":5}},"locations":[{"start":{"line":252,"column":11},"end":{"line":254,"column":5}}]}},"b":{"0":[65],"1":[4],"2":[31],"3":[15],"4":[1],"5":[0],"6":[31],"7":[3],"8":[2],"9":[2],"10":[2],"11":[2],"12":[2],"13":[2],"14":[2],"15":[2],"16":[2],"17":[2],"18":[2],"19":[2],"20":[2],"21":[2]},"fnMap":{"0":{"name":"AnimationOption","decl":{"start":{"line":27,"column":4},"end":{"line":35,"column":5}},"loc":{"start":{"line":27,"column":4},"end":{"line":35,"column":5}},"line":27},"1":{"name":"rotation","decl":{"start":{"line":140,"column":14},"end":{"line":146,"column":5}},"loc":{"start":{"line":140,"column":14},"end":{"line":146,"column":5}},"line":140},"2":{"name":"#animate","decl":{"start":{"line":151,"column":11},"end":{"line":160,"column":5}},"loc":{"start":{"line":151,"column":11},"end":{"line":160,"column":5}},"line":151},"3":{"name":"animation.onfinish","decl":{"start":{"line":154,"column":29},"end":{"line":158,"column":9}},"loc":{"start":{"line":154,"column":29},"end":{"line":158,"column":9}},"line":154},"4":{"name":"jdm_clearAnimations","decl":{"start":{"line":163,"column":11},"end":{"line":173,"column":5}},"loc":{"start":{"line":163,"column":11},"end":{"line":173,"column":5}},"line":163},"5":{"name":"jdm_animation","decl":{"start":{"line":176,"column":11},"end":{"line":179,"column":5}},"loc":{"start":{"line":176,"column":11},"end":{"line":179,"column":5}},"line":176},"6":{"name":"jdm_fadeIn","decl":{"start":{"line":182,"column":11},"end":{"line":184,"column":5}},"loc":{"start":{"line":182,"column":11},"end":{"line":184,"column":5}},"line":182},"7":{"name":"jdm_fadeInDown","decl":{"start":{"line":187,"column":11},"end":{"line":189,"column":5}},"loc":{"start":{"line":187,"column":11},"end":{"line":189,"column":5}},"line":187},"8":{"name":"jdm_fadeInUp","decl":{"start":{"line":192,"column":11},"end":{"line":194,"column":5}},"loc":{"start":{"line":192,"column":11},"end":{"line":194,"column":5}},"line":192},"9":{"name":"jdm_fadeInLeft","decl":{"start":{"line":197,"column":11},"end":{"line":199,"column":5}},"loc":{"start":{"line":197,"column":11},"end":{"line":199,"column":5}},"line":197},"10":{"name":"jdm_fadeInRight","decl":{"start":{"line":202,"column":11},"end":{"line":204,"column":5}},"loc":{"start":{"line":202,"column":11},"end":{"line":204,"column":5}},"line":202},"11":{"name":"jdm_fadeOut","decl":{"start":{"line":207,"column":11},"end":{"line":209,"column":5}},"loc":{"start":{"line":207,"column":11},"end":{"line":209,"column":5}},"line":207},"12":{"name":"jdm_fadeOutDown","decl":{"start":{"line":212,"column":11},"end":{"line":214,"column":5}},"loc":{"start":{"line":212,"column":11},"end":{"line":214,"column":5}},"line":212},"13":{"name":"jdm_fadeOutUp","decl":{"start":{"line":217,"column":11},"end":{"line":219,"column":5}},"loc":{"start":{"line":217,"column":11},"end":{"line":219,"column":5}},"line":217},"14":{"name":"jdm_fadeOutLeft","decl":{"start":{"line":222,"column":11},"end":{"line":224,"column":5}},"loc":{"start":{"line":222,"column":11},"end":{"line":224,"column":5}},"line":222},"15":{"name":"jdm_fadeOutRight","decl":{"start":{"line":227,"column":11},"end":{"line":229,"column":5}},"loc":{"start":{"line":227,"column":11},"end":{"line":229,"column":5}},"line":227},"16":{"name":"jdm_bounce","decl":{"start":{"line":232,"column":11},"end":{"line":234,"column":5}},"loc":{"start":{"line":232,"column":11},"end":{"line":234,"column":5}},"line":232},"17":{"name":"jdm_tada","decl":{"start":{"line":237,"column":11},"end":{"line":239,"column":5}},"loc":{"start":{"line":237,"column":11},"end":{"line":239,"column":5}},"line":237},"18":{"name":"jdm_zoomIn","decl":{"start":{"line":242,"column":11},"end":{"line":244,"column":5}},"loc":{"start":{"line":242,"column":11},"end":{"line":244,"column":5}},"line":242},"19":{"name":"jdm_zoomOut","decl":{"start":{"line":247,"column":11},"end":{"line":249,"column":5}},"loc":{"start":{"line":247,"column":11},"end":{"line":249,"column":5}},"line":247},"20":{"name":"jdm_rotation","decl":{"start":{"line":252,"column":11},"end":{"line":254,"column":5}},"loc":{"start":{"line":252,"column":11},"end":{"line":254,"column":5}},"line":252}},"f":{"0":65,"1":4,"2":31,"3":15,"4":1,"5":31,"6":3,"7":2,"8":2,"9":2,"10":2,"11":2,"12":2,"13":2,"14":2,"15":2,"16":2,"17":2,"18":2,"19":2,"20":2}},"/Users/marcogiacobazzi/localhost/jdm2/src/_common.js":{"path":"/Users/marcogiacobazzi/localhost/jdm2/src/_common.js","all":false,"statementMap":{"0":{"start":{"line":1,"column":0},"end":{"line":1,"column":22}},"1":{"start":{"line":2,"column":0},"end":{"line":2,"column":42}},"2":{"start":{"line":3,"column":0},"end":{"line":3,"column":18}},"3":{"start":{"line":4,"column":0},"end":{"line":4,"column":29}},"4":{"start":{"line":5,"column":0},"end":{"line":5,"column":32}},"5":{"start":{"line":6,"column":0},"end":{"line":6,"column":38}},"6":{"start":{"line":7,"column":0},"end":{"line":7,"column":39}},"7":{"start":{"line":8,"column":0},"end":{"line":8,"column":24}},"8":{"start":{"line":9,"column":0},"end":{"line":9,"column":10}},"9":{"start":{"line":10,"column":0},"end":{"line":10,"column":5}},"11":{"start":{"line":12,"column":0},"end":{"line":12,"column":66}},"12":{"start":{"line":13,"column":0},"end":{"line":13,"column":97}},"13":{"start":{"line":14,"column":0},"end":{"line":14,"column":5}},"15":{"start":{"line":16,"column":0},"end":{"line":16,"column":25}},"16":{"start":{"line":17,"column":0},"end":{"line":17,"column":43}},"17":{"start":{"line":18,"column":0},"end":{"line":18,"column":5}},"18":{"start":{"line":19,"column":0},"end":{"line":19,"column":1}}},"s":{"0":1,"1":1,"2":6,"3":6,"4":11,"5":11,"6":6,"7":11,"8":6,"9":6,"11":1,"12":5,"13":5,"15":1,"16":3,"17":3,"18":1},"branchMap":{"0":{"type":"branch","line":2,"loc":{"start":{"line":2,"column":11},"end":{"line":10,"column":5}},"locations":[{"start":{"line":2,"column":11},"end":{"line":10,"column":5}}]},"1":{"type":"branch","line":4,"loc":{"start":{"line":4,"column":15},"end":{"line":9,"column":9}},"locations":[{"start":{"line":4,"column":15},"end":{"line":9,"column":9}}]},"2":{"type":"branch","line":6,"loc":{"start":{"line":6,"column":31},"end":{"line":8,"column":13}},"locations":[{"start":{"line":6,"column":31},"end":{"line":8,"column":13}}]},"3":{"type":"branch","line":12,"loc":{"start":{"line":12,"column":11},"end":{"line":14,"column":5}},"locations":[{"start":{"line":12,"column":11},"end":{"line":14,"column":5}}]},"4":{"type":"branch","line":16,"loc":{"start":{"line":16,"column":11},"end":{"line":18,"column":5}},"locations":[{"start":{"line":16,"column":11},"end":{"line":18,"column":5}}]},"5":{"type":"branch","line":17,"loc":{"start":{"line":17,"column":27},"end":{"line":17,"column":40}},"locations":[{"start":{"line":17,"column":27},"end":{"line":17,"column":40}}]}},"b":{"0":[6],"1":[11],"2":[6],"3":[5],"4":[3],"5":[2]},"fnMap":{"0":{"name":"debounce","decl":{"start":{"line":2,"column":11},"end":{"line":10,"column":5}},"loc":{"start":{"line":2,"column":11},"end":{"line":10,"column":5}},"line":2},"1":{"name":"genEvent","decl":{"start":{"line":12,"column":11},"end":{"line":14,"column":5}},"loc":{"start":{"line":12,"column":11},"end":{"line":14,"column":5}},"line":12},"2":{"name":"getTag","decl":{"start":{"line":16,"column":11},"end":{"line":18,"column":5}},"loc":{"start":{"line":16,"column":11},"end":{"line":18,"column":5}},"line":16}},"f":{"0":6,"1":5,"2":3}},"/Users/marcogiacobazzi/localhost/jdm2/src/_core.js":{"path":"/Users/marcogiacobazzi/localhost/jdm2/src/_core.js","all":false,"statementMap":{"0":{"start":{"line":1,"column":0},"end":{"line":1,"column":42}},"2":{"start":{"line":3,"column":0},"end":{"line":3,"column":20}},"3":{"start":{"line":4,"column":0},"end":{"line":4,"column":22}},"4":{"start":{"line":5,"column":0},"end":{"line":5,"column":36}},"5":{"start":{"line":6,"column":0},"end":{"line":6,"column":41}},"6":{"start":{"line":7,"column":0},"end":{"line":7,"column":48}},"7":{"start":{"line":8,"column":0},"end":{"line":8,"column":47}},"8":{"start":{"line":9,"column":0},"end":{"line":9,"column":13}},"9":{"start":{"line":10,"column":0},"end":{"line":10,"column":33}},"10":{"start":{"line":11,"column":0},"end":{"line":11,"column":47}},"11":{"start":{"line":12,"column":0},"end":{"line":12,"column":9}},"12":{"start":{"line":13,"column":0},"end":{"line":13,"column":25}},"13":{"start":{"line":14,"column":0},"end":{"line":14,"column":5}},"15":{"start":{"line":16,"column":0},"end":{"line":16,"column":22}},"16":{"start":{"line":17,"column":0},"end":{"line":17,"column":37}},"17":{"start":{"line":18,"column":0},"end":{"line":18,"column":55}},"19":{"start":{"line":20,"column":0},"end":{"line":20,"column":41}},"20":{"start":{"line":21,"column":0},"end":{"line":21,"column":48}},"21":{"start":{"line":22,"column":0},"end":{"line":22,"column":43}},"22":{"start":{"line":23,"column":0},"end":{"line":23,"column":13}},"23":{"start":{"line":24,"column":0},"end":{"line":24,"column":33}},"24":{"start":{"line":25,"column":0},"end":{"line":25,"column":43}},"25":{"start":{"line":26,"column":0},"end":{"line":26,"column":9}},"26":{"start":{"line":27,"column":0},"end":{"line":27,"column":25}},"27":{"start":{"line":28,"column":0},"end":{"line":28,"column":5}},"29":{"start":{"line":30,"column":0},"end":{"line":30,"column":22}},"30":{"start":{"line":31,"column":0},"end":{"line":31,"column":54}},"31":{"start":{"line":32,"column":0},"end":{"line":32,"column":49}},"32":{"start":{"line":33,"column":0},"end":{"line":33,"column":25}},"33":{"start":{"line":34,"column":0},"end":{"line":34,"column":5}},"35":{"start":{"line":36,"column":0},"end":{"line":36,"column":22}},"36":{"start":{"line":37,"column":0},"end":{"line":37,"column":40}},"37":{"start":{"line":38,"column":0},"end":{"line":38,"column":49}},"38":{"start":{"line":39,"column":0},"end":{"line":39,"column":5}},"40":{"start":{"line":41,"column":0},"end":{"line":41,"column":22}},"41":{"start":{"line":42,"column":0},"end":{"line":42,"column":43}},"42":{"start":{"line":43,"column":0},"end":{"line":43,"column":45}},"43":{"start":{"line":44,"column":0},"end":{"line":44,"column":25}},"44":{"start":{"line":45,"column":0},"end":{"line":45,"column":5}},"46":{"start":{"line":47,"column":0},"end":{"line":47,"column":22}},"47":{"start":{"line":48,"column":0},"end":{"line":48,"column":26}},"48":{"start":{"line":49,"column":0},"end":{"line":49,"column":41}},"49":{"start":{"line":50,"column":0},"end":{"line":50,"column":25}},"50":{"start":{"line":51,"column":0},"end":{"line":51,"column":5}},"52":{"start":{"line":53,"column":0},"end":{"line":53,"column":22}},"53":{"start":{"line":54,"column":0},"end":{"line":54,"column":40}},"54":{"start":{"line":55,"column":0},"end":{"line":55,"column":39}},"55":{"start":{"line":56,"column":0},"end":{"line":56,"column":42}},"56":{"start":{"line":57,"column":0},"end":{"line":57,"column":45}},"57":{"start":{"line":58,"column":0},"end":{"line":58,"column":13}},"58":{"start":{"line":59,"column":0},"end":{"line":59,"column":31}},"59":{"start":{"line":60,"column":0},"end":{"line":60,"column":47}},"60":{"start":{"line":61,"column":0},"end":{"line":61,"column":9}},"61":{"start":{"line":62,"column":0},"end":{"line":62,"column":25}},"62":{"start":{"line":63,"column":0},"end":{"line":63,"column":5}},"64":{"start":{"line":65,"column":0},"end":{"line":65,"column":22}},"65":{"start":{"line":66,"column":0},"end":{"line":66,"column":43}},"66":{"start":{"line":67,"column":0},"end":{"line":67,"column":39}},"67":{"start":{"line":68,"column":0},"end":{"line":68,"column":42}},"68":{"start":{"line":69,"column":0},"end":{"line":69,"column":48}},"69":{"start":{"line":70,"column":0},"end":{"line":70,"column":13}},"70":{"start":{"line":71,"column":0},"end":{"line":71,"column":31}},"71":{"start":{"line":72,"column":0},"end":{"line":72,"column":50}},"72":{"start":{"line":73,"column":0},"end":{"line":73,"column":9}},"73":{"start":{"line":74,"column":0},"end":{"line":74,"column":25}},"74":{"start":{"line":75,"column":0},"end":{"line":75,"column":5}},"76":{"start":{"line":77,"column":0},"end":{"line":77,"column":22}},"77":{"start":{"line":78,"column":0},"end":{"line":78,"column":43}},"78":{"start":{"line":79,"column":0},"end":{"line":79,"column":39}},"79":{"start":{"line":80,"column":0},"end":{"line":80,"column":42}},"80":{"start":{"line":81,"column":0},"end":{"line":81,"column":48}},"81":{"start":{"line":82,"column":0},"end":{"line":82,"column":13}},"82":{"start":{"line":83,"column":0},"end":{"line":83,"column":31}},"83":{"start":{"line":84,"column":0},"end":{"line":84,"column":50}},"84":{"start":{"line":85,"column":0},"end":{"line":85,"column":9}},"85":{"start":{"line":86,"column":0},"end":{"line":86,"column":25}},"86":{"start":{"line":87,"column":0},"end":{"line":87,"column":5}},"88":{"start":{"line":89,"column":0},"end":{"line":89,"column":22}},"89":{"start":{"line":90,"column":0},"end":{"line":90,"column":55}},"90":{"start":{"line":91,"column":0},"end":{"line":91,"column":71}},"91":{"start":{"line":92,"column":0},"end":{"line":92,"column":139}},"92":{"start":{"line":93,"column":0},"end":{"line":93,"column":5}},"94":{"start":{"line":95,"column":0},"end":{"line":95,"column":22}},"95":{"start":{"line":96,"column":0},"end":{"line":96,"column":24}},"96":{"start":{"line":97,"column":0},"end":{"line":97,"column":100}},"97":{"start":{"line":98,"column":0},"end":{"line":98,"column":38}},"98":{"start":{"line":99,"column":0},"end":{"line":99,"column":69}},"99":{"start":{"line":100,"column":0},"end":{"line":100,"column":35}},"100":{"start":{"line":101,"column":0},"end":{"line":101,"column":41}},"101":{"start":{"line":102,"column":0},"end":{"line":102,"column":49}},"102":{"start":{"line":103,"column":0},"end":{"line":103,"column":59}},"103":{"start":{"line":104,"column":0},"end":{"line":104,"column":82}},"104":{"start":{"line":105,"column":0},"end":{"line":105,"column":48}},"105":{"start":{"line":106,"column":0},"end":{"line":106,"column":101}},"106":{"start":{"line":107,"column":0},"end":{"line":107,"column":63}},"107":{"start":{"line":108,"column":0},"end":{"line":108,"column":49}},"108":{"start":{"line":109,"column":0},"end":{"line":109,"column":25}},"109":{"start":{"line":110,"column":0},"end":{"line":110,"column":28}},"110":{"start":{"line":111,"column":0},"end":{"line":111,"column":43}},"111":{"start":{"line":112,"column":0},"end":{"line":112,"column":21}},"112":{"start":{"line":113,"column":0},"end":{"line":113,"column":17}},"113":{"start":{"line":114,"column":0},"end":{"line":114,"column":13}},"114":{"start":{"line":115,"column":0},"end":{"line":115,"column":16}},"115":{"start":{"line":116,"column":0},"end":{"line":116,"column":37}},"116":{"start":{"line":117,"column":0},"end":{"line":117,"column":9}},"117":{"start":{"line":118,"column":0},"end":{"line":118,"column":25}},"118":{"start":{"line":119,"column":0},"end":{"line":119,"column":5}},"120":{"start":{"line":121,"column":0},"end":{"line":121,"column":22}},"121":{"start":{"line":122,"column":0},"end":{"line":122,"column":26}},"122":{"start":{"line":123,"column":0},"end":{"line":123,"column":27}},"123":{"start":{"line":124,"column":0},"end":{"line":124,"column":25}},"124":{"start":{"line":125,"column":0},"end":{"line":125,"column":5}},"126":{"start":{"line":127,"column":0},"end":{"line":127,"column":22}},"127":{"start":{"line":128,"column":0},"end":{"line":128,"column":27}},"128":{"start":{"line":129,"column":0},"end":{"line":129,"column":51}},"129":{"start":{"line":130,"column":0},"end":{"line":130,"column":48}},"130":{"start":{"line":131,"column":0},"end":{"line":131,"column":25}},"131":{"start":{"line":132,"column":0},"end":{"line":132,"column":5}},"133":{"start":{"line":134,"column":0},"end":{"line":134,"column":22}},"134":{"start":{"line":135,"column":0},"end":{"line":135,"column":39}},"135":{"start":{"line":136,"column":0},"end":{"line":136,"column":39}},"136":{"start":{"line":137,"column":0},"end":{"line":137,"column":25}},"137":{"start":{"line":138,"column":0},"end":{"line":138,"column":5}},"139":{"start":{"line":140,"column":0},"end":{"line":140,"column":22}},"140":{"start":{"line":141,"column":0},"end":{"line":141,"column":48}},"141":{"start":{"line":142,"column":0},"end":{"line":142,"column":33}},"142":{"start":{"line":143,"column":0},"end":{"line":143,"column":25}},"143":{"start":{"line":144,"column":0},"end":{"line":144,"column":5}},"145":{"start":{"line":146,"column":0},"end":{"line":146,"column":22}},"146":{"start":{"line":147,"column":0},"end":{"line":147,"column":33}},"147":{"start":{"line":148,"column":0},"end":{"line":148,"column":36}},"148":{"start":{"line":149,"column":0},"end":{"line":149,"column":25}},"149":{"start":{"line":150,"column":0},"end":{"line":150,"column":5}},"151":{"start":{"line":152,"column":0},"end":{"line":152,"column":22}},"152":{"start":{"line":153,"column":0},"end":{"line":153,"column":71}},"153":{"start":{"line":154,"column":0},"end":{"line":154,"column":29}},"155":{"start":{"line":156,"column":0},"end":{"line":156,"column":32}},"156":{"start":{"line":157,"column":0},"end":{"line":157,"column":49}},"157":{"start":{"line":158,"column":0},"end":{"line":158,"column":16}},"158":{"start":{"line":159,"column":0},"end":{"line":159,"column":33}},"159":{"start":{"line":160,"column":0},"end":{"line":160,"column":9}},"161":{"start":{"line":162,"column":0},"end":{"line":162,"column":44}},"162":{"start":{"line":163,"column":0},"end":{"line":163,"column":16}},"163":{"start":{"line":164,"column":0},"end":{"line":164,"column":60}},"164":{"start":{"line":165,"column":0},"end":{"line":165,"column":61}},"165":{"start":{"line":166,"column":0},"end":{"line":166,"column":60}},"166":{"start":{"line":167,"column":0},"end":{"line":167,"column":15}},"167":{"start":{"line":168,"column":0},"end":{"line":168,"column":57}},"168":{"start":{"line":169,"column":0},"end":{"line":169,"column":62}},"169":{"start":{"line":170,"column":0},"end":{"line":170,"column":19}},"170":{"start":{"line":171,"column":0},"end":{"line":171,"column":20}},"171":{"start":{"line":172,"column":0},"end":{"line":172,"column":57}},"172":{"start":{"line":173,"column":0},"end":{"line":173,"column":63}},"173":{"start":{"line":174,"column":0},"end":{"line":174,"column":19}},"174":{"start":{"line":175,"column":0},"end":{"line":175,"column":13}},"176":{"start":{"line":177,"column":0},"end":{"line":177,"column":36}},"177":{"start":{"line":178,"column":0},"end":{"line":178,"column":96}},"178":{"start":{"line":179,"column":0},"end":{"line":179,"column":47}},"179":{"start":{"line":180,"column":0},"end":{"line":180,"column":58}},"180":{"start":{"line":181,"column":0},"end":{"line":181,"column":70}},"181":{"start":{"line":182,"column":0},"end":{"line":182,"column":17}},"182":{"start":{"line":183,"column":0},"end":{"line":183,"column":13}},"183":{"start":{"line":184,"column":0},"end":{"line":184,"column":9}},"185":{"start":{"line":186,"column":0},"end":{"line":186,"column":25}},"186":{"start":{"line":187,"column":0},"end":{"line":187,"column":5}},"188":{"start":{"line":189,"column":0},"end":{"line":189,"column":22}},"189":{"start":{"line":190,"column":0},"end":{"line":190,"column":51}},"190":{"start":{"line":191,"column":0},"end":{"line":191,"column":25}},"191":{"start":{"line":192,"column":0},"end":{"line":192,"column":17}},"192":{"start":{"line":193,"column":0},"end":{"line":193,"column":42}},"193":{"start":{"line":194,"column":0},"end":{"line":194,"column":25}},"194":{"start":{"line":195,"column":0},"end":{"line":195,"column":30}},"195":{"start":{"line":196,"column":0},"end":{"line":196,"column":13}},"196":{"start":{"line":197,"column":0},"end":{"line":197,"column":9}},"198":{"start":{"line":199,"column":0},"end":{"line":199,"column":74}},"199":{"start":{"line":200,"column":0},"end":{"line":200,"column":38}},"200":{"start":{"line":201,"column":0},"end":{"line":201,"column":41}},"201":{"start":{"line":202,"column":0},"end":{"line":202,"column":45}},"202":{"start":{"line":203,"column":0},"end":{"line":203,"column":68}},"203":{"start":{"line":204,"column":0},"end":{"line":204,"column":39}},"204":{"start":{"line":205,"column":0},"end":{"line":205,"column":24}},"205":{"start":{"line":206,"column":0},"end":{"line":206,"column":37}},"206":{"start":{"line":207,"column":0},"end":{"line":207,"column":17}},"207":{"start":{"line":208,"column":0},"end":{"line":208,"column":14}},"209":{"start":{"line":210,"column":0},"end":{"line":210,"column":49}},"210":{"start":{"line":211,"column":0},"end":{"line":211,"column":65}},"211":{"start":{"line":212,"column":0},"end":{"line":212,"column":14}},"213":{"start":{"line":214,"column":0},"end":{"line":214,"column":63}},"214":{"start":{"line":215,"column":0},"end":{"line":215,"column":41}},"215":{"start":{"line":216,"column":0},"end":{"line":216,"column":44}},"216":{"start":{"line":217,"column":0},"end":{"line":217,"column":68}},"217":{"start":{"line":218,"column":0},"end":{"line":218,"column":101}},"218":{"start":{"line":219,"column":0},"end":{"line":219,"column":50}},"219":{"start":{"line":220,"column":0},"end":{"line":220,"column":60}},"220":{"start":{"line":221,"column":0},"end":{"line":221,"column":55}},"221":{"start":{"line":222,"column":0},"end":{"line":222,"column":95}},"222":{"start":{"line":223,"column":0},"end":{"line":223,"column":64}},"223":{"start":{"line":224,"column":0},"end":{"line":224,"column":87}},"224":{"start":{"line":225,"column":0},"end":{"line":225,"column":35}},"225":{"start":{"line":226,"column":0},"end":{"line":226,"column":67}},"226":{"start":{"line":227,"column":0},"end":{"line":227,"column":64}},"227":{"start":{"line":228,"column":0},"end":{"line":228,"column":36}},"228":{"start":{"line":229,"column":0},"end":{"line":229,"column":57}},"229":{"start":{"line":230,"column":0},"end":{"line":230,"column":29}},"230":{"start":{"line":231,"column":0},"end":{"line":231,"column":25}},"231":{"start":{"line":232,"column":0},"end":{"line":232,"column":59}},"232":{"start":{"line":233,"column":0},"end":{"line":233,"column":56}},"233":{"start":{"line":234,"column":0},"end":{"line":234,"column":21}},"234":{"start":{"line":235,"column":0},"end":{"line":235,"column":17}},"235":{"start":{"line":236,"column":0},"end":{"line":236,"column":14}},"236":{"start":{"line":237,"column":0},"end":{"line":237,"column":43}},"237":{"start":{"line":238,"column":0},"end":{"line":238,"column":16}},"238":{"start":{"line":239,"column":0},"end":{"line":239,"column":116}},"239":{"start":{"line":240,"column":0},"end":{"line":240,"column":44}},"240":{"start":{"line":241,"column":0},"end":{"line":241,"column":20}},"241":{"start":{"line":242,"column":0},"end":{"line":242,"column":40}},"242":{"start":{"line":243,"column":0},"end":{"line":243,"column":13}},"243":{"start":{"line":244,"column":0},"end":{"line":244,"column":9}},"245":{"start":{"line":246,"column":0},"end":{"line":246,"column":25}},"246":{"start":{"line":247,"column":0},"end":{"line":247,"column":5}},"248":{"start":{"line":249,"column":0},"end":{"line":249,"column":22}},"249":{"start":{"line":250,"column":0},"end":{"line":250,"column":27}},"250":{"start":{"line":251,"column":0},"end":{"line":251,"column":100}},"251":{"start":{"line":252,"column":0},"end":{"line":252,"column":37}},"252":{"start":{"line":253,"column":0},"end":{"line":253,"column":41}},"253":{"start":{"line":254,"column":0},"end":{"line":254,"column":53}},"254":{"start":{"line":255,"column":0},"end":{"line":255,"column":28}},"256":{"start":{"line":257,"column":0},"end":{"line":257,"column":58}},"257":{"start":{"line":258,"column":0},"end":{"line":258,"column":52}},"258":{"start":{"line":259,"column":0},"end":{"line":259,"column":56}},"259":{"start":{"line":260,"column":0},"end":{"line":260,"column":38}},"260":{"start":{"line":261,"column":0},"end":{"line":261,"column":69}},"261":{"start":{"line":262,"column":0},"end":{"line":262,"column":43}},"263":{"start":{"line":264,"column":0},"end":{"line":264,"column":55}},"264":{"start":{"line":265,"column":0},"end":{"line":265,"column":47}},"265":{"start":{"line":266,"column":0},"end":{"line":266,"column":50}},"266":{"start":{"line":267,"column":0},"end":{"line":267,"column":78}},"267":{"start":{"line":268,"column":0},"end":{"line":268,"column":21}},"268":{"start":{"line":269,"column":0},"end":{"line":269,"column":56}},"269":{"start":{"line":270,"column":0},"end":{"line":270,"column":17}},"271":{"start":{"line":272,"column":0},"end":{"line":272,"column":37}},"272":{"start":{"line":273,"column":0},"end":{"line":273,"column":45}},"273":{"start":{"line":274,"column":0},"end":{"line":274,"column":46}},"274":{"start":{"line":275,"column":0},"end":{"line":275,"column":21}},"275":{"start":{"line":276,"column":0},"end":{"line":276,"column":60}},"276":{"start":{"line":277,"column":0},"end":{"line":277,"column":64}},"277":{"start":{"line":278,"column":0},"end":{"line":278,"column":52}},"278":{"start":{"line":279,"column":0},"end":{"line":279,"column":49}},"279":{"start":{"line":280,"column":0},"end":{"line":280,"column":71}},"280":{"start":{"line":281,"column":0},"end":{"line":281,"column":24}},"281":{"start":{"line":282,"column":0},"end":{"line":282,"column":45}},"282":{"start":{"line":283,"column":0},"end":{"line":283,"column":36}},"283":{"start":{"line":284,"column":0},"end":{"line":284,"column":62}},"284":{"start":{"line":285,"column":0},"end":{"line":285,"column":60}},"285":{"start":{"line":286,"column":0},"end":{"line":286,"column":25}},"286":{"start":{"line":287,"column":0},"end":{"line":287,"column":28}},"287":{"start":{"line":288,"column":0},"end":{"line":288,"column":52}},"288":{"start":{"line":289,"column":0},"end":{"line":289,"column":21}},"289":{"start":{"line":290,"column":0},"end":{"line":290,"column":17}},"290":{"start":{"line":291,"column":0},"end":{"line":291,"column":13}},"291":{"start":{"line":292,"column":0},"end":{"line":292,"column":24}},"292":{"start":{"line":293,"column":0},"end":{"line":293,"column":43}},"293":{"start":{"line":294,"column":0},"end":{"line":294,"column":35}},"294":{"start":{"line":295,"column":0},"end":{"line":295,"column":16}},"295":{"start":{"line":296,"column":0},"end":{"line":296,"column":35}},"296":{"start":{"line":297,"column":0},"end":{"line":297,"column":9}},"297":{"start":{"line":298,"column":0},"end":{"line":298,"column":5}},"299":{"start":{"line":300,"column":0},"end":{"line":300,"column":22}},"300":{"start":{"line":301,"column":0},"end":{"line":301,"column":71}},"301":{"start":{"line":302,"column":0},"end":{"line":302,"column":68}},"302":{"start":{"line":303,"column":0},"end":{"line":303,"column":25}},"303":{"start":{"line":304,"column":0},"end":{"line":304,"column":5}},"305":{"start":{"line":306,"column":0},"end":{"line":306,"column":22}},"306":{"start":{"line":307,"column":0},"end":{"line":307,"column":54}},"307":{"start":{"line":308,"column":0},"end":{"line":308,"column":45}},"308":{"start":{"line":309,"column":0},"end":{"line":309,"column":25}},"309":{"start":{"line":310,"column":0},"end":{"line":310,"column":5}},"311":{"start":{"line":312,"column":0},"end":{"line":312,"column":22}},"312":{"start":{"line":313,"column":0},"end":{"line":313,"column":57}},"313":{"start":{"line":314,"column":0},"end":{"line":314,"column":48}},"314":{"start":{"line":315,"column":0},"end":{"line":315,"column":25}},"315":{"start":{"line":316,"column":0},"end":{"line":316,"column":5}},"317":{"start":{"line":318,"column":0},"end":{"line":318,"column":22}},"318":{"start":{"line":319,"column":0},"end":{"line":319,"column":34}},"319":{"start":{"line":320,"column":0},"end":{"line":320,"column":93}},"320":{"start":{"line":321,"column":0},"end":{"line":321,"column":81}},"321":{"start":{"line":322,"column":0},"end":{"line":322,"column":53}},"322":{"start":{"line":323,"column":0},"end":{"line":323,"column":13}},"323":{"start":{"line":324,"column":0},"end":{"line":324,"column":9}},"325":{"start":{"line":326,"column":0},"end":{"line":326,"column":25}},"326":{"start":{"line":327,"column":0},"end":{"line":327,"column":5}},"328":{"start":{"line":329,"column":0},"end":{"line":329,"column":22}},"329":{"start":{"line":330,"column":0},"end":{"line":330,"column":39}},"330":{"start":{"line":331,"column":0},"end":{"line":331,"column":48}},"331":{"start":{"line":332,"column":0},"end":{"line":332,"column":25}},"332":{"start":{"line":333,"column":0},"end":{"line":333,"column":5}},"334":{"start":{"line":335,"column":0},"end":{"line":335,"column":22}},"335":{"start":{"line":336,"column":0},"end":{"line":336,"column":40}},"336":{"start":{"line":337,"column":0},"end":{"line":337,"column":49}},"337":{"start":{"line":338,"column":0},"end":{"line":338,"column":25}},"338":{"start":{"line":339,"column":0},"end":{"line":339,"column":5}},"340":{"start":{"line":341,"column":0},"end":{"line":341,"column":22}},"341":{"start":{"line":342,"column":0},"end":{"line":342,"column":40}},"342":{"start":{"line":343,"column":0},"end":{"line":343,"column":49}},"343":{"start":{"line":344,"column":0},"end":{"line":344,"column":25}},"344":{"start":{"line":345,"column":0},"end":{"line":345,"column":5}},"346":{"start":{"line":347,"column":0},"end":{"line":347,"column":22}},"347":{"start":
[...]
85":[2],"86":[2],"87":[2],"88":[2],"89":[2],"90":[2],"91":[2],"92":[2],"93":[2],"94":[2],"95":[2]},"fnMap":{"0":{"name":"Jdm","decl":{"start":{"line":114,"column":4},"end":{"line":128,"column":5}},"loc":{"start":{"line":114,"column":4},"end":{"line":128,"column":5}},"line":114},"1":{"name":"#init","decl":{"start":{"line":142,"column":4},"end":{"line":160,"column":5}},"loc":{"start":{"line":142,"column":4},"end":{"line":160,"column":5}},"line":142},"2":{"name":"#checkType","decl":{"start":{"line":176,"column":4},"end":{"line":197,"column":5}},"loc":{"start":{"line":176,"column":4},"end":{"line":197,"column":5}},"line":176},"3":{"name":"#loopOverChild","decl":{"start":{"line":210,"column":4},"end":{"line":228,"column":5}},"loc":{"start":{"line":210,"column":4},"end":{"line":228,"column":5}},"line":210},"4":{"name":"#addJdmMethodToNode","decl":{"start":{"line":239,"column":4},"end":{"line":248,"column":5}},"loc":{"start":{"line":239,"column":4},"end":{"line":248,"column":5}},"line":239},"5":{"name":"jdm_setAttribute","decl":{"start":{"line":265,"column":4},"end":{"line":267,"column":5}},"loc":{"start":{"line":265,"column":4},"end":{"line":267,"column":5}},"line":265},"6":{"name":"jdm_getAttribute","decl":{"start":{"line":281,"column":4},"end":{"line":283,"column":5}},"loc":{"start":{"line":281,"column":4},"end":{"line":283,"column":5}},"line":281},"7":{"name":"jdm_append","decl":{"start":{"line":302,"column":4},"end":{"line":304,"column":5}},"loc":{"start":{"line":302,"column":4},"end":{"line":304,"column":5}},"line":302},"8":{"name":"jdm_prepend","decl":{"start":{"line":325,"column":4},"end":{"line":327,"column":5}},"loc":{"start":{"line":325,"column":4},"end":{"line":327,"column":5}},"line":325},"9":{"name":"jdm_addId","decl":{"start":{"line":340,"column":4},"end":{"line":342,"column":5}},"loc":{"start":{"line":340,"column":4},"end":{"line":342,"column":5}},"line":340},"10":{"name":"jdm_addClassList","decl":{"start":{"line":361,"column":4},"end":{"line":363,"column":5}},"loc":{"start":{"line":361,"column":4},"end":{"line":363,"column":5}},"line":361},"11":{"name":"jdm_removeClassList","decl":{"start":{"line":382,"column":4},"end":{"line":384,"column":5}},"loc":{"start":{"line":382,"column":4},"end":{"line":384,"column":5}},"line":382},"12":{"name":"jdm_toggleClassList","decl":{"start":{"line":401,"column":4},"end":{"line":403,"column":5}},"loc":{"start":{"line":401,"column":4},"end":{"line":403,"column":5}},"line":401},"13":{"name":"jdm_findClassList","decl":{"start":{"line":420,"column":4},"end":{"line":422,"column":5}},"loc":{"start":{"line":420,"column":4},"end":{"line":422,"column":5}},"line":420},"14":{"name":"jdm_empty","decl":{"start":{"line":446,"column":4},"end":{"line":448,"column":5}},"loc":{"start":{"line":446,"column":4},"end":{"line":448,"column":5}},"line":446},"15":{"name":"jdm_destroy","decl":{"start":{"line":463,"column":4},"end":{"line":465,"column":5}},"loc":{"start":{"line":463,"column":4},"end":{"line":465,"column":5}},"line":463},"16":{"name":"jdm_validate","decl":{"start":{"line":480,"column":4},"end":{"line":482,"column":5}},"loc":{"start":{"line":480,"column":4},"end":{"line":482,"column":5}},"line":480},"17":{"name":"jdm_removeAttribute","decl":{"start":{"line":498,"column":4},"end":{"line":500,"column":5}},"loc":{"start":{"line":498,"column":4},"end":{"line":500,"column":5}},"line":498},"18":{"name":"jdm_setStyle","decl":{"start":{"line":515,"column":4},"end":{"line":517,"column":5}},"loc":{"start":{"line":515,"column":4},"end":{"line":517,"column":5}},"line":515},"19":{"name":"jdm_extendNode","decl":{"start":{"line":534,"column":4},"end":{"line":536,"column":5}},"loc":{"start":{"line":534,"column":4},"end":{"line":536,"column":5}},"line":534},"20":{"name":"jdm_innerHTML","decl":{"start":{"line":553,"column":4},"end":{"line":555,"column":5}},"loc":{"start":{"line":553,"column":4},"end":{"line":555,"column":5}},"line":553},"21":{"name":"jdm_binding","decl":{"start":{"line":575,"column":4},"end":{"line":577,"column":5}},"loc":{"start":{"line":575,"column":4},"end":{"line":577,"column":5}},"line":575},"22":{"name":"jdm_onInput","decl":{"start":{"line":594,"column":4},"end":{"line":596,"column":5}},"loc":{"start":{"line":594,"column":4},"end":{"line":596,"column":5}},"line":594},"23":{"name":"fn","decl":{"start":{"line":594,"column":21},"end":{"line":594,"column":29}},"loc":{"start":{"line":594,"column":21},"end":{"line":594,"column":29}},"line":594},"24":{"name":"jdm_onChange","decl":{"start":{"line":614,"column":4},"end":{"line":616,"column":5}},"loc":{"start":{"line":614,"column":4},"end":{"line":616,"column":5}},"line":614},"25":{"name":"fn","decl":{"start":{"line":614,"column":22},"end":{"line":614,"column":30}},"loc":{"start":{"line":614,"column":22},"end":{"line":614,"column":30}},"line":614},"26":{"name":"jdm_onSelect","decl":{"start":{"line":634,"column":4},"end":{"line":636,"column":5}},"loc":{"start":{"line":634,"column":4},"end":{"line":636,"column":5}},"line":634},"27":{"name":"fn","decl":{"start":{"line":634,"column":22},"end":{"line":634,"column":30}},"loc":{"start":{"line":634,"column":22},"end":{"line":634,"column":30}},"line":634},"28":{"name":"jdm_onDebounce","decl":{"start":{"line":657,"column":4},"end":{"line":659,"column":5}},"loc":{"start":{"line":657,"column":4},"end":{"line":659,"column":5}},"line":657},"29":{"name":"fn","decl":{"start":{"line":657,"column":24},"end":{"line":657,"column":32}},"loc":{"start":{"line":657,"column":24},"end":{"line":657,"column":32}},"line":657},"30":{"name":"jdm_onClick","decl":{"start":{"line":677,"column":4},"end":{"line":679,"column":5}},"loc":{"start":{"line":677,"column":4},"end":{"line":679,"column":5}},"line":677},"31":{"name":"fn","decl":{"start":{"line":677,"column":21},"end":{"line":677,"column":29}},"loc":{"start":{"line":677,"column":21},"end":{"line":677,"column":29}},"line":677},"32":{"name":"jdm_onRightClick","decl":{"start":{"line":698,"column":4},"end":{"line":700,"column":5}},"loc":{"start":{"line":698,"column":4},"end":{"line":700,"column":5}},"line":698},"33":{"name":"fn","decl":{"start":{"line":698,"column":26},"end":{"line":698,"column":34}},"loc":{"start":{"line":698,"column":26},"end":{"line":698,"column":34}},"line":698},"34":{"name":"jdm_onDoubleClick","decl":{"start":{"line":719,"column":4},"end":{"line":721,"column":5}},"loc":{"start":{"line":719,"column":4},"end":{"line":721,"column":5}},"line":719},"35":{"name":"fn","decl":{"start":{"line":719,"column":27},"end":{"line":719,"column":35}},"loc":{"start":{"line":719,"column":27},"end":{"line":719,"column":35}},"line":719},"36":{"name":"jdm_onInvalid","decl":{"start":{"line":746,"column":4},"end":{"line":748,"column":5}},"loc":{"start":{"line":746,"column":4},"end":{"line":748,"column":5}},"line":746},"37":{"name":"fn","decl":{"start":{"line":746,"column":23},"end":{"line":746,"column":31}},"loc":{"start":{"line":746,"column":23},"end":{"line":746,"column":31}},"line":746},"38":{"name":"jdm_onLoad","decl":{"start":{"line":768,"column":4},"end":{"line":770,"column":5}},"loc":{"start":{"line":768,"column":4},"end":{"line":770,"column":5}},"line":768},"39":{"name":"fn","decl":{"start":{"line":768,"column":20},"end":{"line":768,"column":28}},"loc":{"start":{"line":768,"column":20},"end":{"line":768,"column":28}},"line":768},"40":{"name":"jdm_onError","decl":{"start":{"line":790,"column":4},"end":{"line":792,"column":5}},"loc":{"start":{"line":790,"column":4},"end":{"line":792,"column":5}},"line":790},"41":{"name":"fn","decl":{"start":{"line":790,"column":21},"end":{"line":790,"column":29}},"loc":{"start":{"line":790,"column":21},"end":{"line":790,"column":29}},"line":790},"42":{"name":"jdm_onSubmit","decl":{"start":{"line":819,"column":4},"end":{"line":821,"column":5}},"loc":{"start":{"line":819,"column":4},"end":{"line":821,"column":5}},"line":819},"43":{"name":"fn","decl":{"start":{"line":819,"column":22},"end":{"line":819,"column":29}},"loc":{"start":{"line":819,"column":22},"end":{"line":819,"column":29}},"line":819},"44":{"name":"jdm_setValue","decl":{"start":{"line":857,"column":4},"end":{"line":859,"column":5}},"loc":{"start":{"line":857,"column":4},"end":{"line":859,"column":5}},"line":857},"45":{"name":"jdm_getValue","decl":{"start":{"line":902,"column":4},"end":{"line":904,"column":5}},"loc":{"start":{"line":902,"column":4},"end":{"line":904,"column":5}},"line":902},"46":{"name":"jdm_genEvent","decl":{"start":{"line":923,"column":4},"end":{"line":925,"column":5}},"loc":{"start":{"line":923,"column":4},"end":{"line":925,"column":5}},"line":923},"47":{"name":"jdm_addEventListener","decl":{"start":{"line":945,"column":4},"end":{"line":947,"column":5}},"loc":{"start":{"line":945,"column":4},"end":{"line":947,"column":5}},"line":945},"48":{"name":"fn","decl":{"start":{"line":945,"column":36},"end":{"line":945,"column":44}},"loc":{"start":{"line":945,"column":36},"end":{"line":945,"column":44}},"line":945},"49":{"name":"jdm_removeEventListener","decl":{"start":{"line":970,"column":4},"end":{"line":972,"column":5}},"loc":{"start":{"line":970,"column":4},"end":{"line":972,"column":5}},"line":970},"50":{"name":"fn","decl":{"start":{"line":970,"column":39},"end":{"line":970,"column":47}},"loc":{"start":{"line":970,"column":39},"end":{"line":970,"column":47}},"line":970},"51":{"name":"jdm_extendChildNode","decl":{"start":{"line":993,"column":4},"end":{"line":995,"column":5}},"loc":{"start":{"line":993,"column":4},"end":{"line":995,"column":5}},"line":993},"52":{"name":"jdm_clearAnimations","decl":{"start":{"line":1007,"column":4},"end":{"line":1009,"column":5}},"loc":{"start":{"line":1007,"column":4},"end":{"line":1009,"column":5}},"line":1007},"53":{"name":"jdm_fadeIn","decl":{"start":{"line":1021,"column":4},"end":{"line":1023,"column":5}},"loc":{"start":{"line":1021,"column":4},"end":{"line":1023,"column":5}},"line":1021},"54":{"name":"jdm_fadeInDown","decl":{"start":{"line":1035,"column":4},"end":{"line":1037,"column":5}},"loc":{"start":{"line":1035,"column":4},"end":{"line":1037,"column":5}},"line":1035},"55":{"name":"jdm_fadeInUp","decl":{"start":{"line":1049,"column":4},"end":{"line":1051,"column":5}},"loc":{"start":{"line":1049,"column":4},"end":{"line":1051,"column":5}},"line":1049},"56":{"name":"jdm_fadeInLeft","decl":{"start":{"line":1063,"column":4},"end":{"line":1065,"column":5}},"loc":{"start":{"line":1063,"column":4},"end":{"line":1065,"column":5}},"line":1063},"57":{"name":"jdm_fadeInRight","decl":{"start":{"line":1076,"column":4},"end":{"line":1078,"column":5}},"loc":{"start":{"line":1076,"column":4},"end":{"line":1078,"column":5}},"line":1076},"58":{"name":"jdm_fadeOut","decl":{"start":{"line":1092,"column":4},"end":{"line":1094,"column":5}},"loc":{"start":{"line":1092,"column":4},"end":{"line":1094,"column":5}},"line":1092},"59":{"name":"jdm_fadeOutRight","decl":{"start":{"line":1108,"column":4},"end":{"line":1110,"column":5}},"loc":{"start":{"line":1108,"column":4},"end":{"line":1110,"column":5}},"line":1108},"60":{"name":"jdm_fadeOutUp","decl":{"start":{"line":1123,"column":4},"end":{"line":1125,"column":5}},"loc":{"start":{"line":1123,"column":4},"end":{"line":1125,"column":5}},"line":1123},"61":{"name":"jdm_fadeOutDown","decl":{"start":{"line":1138,"column":4},"end":{"line":1140,"column":5}},"loc":{"start":{"line":1138,"column":4},"end":{"line":1140,"column":5}},"line":1138},"62":{"name":"jdm_fadeOutLeft","decl":{"start":{"line":1153,"column":4},"end":{"line":1155,"column":5}},"loc":{"start":{"line":1153,"column":4},"end":{"line":1155,"column":5}},"line":1153},"63":{"name":"jdm_bounce","decl":{"start":{"line":1167,"column":4},"end":{"line":1169,"column":5}},"loc":{"start":{"line":1167,"column":4},"end":{"line":1169,"column":5}},"line":1167},"64":{"name":"jdm_tada","decl":{"start":{"line":1181,"column":4},"end":{"line":1183,"column":5}},"loc":{"start":{"line":1181,"column":4},"end":{"line":1183,"column":5}},"line":1181},"65":{"name":"jdm_zoomIn","decl":{"start":{"line":1195,"column":4},"end":{"line":1197,"column":5}},"loc":{"start":{"line":1195,"column":4},"end":{"line":1197,"column":5}},"line":1195},"66":{"name":"jdm_zoomOut","decl":{"start":{"line":1209,"column":4},"end":{"line":1211,"column":5}},"loc":{"start":{"line":1209,"column":4},"end":{"line":1211,"column":5}},"line":1209},"67":{"name":"jdm_rotation","decl":{"start":{"line":1224,"column":4},"end":{"line":1226,"column":5}},"loc":{"start":{"line":1224,"column":4},"end":{"line":1226,"column":5}},"line":1224},"68":{"name":"window.JDM","decl":{"start":{"line":1229,"column":13},"end":{"line":1231,"column":2}},"loc":{"start":{"line":1229,"column":13},"end":{"line":1231,"column":2}},"line":1229}},"f":{"0":216,"1":216,"2":216,"3":216,"4":216,"5":1,"6":13,"7":2,"8":2,"9":1,"10":5,"11":2,"12":4,"13":8,"14":6,"15":1,"16":2,"17":1,"18":2,"19":3,"20":2,"21":4,"22":2,"23":0,"24":2,"25":0,"26":2,"27":0,"28":4,"29":1,"30":3,"31":1,"32":3,"33":1,"34":3,"35":1,"36":3,"37":1,"38":3,"39":1,"40":3,"41":1,"42":1,"43":0,"44":9,"45":10,"46":2,"47":1,"48":0,"49":1,"50":0,"51":3,"52":1,"53":3,"54":2,"55":2,"56":2,"57":2,"58":2,"59":2,"60":2,"61":2,"62":2,"63":2,"64":2,"65":2,"66":2,"67":2,"68":0}},"/Users/marcogiacobazzi/localhost/jdm2/src/proto.js":{"path":"/Users/marcogiacobazzi/localhost/jdm2/src/proto.js","all":false,"statementMap":{"0":{"start":{"line":1,"column":0},"end":{"line":1,"column":3}},"1":{"start":{"line":2,"column":0},"end":{"line":2,"column":46}},"2":{"start":{"line":3,"column":0},"end":{"line":3,"column":9}},"3":{"start":{"line":4,"column":0},"end":{"line":4,"column":3}},"4":{"start":{"line":5,"column":0},"end":{"line":5,"column":20}},"5":{"start":{"line":6,"column":0},"end":{"line":6,"column":19}},"6":{"start":{"line":7,"column":0},"end":{"line":7,"column":11}},"7":{"start":{"line":8,"column":0},"end":{"line":8,"column":87}},"8":{"start":{"line":9,"column":0},"end":{"line":9,"column":62}},"9":{"start":{"line":10,"column":0},"end":{"line":10,"column":64}},"10":{"start":{"line":11,"column":0},"end":{"line":11,"column":99}},"11":{"start":{"line":12,"column":0},"end":{"line":12,"column":10}},"12":{"start":{"line":13,"column":0},"end":{"line":13,"column":20}},"13":{"start":{"line":14,"column":0},"end":{"line":14,"column":37}},"14":{"start":{"line":15,"column":0},"end":{"line":15,"column":86}},"15":{"start":{"line":16,"column":0},"end":{"line":16,"column":75}},"16":{"start":{"line":17,"column":0},"end":{"line":17,"column":19}},"17":{"start":{"line":18,"column":0},"end":{"line":18,"column":35}},"18":{"start":{"line":19,"column":0},"end":{"line":19,"column":50}},"19":{"start":{"line":20,"column":0},"end":{"line":20,"column":50}},"20":{"start":{"line":21,"column":0},"end":{"line":21,"column":11}},"21":{"start":{"line":22,"column":0},"end":{"line":22,"column":50}},"22":{"start":{"line":23,"column":0},"end":{"line":23,"column":86}},"23":{"start":{"line":24,"column":0},"end":{"line":24,"column":62}},"24":{"start":{"line":25,"column":0},"end":{"line":25,"column":95}},"25":{"start":{"line":26,"column":0},"end":{"line":26,"column":101}},"26":{"start":{"line":27,"column":0},"end":{"line":27,"column":28}},"27":{"start":{"line":28,"column":0},"end":{"line":28,"column":108}},"28":{"start":{"line":29,"column":0},"end":{"line":29,"column":29}},"29":{"start":{"line":30,"column":0},"end":{"line":30,"column":20}},"30":{"start":{"line":31,"column":0},"end":{"line":31,"column":102}},"31":{"start":{"line":32,"column":0},"end":{"line":32,"column":67}},"32":{"start":{"line":33,"column":0},"end":{"line":33,"column":13}},"33":{"start":{"line":34,"column":0},"end":{"line":34,"column":10}},"35":{"start":{"line":36,"column":0},"end":{"line":36,"column":53}},"36":{"start":{"line":37,"column":0},"end":{"line":37,"column":64}},"37":{"start":{"line":38,"column":0},"end":{"line":38,"column":10}},"39":{"start":{"line":40,"column":0},"end":{"line":40,"column":11}},"40":{"start":{"line":41,"column":0},"end":{"line":41,"column":100}},"41":{"start":{"line":42,"column":0},"end":{"line":42,"column":57}},"42":{"start":{"line":43,"column":0},"end":{"line":43,"column":99}},"43":{"start":{"line":44,"column":0},"end":{"line":44,"column":89}},"44":{"start":{"line":45,"column":0},"end":{"line":45,"column":11}},"45":{"start":{"line":46,"column":0},"end":{"line":46,"column":50}},"46":{"start":{"line":47,"column":0},"end":{"line":47,"column":95}},"47":{"start":{"line":48,"column":0},"end":{"line":48,"column":44}},"48":{"start":{"line":49,"column":0},"end":{"line":49,"column":10}},"49":{"start":{"line":50,"column":0},"end":{"line":50,"column":5}},"50":{"start":{"line":51,"column":0},"end":{"line":51,"column":1}}},"s":{"0":1,"1":1,"2":1,"3":1,"4":1,"5":1,"6":1,"7":1,"8":1,"9":1,"10":1,"11":1,"12":1,"13":1,"14":1,"15":1,"16":1,"17":1,"18":1,"19":1,"20":1,"21":1,"22":22,"23":22,"24":22,"25":22,"26":6,"27":22,"28":6,"29":16,"30":10,"31":10,"32":10,"33":1,"35":1,"36":4,"37":1,"39":1,"40":1,"41":1,"42":1,"43":1,"44":1,"45":1,"46":4,"47":4,"48":1,"49":1,"50":1},"branchMap":{"0":{"type":"branch","line":6,"loc":{"start":{"line":6,"column":4},"end":{"line":50,"column":5}},"locations":[{"start":{"line":6,"column":4},"end":{"line":50,"column":5}}]},"1":{"type":"branch","line":22,"loc":{"start":{"line":22,"column":37},"end":{"line":34,"column":9}},"locations":[{"start":{"line":22,"column":37},"end":{"line":34,"column":9}}]},"2":{"type":"branch","line":26,"loc":{"start":{"line":26,"column":42},"end":{"line":26,"column":71}},"locations":[{"start":{"line":26,"column":42},"end":{"line":26,"column":71}}]},"3":{"type":"branch","line":26,"loc":{"start":{"line":26,"column":72},"end":{"line":26,"column":98}},"locations":[{"start":{"line":26,"column":72},"end":{"line":26,"column":98}}]},"4":{"type":"branch","line":26,"loc":{"start":{"line":26,"column":100},"end":{"line":28,"column":13}},"locations":[{"start":{"line":26,"column":100},"end":{"line":28,"column":13}}]},"5":{"type":"branch","line":28,"loc":{"start":{"line":28,"column":13},"end":{"line":33,"column":13}},"locations":[{"start":{"line":28,"column":13},"end":{"line":33,"column":13}}]},"6":{"type":"branch","line":28,"loc":{"start":{"line":28,"column":48},"end":{"line":28,"column":78}},"locations":[{"start":{"line":28,"column":48},"end":{"line":28,"column":78}}]},"7":{"type":"branch","line":28,"loc":{"start":{"line":28,"column":79},"end":{"line":28,"column":105}},"locations":[{"start":{"line":28,"column":79},"end":{"line":28,"column":105}}]},"8":{"type":"branch","line":28,"loc":{"start":{"line":28,"column":107},"end":{"line":30,"column":13}},"locations":[{"start":{"line":28,"column":107},"end":{"line":30,"column":13}}]},"9":{"type":"branch","line":30,"loc":{"start":{"line":30,"column":13},"end":{"line":33,"column":13}},"locations":[{"start":{"line":30,"column":13},"end":{"line":33,"column":13}}]},"10":{"type":"branch","line":36,"loc":{"start":{"line":36,"column":40},"end":{"line":38,"column":9}},"locations":[{"start":{"line":36,"column":40},"end":{"line":38,"column":9}}]},"11":{"type":"branch","line":46,"loc":{"start":{"line":46,"column":37},"end":{"line":49,"column":9}},"locations":[{"start":{"line":46,"column":37},"end":{"line":49,"column":9}}]}},"b":{"0":[1],"1":[22],"2":[20],"3":[18],"4":[6],"5":[16],"6":[14],"7":[12],"8":[6],"9":[10],"10":[4],"11":[4]},"fnMap":{"0":{"name":"Proto","decl":{"start":{"line":6,"column":4},"end":{"line":50,"column":5}},"loc":{"start":{"line":6,"column":4},"end":{"line":50,"column":5}},"line":6},"1":{"name":"Proto.String.toBoolean","decl":{"start":{"line":22,"column":37},"end":{"line":34,"column":9}},"loc":{"start":{"line":22,"column":37},"end":{"line":34,"column":9}},"line":22},"2":{"name":"Proto.String.toCapitalize","decl":{"start":{"line":36,"column":40},"end":{"line":38,"column":9}},"loc":{"start":{"line":36,"column":40},"end":{"line":38,"column":9}},"line":36},"3":{"name":"Proto.Number.toBoolean","decl":{"start":{"line":46,"column":37},"end":{"line":49,"column":9}},"loc":{"start":{"line":46,"column":37},"end":{"line":49,"column":9}},"line":46}},"f":{"0":1,"1":22,"2":4,"3":4}}}}