{"/Users/marcogiacobazzi/localhost/jdm3/src/_animation.js": {"path":"/Users/marcogiacobazzi/localhost/jdm3/src/_animation.js","all":false,"statementMap":{"0":{"start":{"line":1,"column":0},"end":{"line":1,"column":3}},"1":{"start":{"line":2,"column":0},"end":{"line":2,"column":28}},"2":{"start":{"line":3,"column":0},"end":{"line":3,"column":3}},"3":{"start":{"line":4,"column":0},"end":{"line":4,"column":30}},"4":{"start":{"line":5,"column":0},"end":{"line":5,"column":7}},"5":{"start":{"line":6,"column":0},"end":{"line":6,"column":73}},"6":{"start":{"line":7,"column":0},"end":{"line":7,"column":19}},"7":{"start":{"line":8,"column":0},"end":{"line":8,"column":6}},"8":{"start":{"line":9,"column":0},"end":{"line":9,"column":111}},"9":{"start":{"line":10,"column":0},"end":{"line":10,"column":27}},"10":{"start":{"line":11,"column":0},"end":{"line":11,"column":6}},"11":{"start":{"line":12,"column":0},"end":{"line":12,"column":121}},"12":{"start":{"line":13,"column":0},"end":{"line":13,"column":26}},"13":{"start":{"line":14,"column":0},"end":{"line":14,"column":6}},"14":{"start":{"line":15,"column":0},"end":{"line":15,"column":83}},"15":{"start":{"line":16,"column":0},"end":{"line":16,"column":17}},"16":{"start":{"line":17,"column":0},"end":{"line":17,"column":6}},"17":{"start":{"line":18,"column":0},"end":{"line":18,"column":98}},"18":{"start":{"line":19,"column":0},"end":{"line":19,"column":25}},"19":{"start":{"line":20,"column":0},"end":{"line":20,"column":6}},"20":{"start":{"line":21,"column":0},"end":{"line":21,"column":121}},"21":{"start":{"line":22,"column":0},"end":{"line":22,"column":24}},"22":{"start":{"line":23,"column":0},"end":{"line":23,"column":6}},"23":{"start":{"line":24,"column":0},"end":{"line":24,"column":91}},"24":{"start":{"line":25,"column":0},"end":{"line":25,"column":17}},"25":{"start":{"line":26,"column":0},"end":{"line":26,"column":7}},"26":{"start":{"line":27,"column":0},"end":{"line":27,"column":148}},"27":{"start":{"line":28,"column":0},"end":{"line":28,"column":33}},"28":{"start":{"line":29,"column":0},"end":{"line":29,"column":29}},"29":{"start":{"line":30,"column":0},"end":{"line":30,"column":25}},"30":{"start":{"line":31,"column":0},"end":{"line":31,"column":27}},"31":{"start":{"line":32,"column":0},"end":{"line":32,"column":35}},"32":{"start":{"line":33,"column":0},"end":{"line":33,"column":35}},"33":{"start":{"line":34,"column":0},"end":{"line":34,"column":37}},"34":{"start":{"line":35,"column":0},"end":{"line":35,"column":5}},"35":{"start":{"line":36,"column":0},"end":{"line":36,"column":1}},"37":{"start":{"line":38,"column":0},"end":{"line":38,"column":25}},"38":{"start":{"line":39,"column":0},"end":{"line":39,"column":45}},"39":{"start":{"line":40,"column":0},"end":{"line":40,"column":17}},"40":{"start":{"line":41,"column":0},"end":{"line":41,"column":62}},"41":{"start":{"line":42,"column":0},"end":{"line":42,"column":58}},"42":{"start":{"line":43,"column":0},"end":{"line":43,"column":6}},"43":{"start":{"line":44,"column":0},"end":{"line":44,"column":15}},"44":{"start":{"line":45,"column":0},"end":{"line":45,"column":61}},"45":{"start":{"line":46,"column":0},"end":{"line":46,"column":58}},"46":{"start":{"line":47,"column":0},"end":{"line":47,"column":6}},"47":{"start":{"line":48,"column":0},"end":{"line":48,"column":17}},"48":{"start":{"line":49,"column":0},"end":{"line":49,"column":62}},"49":{"start":{"line":50,"column":0},"end":{"line":50,"column":58}},"50":{"start":{"line":51,"column":0},"end":{"line":51,"column":6}},"51":{"start":{"line":52,"column":0},"end":{"line":52,"column":18}},"52":{"start":{"line":53,"column":0},"end":{"line":53,"column":61}},"53":{"start":{"line":54,"column":0},"end":{"line":54,"column":58}},"54":{"start":{"line":55,"column":0},"end":{"line":55,"column":6}},"55":{"start":{"line":56,"column":0},"end":{"line":56,"column":46}},"56":{"start":{"line":57,"column":0},"end":{"line":57,"column":18}},"57":{"start":{"line":58,"column":0},"end":{"line":58,"column":58}},"58":{"start":{"line":59,"column":0},"end":{"line":59,"column":61}},"59":{"start":{"line":60,"column":0},"end":{"line":60,"column":6}},"60":{"start":{"line":61,"column":0},"end":{"line":61,"column":16}},"61":{"start":{"line":62,"column":0},"end":{"line":62,"column":58}},"62":{"start":{"line":63,"column":0},"end":{"line":63,"column":62}},"63":{"start":{"line":64,"column":0},"end":{"line":64,"column":6}},"64":{"start":{"line":65,"column":0},"end":{"line":65,"column":18}},"65":{"start":{"line":66,"column":0},"end":{"line":66,"column":58}},"66":{"start":{"line":67,"column":0},"end":{"line":67,"column":62}},"67":{"start":{"line":68,"column":0},"end":{"line":68,"column":6}},"68":{"start":{"line":69,"column":0},"end":{"line":69,"column":19}},"69":{"start":{"line":70,"column":0},"end":{"line":70,"column":58}},"70":{"start":{"line":71,"column":0},"end":{"line":71,"column":61}},"71":{"start":{"line":72,"column":0},"end":{"line":72,"column":6}},"72":{"start":{"line":73,"column":0},"end":{"line":73,"column":13}},"73":{"start":{"line":74,"column":0},"end":{"line":74,"column":55}},"74":{"start":{"line":75,"column":0},"end":{"line":75,"column":62}},"75":{"start":{"line":76,"column":0},"end":{"line":76,"column":62}},"76":{"start":{"line":77,"column":0},"end":{"line":77,"column":66}},"77":{"start":{"line":78,"column":0},"end":{"line":78,"column":59}},"78":{"start":{"line":79,"column":0},"end":{"line":79,"column":6}},"79":{"start":{"line":80,"column":0},"end":{"line":80,"column":11}},"80":{"start":{"line":81,"column":0},"end":{"line":81,"column":9}},"81":{"start":{"line":82,"column":0},"end":{"line":82,"column":58}},"82":{"start":{"line":83,"column":0},"end":{"line":83,"column":45}},"83":{"start":{"line":84,"column":0},"end":{"line":84,"column":27}},"84":{"start":{"line":85,"column":0},"end":{"line":85,"column":10}},"85":{"start":{"line":86,"column":0},"end":{"line":86,"column":9}},"86":{"start":{"line":87,"column":0},"end":{"line":87,"column":68}},"87":{"start":{"line":88,"column":0},"end":{"line":88,"column":45}},"88":{"start":{"line":89,"column":0},"end":{"line":89,"column":34}},"89":{"start":{"line":90,"column":0},"end":{"line":90,"column":10}},"90":{"start":{"line":91,"column":0},"end":{"line":91,"column":9}},"91":{"start":{"line":92,"column":0},"end":{"line":92,"column":67}},"92":{"start":{"line":93,"column":0},"end":{"line":93,"column":45}},"93":{"start":{"line":94,"column":0},"end":{"line":94,"column":34}},"94":{"start":{"line":95,"column":0},"end":{"line":95,"column":10}},"95":{"start":{"line":96,"column":0},"end":{"line":96,"column":9}},"96":{"start":{"line":97,"column":0},"end":{"line":97,"column":68}},"97":{"start":{"line":98,"column":0},"end":{"line":98,"column":45}},"98":{"start":{"line":99,"column":0},"end":{"line":99,"column":34}},"99":{"start":{"line":100,"column":0},"end":{"line":100,"column":10}},"100":{"start":{"line":101,"column":0},"end":{"line":101,"column":9}},"101":{"start":{"line":102,"column":0},"end":{"line":102,"column":67}},"102":{"start":{"line":103,"column":0},"end":{"line":103,"column":45}},"103":{"start":{"line":104,"column":0},"end":{"line":104,"column":34}},"104":{"start":{"line":105,"column":0},"end":{"line":105,"column":10}},"105":{"start":{"line":106,"column":0},"end":{"line":106,"column":9}},"106":{"start":{"line":107,"column":0},"end":{"line":107,"column":58}},"107":{"start":{"line":108,"column":0},"end":{"line":108,"column":45}},"108":{"start":{"line":109,"column":0},"end":{"line":109,"column":31}},"109":{"start":{"line":110,"column":0},"end":{"line":110,"column":10}},"110":{"start":{"line":111,"column":0},"end":{"line":111,"column":6}},"111":{"start":{"line":112,"column":0},"end":{"line":112,"column":13}},"112":{"start":{"line":113,"column":0},"end":{"line":113,"column":9}},"113":{"start":{"line":114,"column":0},"end":{"line":114,"column":34}},"114":{"start":{"line":115,"column":0},"end":{"line":115,"column":23}},"115":{"start":{"line":116,"column":0},"end":{"line":116,"column":45}},"116":{"start":{"line":117,"column":0},"end":{"line":117,"column":27}},"117":{"start":{"line":118,"column":0},"end":{"line":118,"column":10}},"118":{"start":{"line":119,"column":0},"end":{"line":119,"column":9}},"119":{"start":{"line":120,"column":0},"end":{"line":120,"column":34}},"120":{"start":{"line":121,"column":0},"end":{"line":121,"column":23}},"121":{"start":{"line":122,"column":0},"end":{"line":122,"column":45}},"122":{"start":{"line":123,"column":0},"end":{"line":123,"column":31}},"123":{"start":{"line":124,"column":0},"end":{"line":124,"column":10}},"124":{"start":{"line":125,"column":0},"end":{"line":125,"column":6}},"125":{"start":{"line":126,"column":0},"end":{"line":126,"column":14}},"126":{"start":{"line":127,"column":0},"end":{"line":127,"column":9}},"127":{"start":{"line":128,"column":0},"end":{"line":128,"column":34}},"128":{"start":{"line":129,"column":0},"end":{"line":129,"column":23}},"129":{"start":{"line":130,"column":0},"end":{"line":130,"column":45}},"130":{"start":{"line":131,"column":0},"end":{"line":131,"column":31}},"131":{"start":{"line":132,"column":0},"end":{"line":132,"column":10}},"132":{"start":{"line":133,"column":0},"end":{"line":133,"column":9}},"133":{"start":{"line":134,"column":0},"end":{"line":134,"column":34}},"134":{"start":{"line":135,"column":0},"end":{"line":135,"column":23}},"135":{"start":{"line":136,"column":0},"end":{"line":136,"column":45}},"136":{"start":{"line":137,"column":0},"end":{"line":137,"column":27}},"137":{"start":{"line":138,"column":0},"end":{"line":138,"column":10}},"138":{"start":{"line":139,"column":0},"end":{"line":139,"column":6}},"139":{"start":{"line":140,"column":0},"end":{"line":140,"column":22}},"140":{"start":{"line":141,"column":0},"end":{"line":141,"column":9}},"141":{"start":{"line":142,"column":0},"end":{"line":142,"column":38}},"142":{"start":{"line":143,"column":0},"end":{"line":143,"column":45}},"143":{"start":{"line":144,"column":0},"end":{"line":144,"column":29}},"144":{"start":{"line":145,"column":0},"end":{"line":145,"column":10}},"145":{"start":{"line":146,"column":0},"end":{"line":146,"column":9}},"146":{"start":{"line":147,"column":0},"end":{"line":147,"column":43}},"147":{"start":{"line":148,"column":0},"end":{"line":148,"column":45}},"148":{"start":{"line":149,"column":0},"end":{"line":149,"column":29}},"149":{"start":{"line":150,"column":0},"end":{"line":150,"column":10}},"150":{"start":{"line":151,"column":0},"end":{"line":151,"column":6}},"151":{"start":{"line":152,"column":0},"end":{"line":152,"column":2}},"153":{"start":{"line":154,"column":0},"end":{"line":154,"column":25}},"154":{"start":{"line":155,"column":0},"end":{"line":155,"column":22}},"155":{"start":{"line":156,"column":0},"end":{"line":156,"column":51}},"156":{"start":{"line":157,"column":0},"end":{"line":157,"column":57}},"157":{"start":{"line":158,"column":0},"end":{"line":158,"column":62}},"158":{"start":{"line":159,"column":0},"end":{"line":159,"column":36}},"159":{"start":{"line":160,"column":0},"end":{"line":160,"column":51}},"160":{"start":{"line":161,"column":0},"end":{"line":161,"column":29}},"161":{"start":{"line":162,"column":0},"end":{"line":162,"column":13}},"162":{"start":{"line":163,"column":0},"end":{"line":163,"column":10}},"163":{"start":{"line":164,"column":0},"end":{"line":164,"column":25}},"164":{"start":{"line":165,"column":0},"end":{"line":165,"column":5}},"166":{"start":{"line":167,"column":0},"end":{"line":167,"column":22}},"167":{"start":{"line":168,"column":0},"end":{"line":168,"column":34}},"168":{"start":{"line":169,"column":0},"end":{"line":169,"column":60}},"169":{"start":{"line":170,"column":0},"end":{"line":170,"column":79}},"170":{"start":{"line":171,"column":0},"end":{"line":171,"column":9}},"172":{"start":{"line":173,"column":0},"end":{"line":173,"column":43}},"173":{"start":{"line":174,"column":0},"end":{"line":174,"column":44}},"174":{"start":{"line":175,"column":0},"end":{"line":175,"column":39}},"175":{"start":{"line":176,"column":0},"end":{"line":176,"column":37}},"176":{"start":{"line":177,"column":0},"end":{"line":177,"column":25}},"177":{"start":{"line":178,"column":0},"end":{"line":178,"column":5}},"179":{"start":{"line":180,"column":0},"end":{"line":180,"column":7}},"180":{"start":{"line":181,"column":0},"end":{"line":181,"column":79}},"181":{"start":{"line":182,"column":0},"end":{"line":182,"column":79}},"182":{"start":{"line":183,"column":0},"end":{"line":183,"column":61}},"183":{"start":{"line":184,"column":0},"end":{"line":184,"column":18}},"184":{"start":{"line":185,"column":0},"end":{"line":185,"column":7}},"185":{"start":{"line":186,"column":0},"end":{"line":186,"column":35}},"186":{"start":{"line":187,"column":0},"end":{"line":187,"column":60}},"187":{"start":{"line":188,"column":0},"end":{"line":188,"column":79}},"188":{"start":{"line":189,"column":0},"end":{"line":189,"column":9}},"189":{"start":{"line":190,"column":0},"end":{"line":190,"column":43}},"190":{"start":{"line":191,"column":0},"end":{"line":191,"column":44}},"191":{"start":{"line":192,"column":0},"end":{"line":192,"column":25}},"192":{"start":{"line":193,"column":0},"end":{"line":193,"column":5}},"194":{"start":{"line":195,"column":0},"end":{"line":195,"column":7}},"195":{"start":{"line":196,"column":0},"end":{"line":196,"column":60}},"196":{"start":{"line":197,"column":0},"end":{"line":197,"column":18}},"197":{"start":{"line":198,"column":0},"end":{"line":198,"column":7}},"198":{"start":{"line":199,"column":0},"end":{"line":199,"column":30}},"199":{"start":{"line":200,"column":0},"end":{"line":200,"column":43}},"200":{"start":{"line":201,"column":0},"end":{"line":201,"column":25}},"201":{"start":{"line":202,"column":0},"end":{"line":202,"column":5}},"203":{"start":{"line":204,"column":0},"end":{"line":204,"column":22}},"204":{"start":{"line":205,"column":0},"end":{"line":205,"column":80}},"205":{"start":{"line":206,"column":0},"end":{"line":206,"column":72}},"206":{"start":{"line":207,"column":0},"end":{"line":207,"column":25}},"207":{"start":{"line":208,"column":0},"end":{"line":208,"column":5}},"209":{"start":{"line":210,"column":0},"end":{"line":210,"column":22}},"210":{"start":{"line":211,"column":0},"end":{"line":211,"column":23}},"211":{"start":{"line":212,"column":0},"end":{"line":212,"column":50}},"212":{"start":{"line":213,"column":0},"end":{"line":213,"column":40}},"213":{"start":{"line":214,"column":0},"end":{"line":214,"column":25}},"214":{"start":{"line":215,"column":0},"end":{"line":215,"column":5}},"216":{"start":{"line":217,"column":0},"end":{"line":217,"column":22}},"217":{"start":{"line":218,"column":0},"end":{"line":218,"column":23}},"218":{"start":{"line":219,"column":0},"end":{"line":219,"column":51}},"219":{"start":{"line":220,"column":0},"end":{"line":220,"column":40}},"220":{"start":{"line":221,"column":0},"end":{"line":221,"column":25}},"221":{"start":{"line":222,"column":0},"end":{"line":222,"column":5}},"223":{"start":{"line":224,"column":0},"end":{"line":224,"column":22}},"224":{"start":{"line":225,"column":0},"end":{"line":225,"column":67}},"225":{"start":{"line":226,"column":0},"end":{"line":226,"column":91}},"226":{"start":{"line":227,"column":0},"end":{"line":227,"column":5}},"228":{"start":{"line":229,"column":0},"end":{"line":229,"column":22}},"229":{"start":{"line":230,"column":0},"end":{"line":230,"column":71}},"230":{"start":{"line":231,"column":0},"end":{"line":231,"column":95}},"231":{"start":{"line":232,"column":0},"end":{"line":232,"column":5}},"233":{"start":{"line":234,"column":0},"end":{"line":234,"column":22}},"234":{"start":{"line":235,"column":0},"end":{"line":235,"column":69}},"235":{"start":{"line":236,"column":0},"end":{"line":236,"column":93}},"236":{"start":{"line":237,"column":0},"end":{"line":237,"column":5}},"238":{"start":{"line":239,"column":0},"end":{"line":239,"column":22}},"239":{"start":{"line":240,"column":0},"end":{"line":240,"column":71}},"240":{"start":{"line":241,"column":0},"end":{"line":241,"column":95}},"241":{"start":{"line":242,"column":0},"end":{"line":242,"column":5}},"243":{"start":{"line":244,"column":0},"end":{"line":244,"column":22}},"244":{"start":{"line":245,"column":0},"end":{"line":245,"column":72}},"245":{"start":{"line":246,"column":0},"end":{"line":246,"column":96}},"246":{"start":{"line":247,"column":0},"end":{"line":247,"column":5}},"248":{"start":{"line":249,"column":0},"end":{"line":249,"column":22}},"249":{"start":{"line":250,"column":0},"end":{"line":250,"column":68}},"250":{"start":{"line":251,"column":0},"end":{"line":251,"column":92}},"251":{"start":{"line":252,"column":0},"end":{"line":252,"column":5}},"253":{"start":{"line":254,"column":0},"end":{"line":254,"column":22}},"254":{"start":{"line":255,"column":0},"end":{"line":255,"column":72}},"255":{"start":{"line":256,"column":0},"end":{"line":256,"column":96}},"256":{"start":{"line":257,"column":0},"end":{"line":257,"column":5}},"258":{"start":{"line":259,"column":0},"end":{"line":259,"column":22}},"259":{"start":{"line":260,"column":0},"end":{"line":260,"column":70}},"260":{"start":{"line":261,"column":0},"end":{"line":261,"column":94}},"261":{"start":{"line":262,"column":0},"end":{"line":262,"column":5}},"263":{"start":{"line":264,"column":0},"end":{"line":264,"column":22}},"264":{"start":{"line":265,"column":0},"end":{"line":265,"column":72}},"265":{"start":{"line":266,"column":0},"end":{"line":266,"column":96}},"266":{"start":{"line":267,"column":0},"end":{"line":267,"column":5}},"268":{"start":{"line":269,"column":0},"end":{"line":269,"column":22}},"269":{"start":{"line":270,"column":0},"end":{"line":270,"column":73}},"270":{"start":{"line":271,"column":0},"end":{"line":271,"column":97}},"271":{"start":{"line":272,"column":0},"end":{"line":272,"column":5}},"273":{"start":{"line":274,"column":0},"end":{"line":274,"column":22}},"274":{"start":{"line":275,"column":0},"end":{"line":275,"column":67}},"275":{"start":{"line":276,"column":0},"end":{"line":276,"column":91}},"276":{"start":{"line":277,"column":0},"end":{"line":277,"column":5}},"278":{"start":{"line":279,"column":0},"end":{"line":279,"column":22}},"279":{"start":{"line":280,"column":0},"end":{"line":280,"column":65}},"280":{"start":{"line":281,"column":0},"end":{"line":281,"column":89}},"281":{"start":{"line":282,"column":0},"end":{"line":282,"column":5}},"283":{"start":{"line":284,"column":0},"end":{"line":284,"column":22}},"284":{"start":{"line":285,"column":0},"end":{"line":285,"column":67}},"285":{"start":{"line":286,"column":0},"end":{"line":286,"column":91}},"286":{"start":{"line":287,"column":0},"end":{"line":287,"column":5}},"288":{"start":{"line":289,"column":0},"end":{"line":289,"column":22}},"289":{"start":{"line":290,"column":0},"end":{"line":290,"column":68}},"290":{"start":{"line":291,"column":0},"end":{"line":291,"column":92}},"291":{"start":{"line":292,"column":0},"end":{"line":292,"column":5}},"293":{"start":{"line":294,"column":0},"end":{"line":294,"column":22}},"294":{"start":{"line":295,"column":0},"end":{"line":295,"column":80}},"295":{"start":{"line":296,"column":0},"end":{"line":296,"column":98}},"296":{"start":{"line":297,"column":0},"end":{"line":297,"column":5}},"297":{"start":{"line":298,"column":0},"end":{"line":298,"column":1}}},"s":{"0":1,"1":1,"2":1,"3":1,"4":1,"5":1,"6":1,"7":1,"8":1,"9":1,"10":1,"11":1,"12":1,"13":1,"14":1,"15":1,"16":1,"17":1,"18":1,"19":1,"20":1,"21":1,"22":1,"23":1,"24":1,"25":1,"26":1,"27":68,"28":68,"29":68,"30":68,"31":68,"32":68,"33":68,"34":68,"35":1,"37":1,"38":1,"39":1,"40":1,"41":1,"42":1,"43":1,"44":1,"45":1,"46":1,"47":1,"48":1,"49":1,"50":1,"51":1,"52":1,"53":1,"54":1,"55":1,"56":1,"57":1,"58":1,"59":1,"60":1,"61":1,"62":1,"63":1,"64":1,"65":1,"66":1,"67":1,"68":1,"69":1,"70":1,"71":1,"72":1,"73":1,"74":1,"75":1,"76":1,"77":1,"78":1,"79":1,"80":1,"81":1,"82":1,"83":1,"84":1,"85":1,"86":1,"87":1,"88":1,"89":1,"90":1,"91":1,"92":1,"93":1,"94":1,"95":1,"96":1,"97":1,"98":1,"99":1,"100":1,"101":1,"102":1,"103":1,"104":1,"105":1,"106":1,"107":1,"108":1,"109":1,"110":1,"111":1,"112":1,"113":1,"114":1,"115":1,"116":1,"117":1,"118":1,"119":1,"120":1,"121":1,"122":1,"123":1,"124":1,"125":1,"126":1,"127":1,"128":1,"129":1,"130":1,"131":1,"132":1,"133":1,"134":1,"135":1,"136":1,"137":1,"138":1,"139":1,"140":7,"141":7,"142":7,"143":7,"144":7,"145":7,"146":7,"147":7,"148":7,"149":7,"150":1,"151":1,"153":1,"154":1,"155":1,"156":33,"157":33,"158":33,"159":16,"160":15,"161":15,"162":33,"163":33,"164":33,"166":1,"167":1,"168":2,"169":1,"170":1,"172":2,"173":2,"174":2,"175":2,"176":2,"177":2,"179":1,"180":1,"181":1,"182":1,"183":1,"184":1,"185":1,"186":2,"187":1,"188":1,"189":2,"190":2,"191":2,"192":2,"194":1,"195":1,"196":1,"197":1,"198":1,"199":1,"200":1,"201":1,"203":1,"204":1,"205":33,"206":33,"207":33,"209":1,"210":1,"211":5,"212":5,"213":5,"214":5,"216":1,"217":1,"218":3,"219":3,"220":3,"221":3,"223":1,"224":1,"225":4,"226":4,"228":1,"229":1,"230":2,"231":2,"233":1,"234":1,"235":2,"236":2,"238":1,"239":1,"240":2,"241":2,"243":1,"244":1,"245":2,"246":2,"248":1,"249":1,"250":2,"251":2,"253":1,"254":1,"255":2,"256":2,"258":1,"259":1,"260":2,"261":2,"263":1,"264":1,"265":2,"266":2,"268":1,"269":1,"270":2,"271":2,"273":1,"274":1,"275":2,"276":2,"278":1,"279":1,"280":2,"281":2,"283":1,"284":1,"285":2,"286":2,"288":1,"289":1,"290":2,"291":2,"293":1,"294":1,"295":3,"296":3,"297":1},"branchMap":{"0":{"type":"branch","line":27,"loc":{"start":{"line":27,"column":4},"end":{"line":35,"column":5}},"locations":[{"start":{"line":27,"column":4},"end":{"line":35,"column":5}}]},"1":{"type":"branch","line":140,"loc":{"start":{"line":140,"column":14},"end":{"line":151,"column":5}},"locations":[{"start":{"line":140,"column":14},"end":{"line":151,"column":5}}]},"2":{"type":"branch","line":156,"loc":{"start":{"line":156,"column":11},"end":{"line":165,"column":5}},"locations":[{"start":{"line":156,"column":11},"end":{"line":165,"column":5}}]},"3":{"type":"branch","line":159,"loc":{"start":{"line":159,"column":29},"end":{"line":163,"column":9}},"locations":[{"start":{"line":159,"column":29},"end":{"line":163,"column":9}}]},"4":{"type":"branch","line":160,"loc":{"start":{"line":160,"column":50},"end":{"line":162,"column":13}},"locations":[{"start":{"line":160,"column":50},"end":{"line":162,"column":13}}]},"5":{"type":"branch","line":168,"loc":{"start":{"line":168,"column":11},"end":{"line":178,"column":5}},"locations":[{"start":{"line":168,"column":11},"end":{"line":178,"column":5}}]},"6":{"type":"branch","line":169,"loc":{"start":{"line":169,"column":59},"end":{"line":171,"column":9}},"locations":[{"start":{"line":169,"column":59},"end":{"line":171,"column":9}}]},"7":{"type":"branch","line":170,"loc":{"start":{"line":170,"column":46},"end":{"line":170,"column":77}},"locations":[{"start":{"line":170,"column":46},"end":{"line":170,"column":77}}]},"8":{"type":"branch","line":186,"loc":{"start":{"line":186,"column":11},"end":{"line":193,"column":5}},"locations":[{"start":{"line":186,"column":11},"end":{"line":193,"column":5}}]},"9":{"type":"branch","line":187,"loc":{"start":{"line":187,"column":59},"end":{"line":189,"column":9}},"locations":[{"start":{"line":187,"column":59},"end":{"line":189,"column":9}}]},"10":{"type":"branch","line":188,"loc":{"start":{"line":188,"column":46},"end":{"line":188,"column":77}},"locations":[{"start":{"line":188,"column":46},"end":{"line":188,"column":77}}]},"11":{"type":"branch","line":199,"loc":{"start":{"line":199,"column":11},"end":{"line":202,"column":5}},"locations":[{"start":{"line":199,"column":11},"end":{"line":202,"column":5}}]},"12":{"type":"branch","line":205,"loc":{"start":{"line":205,"column":11},"end":{"line":208,"column":5}},"locations":[{"start":{"line":205,"column":11},"end":{"line":208,"column":5}}]},"13":{"type":"branch","line":211,"loc":{"start":{"line":211,"column":11},"end":{"line":215,"column":5}},"locations":[{"start":{"line":211,"column":11},"end":{"line":215,"column":5}}]},"14":{"type":"branch","line":218,"loc":{"start":{"line":218,"column":11},"end":{"line":222,"column":5}},"locations":[{"start":{"line":218,"column":11},"end":{"line":222,"column":5}}]},"15":{"type":"branch","line":225,"loc":{"start":{"line":225,"column":11},"end":{"line":227,"column":5}},"locations":[{"start":{"line":225,"column":11},"end":{"line":227,"column":5}}]},"16":{"type":"branch","line":230,"loc":{"start":{"line":230,"column":11},"end":{"line":232,"column":5}},"locations":[{"start":{"line":230,"column":11},"end":{"line":232,"column":5}}]},"17":{"type":"branch","line":235,"loc":{"start":{"line":235,"column":11},"end":{"line":237,"column":5}},"locations":[{"start":{"line":235,"column":11},"end":{"line":237,"column":5}}]},"18":{"type":"branch","line":240,"loc":{"start":{"line":240,"column":11},"end":{"line":242,"column":5}},"locations":[{"start":{"line":240,"column":11},"end":{"line":242,"column":5}}]},"19":{"type":"branch","line":245,"loc":{"start":{"line":245,"column":11},"end":{"line":247,"column":5}},"locations":[{"start":{"line":245,"column":11},"end":{"line":247,"column":5}}]},"20":{"type":"branch","line":250,"loc":{"start":{"line":250,"column":11},"end":{"line":252,"column":5}},"locations":[{"start":{"line":250,"column":11},"end":{"line":252,"column":5}}]},"21":{"type":"branch","line":255,"loc":{"start":{"line":255,"column":11},"end":{"line":257,"column":5}},"locations":[{"start":{"line":255,"column":11},"end":{"line":257,"column":5}}]},"22":{"type":"branch","line":260,"loc":{"start":{"line":260,"column":11},"end":{"line":262,"column":5}},"locations":[{"start":{"line":260,"column":11},"end":{"line":262,"column":5}}]},"23":{"type":"branch","line":265,"loc":{"start":{"line":265,"column":11},"end":{"line":267,"column":5}},"locations":[{"start":{"line":265,"column":11},"end":{"line":267,"column":5}}]},"24":{"type":"branch","line":270,"loc":{"start":{"line":270,"column":11},"end":{"line":272,"column":5}},"locations":[{"start":{"line":270,"column":11},"end":{"line":272,"column":5}}]},"25":{"type":"branch","line":275,"loc":{"start":{"line":275,"column":11},"end":{"line":277,"column":5}},"locations":[{"start":{"line":275,"column":11},"end":{"line":277,"column":5}}]},"26":{"type":"branch","line":280,"loc":{"start":{"line":280,"column":11},"end":{"line":282,"column":5}},"locations":[{"start":{"line":280,"column":11},"end":{"line":282,"column":5}}]},"27":{"type":"branch","line":285,"loc":{"start":{"line":285,"column":11},"end":{"line":287,"column":5}},"locations":[{"start":{"line":285,"column":11},"end":{"line":287,"column":5}}]},"28":{"type":"branch","line":290,"loc":{"start":{"line":290,"column":11},"end":{"line":292,"column":5}},"locations":[{"start":{"line":290,"column":11},"end":{"line":292,"column":5}}]},"29":{"type":"branch","line":295,"loc":{"start":{"line":295,"column":11},"end":{"line":297,"column":5}},"locations":[{"start":{"line":295,"column":11},"end":{"line":297,"column":5}}]}},"b":{"0":[68],"1":[7],"2":[33],"3":[16],"4":[15],"5":[2],"6":[1],"7":[2],"8":[2],"9":[1],"10":[1],"11":[1],"12":[33],"13":[5],"14":[3],"15":[4],"16":[2],"17":[2],"18":[2],"19":[2],"20":[2],"21":[2],"22":[2],"23":[2],"24":[2],"25":[2],"26":[2],"27":[2],"28":[2],"29":[3]},"fnMap":{"0":{"name":"AnimationOption","decl":{"start":{"line":27,"column":4},"end":{"line":35,"column":5}},"loc":{"start":{"line":27,"column":4},"end":{"line":35,"column":5}},"line":27},"1":{"name":"rotation","decl":{"start":{"line":140,"column":14},"end":{"line":151,"column":5}},"loc":{"start":{"line":140,"column":14},"end":{"line":151,"column":5}},"line":140},"2":{"name":"#animate","decl":{"start":{"line":156,"column":11},"end":{"line":165,"column":5}},"loc":{"start":{"line":156,"column":11},"end":{"line":165,"column":5}},"line":156},"3":{"name":"animation.onfinish","decl":{"start":{"line":159,"column":29},"end":{"line":163,"column":9}},"loc":{"start":{"line":159,"column":29},"end":{"line":163,"column":9}},"line":159},"4":{"name":"jdm_clearAnimations","decl":{"start":{"line":168,"column":11},"end":{"line":178,"column":5}},"loc":{"start":{"line":168,"column":11},"end":{"line":178,"column":5}},"line":168},"5":{"name":"jdm_cancelAnimations","decl":{"start":{"line":186,"column":11},"end":{"line":193,"column":5}},"loc":{"start":{"line":186,"column":11},"end":{"line":193,"column":5}},"line":186},"6":{"name":"jdm_resetStyles","decl":{"start":{"line":199,"column":11},"end":{"line":202,"column":5}},"loc":{"start":{"line":199,"column":11},"end":{"line":202,"column":5}},"line":199},"7":{"name":"jdm_animation","decl":{"start":{"line":205,"column":11},"end":{"line":208,"column":5}},"loc":{"start":{"line":205,"column":11},"end":{"line":208,"column":5}},"line":205},"8":{"name":"jdm_hide","decl":{"start":{"line":211,"column":11},"end":{"line":215,"column":5}},"loc":{"start":{"line":211,"column":11},"end":{"line":215,"column":5}},"line":211},"9":{"name":"jdm_show","decl":{"start":{"line":218,"column":11},"end":{"line":222,"column":5}},"loc":{"start":{"line":218,"column":11},"end":{"line":222,"column":5}},"line":218},"10":{"name":"jdm_fadeIn","decl":{"start":{"line":225,"column":11},"end":{"line":227,"column":5}},"loc":{"start":{"line":225,"column":11},"end":{"line":227,"column":5}},"line":225},"11":{"name":"jdm_fadeInDown","decl":{"start":{"line":230,"column":11},"end":{"line":232,"column":5}},"loc":{"start":{"line":230,"column":11},"end":{"line":232,"column":5}},"line":230},"12":{"name":"jdm_fadeInUp","decl":{"start":{"line":235,"column":11},"end":{"line":237,"column":5}},"loc":{"start":{"line":235,"column":11},"end":{"line":237,"column":5}},"line":235},"13":{"name":"jdm_fadeInLeft","decl":{"start":{"line":240,"column":11},"end":{"line":242,"column":5}},"loc":{"start":{"line":240,"column":11},"end":{"line":242,"column":5}},"line":240},"14":{"name":"jdm_fadeInRight","decl":{"start":{"line":245,"column":11},"end":{"line":247,"column":5}},"loc":{"start":{"line":245,"column":11},"end":{"line":247,"column":5}},"line":245},"15":{"name":"jdm_fadeOut","decl":{"start":{"line":250,"column":11},"end":{"line":252,"column":5}},"loc":{"start":{"line":250,"column":11},"end":{"line":252,"column":5}},"line":250},"16":{"name":"jdm_fadeOutDown","decl":{"start":{"line":255,"column":11},"end":{"line":257,"column":5}},"loc":{"start":{"line":255,"column":11},"end":{"line":257,"column":5}},"line":255},"17":{"name":"jdm_fadeOutUp","decl":{"start":{"line":260,"column":11},"end":{"line":262,"column":5}},"loc":{"start":{"line":260,"column":11},"end":{"line":262,"column":5}},"line":260},"18":{"name":"jdm_fadeOutLeft","decl":{"start":{"line":265,"column":11},"end":{"line":267,"column":5}},"loc":{"start":{"line":265,"column":11},"end":{"line":267,"column":5}},"line":265},"19":{"name":"jdm_fadeOutRight","decl":{"start":{"line":270,"column":11},"end":{"line":272,"column":5}},"loc":{"start":{"line":270,"column":11},"end":{"line":272,"column":5}},"line":270},"20":{"name":"jdm_bounce","decl":{"start":{"line":275,"column":11},"end":{"line":277,"column":5}},"loc":{"start":{"line":275,"column":11},"end":{"line":277,"column":5}},"line":275},"21":{"name":"jdm_tada","decl":{"start":{"line":280,"column":11},"end":{"line":282,"column":5}},"loc":{"start":{"line":280,"column":11},"end":{"line":282,"column":5}},"line":280},"22":{"name":"jdm_zoomIn","decl":{"start":{"line":285,"column":11},"end":{"line":287,"column":5}},"loc":{"start":{"line":285,"column":11},"end":{"line":287,"column":5}},"line":285},"23":{"name":"jdm_zoomOut","decl":{"start":{"line":290,"column":11},"end":{"line":292,"column":5}},"loc":{"start":{"line":290,"column":11},"end":{"line":292,"column":5}},"line":290},"24":{"name":"jdm_rotation","decl":{"start":{"line":295,"column":11},"end":{"line":297,"column":5}},"loc":{"start":{"line":295,"column":11},"end":{"line":297,"column":5}},"line":295}},"f":{"0":68,"1":7,"2":33,"3":16,"4":2,"5":2,"6":1,"7":33,"8":5,"9":3,"10":4,"11":2,"12":2,"13":2,"14":2,"15":2,"16":2,"17":2,"18":2,"19":2,"20":2,"21":2,"22":2,"23":2,"24":3}}
,"/Users/marcogiacobazzi/localhost/jdm3/src/_common.js": {"path":"/Users/marcogiacobazzi/localhost/jdm3/src/_common.js","all":false,"statementMap":{"0":{"start":{"line":1,"column":0},"end":{"line":1,"column":22}},"1":{"start":{"line":2,"column":0},"end":{"line":2,"column":42}},"2":{"start":{"line":3,"column":0},"end":{"line":3,"column":18}},"3":{"start":{"line":4,"column":0},"end":{"line":4,"column":104}},"4":{"start":{"line":5,"column":0},"end":{"line":5,"column":83}},"5":{"start":{"line":6,"column":0},"end":{"line":6,"column":35}},"6":{"start":{"line":7,"column":0},"end":{"line":7,"column":32}},"7":{"start":{"line":8,"column":0},"end":{"line":8,"column":38}},"8":{"start":{"line":9,"column":0},"end":{"line":9,"column":39}},"9":{"start":{"line":10,"column":0},"end":{"line":10,"column":24}},"10":{"start":{"line":11,"column":0},"end":{"line":11,"column":10}},"11":{"start":{"line":12,"column":0},"end":{"line":12,"column":5}},"13":{"start":{"line":14,"column":0},"end":{"line":14,"column":66}},"14":{"start":{"line":15,"column":0},"end":{"line":15,"column":97}},"15":{"start":{"line":16,"column":0},"end":{"line":16,"column":5}},"17":{"start":{"line":18,"column":0},"end":{"line":18,"column":25}},"18":{"start":{"line":19,"column":0},"end":{"line":19,"column":43}},"19":{"start":{"line":20,"column":0},"end":{"line":20,"column":5}},"20":{"start":{"line":21,"column":0},"end":{"line":21,"column":1}}},"s":{"0":1,"1":1,"2":9,"3":9,"4":9,"5":9,"6":13,"7":13,"8":8,"9":13,"10":9,"11":9,"13":1,"14":8,"15":8,"17":1,"18":3,"19":3,"20":1},"branchMap":{"0":{"type":"branch","line":2,"loc":{"start":{"line":2,"column":11},"end":{"line":12,"column":5}},"locations":[{"start":{"line":2,"column":11},"end":{"line":12,"column":5}}]},"1":{"type":"branch","line":6,"loc":{"start":{"line":6,"column":15},"end":{"line":11,"column":9}},"locations":[{"start":{"line":6,"column":15},"end":{"line":11,"column":9}}]},"2":{"type":"branch","line":8,"loc":{"start":{"line":8,"column":31},"end":{"line":10,"column":13}},"locations":[{"start":{"line":8,"column":31},"end":{"line":10,"column":13}}]},"3":{"type":"branch","line":14,"loc":{"start":{"line":14,"column":11},"end":{"line":16,"column":5}},"locations":[{"start":{"line":14,"column":11},"end":{"line":16,"column":5}}]},"4":{"type":"branch","line":18,"loc":{"start":{"line":18,"column":11},"end":{"line":20,"column":5}},"locations":[{"start":{"line":18,"column":11},"end":{"line":20,"column":5}}]},"5":{"type":"branch","line":19,"loc":{"start":{"line":19,"column":27},"end":{"line":19,"column":40}},"locations":[{"start":{"line":19,"column":27},"end":{"line":19,"column":40}}]}},"b":{"0":[9],"1":[13],"2":[8],"3":[8],"4":[3],"5":[2]},"fnMap":{"0":{"name":"debounce","decl":{"start":{"line":2,"column":11},"end":{"line":12,"column":5}},"loc":{"start":{"line":2,"column":11},"end":{"line":12,"column":5}},"line":2},"1":{"name":"genEvent","decl":{"start":{"line":14,"column":11},"end":{"line":16,"column":5}},"loc":{"start":{"line":14,"column":11},"end":{"line":16,"column":5}},"line":14},"2":{"name":"getTag","decl":{"start":{"line":18,"column":11},"end":{"line":20,"column":5}},"loc":{"start":{"line":18,"column":11},"end":{"line":20,"column":5}},"line":18}},"f":{"0":9,"1":8,"2":3}}
,"/Users/marcogiacobazzi/localhost/jdm3/src/_core.js": {"path":"/Users/marcogiacobazzi/localhost/jdm3/src/_core.js","all":false,"statementMap":{"0":{"start":{"line":1,"column":0},"end":{"line":1,"column":42}},"1":{"start":{"line":2,"column":0},"end":{"line":2,"column":36}},"3":{"start":{"line":4,"column":0},"end":{"line":4,"column":20}},"4":{"start":{"line":5,"column":0},"end":{"line":5,"column":22}},"5":{"start":{"line":6,"column":0},"end":{"line":6,"column":36}},"6":{"start":{"line":7,"column":0},"end":{"line":7,"column":41}},"7":{"start":{"line":8,"column":0},"end":{"line":8,"column":48}},"8":{"start":{"line":9,"column":0},"end":{"line":9,"column":47}},"9":{"start":{"line":10,"column":0},"end":{"line":10,"column":13}},"10":{"start":{"line":11,"column":0},"end":{"line":11,"column":33}},"11":{"start":{"line":12,"column":0},"end":{"line":12,"column":47}},"12":{"start":{"line":13,"column":0},"end":{"line":13,"column":9}},"13":{"start":{"line":14,"column":0},"end":{"line":14,"column":25}},"14":{"start":{"line":15,"column":0},"end":{"line":15,"column":5}},"16":{"start":{"line":17,"column":0},"end":{"line":17,"column":22}},"17":{"start":{"line":18,"column":0},"end":{"line":18,"column":37}},"18":{"start":{"line":19,"column":0},"end":{"line":19,"column":55}},"20":{"start":{"line":21,"column":0},"end":{"line":21,"column":41}},"21":{"start":{"line":22,"column":0},"end":{"line":22,"column":48}},"22":{"start":{"line":23,"column":0},"end":{"line":23,"column":43}},"23":{"start":{"line":24,"column":0},"end":{"line":24,"column":13}},"24":{"start":{"line":25,"column":0},"end":{"line":25,"column":33}},"25":{"start":{"line":26,"column":0},"end":{"line":26,"column":43}},"26":{"start":{"line":27,"column":0},"end":{"line":27,"column":9}},"27":{"start":{"line":28,"column":0},"end":{"line":28,"column":25}},"28":{"start":{"line":29,"column":0},"end":{"line":29,"column":5}},"30":{"start":{"line":31,"column":0},"end":{"line":31,"column":22}},"31":{"start":{"line":32,"column":0},"end":{"line":32,"column":42}},"32":{"start":{"line":33,"column":0},"end":{"line":33,"column":79}},"33":{"start":{"line":34,"column":0},"end":{"line":34,"column":44}},"34":{"start":{"line":35,"column":0},"end":{"line":35,"column":22}},"35":{"start":{"line":36,"column":0},"end":{"line":36,"column":71}},"36":{"start":{"line":37,"column":0},"end":{"line":37,"column":29}},"37":{"start":{"line":38,"column":0},"end":{"line":38,"column":9}},"38":{"start":{"line":39,"column":0},"end":{"line":39,"column":44}},"39":{"start":{"line":40,"column":0},"end":{"line":40,"column":52}},"40":{"start":{"line":41,"column":0},"end":{"line":41,"column":9}},"41":{"start":{"line":42,"column":0},"end":{"line":42,"column":25}},"42":{"start":{"line":43,"column":0},"end":{"line":43,"column":5}},"44":{"start":{"line":45,"column":0},"end":{"line":45,"column":22}},"45":{"start":{"line":46,"column":0},"end":{"line":46,"column":41}},"46":{"start":{"line":47,"column":0},"end":{"line":47,"column":79}},"47":{"start":{"line":48,"column":0},"end":{"line":48,"column":44}},"48":{"start":{"line":49,"column":0},"end":{"line":49,"column":22}},"49":{"start":{"line":50,"column":0},"end":{"line":50,"column":70}},"50":{"start":{"line":51,"column":0},"end":{"line":51,"column":29}},"51":{"start":{"line":52,"column":0},"end":{"line":52,"column":9}},"52":{"start":{"line":53,"column":0},"end":{"line":53,"column":104}},"53":{"start":{"line":54,"column":0},"end":{"line":54,"column":85}},"54":{"start":{"line":55,"column":0},"end":{"line":55,"column":59}},"55":{"start":{"line":56,"column":0},"end":{"line":56,"column":71}},"56":{"start":{"line":57,"column":0},"end":{"line":57,"column":9}},"57":{"start":{"line":58,"column":0},"end":{"line":58,"column":25}},"58":{"start":{"line":59,"column":0},"end":{"line":59,"column":5}},"60":{"start":{"line":61,"column":0},"end":{"line":61,"column":22}},"61":{"start":{"line":62,"column":0},"end":{"line":62,"column":52}},"62":{"start":{"line":63,"column":0},"end":{"line":63,"column":25}},"63":{"start":{"line":64,"column":0},"end":{"line":64,"column":73}},"64":{"start":{"line":65,"column":0},"end":{"line":65,"column":29}},"65":{"start":{"line":66,"column":0},"end":{"line":66,"column":9}},"66":{"start":{"line":67,"column":0},"end":{"line":67,"column":84}},"67":{"start":{"line":68,"column":0},"end":{"line":68,"column":70}},"68":{"start":{"line":69,"column":0},"end":{"line":69,"column":25}},"69":{"start":{"line":70,"column":0},"end":{"line":70,"column":5}},"71":{"start":{"line":72,"column":0},"end":{"line":72,"column":22}},"72":{"start":{"line":73,"column":0},"end":{"line":73,"column":40}},"73":{"start":{"line":74,"column":0},"end":{"line":74,"column":49}},"74":{"start":{"line":75,"column":0},"end":{"line":75,"column":5}},"76":{"start":{"line":77,"column":0},"end":{"line":77,"column":22}},"77":{"start":{"line":78,"column":0},"end":{"line":78,"column":43}},"78":{"start":{"line":79,"column":0},"end":{"line":79,"column":45}},"79":{"start":{"line":80,"column":0},"end":{"line":80,"column":25}},"80":{"start":{"line":81,"column":0},"end":{"line":81,"column":5}},"82":{"start":{"line":83,"column":0},"end":{"line":83,"column":22}},"83":{"start":{"line":84,"column":0},"end":{"line":84,"column":26}},"84":{"start":{"line":85,"column":0},"end":{"line":85,"column":41}},"85":{"start":{"line":86,"column":0},"end":{"line":86,"column":25}},"86":{"start":{"line":87,"column":0},"end":{"line":87,"column":5}},"88":{"start":{"line":89,"column":0},"end":{"line":89,"column":22}},"89":{"start":{"line":90,"column":0},"end":{"line":90,"column":40}},"90":{"start":{"line":91,"column":0},"end":{"line":91,"column":39}},"91":{"start":{"line":92,"column":0},"end":{"line":92,"column":42}},"92":{"start":{"line":93,"column":0},"end":{"line":93,"column":45}},"93":{"start":{"line":94,"column":0},"end":{"line":94,"column":13}},"94":{"start":{"line":95,"column":0},"end":{"line":95,"column":31}},"95":{"start":{"line":96,"column":0},"end":{"line":96,"column":47}},"96":{"start":{"line":97,"column":0},"end":{"line":97,"column":9}},"97":{"start":{"line":98,"column":0},"end":{"line":98,"column":25}},"98":{"start":{"line":99,"column":0},"end":{"line":99,"column":5}},"100":{"start":{"line":101,"column":0},"end":{"line":101,"column":22}},"101":{"start":{"line":102,"column":0},"end":{"line":102,"column":43}},"102":{"start":{"line":103,"column":0},"end":{"line":103,"column":39}},"103":{"start":{"line":104,"column":0},"end":{"line":104,"column":42}},"104":{"start":{"line":105,"column":0},"end":{"line":105,"column":48}},"105":{"start":{"line":106,"column":0},"end":{"line":106,"column":13}},"106":{"start":{"line":107,"column":0},"end":{"line":107,"column":31}},"107":{"start":{"line":108,"column":0},"end":{"line":108,"column":50}},"108":{"start":{"line":109,"column":0},"end":{"line":109,"column":9}},"109":{"start":{"line":110,"column":0},"end":{"line":110,"column":25}},"110":{"start":{"line":111,"column":0},"end":{"line":111,"column":5}},"112":{"start":{"line":113,"column":0},"end":{"line":113,"column":22}},"113":{"start":{"line":114,"column":0},"end":{"line":114,"column":43}},"114":{"start":{"line":115,"column":0},"end":{"line":115,"column":39}},"115":{"start":{"line":116,"column":0},"end":{"line":116,"column":42}},"116":{"start":{"line":117,"column":0},"end":{"line":117,"column":48}},"117":{"start":{"line":118,"column":0},"end":{"line":118,"column":13}},"118":{"start":{"line":119,"column":0},"end":{"line":119,"column":31}},"119":{"start":{"line":120,"column":0},"end":{"line":120,"column":50}},"120":{"start":{"line":121,"column":0},"end":{"line":121,"column":9}},"121":{"start":{"line":122,"column":0},"end":{"line":122,"column":25}},"122":{"start":{"line":123,"column":0},"end":{"line":123,"column":5}},"124":{"start":{"line":125,"column":0},"end":{"line":125,"column":22}},"125":{"start":{"line":126,"column":0},"end":{"line":126,"column":55}},"126":{"start":{"line":127,"column":0},"end":{"line":127,"column":71}},"127":{"start":{"line":128,"column":0},"end":{"line":128,"column":139}},"128":{"start":{"line":129,"column":0},"end":{"line":129,"column":5}},"130":{"start":{"line":131,"column":0},"end":{"line":131,"column":22}},"131":{"start":{"line":132,"column":0},"end":{"line":132,"column":24}},"132":{"start":{"line":133,"column":0},"end":{"line":133,"column":100}},"133":{"start":{"line":134,"column":0},"end":{"line":134,"column":38}},"134":{"start":{"line":135,"column":0},"end":{"line":135,"column":69}},"135":{"start":{"line":136,"column":0},"end":{"line":136,"column":35}},"136":{"start":{"line":137,"column":0},"end":{"line":137,"column":41}},"137":{"start":{"line":138,"column":0},"end":{"line":138,"column":49}},"138":{"start":{"line":139,"column":0},"end":{"line":139,"column":59}},"139":{"start":{"line":140,"column":0},"end":{"line":140,"column":82}},"140":{"start":{"line":141,"column":0},"end":{"line":141,"column":48}},"141":{"start":{"line":142,"column":0},"end":{"line":142,"column":101}},"142":{"start":{"line":143,"column":0},"end":{"line":143,"column":63}},"143":{"start":{"line":144,"column":0},"end":{"line":144,"column":49}},"144":{"start":{"line":145,"column":0},"end":{"line":145,"column":25}},"145":{"start":{"line":146,"column":0},"end":{"line":146,"column":28}},"146":{"start":{"line":147,"column":0},"end":{"line":147,"column":43}},"147":{"start":{"line":148,"column":0},"end":{"line":148,"column":21}},"148":{"start":{"line":149,"column":0},"end":{"line":149,"column":17}},"149":{"start":{"line":150,"column":0},"end":{"line":150,"column":13}},"150":{"start":{"line":151,"column":0},"end":{"line":151,"column":16}},"151":{"start":{"line":152,"column":0},"end":{"line":152,"column":37}},"152":{"start":{"line":153,"column":0},"end":{"line":153,"column":9}},"153":{"start":{"line":154,"column":0},"end":{"line":154,"column":25}},"154":{"start":{"line":155,"column":0},"end":{"line":155,"column":5}},"156":{"start":{"line":157,"column":0},"end":{"line":157,"column":22}},"157":{"start":{"line":158,"column":0},"end":{"line":158,"column":26}},"158":{"start":{"line":159,"column":0},"end":{"line":159,"column":27}},"159":{"start":{"line":160,"column":0},"end":{"line":160,"column":25}},"160":{"start":{"line":161,"column":0},"end":{"line":161,"column":5}},"162":{"start":{"line":163,"column":0},"end":{"line":163,"column":22}},"163":{"start":{"line":164,"column":0},"end":{"line":164,"column":27}},"164":{"start":{"line":165,"column":0},"end":{"line":165,"column":60}},"165":{"start":{"line":166,"column":0},"end":{"line":166,"column":76}},"166":{"start":{"line":167,"column":0},"end":{"line":167,"column":29}},"167":{"start":{"line":168,"column":0},"end":{"line":168,"column":9}},"168":{"start":{"line":169,"column":0},"end":{"line":169,"column":51}},"169":{"start":{"line":170,"column":0},"end":{"line":170,"column":48}},"170":{"start":{"line":171,"column":0},"end":{"line":171,"column":25}},"171":{"start":{"line":172,"column":0},"end":{"line":172,"column":5}},"173":{"start":{"line":174,"column":0},"end":{"line":174,"column":22}},"174":{"start":{"line":175,"column":0},"end":{"line":175,"column":39}},"175":{"start":{"line":176,"column":0},"end":{"line":176,"column":39}},"176":{"start":{"line":177,"column":0},"end":{"line":177,"column":25}},"177":{"start":{"line":178,"column":0},"end":{"line":178,"column":5}},"179":{"start":{"line":180,"column":0},"end":{"line":180,"column":22}},"180":{"start":{"line":181,"column":0},"end":{"line":181,"column":48}},"181":{"start":{"line":182,"column":0},"end":{"line":182,"column":85}},"182":{"start":{"line":183,"column":0},"end":{"line":183,"column":102}},"183":{"start":{"line":184,"column":0},"end":{"line":184,"column":29}},"184":{"start":{"line":185,"column":0},"end":{"line":185,"column":9}},"185":{"start":{"line":186,"column":0},"end":{"line":186,"column":33}},"186":{"start":{"line":187,"column":0},"end":{"line":187,"column":25}},"187":{"start":{"line":188,"column":0},"end":{"line":188,"column":5}},"189":{"start":{"line":190,"column":0},"end":{"line":190,"column":22}},"190":{"start":{"line":191,"column":0},"end":{"line":191,"column":33}},"191":{"start":{"line":192,"column":0},"end":{"line":192,"column":36}},"192":{"start":{"line":193,"column":0},"end":{"line":193,"column":25}},"193":{"start":{"line":194,"column":0},"end":{"line":194,"column":5}},"195":{"start":{"line":196,"column":0},"end":{"line":196,"column":22}},"196":{"start":{"line":197,"column":0},"end":{"line":197,"column":71}},"197":{"start":{"line":198,"column":0},"end":{"line":198,"column":29}},"199":{"start":{"line":200,"column":0},"end":{"line":200,"column":32}},"200":{"start":{"line":201,"column":0},"end":{"line":201,"column":49}},"201":{"start":{"line":202,"column":0},"end":{"line":202,"column":16}},"202":{"start":{"line":203,"column":0},"end":{"line":203,"column":33}},"203":{"start":{"line":204,"column":0},"end":{"line":204,"column":9}},"205":{"start":{"line":206,"column":0},"end":{"line":206,"column":44}},"206":{"start":{"line":207,"column":0},"end":{"line":207,"column":16}},"207":{"start":{"line":208,"column":0},"end":{"line":208,"column":60}},"208":{"start":{"line":209,"column":0},"end":{"line":209,"column":61}},"209":{"start":{"line":210,"column":0},"end":{"line":210,"column":60}},"210":{"start":{"line":211,"column":0},"end":{"line":211,"column":15}},"211":{"start":{"line":212,"column":0},"end":{"line":212,"column":57}},"212":{"start":{"line":213,"column":0},"end":{"line":213,"column":62}},"213":{"start":{"line":214,"column":0},"end":{"line":214,"column":19}},"214":{"start":{"line":215,"column":0},"end":{"line":215,"column":20}},"215":{"start":{"line":216,"column":0},"end":{"line":216,"column":57}},"216":{"start":{"line":217,"column":0},"end":{"line":217,"column":63}},"217":{"start":{"line":218,"column":0},"end":{"line":218,"column":19}},"218":{"start":{"line":219,"column":0},"end":{"line":219,"column":13}},"220":{"start":{"line":221,"column":0},"end":{"line":221,"column":36}},"221":{"start":{"line":222,"column":0},"end":{"line":222,"column":96}},"222":{"start":{"line":223,"column":0},"end":{"line":223,"column":47}},"223":{"start":{"line":224,"column":0},"end":{"line":224,"column":113}},"224":{"start":{"line":225,"column":0},"end":{"line":225,"column":66}},"225":{"start":{"line":226,"column":0},"end":{"line":226,"column":13}},"226":{"start":{"line":227,"column":0},"end":{"line":227,"column":9}},"228":{"start":{"line":229,"column":0},"end":{"line":229,"column":25}},"229":{"start":{"line":230,"column":0},"end":{"line":230,"column":5}},"231":{"start":{"line":232,"column":0},"end":{"line":232,"column":22}},"232":{"start":{"line":233,"column":0},"end":{"line":233,"column":51}},"233":{"start":{"line":234,"column":0},"end":{"line":234,"column":25}},"234":{"start":{"line":235,"column":0},"end":{"line":235,"column":17}},"235":{"start":{"line":236,"column":0},"end":{"line":236,"column":42}},"236":{"start":{"line":237,"column":0},"end":{"line":237,"column":21}},"237":{"start":{"line":238,"column":0},"end":{"line":238,"column":75}},"238":{"start":{"line":239,"column":0},"end":{"line":239,"column":13}},"239":{"start":{"line":240,"column":0},"end":{"line":240,"column":9}},"241":{"start":{"line":242,"column":0},"end":{"line":242,"column":74}},"242":{"start":{"line":243,"column":0},"end":{"line":243,"column":38}},"243":{"start":{"line":244,"column":0},"end":{"line":244,"column":41}},"244":{"start":{"line":245,"column":0},"end":{"line":245,"column":45}},"245":{"start":{"line":246,"column":0},"end":{"line":246,"column":68}},"246":{"start":{"line":247,"column":0},"end":{"line":247,"column":107}},"247":{"start":{"line":248,"column":0},"end":{"line":248,"column":65}},"248":{"start":{"line":249,"column":0},"end":{"line":249,"column":24}},"249":{"start":{"line":250,"column":0},"end":{"line":250,"column":96}},"250":{"start":{"line":251,"column":0},"end":{"line":251,"column":58}},"251":{"start":{"line":252,"column":0},"end":{"line":252,"column":17}},"252":{"start":{"line":253,"column":0},"end":{"line":253,"column":14}},"254":{"start":{"line":255,"column":0},"end":{"line":255,"column":49}},"255":{"start":{"line":256,"column":0},"end":{"line":256,"column":65}},"256":{"start":{"line":257,"column":0},"end":{"line":257,"column":14}},"258":{"start":{"line":259,"column":0},"end":{"line":259,"column":63}},"259":{"start":{"line":260,"column":0},"end":{"line":260,"column":69}},"260":{"start":{"line":261,"column":0},"end":{"line":261,"column":54}},"261":{"start":{"line":262,"column":0},"end":{"line":262,"column":44}},"262":{"start":{"line":263,"column":0},"end":{"line":263,"column":68}},"263":{"start":{"line":264,"column":0},"end":{"line":264,"column":101}},"264":{"start":{"line":265,"column":0},"end":{"line":265,"column":50}},"265":{"start":{"line":266,"column":0},"end":{"line":266,"column":60}},"266":{"start":{"line":267,"column":0},"end":{"line":267,"column":55}},"267":{"start":{"line":268,"column":0},"end":{"line":268,"column":95}},"268":{"start":{"line":269,"column":0},"end":{"line":269,"column":64}},"269":{"start":{"line":270,"column":0},"end":{"line":270,"column":87}},"270":{"start":{"line":271,"column":0},"end":{"line":271,"column":35}},"271":{"start":{"line":272,"column":0},"end":{"line":272,"column":85}},"272":{"start":{"line":273,"column":0},"end":{"line":273,"column":64}},"273":{"start":{"line":274,"column":0},"end":{"line":274,"column":36}},"274":{"start":{"line":275,"column":0},"end":{"line":275,"column":57}},"275":{"start":{"line":276,"column":0},"end":{"line":276,"column":29}},"276":{"start":{"line":277,"column":0},"end":{"line":277,"column":25}},"277":{"start":{"line":278,"column":0},"end":{"line":278,"column":77}},"278":{"start":{"line":279,"column":0},"end":{"line":279,"column":56}},"279":{"start":{"line":280,"column":0},"end":{"line":280,"column":21}},"280":{"start":{"line":281,"column":0},"end":{"line":281,"column":17}},"281":{"start":{"line":282,"column":0},"end":{"line":282,"column":14}},"282":{"start":{"line":283,"column":0},"end":{"line":283,"column":43}},"283":{"start":{"line":284,"column":0},"end":{"line":284,"column":16}},"284":{"start":{"line":285,"column":0},"end":{"line":285,"column":116}},"285":{"start":{"line":286,"column":0},"end":{"line":286,"column":38}},"286":{"start":{"line":287,"column":0},"end":{"line":287,"column":40}},"287":{"start":{"line":288,"column":0},"end":{"line":288,"column":117}},"288":{"start":{"line":289,"column":0},"end":{"line":289,"column":24}},"289":{"start":{"line":290,"column":0},"end":{"line":290,"column":42}},"290":{"start":{"line":291,"column":0},"end":{"line":291,"column":17}},"291":{"start":{"line":292,"column":0},"end":{"line":292,"column":20}},"292":{"start":{"line":293,"column":0},"end":{"line":293,"column":40}},"293":{"start":{"line":294,"column":0},"end":{"line":294,"column":13}},"294":{"start":{"line":295,"column":0},"end":{"line":295,"column":9}},"296":{"start":{"line":297,"column":0},"end":{"line":297,"column":25}},"297":{"start":{"line":298,"column":0},"end":{"line":298,"column":5}},"299":{"start":{"line":300,"column":0},"end":{"line":300,"column":7}},"300":{"start":{"line":301,"column":0},"end":{"line":301,"column":70}},"301":{"start":{"line":302,"column":0},"end":{"line":302,"column":75}},"302":{"start":{"line":303,"column":0},"end":{"line":303,"column":18}},"303":{"start":{"line":304,"column":0},"end":{"line":304,"column":7}},"304":{"start":{"line":305,"column":0},"end":{"line":305,"column":35}},"305":{"start":{"line":306,"column":0},"end":{"line":306,"column":59}},"306":{"start":{"line":307,"column":0},"end":{"line":307,"column":5}},"308":{"start":{"line":309,"column":0},"end":{"line":309,"column":7}},"309":{"start":{"line":310,"column":0},"end":{"line":310,"column":96}},"310":{"start":{"line":311,"column":0},"end":{"line":311,"column":93}},"311":{"start":{"line":312,"column":0},"end":{"line":312,"column":18}},"312":{"start":{"line":313,"column":0},"end":{"line":313,"column":7}},"313":{"start":{"line":314,"column":0},"end":{"line":314,"column":30}},"314":{"start":{"line":315,"column":0},"end":{"line":315,"column":64}},"315":{"start":{"line":316,"column":0},"end":{"line":316,"column":100}},"316":{"start":{"line":317,"column":0},"end":{"line":317,"column":37}},"317":{"start":{"line":318,"column":0},"end":{"line":318,"column":9}},"318":{"start":{"line":319,"column":0},"end":{"line":319,"column":31}},"319":{"start":{"line":320,"column":0},"end":{"line":320,"column":5}},"321":{"start":{"line":322,"column":0},"end":{"line":322,"column":7}},"322":{"start":{"line":323,"column":0},"end":{"line":323,"column":88}},"323":{"start":{"line":324,"column":0},"end":{"line":324,"column":18}},"324":{"start":{"line":325,"column":0},"end":{"line":325,"column":24}},"325":{"start":{"line":326,"column":0},"end":{"line":326,"column":7}},"326":{"start":{"line":327,"column":0},"end":{"line":327,"column":35}},"327":{"start":{"line":328,"column":0},"end":{"line":328,"column":88}},"328":{"start":{"line":329,"column":0},"end":{"line":329,"column":42}},"329":{"start":{"line":330,"column":0},"end":{"line":330,"column":17}},"330":{"start":{"line":331,"column":0},"end":{"line":331,"column":5}},"332":{"start":{"line":333,"column":0},"end":{"line":333,"column":22}},"334":{"start":{"line":335,"column":0},"end":{"line":335,"column":27}},"335":{"start":{"line":336,"column":0},"end":{"line":336,"column":100}},"336":{"start":{"line":337,"column":0},"end":{"line":337,"column":37}},"337":{"start":{"line":338,"column":0},"end":{"line":338,"column":41}},"338":{"start":{"line":339,"column":0},"end":{"line":339,"column":53}},"339":{"start":{"line":340,"column":0},"end":{"line":340,"column":28}},"341":{"start":{"line":342,"column":0},"end":{"line":342,"column":58}},"342":{"start":{"line":343,"column":0},"end":{"line":343,"column":52}},"343":{"start":{"line":344,"column":0},"end":{"line":344,"column":56}},"344":{"start":{"line":345,"column":0},"end":{"line":345,"column":38}},"345":{"start":{"line":346,"column":0},"end":{"line":346,"column":69}},"346":{"start":{"line":347,"column":0},"end":{"line":347,"column":43}},"348":{"start":{"line":349,"column":0},"end":{"line":349,"column":55}},"349":{"start":{"line":350,"column":0},"end":{"line":350,"column":47}},"350":{"start":{"line":351,"column":0},"end":{"line":351,"column":50}},"351":{"start":{"line":352,"column":0},"end":{"line":352,"column":78}},"352":{"start":{"line":353,"column":0},"end":{"line":353,"column":21}},"353":{"start":{"line":354,"column":0},"end":{"line":354,"column":56}},"354":{"start":{"line":355,"column":0},"end":{"line":355,"column":17}},"356":{"start":{"line":357,"column":0},"end":{"line":357,"column":37}},"357":{"start":{"line":358,"column":0},"end":{"line":358,"column":45}},"358":{"start":{"line":359,"column":0},"end":{"line":359,"column":46}},"359":{"start":{"line":360,"column":0},"end":{"line":360,"column":21}},"360":{"start":{"line":361,"column":0},"end":{"line":361,"column":60}},"361":{"start":{"line":362,"column":0},"end":{"line":362,"column":64}},"362":{"start":{"line":363,"column":0},"end":{"line":363,"column":52}},"363":{"start":{"line":364,"column":0},"end":{"line":364,"column":49}},"364":{"start":{"line":365,"column":0},"end":{"line":365,"column":71}},"365":{"start":{"line":366,"column":0},"end":{"line":366,"column":24}},"366":{"start":{"line":367,"column":0},"end":{"line":367,"column":45}},"367":{"start":{"line":368,"column":0},"end":{"line":368,"column":36}},"368":{"start":{"line":369,"column":0},"end":{"line":369,"column":62}},"369":{"start":{"line":370,"column":0},"end":{"line":370,"column":60}},"370":{"start":{"line":371,"column":0},"end":{"line":371,"column":25}},"371":{"start":{"line":372,"column":0},"end":{"line":372,"column":28}},"372":{"start":{"line":373,"column":0},"end":{"line":373,"column":52}},"373":{"start":{"line":374,"column":0},"end":{"line":374,"column":21}},"374":{"start":{"line":375,"column":0},"end":{"line":375,"column":17}},"375":{"start":{"line":376,"column":0},"end":{"line":376,"column":13}},"376":{"start":{"line":377,"column":0},"end":{"line":377,"column":24}},"377":{"start":{"line":378,"column":0},"end":{"line":378,"column":43}},"378":{"start":{"line":379,"column":0},"end":{"line":379,"column":35}},"379":{"start":{"line":380,"column":0},"end":{"line":380,"column":16}},"380":{"start":{"line":381,"column":0},"end":{"line":381,"column":35}},"381":{"start":{"line":382,"column":0},"end":{"line":382,"column":9}},"382":{"start":{"line":383,"column":0},"end":{"line":383,"column":5}},"384":{"start":{"line":385,"column":0},"end":{"line":385,"column":22}},"385":{"start":{"line":386,"column":0},"end":{"line":386,"column":71}},"386":{"start":{"line":387,"column":0},"end":{"line":387,"column":68}},"387":{"start":{"line":388,"column":0},"end":{"line":388,"column":25}},"388":{"start":{"line":389,"column":0},"end":{"line":389,"column":5}},"390":{"start":{"line":391,"column":0},"end":{"line":391,"column":22}},"391":{"start":{"line":392,"column":0},"end":{"line":392,"column":54}},"392":{"start":{"line":393,"column":0},"end":{"line":393,"column":45}},"393":{"start":{"line":394,"column":0},"end":{"line":394,"column":25}},"394":{"start":{"line":395,"column":0},"end":{"line":395,"column":5}},"396":{"start":{"line":397,"column":0},"end":{"line":397,"column":22}},"397":{"start":{"line":398,"column":0},"end":{"line":398,"column":57}},"398":{"start":{"line":399,"column":0},"end":{"line":399,"column":48}},"399":{"start":{"line":400,"column":0},"end":{"line":400,"column":25}},"400":{"start":{"line":401,"column":0},"end":{"line":401,"column":5}},"402":{"start":{"line":403,"column":0},"end":{"line":403,"column":22}},"403":{"start":{"line":404,"column":0},"end":{"line":404,"column":34}},"404":{"start":{"line":405,"column":0},"end":{"line":405,"column":93}},"405":{"start":{"line":406,"column":0},"end":{"line":406,"column":81}},"406":{"start":{"line":407,"column":0},"end":{"line":407,"column":53}},"407":{"start":{"line":408,"column":0},"end":{"line":408,"column":13}},"408":{"start":{"line":409,"column":0},"end":{"line":409,"column":9}},"410":{"start":{"line":411,"column":0},"end":{"line":411,"column":25}},"411":{"start":{"line":412,"column":0},"end":{"line":412,"column":5}},"413":{"start":{"line":414,"column":0},"end":{"line":414,"column":22}},"414":{"start":{"line":415,"column":0},"end":{"line":415,"column":25}},"415":{"start":{"line":416,"column":0},"end":{"line":416,"column":79}},"416":{"start":{"line":417,"column":0},"end":{"line":417,"column":62}},"417":{"start":{"line":418,"column":0},"end":{"line":418,"column":13}},"418":{"start":{"line":419,"column":0},"end":{"line":419,"column":31}},"419":{"start":{"line":420,"column":0},"end":{"line":420,"column":21}},"420":{"start":{"line":421,"column":0},"end":{"line":421,"column":60}},"421":{"start":{"line":422,"column":0},"end":{"line":422,"column":9}},"422":{"start":{"line":423,"column":0},"end":{"line":423,"column":25}},"423":{"start":{"line":424,"column":0},"end":{"line":424,"column":5}},"425":{"start":{"line":426,"column":0},"end":{"line":426,"column":22}},"426":{"start":{"line":427,"column":0},"end":{"line":427,"column":44}},"427":{"start":{"line":428,"column":0},"end":{"line":428,"column":56}},"428":{"start":{"line":429,"column":0},"end":{"line":429,"column":25}},"429":{"start":{"line":430,"column":0},"end":{"line":430,"column":5}},"431":{"start":{"line":432,"column":0},"end":{"line":432,"column":22}},"432":{"start":{"line":433,"column":0},"end":{"line":433,"column":45}},"433":{"start":{"line":434,"column":0},"end":{"line":434,"column":57}},"434":{"start":{"line":435,"column":0},"end":{"line":435,"column":25}},"435":{"start":{"line":436,"column":0},"end":{"line":436,"column":5}},"437":{"start":{"line":438,"column":0},"end":{"line":438,"column":22}},"438":{"start":{"line":439,"column":0},"end":{"line":439,"column":45}},"439":{"start":{"line":440,"column":0},"end":{"line":440,"column":57}},"440":{"start":{"line":441,"column":0},"end":{"line":441,"column":25}},"441":{"start":{"line":442,"column":0},"end":{"line":442,"column":5}},"443":{"start":{"line":444,"column":0},"end":{"line":444,"column":22}},"444":{"start":{"line":445,"column":0},"end":{"line":445,"column":101}},"445":{"start":{"line":446,"column":0},"end":{"line":446,"column":82}},"446":{"start":{"line":447,"column":0},"end":{"line":447,"column":25}},"447":{"start":{"line":448,"column":0},"end":{"line":448,"column":5}},"449":{"start":{"line":450,"column":0},"end":{"line":450,"column":22}},"450":{"start":{"line":451,"column":0},"end":{"line":451,"column":44}},"451":{"start":{"line":452,"column":0},"end":{"line":452,"column":56}},"452":{"start":{"line":453,"column":0},"end":{"line":453,"column":25}},"453":{"start":{"line":454,"column":0},"end":{"line":454,"column":5}},"455":{"start":{"line":456,"column":0},"end":{"line":456,"column":22}},"456":{"start":{"line":457,"column":0},"end":{"line":457,"column":49}},"457":{"start":{"line":458,"column":0},"end":{"line":458,"column":62}},"458":{"start":{"line":459,"column":0},"end":{"line":459,"column":25}},"459":{"start":{"line":460,"column":0},"end":{"line":460,"column":5}},"461":{"start":{"line":462,"column":0},"end":{"line":462,"column":22}},"462":{"start":{"line":463,"column":0},"end":{"line":463,"column":50}},"463":{"start":{"line":464,"column":0},"end":{"line":464,"column":59}},"464":{"start":{"line":465,"column":0},"end":{"line":465,"column":25}},"465":{"start":{"line":466,"column":0},"end":{"line":466,"column":5}},"467":{"start":{"line":468,"column":0},"end":{"line":468,"column":22}},"468":{"start":{"line":469,"column":0},"end":{"line":469,"column":46}},"469":{"start":{"line":470,"column":0},"end":{"line":470,"column":58}},"470":{"start":{"line":471,"column":0},"end":{"line":471,"column":25}},"471":{"start":{"line":472,"column":0},"end":{"line":472,"column":5}},"473":{"start":{"line":474,"column":0},"end":{"line":474,"column":22}},"474":{"start":{"line":475,"column":0},"end":{"line":475,"column":43}},"475":{"start":{"line":476,"column":0},"end":{"line":476,"column":55}},"476":{"start":{"line":477,"column":0},"end":{"line":477,"column":25}},"477":{"start":{"line":478,"column":0},"end":{"line":478,"column":5}},"479":{"start":{"line":480,"column":0},"end":{"line":480,"column":22}},"480":{"start":{"line":481,"column":0},"end":{"line":481,"column":44}},"481":{"start":{"line":482,"column":0},"end":{"line":482,"column":56}},"482":{"start":{"line":483,"column":0},"end":{"line":483,"column":25}},"483":{"start":{"line":484,"column":0},"end":{"line":484,"column":5}},"485":{"start":{"line":486,"column":0},"end":{"line":486,"column":22}},"486":{"start":{"line":487,"column":0},"end":{"line":487,"column":44}},"487":{"start":{"line":488,"column":0},"end":{"line":488,"column":57}},"488":{"start":{"line":489,"column":0},"end":{"line":489,"column":25}},"489":{"start":{"line":490,"column":0},"end":{"line":490,"column":5}},"490":{"start":{"line":491,"column":0},"end":{"line":491,"column":22}},"491":{"start":{"line":492,"column":0},"end":{"line":492,"column":65}},"492":{"start":{"line":493,"column":0},"end":{"line":493,"column":40}},"493":{"start":{"line":494,"column":0},"end":{"line":494,"column":25}},"494":{"start":{"line":495,"column":0},"end":{"line":495,"column":5}},"496":{"start":{"line":497,"column":0},"end":{"line":497,"column":7}},"497":{"start":{"line":498,"column":0},"end":{"line":498,"column":87}},"498":{"start":{"line":499,"column":0},"end":{"line":499,"column":18}},"499":{"start":{"line":500,"column":0},"end":{"line":500,"column":32}},"500":{"start":{"line":501,"column":0},"end":{"line":501,"column":28}},"501":{"start":{"line":502,"column":0},"end":{"line":502,"column":36}},"502":{"start":{"line":503,"column":0},"end":{"line":503,"column":40}},"503":{"start":{"line":504,"column":0},"end":{"line":504,"column":32}},"504":{"start":{"line":505,"column":0},"end":{"line":505,"column":7}},"505":{"start":{"line":506,"column":0},"end":{"line":506,"column":45}},"506":{"start":{"line":507,"column":0},"end":{"line":507,"column":49}},"507":{"start":{"line":508,"column":0},"end":{"line":508,"column":35}},"508":{"start":{"line":509,"column":0},"end":{"line":509,"column":29}},"509":{"start":{"line":510,"column":0},"end":{"line":510,"column":34}},"510":{"start":{"line":511,"column":0},"end":{"line":511,"column":47}},"511":{"start":{"line":512,"column":0},"end":{"line":512,"column":61}},"512":{"start":{"line":513,"column":0},"end":{"line":513,"column":27}},"513":{"start":{"line":514,"column":0},"end":{"line":514,"column":14}},"514":{"start":{"line":515,"column":0},"end":{"line":515,"column":70}},"515":{"start":{"line":516,"column":0},"end":{"line":516,"column":49}},"516":{"start":{"line":517,"column":0},"end":{"line":517,"column":42}},"517":{"start":{"line":518,"column":0},"end":{"line":518,"column":65}},"518":{"start":{"line":519,"column":0},"end":{"line":519,"column":118}},"519":{"start":{"line":520,"column":0},"end":{"line":520,"column":32}},"520":{"start":{"line":521,"column":0},"end":{"line":521,"column":13}},"521":{"start":{"line":522,"column":0},"end":{"line":522,"column":29}},"522":{"start":{"line":523,"column":0},"end":{"line":523,"column":44}},"523":{"start":{"line":524,"column":0},"end":{"line":524,"column":28}},"524":{"start":{"line":525,"column":0},"end":{"line":525,"column":27}},"525":{"start":{"line":526,"column":0},"end":{"line":526,"column":55}},"526":{"start":{"line":527,"column":0},"end":{"line":527,"column":69}},"527":{"start":{"line":528,"column":0},"end":{"line":528,"column":72}},"528":{"start":{"line":529,"column":0},"end":{"line":529,"column":22}},"529":{"start":{"line":530,"column":0},"end":{"line":530,"column":35}},"530":{"start":{"line":531,"column":0},"end":{"line":531,"column":18}},"531":{"start":{"line":532,"column":0},"end":{"line":532,"column":13}},"532":{"start":{"line":533,"column":0},"end":{"line":533,"column":11}},"533":{"start":{"line":534,"column":0},"end":{"line":534,"column":5}},"535":{"start":{"line":536,"column":0},"end":{"line":536,"column":7}},"536":{"start":{"line":537,"column":0},"end":{"line":537,"column":82}},"537":{"start":{"line":538,"column":0},"end":{"line":538,"column":54}},"538":{"start":{"line":539,"column":0},"end":{"line":539,"column":18}},"539":{"start":{"line":540,"column":0},"end":{"line":540,"column":32}},"540":{"start":{"line":541,"column":0},"end":{"line":541,"column":31}},"541":{"start":{"line":542,"column":0},"end":{"line":542,"column":53}},"542":{"start":{"line":543,"column":0},"end":{"line":543,"column":46}},"543":{"start":{"line":544,"column":0},"end":{"line":544,"column":7}},"544":{"start":{"line":545,"column":0},"end":{"line":545,"column":50}},"545":{"start":{"line":546,"column":0},"end":{"line":546,"column":31}},"546":{"start":{"line":547,"column":0},"end":{"line":547,"column":30}},"547":{"start":{"line":548,"column":0},"end":{"line":548,"column":54}},"548":{"start":{"line":549,"column":0},"end":{"line":549,"column":50}},"549":{"start":{"line":550,"column":0},"end":{"line":550,"column":30}},"550":{"start":{"line":551,"column":0},"end":{"line":551,"column":13}},"551":{"start":{"line":552,"column":0},"end":{"line":552,"column":10}},"552":{"start":{"line":553,"column":0},"end":{"line":553,"column":50}},"553":{"start":{"line":554,"column":0},"end":{"line":554,"column":66}},"554":{"start":{"line":555,"column":0},"end":{"line":555,"column":5}},"556":{"start":{"line":557,"column":0},"end":{"line":557,"column":7}},"557":{"start":{"line":558,"column":0},"end":{"line":558,"column":82}},"558":{"start":{"line":559,"column":0},"end":{"line":559,"column":21}},"559":{"start":{"line":560,"column":0},"end":{"line":560,"column":18}},"560":{"start":{"line":561,"column":0},"end":{"line":561,"column":46}},"561":{"start":{"line":562,"column":0},"end":{"line":562,"column":38}},"562":{"start":{"line":563,"column":0},"end":{"line":563,"column":7}},"563":{"start":{"line":564,"column":0},"end":{"line":564,"column":26}},"564":{"start":{"line":565,"column":0},"end":{"line":565,"column":39}},"565":{"start":{"line":566,"column":0},"end":{"line":566,"column":35}},"566":{"start":{"line":567,"column":0},"end":{"line":567,"column":119}},"567":{"start":{"line":568,"column":0},"end":{"line":568,"column":23}},"568":{"start":{"line":569,"column":0},"end":{"line":569,"column":21}},"569":{"start":{"line":570,"column":0},"end":{"line":570,"column":29}},"570":{"start":{"line":571,"column":0},"end":{"line":571,"column":29}},"571":{"start":{"line":572,"column":0},"end":{"line":572,"column":78}},"572":{"start":{"line":573,"column":0},"end":{"line":573,"column":17}},"573":{"start":{"line":574,"column":0},"end":{"line":574,"column":30}},"574":{"start":{"line":575,"column":0},"end":{"line":575,"column":15}},"575":{"start":{"line":576,"column":0},"end":{"line":576,"column":11}},"576":{"start":{"line":577,"column":0},"end":{"line":577,"column":5}},"577":{"start":{"line":578,"column":0},"end":{"line":578,"column":1}}},"s":{"0":1,"1":1,"3":1,"4":1,"5":1,"6":3,"7":1,"8":2,"9":2,"10":3,"11":1,"12":1,"13":3,"14":3,"16":1,"17":1,"18":3,"20":3,"21":1,"22":2,"23":2,"24":3,"25":1,"26":1,"27":3,"28":3,"30":1,"31":1,"32":5,"33":5,"34":5,"35":2,"36":2,"37":2,"38":5,"39":4,"40":4,"41":3,"42":5,"44":1,"45":1,"46":4,"47":4,"48":4,"49":1,"50":1,"51":1,"52":3,"53":3,"54":4,"55":4,"56":4,"57":3,"58":4,"60":1,"61":1,"62":8,"63":2,"64":2,"65":2,"66":6,"67":8,"68":8,"69":8,"71":1,"72":1,"73":83,"74":83,"76":1,"77":1,"78":1,"79":1,"80":1,"82":1,"83":1,"84":1,"85":1,"86":1,"88":1,"89":1,"90":8,"91":6,"92":12,"93":12,"94":8,"95":2,"96":2,"97":8,"98":8,"100":1,"101":1,"102":2,"103":1,"104":2,"105":2,"106":1,"107":1,"108":1,"109":2,"110":2,"112":1,"113":1,"114":4,"115":2,"116":4,"117":4,"118":2,"119":2,"120":2,"121":4,"122":4,"124":1,"125":1,"126":8,"127":8,"128":8,"130":1,"131":1,"132":7,"133":2,"134":7,"135":3,"136":5,"137":1,"138":1,"139":3,"140":1,"141":3,"142":1,"143":2,"144":2,"145":1,"146":1,"147":1,"148":3,"149":1,"150":1,"151":1,"152":1,"153":7,"154":7,"156":1,"157":1,"158":1,"159":1,"160":1,"162":1,"163":1,"164":5,"165":2,"166":2,"167":2,"168":3,"169":3,"170":3,"171":5,"173":1,"174":1,"175":15,"176":15,"177":15,"179":1,"180":1,"181":7,"182":3,"183":3,"184":3,"185":4,"186":4,"187":7,"189":1,"190":1,"191":3,"192":3,"193":3,"195":1,"196":1,"197":18,"199":18,"200":12,"201":18,"202":6,"203":6,"205":18,"206":28,"207":28,"208":28,"209":2,"210":28,"211":26,"212":18,"213":26,"214":28,"215":2,"216":2,"217":2,"218":2,"220":28,"221":7,"222":7,"223":7,"224":7,"225":7,"226":28,"228":18,"229":18,"231":1,"232":1,"233":87,"234":86,"235":86,"236":86,"237":85,"238":85,"239":86,"241":87,"242":4,"243":87,"244":39,"245":81,"246":41,"247":41,"248":81,"249":40,"250":40,"251":40,"252":39,"254":39,"255":64,"256":39,"258":39,"259":49,"260":49,"261":64,"262":64,"263":64,"264":64,"265":50,"266":59,"267":11,"268":11,"269":33,"270":11,"271":59,"272":0,"273":48,"274":48,"275":48,"276":59,"277":64,"278":10,"279":10,"280":64,"281":39,"282":39,"283":83,"284":44,"285":9,"286":9,"287":1,"288":9,"289":8,"290":8,"291":44,"292":35,"293":35,"294":44,"296":87,"297":87,"299":1,"300":1,"301":1,"302":1,"303":1,"304":1,"305":1,"306":1,"308":1,"309":1,"310":1,"311":1,"312":1,"313":1,"314":3,"315":3,"316":1,"317":1,"318":1,"319":3,"321":1,"322":1,"323":1,"324":1,"325":1,"326":1,"327":2,"328":0,"329":0,"330":2,"332":1,"334":1,"335":46,"336":2,"337":46,"338":18,"339":18,"341":18,"342":48,"343":48,"344":48,"345":48,"346":48,"348":48,"349":17,"350":17,"351":9,"352":9,"353":17,"354":17,"356":48,"357":0,"358":0,"359":0,"360":0,"361":48,"362":8,"363":48,"364":2,"365":40,"366":38,"367":8,"368":8,"369":8,"370":8,"371":38,"372":30,"373":30,"374":38,"375":48,"376":18,"377":44,"378":4,"379":26,"380":22,"381":22,"382":46,"384":1,"385":1,"386":5,"387":5,"388":5,"390":1,"391":1,"392":1,"393":1,"394":1,"396":1,"397":1,"398":1,"399":1,"400":1,"402":1,"403":1,"404":3,"405":1,"406":2,"407":2,"408":1,"410":3,"411":3,"413":1,"414":1,"415":5,"416":5,"417":2,"418":2,"419":5,"420":1,"421":1,"422":1,"423":5,"425":1,"426":1,"427":10,"428":10,"429":10,"431":1,"432":1,"433":3,"434":3,"435":3,"437":1,"438":1,"439":2,"440":2,"441":2,"443":1,"444":1,"445":4,"446":4,"447":4,"449":1,"450":1,"451":3,"452":3,"453":3,"455":1,"456":1,"457":1,"458":1,"459":1,"461":1,"462":1,"463":1,"464":1,"465":1,"467":1,"468":1,"469":1,"470":1,"471":1,"473":1,"474":1,"475":1,"476":1,"477":1,"479":1,"480":1,"481":1,"482":1,"483":1,"485":1,"486":1,"487":2,"488":2,"489":2,"490":1,"491":1,"492":4,"493":4,"494":4,"496":1,"497":1,"498":1,"499":1,"500":1,"501":1,"502":1,"503":1,"504":1,"505":1,"506":3,"507":3,"508":3,"509":3,"510":1,"511":1,"512":1,"513":3,"514":3,"515":3,"516":1,"517":1,"518":1,"519":1,"520":1,"521":3,"522":1,"523":1,"524":1,"525":1,"526":1,"527":1,"528":1,"529":1,"530":1,"531":1,"532":3,"533":3,"535":1,"536":1,"537":1,"538":1,"539":1,"540":1,"541":1,"542":1,"543":1,"544":1,"545":3,"546":3,"547":3,"548":3,"549":2,"550":2,"551":3,"552":3,"553":3,"554":3,"556":1,"557":1,"558":1,"559":1,"560":1,"561":1,"562":1,"563":1,"564":2,"565":2,"566":2,"567":2,"568":2,"569":2,"570":2,"571":1,"572":1,"573":2,"574":2,"575":2,"576":2,"577":1},"branchMap":{"0":{"type":"branch","line":6,"loc":{"start":{"line":6,"column":11},"end":{"line":15,"column":5}},"locations":[{"start":{"line":6,"column":11},"end":{"line":15,"column":5}}]},"1":{"type":"branch","line":7,"loc":{"start":{"line":7,"column":40},"end":{"line":11,"column":9}},"locations":[{"start":{"line":7,"column":40},"end":{"line":11,"column":9}}]},"2":{"type":"branch","line":8,"loc":{"start":{"line":8,"column":47},"end":{"line":10,"column":13}},"locations":[{"start":{"line":8,"column":47},"end":{"line":10,"column":13}}]},"3":{"type":"branch","line":11,"loc":{"start":{"line":11,"column":9},"end":{"line":13,"column":9}},"locations":[{"start":{"line":11,"column":9},"end":{"line":13,"column":9}}]},"4":{"type":"branch","line":11,"loc":{"start":{"line":11,"column":32},"end":{"line":13,"column":9}},"locations":[{"start":{"line":11,"column":32},"end":{"line":13,"column":9}}]},"5":{"type":"branch","line":18,"loc":{"start":{"line":18,"column":11},"end":{"line":29,"column":5}},"locations":[{"start":{"line":18,"column":11},"end":{"line":29,"column":5}}]},"6":{"type":"branch","line":21,"loc":{"start":{"line":21,"column":40},"end":{"line":25,"column":9}},"locations":[{"start":{"line":21,"column":40},"end":{"line":25,"column":9}}]},"7":{"type":"branch","line":22,"loc":{"start":{"line":22,"column":47},"end":{"line":24,"column":13}},"locations":[{"start":{"line":22,"column":47},"end":{"line":24,"column":13}}]},"8":{"type":"branch","line":25,"loc":{"start":{"line":25,"column":9},"end":{"line":27,"column":9}},"locations":[{"start":{"line":25,"column":9},"end":{"line":27,"column":9}}]},"9":{"type":"branch","line":25,"loc":{"start":{"line":25,"column":32},"end":{"line":27,"column":9}},"locations":[{"start":{"line":25,"column":32},"end":{"line":27,"column":9}}]},"10":{"type":"branch","line":32,"loc":{"start":{"line":32,"column":11},"end":{"line":43,"column":5}},"locations":[{"start":{"line":32,"column":11},"end":{"line":43,"column":5}}]},"11":{"type":"branch","line":33,"loc":{"start":{"line":33,"column":49},"end":{"line":33,"column":62}},"locations":[{"start":{"line":33,"column":49},"end":{"line":33,"column":62}}]},"12":{"type":"branch","line":33,"loc":{"start":{"line":33,"column":63},"end":{"line":33,"column":78}},"locations":[{"start":{"line":33,"column":63},"end":{"line":33,"column":78}}]},"13":{"type":"branch","line":35,"loc":{"start":{"line":35,"column":21},"end":{"line":38,"column":9}},"locations":[{"start":{"line":35,"column":21},"end":{"line":38,"column":9}}]},"14":{"type":"branch","line":38,"loc":{"start":{"line":38,"column":8},"end":{"line":39,"column":43}},"locations":[{"start":{"line":38,"column":8},"end":{"line":39,"column":43}}]},"15":{"type":"branch","line":39,"loc":{"start":{"line":39,"column":43},"end":{"line":41,"column":9}},"locations":[{"start":{"line":39,"column":43},"end":{"line":41,"column":9}}]},"16":{"type":"branch","line":41,"loc":{"start":{"line":41,"column":8},"end":{"line":43,"column":4}},"locations":[{"start":{"line":41,"column":8},"end":{"line":43,"column":4}}]},"17":{"type":"branch","line":46,"loc":{"start":{"line":46,"column":11},"end":{"line":59,"column":5}},"locations":[{"start":{"line":46,"column":11},"end":{"line":59,"column":5}}]},"18":{"type":"branch","line":47,"loc":{"start":{"line":47,"column":49},"end":{"line":47,"column":62}},"locations":[{"start":{"line":47,"column":49},"end":{"line":47,"column":62}}]},"19":{"type":"branch","line":47,"loc":{"start":{"line":47,"column":63},"end":{"line":47,"column":78}},"locations":[{"start":{"line":47,"column":63},"end":{"line":47,"column":78}}]},"20":{"type":"branch","line":49,"loc":{"start":{"line":49,"column":21},"end":{"line":52,"column":9}},"locations":[{"start":{"line":49,"column":21},"end":{"line":52,"column":9}}]},"21":{"type":"branch","line":52,"loc":{"start":{"line":52,"column":8},"end":{"line":55,"column":58}},"locations":[{"start":{"line":52,"column":8},"end":{"line":55
[...]
t","decl":{"start":{"line":770,"column":4},"end":{"line":772,"column":5}},"loc":{"start":{"line":770,"column":4},"end":{"line":772,"column":5}},"line":770},"29":{"name":"fn","decl":{"start":{"line":770,"column":21},"end":{"line":770,"column":29}},"loc":{"start":{"line":770,"column":21},"end":{"line":770,"column":29}},"line":770},"30":{"name":"jdm_onChange","decl":{"start":{"line":790,"column":4},"end":{"line":792,"column":5}},"loc":{"start":{"line":790,"column":4},"end":{"line":792,"column":5}},"line":790},"31":{"name":"fn","decl":{"start":{"line":790,"column":22},"end":{"line":790,"column":30}},"loc":{"start":{"line":790,"column":22},"end":{"line":790,"column":30}},"line":790},"32":{"name":"jdm_onSelect","decl":{"start":{"line":810,"column":4},"end":{"line":812,"column":5}},"loc":{"start":{"line":810,"column":4},"end":{"line":812,"column":5}},"line":810},"33":{"name":"fn","decl":{"start":{"line":810,"column":22},"end":{"line":810,"column":30}},"loc":{"start":{"line":810,"column":22},"end":{"line":810,"column":30}},"line":810},"34":{"name":"jdm_onDebounce","decl":{"start":{"line":833,"column":4},"end":{"line":835,"column":5}},"loc":{"start":{"line":833,"column":4},"end":{"line":835,"column":5}},"line":833},"35":{"name":"fn","decl":{"start":{"line":833,"column":24},"end":{"line":833,"column":32}},"loc":{"start":{"line":833,"column":24},"end":{"line":833,"column":32}},"line":833},"36":{"name":"jdm_onClick","decl":{"start":{"line":854,"column":4},"end":{"line":856,"column":5}},"loc":{"start":{"line":854,"column":4},"end":{"line":856,"column":5}},"line":854},"37":{"name":"fn","decl":{"start":{"line":854,"column":21},"end":{"line":854,"column":29}},"loc":{"start":{"line":854,"column":21},"end":{"line":854,"column":29}},"line":854},"38":{"name":"jdm_onRightClick","decl":{"start":{"line":875,"column":4},"end":{"line":877,"column":5}},"loc":{"start":{"line":875,"column":4},"end":{"line":877,"column":5}},"line":875},"39":{"name":"fn","decl":{"start":{"line":875,"column":26},"end":{"line":875,"column":34}},"loc":{"start":{"line":875,"column":26},"end":{"line":875,"column":34}},"line":875},"40":{"name":"jdm_onDoubleClick","decl":{"start":{"line":896,"column":4},"end":{"line":898,"column":5}},"loc":{"start":{"line":896,"column":4},"end":{"line":898,"column":5}},"line":896},"41":{"name":"fn","decl":{"start":{"line":896,"column":27},"end":{"line":896,"column":35}},"loc":{"start":{"line":896,"column":27},"end":{"line":896,"column":35}},"line":896},"42":{"name":"jdm_onInvalid","decl":{"start":{"line":923,"column":4},"end":{"line":925,"column":5}},"loc":{"start":{"line":923,"column":4},"end":{"line":925,"column":5}},"line":923},"43":{"name":"fn","decl":{"start":{"line":923,"column":23},"end":{"line":923,"column":31}},"loc":{"start":{"line":923,"column":23},"end":{"line":923,"column":31}},"line":923},"44":{"name":"jdm_onLoad","decl":{"start":{"line":945,"column":4},"end":{"line":947,"column":5}},"loc":{"start":{"line":945,"column":4},"end":{"line":947,"column":5}},"line":945},"45":{"name":"fn","decl":{"start":{"line":945,"column":20},"end":{"line":945,"column":28}},"loc":{"start":{"line":945,"column":20},"end":{"line":945,"column":28}},"line":945},"46":{"name":"jdm_onError","decl":{"start":{"line":967,"column":4},"end":{"line":969,"column":5}},"loc":{"start":{"line":967,"column":4},"end":{"line":969,"column":5}},"line":967},"47":{"name":"fn","decl":{"start":{"line":967,"column":21},"end":{"line":967,"column":29}},"loc":{"start":{"line":967,"column":21},"end":{"line":967,"column":29}},"line":967},"48":{"name":"jdm_onSubmit","decl":{"start":{"line":996,"column":4},"end":{"line":998,"column":5}},"loc":{"start":{"line":996,"column":4},"end":{"line":998,"column":5}},"line":996},"49":{"name":"fn","decl":{"start":{"line":996,"column":22},"end":{"line":996,"column":29}},"loc":{"start":{"line":996,"column":22},"end":{"line":996,"column":29}},"line":996},"50":{"name":"jdm_setValue","decl":{"start":{"line":1034,"column":4},"end":{"line":1036,"column":5}},"loc":{"start":{"line":1034,"column":4},"end":{"line":1036,"column":5}},"line":1034},"51":{"name":"jdm_getValue","decl":{"start":{"line":1079,"column":4},"end":{"line":1081,"column":5}},"loc":{"start":{"line":1079,"column":4},"end":{"line":1081,"column":5}},"line":1079},"52":{"name":"jdm_genEvent","decl":{"start":{"line":1100,"column":4},"end":{"line":1102,"column":5}},"loc":{"start":{"line":1100,"column":4},"end":{"line":1102,"column":5}},"line":1100},"53":{"name":"jdm_on","decl":{"start":{"line":1104,"column":4},"end":{"line":1106,"column":5}},"loc":{"start":{"line":1104,"column":4},"end":{"line":1106,"column":5}},"line":1104},"54":{"name":"jdm_off","decl":{"start":{"line":1107,"column":4},"end":{"line":1109,"column":5}},"loc":{"start":{"line":1107,"column":4},"end":{"line":1109,"column":5}},"line":1107},"55":{"name":"jdm_addEventListener","decl":{"start":{"line":1129,"column":4},"end":{"line":1131,"column":5}},"loc":{"start":{"line":1129,"column":4},"end":{"line":1131,"column":5}},"line":1129},"56":{"name":"fn","decl":{"start":{"line":1129,"column":36},"end":{"line":1129,"column":44}},"loc":{"start":{"line":1129,"column":36},"end":{"line":1129,"column":44}},"line":1129},"57":{"name":"jdm_removeEventListener","decl":{"start":{"line":1154,"column":4},"end":{"line":1156,"column":5}},"loc":{"start":{"line":1154,"column":4},"end":{"line":1156,"column":5}},"line":1154},"58":{"name":"fn","decl":{"start":{"line":1154,"column":39},"end":{"line":1154,"column":47}},"loc":{"start":{"line":1154,"column":39},"end":{"line":1154,"column":47}},"line":1154},"59":{"name":"jdm_extendChildNode","decl":{"start":{"line":1177,"column":4},"end":{"line":1179,"column":5}},"loc":{"start":{"line":1177,"column":4},"end":{"line":1179,"column":5}},"line":1177},"60":{"name":"jdm_setDebounceTime","decl":{"start":{"line":1181,"column":4},"end":{"line":1183,"column":5}},"loc":{"start":{"line":1181,"column":4},"end":{"line":1183,"column":5}},"line":1181},"61":{"name":"jdm_submit","decl":{"start":{"line":1185,"column":4},"end":{"line":1187,"column":5}},"loc":{"start":{"line":1185,"column":4},"end":{"line":1187,"column":5}},"line":1185},"62":{"name":"jdm_setValueRaw","decl":{"start":{"line":1191,"column":4},"end":{"line":1193,"column":5}},"loc":{"start":{"line":1191,"column":4},"end":{"line":1193,"column":5}},"line":1191},"63":{"name":"jdm_getValueRaw","decl":{"start":{"line":1195,"column":4},"end":{"line":1197,"column":5}},"loc":{"start":{"line":1195,"column":4},"end":{"line":1197,"column":5}},"line":1195},"64":{"name":"jdm_getValueAsNumber","decl":{"start":{"line":1199,"column":4},"end":{"line":1201,"column":5}},"loc":{"start":{"line":1199,"column":4},"end":{"line":1201,"column":5}},"line":1199},"65":{"name":"jdm_waitFor","decl":{"start":{"line":1203,"column":4},"end":{"line":1205,"column":5}},"loc":{"start":{"line":1203,"column":4},"end":{"line":1205,"column":5}},"line":1203},"66":{"name":"jdm_delegate","decl":{"start":{"line":1207,"column":4},"end":{"line":1209,"column":5}},"loc":{"start":{"line":1207,"column":4},"end":{"line":1209,"column":5}},"line":1207},"67":{"name":"jdm_batch","decl":{"start":{"line":1211,"column":4},"end":{"line":1213,"column":5}},"loc":{"start":{"line":1211,"column":4},"end":{"line":1213,"column":5}},"line":1211},"68":{"name":"jdm_cancelAnimations","decl":{"start":{"line":1215,"column":4},"end":{"line":1217,"column":5}},"loc":{"start":{"line":1215,"column":4},"end":{"line":1217,"column":5}},"line":1215},"69":{"name":"jdm_resetStyles","decl":{"start":{"line":1219,"column":4},"end":{"line":1221,"column":5}},"loc":{"start":{"line":1219,"column":4},"end":{"line":1221,"column":5}},"line":1219},"70":{"name":"jdm_clearAnimations","decl":{"start":{"line":1233,"column":4},"end":{"line":1235,"column":5}},"loc":{"start":{"line":1233,"column":4},"end":{"line":1235,"column":5}},"line":1233},"71":{"name":"jdm_hide","decl":{"start":{"line":1237,"column":4},"end":{"line":1239,"column":5}},"loc":{"start":{"line":1237,"column":4},"end":{"line":1239,"column":5}},"line":1237},"72":{"name":"jdm_show","decl":{"start":{"line":1241,"column":4},"end":{"line":1243,"column":5}},"loc":{"start":{"line":1241,"column":4},"end":{"line":1243,"column":5}},"line":1241},"73":{"name":"jdm_fadeIn","decl":{"start":{"line":1255,"column":4},"end":{"line":1257,"column":5}},"loc":{"start":{"line":1255,"column":4},"end":{"line":1257,"column":5}},"line":1255},"74":{"name":"jdm_fadeInDown","decl":{"start":{"line":1269,"column":4},"end":{"line":1271,"column":5}},"loc":{"start":{"line":1269,"column":4},"end":{"line":1271,"column":5}},"line":1269},"75":{"name":"jdm_fadeInUp","decl":{"start":{"line":1283,"column":4},"end":{"line":1285,"column":5}},"loc":{"start":{"line":1283,"column":4},"end":{"line":1285,"column":5}},"line":1283},"76":{"name":"jdm_fadeInLeft","decl":{"start":{"line":1297,"column":4},"end":{"line":1299,"column":5}},"loc":{"start":{"line":1297,"column":4},"end":{"line":1299,"column":5}},"line":1297},"77":{"name":"jdm_fadeInRight","decl":{"start":{"line":1310,"column":4},"end":{"line":1312,"column":5}},"loc":{"start":{"line":1310,"column":4},"end":{"line":1312,"column":5}},"line":1310},"78":{"name":"jdm_fadeOut","decl":{"start":{"line":1326,"column":4},"end":{"line":1328,"column":5}},"loc":{"start":{"line":1326,"column":4},"end":{"line":1328,"column":5}},"line":1326},"79":{"name":"jdm_fadeOutRight","decl":{"start":{"line":1342,"column":4},"end":{"line":1344,"column":5}},"loc":{"start":{"line":1342,"column":4},"end":{"line":1344,"column":5}},"line":1342},"80":{"name":"jdm_fadeOutUp","decl":{"start":{"line":1357,"column":4},"end":{"line":1359,"column":5}},"loc":{"start":{"line":1357,"column":4},"end":{"line":1359,"column":5}},"line":1357},"81":{"name":"jdm_fadeOutDown","decl":{"start":{"line":1372,"column":4},"end":{"line":1374,"column":5}},"loc":{"start":{"line":1372,"column":4},"end":{"line":1374,"column":5}},"line":1372},"82":{"name":"jdm_fadeOutLeft","decl":{"start":{"line":1387,"column":4},"end":{"line":1389,"column":5}},"loc":{"start":{"line":1387,"column":4},"end":{"line":1389,"column":5}},"line":1387},"83":{"name":"jdm_bounce","decl":{"start":{"line":1401,"column":4},"end":{"line":1403,"column":5}},"loc":{"start":{"line":1401,"column":4},"end":{"line":1403,"column":5}},"line":1401},"84":{"name":"jdm_tada","decl":{"start":{"line":1415,"column":4},"end":{"line":1417,"column":5}},"loc":{"start":{"line":1415,"column":4},"end":{"line":1417,"column":5}},"line":1415},"85":{"name":"jdm_zoomIn","decl":{"start":{"line":1429,"column":4},"end":{"line":1431,"column":5}},"loc":{"start":{"line":1429,"column":4},"end":{"line":1431,"column":5}},"line":1429},"86":{"name":"jdm_zoomOut","decl":{"start":{"line":1443,"column":4},"end":{"line":1445,"column":5}},"loc":{"start":{"line":1443,"column":4},"end":{"line":1445,"column":5}},"line":1443},"87":{"name":"jdm_rotation","decl":{"start":{"line":1458,"column":4},"end":{"line":1460,"column":5}},"loc":{"start":{"line":1458,"column":4},"end":{"line":1460,"column":5}},"line":1458},"88":{"name":"on","decl":{"start":{"line":1464,"column":11},"end":{"line":1467,"column":5}},"loc":{"start":{"line":1464,"column":11},"end":{"line":1467,"column":5}},"line":1464},"89":{"name":"off","decl":{"start":{"line":1469,"column":11},"end":{"line":1472,"column":5}},"loc":{"start":{"line":1469,"column":11},"end":{"line":1472,"column":5}},"line":1469},"90":{"name":"emit","decl":{"start":{"line":1474,"column":11},"end":{"line":1477,"column":5}},"loc":{"start":{"line":1474,"column":11},"end":{"line":1477,"column":5}},"line":1474},"91":{"name":"once","decl":{"start":{"line":1479,"column":11},"end":{"line":1482,"column":5}},"loc":{"start":{"line":1479,"column":11},"end":{"line":1482,"column":5}},"line":1479},"92":{"name":"use","decl":{"start":{"line":1506,"column":11},"end":{"line":1515,"column":5}},"loc":{"start":{"line":1506,"column":11},"end":{"line":1515,"column":5}},"line":1506},"93":{"name":"_invalidateMethodCache","decl":{"start":{"line":1521,"column":11},"end":{"line":1523,"column":5}},"loc":{"start":{"line":1521,"column":11},"end":{"line":1523,"column":5}},"line":1521},"94":{"name":"inspect","decl":{"start":{"line":1531,"column":11},"end":{"line":1543,"column":5}},"loc":{"start":{"line":1531,"column":11},"end":{"line":1543,"column":5}},"line":1531},"95":{"name":"window.JDM","decl":{"start":{"line":1548,"column":21},"end":{"line":1550,"column":9}},"loc":{"start":{"line":1548,"column":21},"end":{"line":1550,"column":9}},"line":1548}},"f":{"0":1,"1":738,"2":0,"3":0,"4":738,"5":738,"6":735,"7":31,"8":736,"9":8,"10":83,"11":3,"12":3,"13":5,"14":4,"15":1,"16":8,"17":2,"18":4,"19":8,"20":7,"21":1,"22":5,"23":1,"24":15,"25":7,"26":3,"27":18,"28":10,"29":0,"30":3,"31":0,"32":2,"33":0,"34":4,"35":1,"36":3,"37":0,"38":1,"39":0,"40":1,"41":0,"42":1,"43":0,"44":1,"45":0,"46":1,"47":0,"48":2,"49":0,"50":86,"51":46,"52":5,"53":2,"54":1,"55":1,"56":0,"57":1,"58":0,"59":3,"60":4,"61":5,"62":1,"63":3,"64":2,"65":3,"66":3,"67":2,"68":2,"69":1,"70":2,"71":5,"72":2,"73":4,"74":2,"75":2,"76":2,"77":2,"78":2,"79":2,"80":2,"81":2,"82":2,"83":2,"84":2,"85":2,"86":2,"87":3,"88":6,"89":3,"90":9,"91":3,"92":4,"93":2,"94":3,"95":0}}
,"/Users/marcogiacobazzi/localhost/jdm3/src/proto.js": {"path":"/Users/marcogiacobazzi/localhost/jdm3/src/proto.js","all":false,"statementMap":{"0":{"start":{"line":1,"column":0},"end":{"line":1,"column":3}},"1":{"start":{"line":2,"column":0},"end":{"line":2,"column":46}},"2":{"start":{"line":3,"column":0},"end":{"line":3,"column":9}},"3":{"start":{"line":4,"column":0},"end":{"line":4,"column":3}},"4":{"start":{"line":5,"column":0},"end":{"line":5,"column":20}},"5":{"start":{"line":6,"column":0},"end":{"line":6,"column":19}},"6":{"start":{"line":7,"column":0},"end":{"line":7,"column":11}},"7":{"start":{"line":8,"column":0},"end":{"line":8,"column":87}},"8":{"start":{"line":9,"column":0},"end":{"line":9,"column":62}},"9":{"start":{"line":10,"column":0},"end":{"line":10,"column":64}},"10":{"start":{"line":11,"column":0},"end":{"line":11,"column":99}},"11":{"start":{"line":12,"column":0},"end":{"line":12,"column":10}},"12":{"start":{"line":13,"column":0},"end":{"line":13,"column":20}},"13":{"start":{"line":14,"column":0},"end":{"line":14,"column":37}},"14":{"start":{"line":15,"column":0},"end":{"line":15,"column":86}},"15":{"start":{"line":16,"column":0},"end":{"line":16,"column":75}},"16":{"start":{"line":17,"column":0},"end":{"line":17,"column":19}},"17":{"start":{"line":18,"column":0},"end":{"line":18,"column":35}},"18":{"start":{"line":19,"column":0},"end":{"line":19,"column":50}},"19":{"start":{"line":20,"column":0},"end":{"line":20,"column":50}},"20":{"start":{"line":21,"column":0},"end":{"line":21,"column":11}},"21":{"start":{"line":22,"column":0},"end":{"line":22,"column":50}},"22":{"start":{"line":23,"column":0},"end":{"line":23,"column":86}},"23":{"start":{"line":24,"column":0},"end":{"line":24,"column":62}},"24":{"start":{"line":25,"column":0},"end":{"line":25,"column":95}},"25":{"start":{"line":26,"column":0},"end":{"line":26,"column":101}},"26":{"start":{"line":27,"column":0},"end":{"line":27,"column":28}},"27":{"start":{"line":28,"column":0},"end":{"line":28,"column":108}},"28":{"start":{"line":29,"column":0},"end":{"line":29,"column":29}},"29":{"start":{"line":30,"column":0},"end":{"line":30,"column":20}},"30":{"start":{"line":31,"column":0},"end":{"line":31,"column":102}},"31":{"start":{"line":32,"column":0},"end":{"line":32,"column":67}},"32":{"start":{"line":33,"column":0},"end":{"line":33,"column":13}},"33":{"start":{"line":34,"column":0},"end":{"line":34,"column":10}},"35":{"start":{"line":36,"column":0},"end":{"line":36,"column":53}},"36":{"start":{"line":37,"column":0},"end":{"line":37,"column":64}},"37":{"start":{"line":38,"column":0},"end":{"line":38,"column":10}},"39":{"start":{"line":40,"column":0},"end":{"line":40,"column":11}},"40":{"start":{"line":41,"column":0},"end":{"line":41,"column":100}},"41":{"start":{"line":42,"column":0},"end":{"line":42,"column":57}},"42":{"start":{"line":43,"column":0},"end":{"line":43,"column":99}},"43":{"start":{"line":44,"column":0},"end":{"line":44,"column":89}},"44":{"start":{"line":45,"column":0},"end":{"line":45,"column":11}},"45":{"start":{"line":46,"column":0},"end":{"line":46,"column":50}},"46":{"start":{"line":47,"column":0},"end":{"line":47,"column":95}},"47":{"start":{"line":48,"column":0},"end":{"line":48,"column":44}},"48":{"start":{"line":49,"column":0},"end":{"line":49,"column":10}},"49":{"start":{"line":50,"column":0},"end":{"line":50,"column":5}},"50":{"start":{"line":51,"column":0},"end":{"line":51,"column":1}}},"s":{"0":1,"1":1,"2":1,"3":1,"4":1,"5":1,"6":1,"7":1,"8":1,"9":1,"10":1,"11":1,"12":1,"13":1,"14":1,"15":1,"16":1,"17":1,"18":1,"19":1,"20":1,"21":1,"22":59,"23":59,"24":59,"25":59,"26":6,"27":59,"28":7,"29":53,"30":46,"31":46,"32":46,"33":1,"35":1,"36":4,"37":1,"39":1,"40":1,"41":1,"42":1,"43":1,"44":1,"45":1,"46":5,"47":5,"48":1,"49":1,"50":1},"branchMap":{"0":{"type":"branch","line":6,"loc":{"start":{"line":6,"column":4},"end":{"line":50,"column":5}},"locations":[{"start":{"line":6,"column":4},"end":{"line":50,"column":5}}]},"1":{"type":"branch","line":22,"loc":{"start":{"line":22,"column":37},"end":{"line":34,"column":9}},"locations":[{"start":{"line":22,"column":37},"end":{"line":34,"column":9}}]},"2":{"type":"branch","line":26,"loc":{"start":{"line":26,"column":42},"end":{"line":26,"column":71}},"locations":[{"start":{"line":26,"column":42},"end":{"line":26,"column":71}}]},"3":{"type":"branch","line":26,"loc":{"start":{"line":26,"column":72},"end":{"line":26,"column":98}},"locations":[{"start":{"line":26,"column":72},"end":{"line":26,"column":98}}]},"4":{"type":"branch","line":26,"loc":{"start":{"line":26,"column":100},"end":{"line":28,"column":13}},"locations":[{"start":{"line":26,"column":100},"end":{"line":28,"column":13}}]},"5":{"type":"branch","line":28,"loc":{"start":{"line":28,"column":13},"end":{"line":33,"column":13}},"locations":[{"start":{"line":28,"column":13},"end":{"line":33,"column":13}}]},"6":{"type":"branch","line":28,"loc":{"start":{"line":28,"column":48},"end":{"line":28,"column":78}},"locations":[{"start":{"line":28,"column":48},"end":{"line":28,"column":78}}]},"7":{"type":"branch","line":28,"loc":{"start":{"line":28,"column":79},"end":{"line":28,"column":105}},"locations":[{"start":{"line":28,"column":79},"end":{"line":28,"column":105}}]},"8":{"type":"branch","line":28,"loc":{"start":{"line":28,"column":107},"end":{"line":30,"column":13}},"locations":[{"start":{"line":28,"column":107},"end":{"line":30,"column":13}}]},"9":{"type":"branch","line":30,"loc":{"start":{"line":30,"column":13},"end":{"line":33,"column":13}},"locations":[{"start":{"line":30,"column":13},"end":{"line":33,"column":13}}]},"10":{"type":"branch","line":36,"loc":{"start":{"line":36,"column":40},"end":{"line":38,"column":9}},"locations":[{"start":{"line":36,"column":40},"end":{"line":38,"column":9}}]},"11":{"type":"branch","line":46,"loc":{"start":{"line":46,"column":37},"end":{"line":49,"column":9}},"locations":[{"start":{"line":46,"column":37},"end":{"line":49,"column":9}}]}},"b":{"0":[1],"1":[59],"2":[57],"3":[55],"4":[6],"5":[53],"6":[51],"7":[49],"8":[7],"9":[46],"10":[4],"11":[5]},"fnMap":{"0":{"name":"Proto","decl":{"start":{"line":6,"column":4},"end":{"line":50,"column":5}},"loc":{"start":{"line":6,"column":4},"end":{"line":50,"column":5}},"line":6},"1":{"name":"Proto.String.toBoolean","decl":{"start":{"line":22,"column":37},"end":{"line":34,"column":9}},"loc":{"start":{"line":22,"column":37},"end":{"line":34,"column":9}},"line":22},"2":{"name":"Proto.String.toCapitalize","decl":{"start":{"line":36,"column":40},"end":{"line":38,"column":9}},"loc":{"start":{"line":36,"column":40},"end":{"line":38,"column":9}},"line":36},"3":{"name":"Proto.Number.toBoolean","decl":{"start":{"line":46,"column":37},"end":{"line":49,"column":9}},"loc":{"start":{"line":46,"column":37},"end":{"line":49,"column":9}},"line":46}},"f":{"0":1,"1":59,"2":4,"3":5}}
}
