{"/Users/marcogiacobazzi/localhost/jdm2/src/_animation.js": {"path":"/Users/marcogiacobazzi/localhost/jdm2/src/_animation.js","all":false,"statementMap":{"0":{"start":{"line":1,"column":0},"end":{"line":1,"column":3}},"1":{"start":{"line":2,"column":0},"end":{"line":2,"column":28}},"2":{"start":{"line":3,"column":0},"end":{"line":3,"column":3}},"3":{"start":{"line":4,"column":0},"end":{"line":4,"column":30}},"4":{"start":{"line":5,"column":0},"end":{"line":5,"column":7}},"5":{"start":{"line":6,"column":0},"end":{"line":6,"column":73}},"6":{"start":{"line":7,"column":0},"end":{"line":7,"column":19}},"7":{"start":{"line":8,"column":0},"end":{"line":8,"column":6}},"8":{"start":{"line":9,"column":0},"end":{"line":9,"column":111}},"9":{"start":{"line":10,"column":0},"end":{"line":10,"column":27}},"10":{"start":{"line":11,"column":0},"end":{"line":11,"column":6}},"11":{"start":{"line":12,"column":0},"end":{"line":12,"column":121}},"12":{"start":{"line":13,"column":0},"end":{"line":13,"column":26}},"13":{"start":{"line":14,"column":0},"end":{"line":14,"column":6}},"14":{"start":{"line":15,"column":0},"end":{"line":15,"column":83}},"15":{"start":{"line":16,"column":0},"end":{"line":16,"column":17}},"16":{"start":{"line":17,"column":0},"end":{"line":17,"column":6}},"17":{"start":{"line":18,"column":0},"end":{"line":18,"column":98}},"18":{"start":{"line":19,"column":0},"end":{"line":19,"column":25}},"19":{"start":{"line":20,"column":0},"end":{"line":20,"column":6}},"20":{"start":{"line":21,"column":0},"end":{"line":21,"column":121}},"21":{"start":{"line":22,"column":0},"end":{"line":22,"column":24}},"22":{"start":{"line":23,"column":0},"end":{"line":23,"column":6}},"23":{"start":{"line":24,"column":0},"end":{"line":24,"column":91}},"24":{"start":{"line":25,"column":0},"end":{"line":25,"column":17}},"25":{"start":{"line":26,"column":0},"end":{"line":26,"column":7}},"26":{"start":{"line":27,"column":0},"end":{"line":27,"column":148}},"27":{"start":{"line":28,"column":0},"end":{"line":28,"column":33}},"28":{"start":{"line":29,"column":0},"end":{"line":29,"column":29}},"29":{"start":{"line":30,"column":0},"end":{"line":30,"column":25}},"30":{"start":{"line":31,"column":0},"end":{"line":31,"column":27}},"31":{"start":{"line":32,"column":0},"end":{"line":32,"column":35}},"32":{"start":{"line":33,"column":0},"end":{"line":33,"column":35}},"33":{"start":{"line":34,"column":0},"end":{"line":34,"column":37}},"34":{"start":{"line":35,"column":0},"end":{"line":35,"column":5}},"35":{"start":{"line":36,"column":0},"end":{"line":36,"column":1}},"37":{"start":{"line":38,"column":0},"end":{"line":38,"column":25}},"38":{"start":{"line":39,"column":0},"end":{"line":39,"column":45}},"39":{"start":{"line":40,"column":0},"end":{"line":40,"column":17}},"40":{"start":{"line":41,"column":0},"end":{"line":41,"column":62}},"41":{"start":{"line":42,"column":0},"end":{"line":42,"column":58}},"42":{"start":{"line":43,"column":0},"end":{"line":43,"column":6}},"43":{"start":{"line":44,"column":0},"end":{"line":44,"column":15}},"44":{"start":{"line":45,"column":0},"end":{"line":45,"column":61}},"45":{"start":{"line":46,"column":0},"end":{"line":46,"column":58}},"46":{"start":{"line":47,"column":0},"end":{"line":47,"column":6}},"47":{"start":{"line":48,"column":0},"end":{"line":48,"column":17}},"48":{"start":{"line":49,"column":0},"end":{"line":49,"column":62}},"49":{"start":{"line":50,"column":0},"end":{"line":50,"column":58}},"50":{"start":{"line":51,"column":0},"end":{"line":51,"column":6}},"51":{"start":{"line":52,"column":0},"end":{"line":52,"column":18}},"52":{"start":{"line":53,"column":0},"end":{"line":53,"column":61}},"53":{"start":{"line":54,"column":0},"end":{"line":54,"column":58}},"54":{"start":{"line":55,"column":0},"end":{"line":55,"column":6}},"55":{"start":{"line":56,"column":0},"end":{"line":56,"column":46}},"56":{"start":{"line":57,"column":0},"end":{"line":57,"column":18}},"57":{"start":{"line":58,"column":0},"end":{"line":58,"column":58}},"58":{"start":{"line":59,"column":0},"end":{"line":59,"column":61}},"59":{"start":{"line":60,"column":0},"end":{"line":60,"column":6}},"60":{"start":{"line":61,"column":0},"end":{"line":61,"column":16}},"61":{"start":{"line":62,"column":0},"end":{"line":62,"column":58}},"62":{"start":{"line":63,"column":0},"end":{"line":63,"column":62}},"63":{"start":{"line":64,"column":0},"end":{"line":64,"column":6}},"64":{"start":{"line":65,"column":0},"end":{"line":65,"column":18}},"65":{"start":{"line":66,"column":0},"end":{"line":66,"column":58}},"66":{"start":{"line":67,"column":0},"end":{"line":67,"column":62}},"67":{"start":{"line":68,"column":0},"end":{"line":68,"column":6}},"68":{"start":{"line":69,"column":0},"end":{"line":69,"column":19}},"69":{"start":{"line":70,"column":0},"end":{"line":70,"column":58}},"70":{"start":{"line":71,"column":0},"end":{"line":71,"column":61}},"71":{"start":{"line":72,"column":0},"end":{"line":72,"column":6}},"72":{"start":{"line":73,"column":0},"end":{"line":73,"column":13}},"73":{"start":{"line":74,"column":0},"end":{"line":74,"column":55}},"74":{"start":{"line":75,"column":0},"end":{"line":75,"column":62}},"75":{"start":{"line":76,"column":0},"end":{"line":76,"column":62}},"76":{"start":{"line":77,"column":0},"end":{"line":77,"column":66}},"77":{"start":{"line":78,"column":0},"end":{"line":78,"column":59}},"78":{"start":{"line":79,"column":0},"end":{"line":79,"column":6}},"79":{"start":{"line":80,"column":0},"end":{"line":80,"column":11}},"80":{"start":{"line":81,"column":0},"end":{"line":81,"column":9}},"81":{"start":{"line":82,"column":0},"end":{"line":82,"column":58}},"82":{"start":{"line":83,"column":0},"end":{"line":83,"column":45}},"83":{"start":{"line":84,"column":0},"end":{"line":84,"column":27}},"84":{"start":{"line":85,"column":0},"end":{"line":85,"column":10}},"85":{"start":{"line":86,"column":0},"end":{"line":86,"column":9}},"86":{"start":{"line":87,"column":0},"end":{"line":87,"column":68}},"87":{"start":{"line":88,"column":0},"end":{"line":88,"column":45}},"88":{"start":{"line":89,"column":0},"end":{"line":89,"column":34}},"89":{"start":{"line":90,"column":0},"end":{"line":90,"column":10}},"90":{"start":{"line":91,"column":0},"end":{"line":91,"column":9}},"91":{"start":{"line":92,"column":0},"end":{"line":92,"column":67}},"92":{"start":{"line":93,"column":0},"end":{"line":93,"column":45}},"93":{"start":{"line":94,"column":0},"end":{"line":94,"column":34}},"94":{"start":{"line":95,"column":0},"end":{"line":95,"column":10}},"95":{"start":{"line":96,"column":0},"end":{"line":96,"column":9}},"96":{"start":{"line":97,"column":0},"end":{"line":97,"column":68}},"97":{"start":{"line":98,"column":0},"end":{"line":98,"column":45}},"98":{"start":{"line":99,"column":0},"end":{"line":99,"column":34}},"99":{"start":{"line":100,"column":0},"end":{"line":100,"column":10}},"100":{"start":{"line":101,"column":0},"end":{"line":101,"column":9}},"101":{"start":{"line":102,"column":0},"end":{"line":102,"column":67}},"102":{"start":{"line":103,"column":0},"end":{"line":103,"column":45}},"103":{"start":{"line":104,"column":0},"end":{"line":104,"column":34}},"104":{"start":{"line":105,"column":0},"end":{"line":105,"column":10}},"105":{"start":{"line":106,"column":0},"end":{"line":106,"column":9}},"106":{"start":{"line":107,"column":0},"end":{"line":107,"column":58}},"107":{"start":{"line":108,"column":0},"end":{"line":108,"column":45}},"108":{"start":{"line":109,"column":0},"end":{"line":109,"column":31}},"109":{"start":{"line":110,"column":0},"end":{"line":110,"column":10}},"110":{"start":{"line":111,"column":0},"end":{"line":111,"column":6}},"111":{"start":{"line":112,"column":0},"end":{"line":112,"column":13}},"112":{"start":{"line":113,"column":0},"end":{"line":113,"column":9}},"113":{"start":{"line":114,"column":0},"end":{"line":114,"column":34}},"114":{"start":{"line":115,"column":0},"end":{"line":115,"column":23}},"115":{"start":{"line":116,"column":0},"end":{"line":116,"column":45}},"116":{"start":{"line":117,"column":0},"end":{"line":117,"column":27}},"117":{"start":{"line":118,"column":0},"end":{"line":118,"column":10}},"118":{"start":{"line":119,"column":0},"end":{"line":119,"column":9}},"119":{"start":{"line":120,"column":0},"end":{"line":120,"column":34}},"120":{"start":{"line":121,"column":0},"end":{"line":121,"column":23}},"121":{"start":{"line":122,"column":0},"end":{"line":122,"column":45}},"122":{"start":{"line":123,"column":0},"end":{"line":123,"column":31}},"123":{"start":{"line":124,"column":0},"end":{"line":124,"column":10}},"124":{"start":{"line":125,"column":0},"end":{"line":125,"column":6}},"125":{"start":{"line":126,"column":0},"end":{"line":126,"column":14}},"126":{"start":{"line":127,"column":0},"end":{"line":127,"column":9}},"127":{"start":{"line":128,"column":0},"end":{"line":128,"column":34}},"128":{"start":{"line":129,"column":0},"end":{"line":129,"column":23}},"129":{"start":{"line":130,"column":0},"end":{"line":130,"column":45}},"130":{"start":{"line":131,"column":0},"end":{"line":131,"column":31}},"131":{"start":{"line":132,"column":0},"end":{"line":132,"column":10}},"132":{"start":{"line":133,"column":0},"end":{"line":133,"column":9}},"133":{"start":{"line":134,"column":0},"end":{"line":134,"column":34}},"134":{"start":{"line":135,"column":0},"end":{"line":135,"column":23}},"135":{"start":{"line":136,"column":0},"end":{"line":136,"column":45}},"136":{"start":{"line":137,"column":0},"end":{"line":137,"column":27}},"137":{"start":{"line":138,"column":0},"end":{"line":138,"column":10}},"138":{"start":{"line":139,"column":0},"end":{"line":139,"column":6}},"139":{"start":{"line":140,"column":0},"end":{"line":140,"column":22}},"140":{"start":{"line":141,"column":0},"end":{"line":141,"column":9}},"141":{"start":{"line":142,"column":0},"end":{"line":142,"column":43}},"142":{"start":{"line":143,"column":0},"end":{"line":143,"column":45}},"143":{"start":{"line":144,"column":0},"end":{"line":144,"column":29}},"144":{"start":{"line":145,"column":0},"end":{"line":145,"column":10}},"145":{"start":{"line":146,"column":0},"end":{"line":146,"column":6}},"146":{"start":{"line":147,"column":0},"end":{"line":147,"column":2}},"148":{"start":{"line":149,"column":0},"end":{"line":149,"column":25}},"149":{"start":{"line":150,"column":0},"end":{"line":150,"column":22}},"150":{"start":{"line":151,"column":0},"end":{"line":151,"column":51}},"151":{"start":{"line":152,"column":0},"end":{"line":152,"column":57}},"152":{"start":{"line":153,"column":0},"end":{"line":153,"column":62}},"153":{"start":{"line":154,"column":0},"end":{"line":154,"column":36}},"154":{"start":{"line":155,"column":0},"end":{"line":155,"column":51}},"155":{"start":{"line":156,"column":0},"end":{"line":156,"column":29}},"156":{"start":{"line":157,"column":0},"end":{"line":157,"column":13}},"157":{"start":{"line":158,"column":0},"end":{"line":158,"column":10}},"158":{"start":{"line":159,"column":0},"end":{"line":159,"column":25}},"159":{"start":{"line":160,"column":0},"end":{"line":160,"column":5}},"161":{"start":{"line":162,"column":0},"end":{"line":162,"column":22}},"162":{"start":{"line":163,"column":0},"end":{"line":163,"column":34}},"163":{"start":{"line":164,"column":0},"end":{"line":164,"column":60}},"164":{"start":{"line":165,"column":0},"end":{"line":165,"column":79}},"165":{"start":{"line":166,"column":0},"end":{"line":166,"column":9}},"167":{"start":{"line":168,"column":0},"end":{"line":168,"column":43}},"168":{"start":{"line":169,"column":0},"end":{"line":169,"column":44}},"169":{"start":{"line":170,"column":0},"end":{"line":170,"column":39}},"170":{"start":{"line":171,"column":0},"end":{"line":171,"column":37}},"171":{"start":{"line":172,"column":0},"end":{"line":172,"column":25}},"172":{"start":{"line":173,"column":0},"end":{"line":173,"column":5}},"174":{"start":{"line":175,"column":0},"end":{"line":175,"column":22}},"175":{"start":{"line":176,"column":0},"end":{"line":176,"column":80}},"176":{"start":{"line":177,"column":0},"end":{"line":177,"column":72}},"177":{"start":{"line":178,"column":0},"end":{"line":178,"column":25}},"178":{"start":{"line":179,"column":0},"end":{"line":179,"column":5}},"180":{"start":{"line":181,"column":0},"end":{"line":181,"column":22}},"181":{"start":{"line":182,"column":0},"end":{"line":182,"column":23}},"182":{"start":{"line":183,"column":0},"end":{"line":183,"column":48}},"183":{"start":{"line":184,"column":0},"end":{"line":184,"column":40}},"184":{"start":{"line":185,"column":0},"end":{"line":185,"column":25}},"185":{"start":{"line":186,"column":0},"end":{"line":186,"column":5}},"187":{"start":{"line":188,"column":0},"end":{"line":188,"column":22}},"188":{"start":{"line":189,"column":0},"end":{"line":189,"column":23}},"189":{"start":{"line":190,"column":0},"end":{"line":190,"column":51}},"190":{"start":{"line":191,"column":0},"end":{"line":191,"column":40}},"191":{"start":{"line":192,"column":0},"end":{"line":192,"column":25}},"192":{"start":{"line":193,"column":0},"end":{"line":193,"column":5}},"194":{"start":{"line":195,"column":0},"end":{"line":195,"column":22}},"195":{"start":{"line":196,"column":0},"end":{"line":196,"column":67}},"196":{"start":{"line":197,"column":0},"end":{"line":197,"column":91}},"197":{"start":{"line":198,"column":0},"end":{"line":198,"column":5}},"199":{"start":{"line":200,"column":0},"end":{"line":200,"column":22}},"200":{"start":{"line":201,"column":0},"end":{"line":201,"column":71}},"201":{"start":{"line":202,"column":0},"end":{"line":202,"column":95}},"202":{"start":{"line":203,"column":0},"end":{"line":203,"column":5}},"204":{"start":{"line":205,"column":0},"end":{"line":205,"column":22}},"205":{"start":{"line":206,"column":0},"end":{"line":206,"column":69}},"206":{"start":{"line":207,"column":0},"end":{"line":207,"column":93}},"207":{"start":{"line":208,"column":0},"end":{"line":208,"column":5}},"209":{"start":{"line":210,"column":0},"end":{"line":210,"column":22}},"210":{"start":{"line":211,"column":0},"end":{"line":211,"column":71}},"211":{"start":{"line":212,"column":0},"end":{"line":212,"column":95}},"212":{"start":{"line":213,"column":0},"end":{"line":213,"column":5}},"214":{"start":{"line":215,"column":0},"end":{"line":215,"column":22}},"215":{"start":{"line":216,"column":0},"end":{"line":216,"column":72}},"216":{"start":{"line":217,"column":0},"end":{"line":217,"column":96}},"217":{"start":{"line":218,"column":0},"end":{"line":218,"column":5}},"219":{"start":{"line":220,"column":0},"end":{"line":220,"column":22}},"220":{"start":{"line":221,"column":0},"end":{"line":221,"column":68}},"221":{"start":{"line":222,"column":0},"end":{"line":222,"column":92}},"222":{"start":{"line":223,"column":0},"end":{"line":223,"column":5}},"224":{"start":{"line":225,"column":0},"end":{"line":225,"column":22}},"225":{"start":{"line":226,"column":0},"end":{"line":226,"column":72}},"226":{"start":{"line":227,"column":0},"end":{"line":227,"column":96}},"227":{"start":{"line":228,"column":0},"end":{"line":228,"column":5}},"229":{"start":{"line":230,"column":0},"end":{"line":230,"column":22}},"230":{"start":{"line":231,"column":0},"end":{"line":231,"column":70}},"231":{"start":{"line":232,"column":0},"end":{"line":232,"column":94}},"232":{"start":{"line":233,"column":0},"end":{"line":233,"column":5}},"234":{"start":{"line":235,"column":0},"end":{"line":235,"column":22}},"235":{"start":{"line":236,"column":0},"end":{"line":236,"column":72}},"236":{"start":{"line":237,"column":0},"end":{"line":237,"column":96}},"237":{"start":{"line":238,"column":0},"end":{"line":238,"column":5}},"239":{"start":{"line":240,"column":0},"end":{"line":240,"column":22}},"240":{"start":{"line":241,"column":0},"end":{"line":241,"column":73}},"241":{"start":{"line":242,"column":0},"end":{"line":242,"column":97}},"242":{"start":{"line":243,"column":0},"end":{"line":243,"column":5}},"244":{"start":{"line":245,"column":0},"end":{"line":245,"column":22}},"245":{"start":{"line":246,"column":0},"end":{"line":246,"column":67}},"246":{"start":{"line":247,"column":0},"end":{"line":247,"column":91}},"247":{"start":{"line":248,"column":0},"end":{"line":248,"column":5}},"249":{"start":{"line":250,"column":0},"end":{"line":250,"column":22}},"250":{"start":{"line":251,"column":0},"end":{"line":251,"column":65}},"251":{"start":{"line":252,"column":0},"end":{"line":252,"column":89}},"252":{"start":{"line":253,"column":0},"end":{"line":253,"column":5}},"254":{"start":{"line":255,"column":0},"end":{"line":255,"column":22}},"255":{"start":{"line":256,"column":0},"end":{"line":256,"column":67}},"256":{"start":{"line":257,"column":0},"end":{"line":257,"column":91}},"257":{"start":{"line":258,"column":0},"end":{"line":258,"column":5}},"259":{"start":{"line":260,"column":0},"end":{"line":260,"column":22}},"260":{"start":{"line":261,"column":0},"end":{"line":261,"column":68}},"261":{"start":{"line":262,"column":0},"end":{"line":262,"column":92}},"262":{"start":{"line":263,"column":0},"end":{"line":263,"column":5}},"264":{"start":{"line":265,"column":0},"end":{"line":265,"column":22}},"265":{"start":{"line":266,"column":0},"end":{"line":266,"column":80}},"266":{"start":{"line":267,"column":0},"end":{"line":267,"column":98}},"267":{"start":{"line":268,"column":0},"end":{"line":268,"column":5}},"268":{"start":{"line":269,"column":0},"end":{"line":269,"column":1}}},"s":{"0":1,"1":1,"2":1,"3":1,"4":1,"5":1,"6":1,"7":1,"8":1,"9":1,"10":1,"11":1,"12":1,"13":1,"14":1,"15":1,"16":1,"17":1,"18":1,"19":1,"20":1,"21":1,"22":1,"23":1,"24":1,"25":1,"26":1,"27":65,"28":65,"29":65,"30":65,"31":65,"32":65,"33":65,"34":65,"35":1,"37":1,"38":1,"39":1,"40":1,"41":1,"42":1,"43":1,"44":1,"45":1,"46":1,"47":1,"48":1,"49":1,"50":1,"51":1,"52":1,"53":1,"54":1,"55":1,"56":1,"57":1,"58":1,"59":1,"60":1,"61":1,"62":1,"63":1,"64":1,"65":1,"66":1,"67":1,"68":1,"69":1,"70":1,"71":1,"72":1,"73":1,"74":1,"75":1,"76":1,"77":1,"78":1,"79":1,"80":1,"81":1,"82":1,"83":1,"84":1,"85":1,"86":1,"87":1,"88":1,"89":1,"90":1,"91":1,"92":1,"93":1,"94":1,"95":1,"96":1,"97":1,"98":1,"99":1,"100":1,"101":1,"102":1,"103":1,"104":1,"105":1,"106":1,"107":1,"108":1,"109":1,"110":1,"111":1,"112":1,"113":1,"114":1,"115":1,"116":1,"117":1,"118":1,"119":1,"120":1,"121":1,"122":1,"123":1,"124":1,"125":1,"126":1,"127":1,"128":1,"129":1,"130":1,"131":1,"132":1,"133":1,"134":1,"135":1,"136":1,"137":1,"138":1,"139":1,"140":4,"141":4,"142":4,"143":4,"144":4,"145":1,"146":1,"148":1,"149":1,"150":1,"151":31,"152":31,"153":31,"154":15,"155":15,"156":15,"157":31,"158":31,"159":31,"161":1,"162":1,"163":1,"164":0,"165":0,"167":1,"168":1,"169":1,"170":1,"171":1,"172":1,"174":1,"175":1,"176":31,"177":31,"178":31,"180":1,"181":1,"182":0,"183":0,"184":0,"185":0,"187":1,"188":1,"189":0,"190":0,"191":0,"192":0,"194":1,"195":1,"196":3,"197":3,"199":1,"200":1,"201":2,"202":2,"204":1,"205":1,"206":2,"207":2,"209":1,"210":1,"211":2,"212":2,"214":1,"215":1,"216":2,"217":2,"219":1,"220":1,"221":2,"222":2,"224":1,"225":1,"226":2,"227":2,"229":1,"230":1,"231":2,"232":2,"234":1,"235":1,"236":2,"237":2,"239":1,"240":1,"241":2,"242":2,"244":1,"245":1,"246":2,"247":2,"249":1,"250":1,"251":2,"252":2,"254":1,"255":1,"256":2,"257":2,"259":1,"260":1,"261":2,"262":2,"264":1,"265":1,"266":2,"267":2,"268":1},"branchMap":{"0":{"type":"branch","line":27,"loc":{"start":{"line":27,"column":4},"end":{"line":35,"column":5}},"locations":[{"start":{"line":27,"column":4},"end":{"line":35,"column":5}}]},"1":{"type":"branch","line":140,"loc":{"start":{"line":140,"column":14},"end":{"line":146,"column":5}},"locations":[{"start":{"line":140,"column":14},"end":{"line":146,"column":5}}]},"2":{"type":"branch","line":151,"loc":{"start":{"line":151,"column":11},"end":{"line":160,"column":5}},"locations":[{"start":{"line":151,"column":11},"end":{"line":160,"column":5}}]},"3":{"type":"branch","line":154,"loc":{"start":{"line":154,"column":29},"end":{"line":158,"column":9}},"locations":[{"start":{"line":154,"column":29},"end":{"line":158,"column":9}}]},"4":{"type":"branch","line":163,"loc":{"start":{"line":163,"column":11},"end":{"line":173,"column":5}},"locations":[{"start":{"line":163,"column":11},"end":{"line":173,"column":5}}]},"5":{"type":"branch","line":164,"loc":{"start":{"line":164,"column":59},"end":{"line":166,"column":9}},"locations":[{"start":{"line":164,"column":59},"end":{"line":166,"column":9}}]},"6":{"type":"branch","line":176,"loc":{"start":{"line":176,"column":11},"end":{"line":179,"column":5}},"locations":[{"start":{"line":176,"column":11},"end":{"line":179,"column":5}}]},"7":{"type":"branch","line":196,"loc":{"start":{"line":196,"column":11},"end":{"line":198,"column":5}},"locations":[{"start":{"line":196,"column":11},"end":{"line":198,"column":5}}]},"8":{"type":"branch","line":201,"loc":{"start":{"line":201,"column":11},"end":{"line":203,"column":5}},"locations":[{"start":{"line":201,"column":11},"end":{"line":203,"column":5}}]},"9":{"type":"branch","line":206,"loc":{"start":{"line":206,"column":11},"end":{"line":208,"column":5}},"locations":[{"start":{"line":206,"column":11},"end":{"line":208,"column":5}}]},"10":{"type":"branch","line":211,"loc":{"start":{"line":211,"column":11},"end":{"line":213,"column":5}},"locations":[{"start":{"line":211,"column":11},"end":{"line":213,"column":5}}]},"11":{"type":"branch","line":216,"loc":{"start":{"line":216,"column":11},"end":{"line":218,"column":5}},"locations":[{"start":{"line":216,"column":11},"end":{"line":218,"column":5}}]},"12":{"type":"branch","line":221,"loc":{"start":{"line":221,"column":11},"end":{"line":223,"column":5}},"locations":[{"start":{"line":221,"column":11},"end":{"line":223,"column":5}}]},"13":{"type":"branch","line":226,"loc":{"start":{"line":226,"column":11},"end":{"line":228,"column":5}},"locations":[{"start":{"line":226,"column":11},"end":{"line":228,"column":5}}]},"14":{"type":"branch","line":231,"loc":{"start":{"line":231,"column":11},"end":{"line":233,"column":5}},"locations":[{"start":{"line":231,"column":11},"end":{"line":233,"column":5}}]},"15":{"type":"branch","line":236,"loc":{"start":{"line":236,"column":11},"end":{"line":238,"column":5}},"locations":[{"start":{"line":236,"column":11},"end":{"line":238,"column":5}}]},"16":{"type":"branch","line":241,"loc":{"start":{"line":241,"column":11},"end":{"line":243,"column":5}},"locations":[{"start":{"line":241,"column":11},"end":{"line":243,"column":5}}]},"17":{"type":"branch","line":246,"loc":{"start":{"line":246,"column":11},"end":{"line":248,"column":5}},"locations":[{"start":{"line":246,"column":11},"end":{"line":248,"column":5}}]},"18":{"type":"branch","line":251,"loc":{"start":{"line":251,"column":11},"end":{"line":253,"column":5}},"locations":[{"start":{"line":251,"column":11},"end":{"line":253,"column":5}}]},"19":{"type":"branch","line":256,"loc":{"start":{"line":256,"column":11},"end":{"line":258,"column":5}},"locations":[{"start":{"line":256,"column":11},"end":{"line":258,"column":5}}]},"20":{"type":"branch","line":261,"loc":{"start":{"line":261,"column":11},"end":{"line":263,"column":5}},"locations":[{"start":{"line":261,"column":11},"end":{"line":263,"column":5}}]},"21":{"type":"branch","line":266,"loc":{"start":{"line":266,"column":11},"end":{"line":268,"column":5}},"locations":[{"start":{"line":266,"column":11},"end":{"line":268,"column":5}}]}},"b":{"0":[65],"1":[4],"2":[31],"3":[15],"4":[1],"5":[0],"6":[31],"7":[3],"8":[2],"9":[2],"10":[2],"11":[2],"12":[2],"13":[2],"14":[2],"15":[2],"16":[2],"17":[2],"18":[2],"19":[2],"20":[2],"21":[2]},"fnMap":{"0":{"name":"AnimationOption","decl":{"start":{"line":27,"column":4},"end":{"line":35,"column":5}},"loc":{"start":{"line":27,"column":4},"end":{"line":35,"column":5}},"line":27},"1":{"name":"rotation","decl":{"start":{"line":140,"column":14},"end":{"line":146,"column":5}},"loc":{"start":{"line":140,"column":14},"end":{"line":146,"column":5}},"line":140},"2":{"name":"#animate","decl":{"start":{"line":151,"column":11},"end":{"line":160,"column":5}},"loc":{"start":{"line":151,"column":11},"end":{"line":160,"column":5}},"line":151},"3":{"name":"animation.onfinish","decl":{"start":{"line":154,"column":29},"end":{"line":158,"column":9}},"loc":{"start":{"line":154,"column":29},"end":{"line":158,"column":9}},"line":154},"4":{"name":"jdm_clearAnimations","decl":{"start":{"line":163,"column":11},"end":{"line":173,"column":5}},"loc":{"start":{"line":163,"column":11},"end":{"line":173,"column":5}},"line":163},"5":{"name":"jdm_animation","decl":{"start":{"line":176,"column":11},"end":{"line":179,"column":5}},"loc":{"start":{"line":176,"column":11},"end":{"line":179,"column":5}},"line":176},"6":{"name":"jdm_hide","decl":{"start":{"line":182,"column":11},"end":{"line":186,"column":5}},"loc":{"start":{"line":182,"column":11},"end":{"line":186,"column":5}},"line":182},"7":{"name":"jdm_show","decl":{"start":{"line":189,"column":11},"end":{"line":193,"column":5}},"loc":{"start":{"line":189,"column":11},"end":{"line":193,"column":5}},"line":189},"8":{"name":"jdm_fadeIn","decl":{"start":{"line":196,"column":11},"end":{"line":198,"column":5}},"loc":{"start":{"line":196,"column":11},"end":{"line":198,"column":5}},"line":196},"9":{"name":"jdm_fadeInDown","decl":{"start":{"line":201,"column":11},"end":{"line":203,"column":5}},"loc":{"start":{"line":201,"column":11},"end":{"line":203,"column":5}},"line":201},"10":{"name":"jdm_fadeInUp","decl":{"start":{"line":206,"column":11},"end":{"line":208,"column":5}},"loc":{"start":{"line":206,"column":11},"end":{"line":208,"column":5}},"line":206},"11":{"name":"jdm_fadeInLeft","decl":{"start":{"line":211,"column":11},"end":{"line":213,"column":5}},"loc":{"start":{"line":211,"column":11},"end":{"line":213,"column":5}},"line":211},"12":{"name":"jdm_fadeInRight","decl":{"start":{"line":216,"column":11},"end":{"line":218,"column":5}},"loc":{"start":{"line":216,"column":11},"end":{"line":218,"column":5}},"line":216},"13":{"name":"jdm_fadeOut","decl":{"start":{"line":221,"column":11},"end":{"line":223,"column":5}},"loc":{"start":{"line":221,"column":11},"end":{"line":223,"column":5}},"line":221},"14":{"name":"jdm_fadeOutDown","decl":{"start":{"line":226,"column":11},"end":{"line":228,"column":5}},"loc":{"start":{"line":226,"column":11},"end":{"line":228,"column":5}},"line":226},"15":{"name":"jdm_fadeOutUp","decl":{"start":{"line":231,"column":11},"end":{"line":233,"column":5}},"loc":{"start":{"line":231,"column":11},"end":{"line":233,"column":5}},"line":231},"16":{"name":"jdm_fadeOutLeft","decl":{"start":{"line":236,"column":11},"end":{"line":238,"column":5}},"loc":{"start":{"line":236,"column":11},"end":{"line":238,"column":5}},"line":236},"17":{"name":"jdm_fadeOutRight","decl":{"start":{"line":241,"column":11},"end":{"line":243,"column":5}},"loc":{"start":{"line":241,"column":11},"end":{"line":243,"column":5}},"line":241},"18":{"name":"jdm_bounce","decl":{"start":{"line":246,"column":11},"end":{"line":248,"column":5}},"loc":{"start":{"line":246,"column":11},"end":{"line":248,"column":5}},"line":246},"19":{"name":"jdm_tada","decl":{"start":{"line":251,"column":11},"end":{"line":253,"column":5}},"loc":{"start":{"line":251,"column":11},"end":{"line":253,"column":5}},"line":251},"20":{"name":"jdm_zoomIn","decl":{"start":{"line":256,"column":11},"end":{"line":258,"column":5}},"loc":{"start":{"line":256,"column":11},"end":{"line":258,"column":5}},"line":256},"21":{"name":"jdm_zoomOut","decl":{"start":{"line":261,"column":11},"end":{"line":263,"column":5}},"loc":{"start":{"line":261,"column":11},"end":{"line":263,"column":5}},"line":261},"22":{"name":"jdm_rotation","decl":{"start":{"line":266,"column":11},"end":{"line":268,"column":5}},"loc":{"start":{"line":266,"column":11},"end":{"line":268,"column":5}},"line":266}},"f":{"0":65,"1":4,"2":31,"3":15,"4":1,"5":31,"6":0,"7":0,"8":3,"9":2,"10":2,"11":2,"12":2,"13":2,"14":2,"15":2,"16":2,"17":2,"18":2,"19":2,"20":2,"21":2,"22":2}}
,"/Users/marcogiacobazzi/localhost/jdm2/src/_common.js": {"path":"/Users/marcogiacobazzi/localhost/jdm2/src/_common.js","all":false,"statementMap":{"0":{"start":{"line":1,"column":0},"end":{"line":1,"column":22}},"1":{"start":{"line":2,"column":0},"end":{"line":2,"column":42}},"2":{"start":{"line":3,"column":0},"end":{"line":3,"column":18}},"3":{"start":{"line":4,"column":0},"end":{"line":4,"column":29}},"4":{"start":{"line":5,"column":0},"end":{"line":5,"column":32}},"5":{"start":{"line":6,"column":0},"end":{"line":6,"column":38}},"6":{"start":{"line":7,"column":0},"end":{"line":7,"column":39}},"7":{"start":{"line":8,"column":0},"end":{"line":8,"column":24}},"8":{"start":{"line":9,"column":0},"end":{"line":9,"column":10}},"9":{"start":{"line":10,"column":0},"end":{"line":10,"column":5}},"11":{"start":{"line":12,"column":0},"end":{"line":12,"column":66}},"12":{"start":{"line":13,"column":0},"end":{"line":13,"column":97}},"13":{"start":{"line":14,"column":0},"end":{"line":14,"column":5}},"15":{"start":{"line":16,"column":0},"end":{"line":16,"column":25}},"16":{"start":{"line":17,"column":0},"end":{"line":17,"column":43}},"17":{"start":{"line":18,"column":0},"end":{"line":18,"column":5}},"18":{"start":{"line":19,"column":0},"end":{"line":19,"column":1}}},"s":{"0":1,"1":1,"2":6,"3":6,"4":11,"5":11,"6":6,"7":11,"8":6,"9":6,"11":1,"12":5,"13":5,"15":1,"16":3,"17":3,"18":1},"branchMap":{"0":{"type":"branch","line":2,"loc":{"start":{"line":2,"column":11},"end":{"line":10,"column":5}},"locations":[{"start":{"line":2,"column":11},"end":{"line":10,"column":5}}]},"1":{"type":"branch","line":4,"loc":{"start":{"line":4,"column":15},"end":{"line":9,"column":9}},"locations":[{"start":{"line":4,"column":15},"end":{"line":9,"column":9}}]},"2":{"type":"branch","line":6,"loc":{"start":{"line":6,"column":31},"end":{"line":8,"column":13}},"locations":[{"start":{"line":6,"column":31},"end":{"line":8,"column":13}}]},"3":{"type":"branch","line":12,"loc":{"start":{"line":12,"column":11},"end":{"line":14,"column":5}},"locations":[{"start":{"line":12,"column":11},"end":{"line":14,"column":5}}]},"4":{"type":"branch","line":16,"loc":{"start":{"line":16,"column":11},"end":{"line":18,"column":5}},"locations":[{"start":{"line":16,"column":11},"end":{"line":18,"column":5}}]},"5":{"type":"branch","line":17,"loc":{"start":{"line":17,"column":27},"end":{"line":17,"column":40}},"locations":[{"start":{"line":17,"column":27},"end":{"line":17,"column":40}}]}},"b":{"0":[6],"1":[11],"2":[6],"3":[5],"4":[3],"5":[2]},"fnMap":{"0":{"name":"debounce","decl":{"start":{"line":2,"column":11},"end":{"line":10,"column":5}},"loc":{"start":{"line":2,"column":11},"end":{"line":10,"column":5}},"line":2},"1":{"name":"genEvent","decl":{"start":{"line":12,"column":11},"end":{"line":14,"column":5}},"loc":{"start":{"line":12,"column":11},"end":{"line":14,"column":5}},"line":12},"2":{"name":"getTag","decl":{"start":{"line":16,"column":11},"end":{"line":18,"column":5}},"loc":{"start":{"line":16,"column":11},"end":{"line":18,"column":5}},"line":16}},"f":{"0":6,"1":5,"2":3}}
,"/Users/marcogiacobazzi/localhost/jdm2/src/_core.js": {"path":"/Users/marcogiacobazzi/localhost/jdm2/src/_core.js","all":false,"statementMap":{"0":{"start":{"line":1,"column":0},"end":{"line":1,"column":42}},"2":{"start":{"line":3,"column":0},"end":{"line":3,"column":20}},"3":{"start":{"line":4,"column":0},"end":{"line":4,"column":22}},"4":{"start":{"line":5,"column":0},"end":{"line":5,"column":36}},"5":{"start":{"line":6,"column":0},"end":{"line":6,"column":41}},"6":{"start":{"line":7,"column":0},"end":{"line":7,"column":48}},"7":{"start":{"line":8,"column":0},"end":{"line":8,"column":47}},"8":{"start":{"line":9,"column":0},"end":{"line":9,"column":13}},"9":{"start":{"line":10,"column":0},"end":{"line":10,"column":33}},"10":{"start":{"line":11,"column":0},"end":{"line":11,"column":47}},"11":{"start":{"line":12,"column":0},"end":{"line":12,"column":9}},"12":{"start":{"line":13,"column":0},"end":{"line":13,"column":25}},"13":{"start":{"line":14,"column":0},"end":{"line":14,"column":5}},"15":{"start":{"line":16,"column":0},"end":{"line":16,"column":22}},"16":{"start":{"line":17,"column":0},"end":{"line":17,"column":37}},"17":{"start":{"line":18,"column":0},"end":{"line":18,"column":55}},"19":{"start":{"line":20,"column":0},"end":{"line":20,"column":41}},"20":{"start":{"line":21,"column":0},"end":{"line":21,"column":48}},"21":{"start":{"line":22,"column":0},"end":{"line":22,"column":43}},"22":{"start":{"line":23,"column":0},"end":{"line":23,"column":13}},"23":{"start":{"line":24,"column":0},"end":{"line":24,"column":33}},"24":{"start":{"line":25,"column":0},"end":{"line":25,"column":43}},"25":{"start":{"line":26,"column":0},"end":{"line":26,"column":9}},"26":{"start":{"line":27,"column":0},"end":{"line":27,"column":25}},"27":{"start":{"line":28,"column":0},"end":{"line":28,"column":5}},"29":{"start":{"line":30,"column":0},"end":{"line":30,"column":22}},"30":{"start":{"line":31,"column":0},"end":{"line":31,"column":42}},"31":{"start":{"line":32,"column":0},"end":{"line":32,"column":79}},"32":{"start":{"line":33,"column":0},"end":{"line":33,"column":44}},"33":{"start":{"line":34,"column":0},"end":{"line":34,"column":44}},"34":{"start":{"line":35,"column":0},"end":{"line":35,"column":52}},"35":{"start":{"line":36,"column":0},"end":{"line":36,"column":9}},"36":{"start":{"line":37,"column":0},"end":{"line":37,"column":25}},"37":{"start":{"line":38,"column":0},"end":{"line":38,"column":5}},"39":{"start":{"line":40,"column":0},"end":{"line":40,"column":22}},"40":{"start":{"line":41,"column":0},"end":{"line":41,"column":41}},"41":{"start":{"line":42,"column":0},"end":{"line":42,"column":79}},"42":{"start":{"line":43,"column":0},"end":{"line":43,"column":44}},"43":{"start":{"line":44,"column":0},"end":{"line":44,"column":44}},"44":{"start":{"line":45,"column":0},"end":{"line":45,"column":51}},"45":{"start":{"line":46,"column":0},"end":{"line":46,"column":9}},"46":{"start":{"line":47,"column":0},"end":{"line":47,"column":25}},"47":{"start":{"line":48,"column":0},"end":{"line":48,"column":5}},"49":{"start":{"line":50,"column":0},"end":{"line":50,"column":22}},"50":{"start":{"line":51,"column":0},"end":{"line":51,"column":54}},"51":{"start":{"line":52,"column":0},"end":{"line":52,"column":49}},"52":{"start":{"line":53,"column":0},"end":{"line":53,"column":25}},"53":{"start":{"line":54,"column":0},"end":{"line":54,"column":5}},"55":{"start":{"line":56,"column":0},"end":{"line":56,"column":22}},"56":{"start":{"line":57,"column":0},"end":{"line":57,"column":40}},"57":{"start":{"line":58,"column":0},"end":{"line":58,"column":49}},"58":{"start":{"line":59,"column":0},"end":{"line":59,"column":5}},"60":{"start":{"line":61,"column":0},"end":{"line":61,"column":22}},"61":{"start":{"line":62,"column":0},"end":{"line":62,"column":43}},"62":{"start":{"line":63,"column":0},"end":{"line":63,"column":45}},"63":{"start":{"line":64,"column":0},"end":{"line":64,"column":25}},"64":{"start":{"line":65,"column":0},"end":{"line":65,"column":5}},"66":{"start":{"line":67,"column":0},"end":{"line":67,"column":22}},"67":{"start":{"line":68,"column":0},"end":{"line":68,"column":26}},"68":{"start":{"line":69,"column":0},"end":{"line":69,"column":41}},"69":{"start":{"line":70,"column":0},"end":{"line":70,"column":25}},"70":{"start":{"line":71,"column":0},"end":{"line":71,"column":5}},"72":{"start":{"line":73,"column":0},"end":{"line":73,"column":22}},"73":{"start":{"line":74,"column":0},"end":{"line":74,"column":40}},"74":{"start":{"line":75,"column":0},"end":{"line":75,"column":39}},"75":{"start":{"line":76,"column":0},"end":{"line":76,"column":42}},"76":{"start":{"line":77,"column":0},"end":{"line":77,"column":45}},"77":{"start":{"line":78,"column":0},"end":{"line":78,"column":13}},"78":{"start":{"line":79,"column":0},"end":{"line":79,"column":31}},"79":{"start":{"line":80,"column":0},"end":{"line":80,"column":47}},"80":{"start":{"line":81,"column":0},"end":{"line":81,"column":9}},"81":{"start":{"line":82,"column":0},"end":{"line":82,"column":25}},"82":{"start":{"line":83,"column":0},"end":{"line":83,"column":5}},"84":{"start":{"line":85,"column":0},"end":{"line":85,"column":22}},"85":{"start":{"line":86,"column":0},"end":{"line":86,"column":43}},"86":{"start":{"line":87,"column":0},"end":{"line":87,"column":39}},"87":{"start":{"line":88,"column":0},"end":{"line":88,"column":42}},"88":{"start":{"line":89,"column":0},"end":{"line":89,"column":48}},"89":{"start":{"line":90,"column":0},"end":{"line":90,"column":13}},"90":{"start":{"line":91,"column":0},"end":{"line":91,"column":31}},"91":{"start":{"line":92,"column":0},"end":{"line":92,"column":50}},"92":{"start":{"line":93,"column":0},"end":{"line":93,"column":9}},"93":{"start":{"line":94,"column":0},"end":{"line":94,"column":25}},"94":{"start":{"line":95,"column":0},"end":{"line":95,"column":5}},"96":{"start":{"line":97,"column":0},"end":{"line":97,"column":22}},"97":{"start":{"line":98,"column":0},"end":{"line":98,"column":43}},"98":{"start":{"line":99,"column":0},"end":{"line":99,"column":39}},"99":{"start":{"line":100,"column":0},"end":{"line":100,"column":42}},"100":{"start":{"line":101,"column":0},"end":{"line":101,"column":48}},"101":{"start":{"line":102,"column":0},"end":{"line":102,"column":13}},"102":{"start":{"line":103,"column":0},"end":{"line":103,"column":31}},"103":{"start":{"line":104,"column":0},"end":{"line":104,"column":50}},"104":{"start":{"line":105,"column":0},"end":{"line":105,"column":9}},"105":{"start":{"line":106,"column":0},"end":{"line":106,"column":25}},"106":{"start":{"line":107,"column":0},"end":{"line":107,"column":5}},"108":{"start":{"line":109,"column":0},"end":{"line":109,"column":22}},"109":{"start":{"line":110,"column":0},"end":{"line":110,"column":55}},"110":{"start":{"line":111,"column":0},"end":{"line":111,"column":71}},"111":{"start":{"line":112,"column":0},"end":{"line":112,"column":139}},"112":{"start":{"line":113,"column":0},"end":{"line":113,"column":5}},"114":{"start":{"line":115,"column":0},"end":{"line":115,"column":22}},"115":{"start":{"line":116,"column":0},"end":{"line":116,"column":24}},"116":{"start":{"line":117,"column":0},"end":{"line":117,"column":100}},"117":{"start":{"line":118,"column":0},"end":{"line":118,"column":38}},"118":{"start":{"line":119,"column":0},"end":{"line":119,"column":69}},"119":{"start":{"line":120,"column":0},"end":{"line":120,"column":35}},"120":{"start":{"line":121,"column":0},"end":{"line":121,"column":41}},"121":{"start":{"line":122,"column":0},"end":{"line":122,"column":49}},"122":{"start":{"line":123,"column":0},"end":{"line":123,"column":59}},"123":{"start":{"line":124,"column":0},"end":{"line":124,"column":82}},"124":{"start":{"line":125,"column":0},"end":{"line":125,"column":48}},"125":{"start":{"line":126,"column":0},"end":{"line":126,"column":101}},"126":{"start":{"line":127,"column":0},"end":{"line":127,"column":63}},"127":{"start":{"line":128,"column":0},"end":{"line":128,"column":49}},"128":{"start":{"line":129,"column":0},"end":{"line":129,"column":25}},"129":{"start":{"line":130,"column":0},"end":{"line":130,"column":28}},"130":{"start":{"line":131,"column":0},"end":{"line":131,"column":43}},"131":{"start":{"line":132,"column":0},"end":{"line":132,"column":21}},"132":{"start":{"line":133,"column":0},"end":{"line":133,"column":17}},"133":{"start":{"line":134,"column":0},"end":{"line":134,"column":13}},"134":{"start":{"line":135,"column":0},"end":{"line":135,"column":16}},"135":{"start":{"line":136,"column":0},"end":{"line":136,"column":37}},"136":{"start":{"line":137,"column":0},"end":{"line":137,"column":9}},"137":{"start":{"line":138,"column":0},"end":{"line":138,"column":25}},"138":{"start":{"line":139,"column":0},"end":{"line":139,"column":5}},"140":{"start":{"line":141,"column":0},"end":{"line":141,"column":22}},"141":{"start":{"line":142,"column":0},"end":{"line":142,"column":26}},"142":{"start":{"line":143,"column":0},"end":{"line":143,"column":27}},"143":{"start":{"line":144,"column":0},"end":{"line":144,"column":25}},"144":{"start":{"line":145,"column":0},"end":{"line":145,"column":5}},"146":{"start":{"line":147,"column":0},"end":{"line":147,"column":22}},"147":{"start":{"line":148,"column":0},"end":{"line":148,"column":27}},"148":{"start":{"line":149,"column":0},"end":{"line":149,"column":51}},"149":{"start":{"line":150,"column":0},"end":{"line":150,"column":48}},"150":{"start":{"line":151,"column":0},"end":{"line":151,"column":25}},"151":{"start":{"line":152,"column":0},"end":{"line":152,"column":5}},"153":{"start":{"line":154,"column":0},"end":{"line":154,"column":22}},"154":{"start":{"line":155,"column":0},"end":{"line":155,"column":39}},"155":{"start":{"line":156,"column":0},"end":{"line":156,"column":39}},"156":{"start":{"line":157,"column":0},"end":{"line":157,"column":25}},"157":{"start":{"line":158,"column":0},"end":{"line":158,"column":5}},"159":{"start":{"line":160,"column":0},"end":{"line":160,"column":22}},"160":{"start":{"line":161,"column":0},"end":{"line":161,"column":48}},"161":{"start":{"line":162,"column":0},"end":{"line":162,"column":33}},"162":{"start":{"line":163,"column":0},"end":{"line":163,"column":25}},"163":{"start":{"line":164,"column":0},"end":{"line":164,"column":5}},"165":{"start":{"line":166,"column":0},"end":{"line":166,"column":22}},"166":{"start":{"line":167,"column":0},"end":{"line":167,"column":33}},"167":{"start":{"line":168,"column":0},"end":{"line":168,"column":36}},"168":{"start":{"line":169,"column":0},"end":{"line":169,"column":25}},"169":{"start":{"line":170,"column":0},"end":{"line":170,"column":5}},"171":{"start":{"line":172,"column":0},"end":{"line":172,"column":22}},"172":{"start":{"line":173,"column":0},"end":{"line":173,"column":71}},"173":{"start":{"line":174,"column":0},"end":{"line":174,"column":29}},"175":{"start":{"line":176,"column":0},"end":{"line":176,"column":32}},"176":{"start":{"line":177,"column":0},"end":{"line":177,"column":49}},"177":{"start":{"line":178,"column":0},"end":{"line":178,"column":16}},"178":{"start":{"line":179,"column":0},"end":{"line":179,"column":33}},"179":{"start":{"line":180,"column":0},"end":{"line":180,"column":9}},"181":{"start":{"line":182,"column":0},"end":{"line":182,"column":44}},"182":{"start":{"line":183,"column":0},"end":{"line":183,"column":16}},"183":{"start":{"line":184,"column":0},"end":{"line":184,"column":60}},"184":{"start":{"line":185,"column":0},"end":{"line":185,"column":61}},"185":{"start":{"line":186,"column":0},"end":{"line":186,"column":60}},"186":{"start":{"line":187,"column":0},"end":{"line":187,"column":15}},"187":{"start":{"line":188,"column":0},"end":{"line":188,"column":57}},"188":{"start":{"line":189,"column":0},"end":{"line":189,"column":62}},"189":{"start":{"line":190,"column":0},"end":{"line":190,"column":19}},"190":{"start":{"line":191,"column":0},"end":{"line":191,"column":20}},"191":{"start":{"line":192,"column":0},"end":{"line":192,"column":57}},"192":{"start":{"line":193,"column":0},"end":{"line":193,"column":63}},"193":{"start":{"line":194,"column":0},"end":{"line":194,"column":19}},"194":{"start":{"line":195,"column":0},"end":{"line":195,"column":13}},"196":{"start":{"line":197,"column":0},"end":{"line":197,"column":36}},"197":{"start":{"line":198,"column":0},"end":{"line":198,"column":96}},"198":{"start":{"line":199,"column":0},"end":{"line":199,"column":47}},"199":{"start":{"line":200,"column":0},"end":{"line":200,"column":58}},"200":{"start":{"line":201,"column":0},"end":{"line":201,"column":70}},"201":{"start":{"line":202,"column":0},"end":{"line":202,"column":17}},"202":{"start":{"line":203,"column":0},"end":{"line":203,"column":13}},"203":{"start":{"line":204,"column":0},"end":{"line":204,"column":9}},"205":{"start":{"line":206,"column":0},"end":{"line":206,"column":25}},"206":{"start":{"line":207,"column":0},"end":{"line":207,"column":5}},"208":{"start":{"line":209,"column":0},"end":{"line":209,"column":22}},"209":{"start":{"line":210,"column":0},"end":{"line":210,"column":51}},"210":{"start":{"line":211,"column":0},"end":{"line":211,"column":25}},"211":{"start":{"line":212,"column":0},"end":{"line":212,"column":17}},"212":{"start":{"line":213,"column":0},"end":{"line":213,"column":42}},"213":{"start":{"line":214,"column":0},"end":{"line":214,"column":25}},"214":{"start":{"line":215,"column":0},"end":{"line":215,"column":30}},"215":{"start":{"line":216,"column":0},"end":{"line":216,"column":13}},"216":{"start":{"line":217,"column":0},"end":{"line":217,"column":9}},"218":{"start":{"line":219,"column":0},"end":{"line":219,"column":74}},"219":{"start":{"line":220,"column":0},"end":{"line":220,"column":38}},"220":{"start":{"line":221,"column":0},"end":{"line":221,"column":41}},"221":{"start":{"line":222,"column":0},"end":{"line":222,"column":45}},"222":{"start":{"line":223,"column":0},"end":{"line":223,"column":68}},"223":{"start":{"line":224,"column":0},"end":{"line":224,"column":39}},"224":{"start":{"line":225,"column":0},"end":{"line":225,"column":24}},"225":{"start":{"line":226,"column":0},"end":{"line":226,"column":37}},"226":{"start":{"line":227,"column":0},"end":{"line":227,"column":17}},"227":{"start":{"line":228,"column":0},"end":{"line":228,"column":14}},"229":{"start":{"line":230,"column":0},"end":{"line":230,"column":49}},"230":{"start":{"line":231,"column":0},"end":{"line":231,"column":65}},"231":{"start":{"line":232,"column":0},"end":{"line":232,"column":14}},"233":{"start":{"line":234,"column":0},"end":{"line":234,"column":63}},"234":{"start":{"line":235,"column":0},"end":{"line":235,"column":41}},"235":{"start":{"line":236,"column":0},"end":{"line":236,"column":44}},"236":{"start":{"line":237,"column":0},"end":{"line":237,"column":68}},"237":{"start":{"line":238,"column":0},"end":{"line":238,"column":101}},"238":{"start":{"line":239,"column":0},"end":{"line":239,"column":50}},"239":{"start":{"line":240,"column":0},"end":{"line":240,"column":60}},"240":{"start":{"line":241,"column":0},"end":{"line":241,"column":55}},"241":{"start":{"line":242,"column":0},"end":{"line":242,"column":95}},"242":{"start":{"line":243,"column":0},"end":{"line":243,"column":64}},"243":{"start":{"line":244,"column":0},"end":{"line":244,"column":87}},"244":{"start":{"line":245,"column":0},"end":{"line":245,"column":35}},"245":{"start":{"line":246,"column":0},"end":{"line":246,"column":67}},"246":{"start":{"line":247,"column":0},"end":{"line":247,"column":64}},"247":{"start":{"line":248,"column":0},"end":{"line":248,"column":36}},"248":{"start":{"line":249,"column":0},"end":{"line":249,"column":57}},"249":{"start":{"line":250,"column":0},"end":{"line":250,"column":29}},"250":{"start":{"line":251,"column":0},"end":{"line":251,"column":25}},"251":{"start":{"line":252,"column":0},"end":{"line":252,"column":59}},"252":{"start":{"line":253,"column":0},"end":{"line":253,"column":56}},"253":{"start":{"line":254,"column":0},"end":{"line":254,"column":21}},"254":{"start":{"line":255,"column":0},"end":{"line":255,"column":17}},"255":{"start":{"line":256,"column":0},"end":{"line":256,"column":14}},"256":{"start":{"line":257,"column":0},"end":{"line":257,"column":43}},"257":{"start":{"line":258,"column":0},"end":{"line":258,"column":16}},"258":{"start":{"line":259,"column":0},"end":{"line":259,"column":116}},"259":{"start":{"line":260,"column":0},"end":{"line":260,"column":44}},"260":{"start":{"line":261,"column":0},"end":{"line":261,"column":20}},"261":{"start":{"line":262,"column":0},"end":{"line":262,"column":40}},"262":{"start":{"line":263,"column":0},"end":{"line":263,"column":13}},"263":{"start":{"line":264,"column":0},"end":{"line":264,"column":9}},"265":{"start":{"line":266,"column":0},"end":{"line":266,"column":25}},"266":{"start":{"line":267,"column":0},"end":{"line":267,"column":5}},"268":{"start":{"line":269,"column":0},"end":{"line":269,"column":22}},"269":{"start":{"line":270,"column":0},"end":{"line":270,"column":27}},"270":{"start":{"line":271,"column":0},"end":{"line":271,"column":100}},"271":{"start":{"line":272,"column":0},"end":{"line":272,"column":37}},"272":{"start":{"line":273,"column":0},"end":{"line":273,"column":41}},"273":{"start":{"line":274,"column":0},"end":{"line":274,"column":53}},"274":{"start":{"line":275,"column":0},"end":{"line":275,"column":28}},"276":{"start":{"line":277,"column":0},"end":{"line":277,"column":58}},"277":{"start":{"line":278,"column":0},"end":{"line":278,"column":52}},"278":{"start":{"line":279,"column":0},"end":{"line":279,"column":56}},"279":{"start":{"line":280,"column":0},"end":{"line":280,"column":38}},"280":{"start":{"line":281,"column":0},"end":{"line":281,"column":69}},"281":{"start":{"line":282,"column":0},"end":{"line":282,"column":43}},"283":{"start":{"line":284,"column":0},"end":{"line":284,"column":55}},"284":{"start":{"line":285,"column":0},"end":{"line":285,"column":47}},"285":{"start":{"line":286,"column":0},"end":{"line":286,"column":50}},"286":{"start":{"line":287,"column":0},"end":{"line":287,"column":78}},"287":{"start":{"line":288,"column":0},"end":{"line":288,"column":21}},"288":{"start":{"line":289,"column":0},"end":{"line":289,"column":56}},"289":{"start":{"line":290,"column":0},"end":{"line":290,"column":17}},"291":{"start":{"line":292,"column":0},"end":{"line":292,"column":37}},"292":{"start":{"line":293,"column":0},"end":{"line":293,"column":45}},"293":{"start":{"line":294,"column":0},"end":{"line":294,"column":46}},"294":{"start":{"line":295,"column":0},"end":{"line":295,"column":21}},"295":{"start":{"line":296,"column":0},"end":{"line":296,"column":60}},"296":{"start":{"line":297,"column":0},"end":{"line":297,"column":64}},"297":{"start":{"line":298,"column":0},"end":{"line":298,"column":52}},"298":{"start":{"line":299,"column":0},"end":{"line":299,"column":49}},"299":{"start":{"line":300,"column":0},"end":{"line":300,"column":71}},"300":{"start":{"line":301,"column":0},"end":{"line":301,"column":24}},"301":{"start":{"line":302,"column":0},"end":{"line":302,"column":45}},"302":{"start":{"line":303,"column":0},"end":{"line":303,"column":36}},"303":{"start":{"line":304,"column":0},"end":{"line":304,"column":62}},"304":{"start":{"line":305,"column":0},"end":{"line":305,"column":60}},"305":{"start":{"line":306,"column":0},"end":{"line":306,"column":25}},"306":{"start":{"line":307,"column":0},"end":{"line":307,"column":28}},"307":{"start":{"line":308,"column":0},"end":{"line":308,"column":52}},"308":{"start":{"line":309,"column":0},"end":{"line":309,"column":21}},"309":{"start":{"line":310,"column":0},"end":{"line":310,"column":17}},"310":{"start":{"line":311,"column":0},"end":{"line":311,"column":13}},"311":{"start":{"line":312,"column":0},"end":{"line":312,"column":24}},"312":{"start":{"line":313,"column":0},"end":{"line":313,"column":43}},"313":{"start":{"line":314,"column":0},"end":{"line":314,"column":35}},"314":{"start":{"line":315,"column":0},"end":{"line":315,"column":16}},"315":{"start":{"line":316,"column":0},"end":{"line":316,"column":35}},"316":{"start":{"line":317,"column":0},"end":{"line":317,"column":9}},"317":{"start":{"line":318,"column":0},"end":{"line":318,"column":5}},"319":{"start":{"line":320,"column":0},"end":{"line":320,"column":22}},"320":{"start":{"line":321,"column":0},"end":{"line":321,"column":71}},"321":{"start":{"line":322,"column":0},"end":{"line":322,"column":68}},"322":{"start":{"line":323,"column":0},"end":{"line":323,"column":25}},"323":{"start":{"line":324,"column":0},"end":{"line":324,"column":5}},"325":{"start":{"line":326,"column":0},"end":{"line":326,"column":22}},"326":{"start":{"line":327,"column":0},"end":{"line":327,"column":54}},"327":{"start":{"line":328,"column":0},"end":{"line":328,"column":45}},"328":{"start":{"line":329,"column":0},"end":{"line":329,"column":25}},"329":{"start":{"line":330,"column":0},"end":{"line":330,"column":5}},"331":{"start":{"line":332,"column":0},"end":{"line":332,"column":22}},"332":{"start":{"line":333,"column":0},"end":{"line":333,"column":57}},"333":{"start":{"line":334,"column":0},"end":{"line":334,"column":48}},"334":{"start":{"line":335,"column":0},"end":{"line":335,"column":25}},"335":{"start":{"line":336,"column":0},"end":{"line":336,"column":5}},"337":{"start":{"line":338,"column":0},"end":{"line":338,"column":22}},"338":{"start":{"line":339,"column":0},"end":{"line":339,"column":34}},"339":{"start":{"line":340,"column":0},"end":{"line":340,"column":93}},"340":{"start":{"line":341,"column":0},"end":{"line":341,"column":81}},"341":{"start":{"line":342,"column":0},"end":{"line":342,"column":53}},"342":{"start":{"line":343,"column":0},"end":{"line":343,"column":13}},"343":{"start":{"line":344,"column":0},"end":{"line":344,"column":9}},"345":{"start":{"line":346,"column":0},"end":{"line":346,"column":25}},"346":{"start":{"line":347,"column":0},"end":{"line":347,"column":5}},"348":{"start":{"line":349,"column":0},"end":{"line":349,"column":22}},"349":{"start":{"line":350,"column":0},"end":{"line":350,"column":39}},"350":{"start":{"line":351,"column":0},"end":{"line":351,"column":48}},"351":{"start":{"line":352,"column":0},"end":{"line":352,"column":25}},"352":{"start":{"line":353,"column":0},"end":{"line":353,"column":5}},"354":{"start":{"line":355,"column":0},"end":{"line":355,"column":22}},"355":{"start":{"line":356,"column":0},"end":{"line":356,"column":40}},"356":{"start":{"line":357,"column":0},"end":{"line":357,"column":49}},"357":{"start":{"line":358,"column":0},"end":{"line":358,"column":25}},"358":{"start":{"line":359,"column":0},"end":{"line":359,"column":5}},"360":{"start":{"line":361,"column":0},"end":{"line":361,"column":22}},"361":{"start":{"line":362,"column":0},"end":{"line":362,"column":40}},"362":{"start":{"line":363,"column":0},"end":{"line":363,"column":49}},"363":{"start":{"line":364,"column":0},"end":{"line":364,"column":25}},"364":{"start":{"line":365,"column":0},"end":{"line":365,"column":5}},"366":{"start":{"line":367,"column":0},"end":{"line":367,"column":22}},"367":{"start":{"line":368,"column":0},"end":{"line":368,"column":75}},"368":{"start":{"line":369,"column":0},"end":{"line":369,"column":74}},"369":{"start":{"line":370,"column":0},"end":{"line":370,"column":25}},"370":{"start":{"line":371,"column":0},"end":{"line":371,"column":5}},"372":{"start":{"line":373,"column":0},"end":{"line":373,"column":22}},"373":{"start":{"line":374,"column":0},"end":{"line":374,"column":39}},"374":{"start":{"line":375,"column":0},"end":{"line":375,"column":48}},"376":{"start":{"line":377,"column":0},"end":{"line":377,"column":25}},"377":{"start":{"line":378,"column":0},"end":{"line":378,"column":5}},"379":{"start":{"line":380,"column":0},"end":{"line":380,"column":22}},"380":{"start":{"line":381,"column":0},"end":{"line":381,"column":44}},"381":{"start":{"line":382,"column":0},"end":{"line":382,"column":54}},"382":{"start":{"line":383,"column":0},"end":{"line":383,"column":25}},"383":{"start":{"line":384,"column":0},"end":{"line":384,"column":5}},"385":{"start":{"line":386,"column":0},"end":{"line":386,"column":22}},"386":{"start":{"line":387,"column":0},"end":{"line":387,"column":45}},"387":{"start":{"line":388,"column":0},"end":{"line":388,"column":51}},"388":{"start":{"line":389,"column":0},"end":{"line":389,"column":25}},"389":{"start":{"line":390,"column":0},"end":{"line":390,"column":5}},"391":{"start":{"line":392,"column":0},"end":{"line":392,"column":22}},"392":{"start":{"line":393,"column":0},"end":{"line":393,"column":41}},"393":{"start":{"line":394,"column":0},"end":{"line":394,"column":50}},"394":{"start":{"line":395,"column":0},"end":{"line":395,"column":25}},"395":{"start":{"line":396,"column":0},"end":{"line":396,"column":5}},"397":{"start":{"line":398,"column":0},"end":{"line":398,"column":22}},"398":{"start":{"line":399,"column":0},"end":{"line":399,"column":38}},"399":{"start":{"line":400,"column":0},"end":{"line":400,"column":47}},"400":{"start":{"line":401,"column":0},"end":{"line":401,"column":25}},"401":{"start":{"line":402,"column":0},"end":{"line":402,"column":5}},"403":{"start":{"line":404,"column":0},"end":{"line":404,"column":22}},"404":{"start":{"line":405,"column":0},"end":{"line":405,"column":39}},"405":{"start":{"line":406,"column":0},"end":{"line":406,"column":48}},"406":{"start":{"line":407,"column":0},"end":{"line":407,"column":25}},"407":{"start":{"line":408,"column":0},"end":{"line":408,"column":5}},"409":{"start":{"line":410,"column":0},"end":{"line":410,"column":22}},"410":{"start":{"line":411,"column":0},"end":{"line":411,"column":39}},"411":{"start":{"line":412,"column":0},"end":{"line":412,"column":49}},"412":{"start":{"line":413,"column":0},"end":{"line":413,"column":25}},"413":{"start":{"line":414,"column":0},"end":{"line":414,"column":5}},"414":{"start":{"line":415,"column":0},"end":{"line":415,"column":1}}},"s":{"0":1,"2":1,"3":1,"4":1,"5":2,"6":1,"7":2,"8":2,"9":1,"10":1,"11":1,"12":2,"13":2,"15":1,"16":1,"17":2,"19":2,"20":1,"21":2,"22":2,"23":1,"24":1,"25":1,"26":2,"27":2,"29":1,"30":1,"31":2,"32":2,"33":2,"34":3,"35":3,"36":2,"37":2,"39":1,"40":1,"41":0,"42":0,"43":0,"44":0,"45":0,"46":0,"47":0,"49":1,"50":1,"51":1,"52":1,"53":1,"55":1,"56":1,"57":13,"58":13,"60":1,"61":1,"62":1,"63":1,"64":1,"66":1,"67":1,"68":1,"69":1,"70":1,"72":1,"73":1,"74":5,"75":4,"76":8,"77":8,"78":5,"79":1,"80":1,"81":5,"82":5,"84":1,"85":1,"86":2,"87":1,"88":2,"89":2,"90":1,"91":1,"92":1,"93":2,"94":2,"96":1,"97":1,"98":4,"99":2,"100":4,"101":4,"102":2,"103":2,"104":2,"105":4,"106":4,"108":1,"109":1,"110":8,"111":8,"112":8,"114":1,"115":1,"116":6,"117":2,"118":6,"119":2,"120":2,"121":1,"122":1,"123":4,"124":1,"125":4,"126":1,"127":2,"128":2,"129":3,"130":2,"131":2,"132":4,"133":1,"134":1,"135":1,"136":1,"137":6,"138":6,"140":1,"141":1,"142":1,"143":1,"144":1,"146":1,"147":1,"148":2,"149":2,"150":2,"151":2,"153":1,"154":1,"155":2,"156":2,"157":2,"159":1,"160":1,"161":3,"162":3,"163":3,"165":1,"166":1,"167":2,"168":2,"169":2,"171":1,"172":1,"173":4,"175":4,"176":1,"177":4,"178":3,"179":3,"181":4,"182":4,"183":4,"184":4,"185":1,"186":4,"187":3,"188":3,"189":3,"190":4,"191":1,"192":1,"193":1,"194":1,"196":4,"197":1,"198":1,"199":1,"200":1,"201":1,"202":1,"203":4,"205":4,"206":4,"208":1,"209":1,"210":9,"211":9,"212":9,"213":9,"214":9,"215":9,"216":9,"218":9,"219":2,"220":9,"221":1,"222":14,"223":11,"224":14,"225":3,"226":3,"227":1,"229":1,"230":7,"231":1,"233":1,"234":2,"235":7,"236":7,"237":7,"238":7,"239":6,"240":8,"241":3,"242":3,"243":9,"244":3,"245":8,"246":0,"247":5,"248":5,"249":5,"250":8,"251":7,"252":1,"253":1,"254":7,"255":1,"256":1,"257":7,"258":6,"259":2,"260":6,"261":4,"262":4,"263":6,"265":9,"266":9,"268":1,"269":1,"270":10,"271":2,"272":10,"273":2,"274":2,"276":2,"277":13,"278":13,"279":13,"280":13,"281":13,"283":13,"284":3,"285":3,"286":1,"287":1,"288":3,"289":3,"291":13,"292":0,"293":0,"294":0,"295":0,"296":13,"297":3,"298":13,"299":1,"300":10,"301":9,"302":3,"303":3,"304":3,"305":3,"306":9,"307":6,"308":6,"309":9,"310":13,"311":2,"312":8,"313":1,"314":6,"315":5,"316":5,"317":10,"319":1,"320":1,"321":2,"322":2,"323":2,"325":1,"326":1,"327":1,"328":1,"329":1,"331":1,"332":1,"333":1,"334":1,"335":1,"337":1,"338":1,"339":3,"340":1,"341":2,"342":2,"343":1,"345":3,"346":3,"348":1,"349":1,"350":2,"351":2,"352":2,"354":1,"355":1,"356":2,"357":2,"358":2,"360":1,"361":1,"362":2,"363":2,"364":2,"366":1,"367":1,"368":4,"369":4,"370":4,"372":1,"373":1,"374":3,"376":3,"377":3,"379":1,"380":1,"381":3,"382":3,"383":3,"385":1,"386":1,"387":3,"388":3,"389":3,"391":1,"392":1,"393":3,"394":3,"395":3,"397":1,"398":1,"399":3,"400":3,"401":3,"403":1,"404":1,"405":3,"406":3,"407":3,"409":1,"410":1,"411":1,"412":1,"413":1,"414":1},"branchMap":{"0":{"type":"branch","line":5,"loc":{"start":{"line":5,"column":11},"end":{"line":14,"column":5}},"locations":[{"start":{"line":5,"column":11},"end":{"line":14,"column":5}}]},"1":{"type":"branch","line":6,"loc":{"start":{"line":6,"column":40},"end":{"line":12,"column":9}},"locations":[{"start":{"line":6,"column":40},"end":{"line":12,"column":9}}]},"2":{"type":"branch","line":7,"loc":{"start":{"line":7,"column":47},"end":{"line":9,"column":13}},"locations":[{"start":{"line":7,"column":47},"end":{"line":9,"column":13}}]},"3":{"type":"branch","line":17,"loc":{"start":{"line":17,"column":11},"end":{"line":28,"column":5}},"locations":[{"start":{"line":17,"column":11},"end":{"line":28,"column":5}}]},"4":{"type":"branch","line":20,"loc":{"start":{"line":20,"column":40},"end":{"line":26,"column":9}},"locations":[{"start":{"line":20,"column":40},"end":{"line":26,"column":9}}]},"5":{"type":"branch","line":21,"loc":{"start":{"line":21,"column":47},"end":{"line":23,"column":13}},"locations":[{"start":{"line":21,"column":47},"end":{"line":23,"column":13}}]},"6":{"type":"branch","line":31,"loc":{"start":{"line":31,"column":11},"end":{"line":38,"column":5}},"locations":[{"start":{"line":31,"column":11},"end":{"line":38,"column":5}}]},"7":{"type":"branch","line":32,"loc":{"start":{"line":32,"column":49},"end":{"line":32,"column":62}},"locations":[{"start":{"line":32,"column":49},"end":{"line":32,"column":62}}]},"8":{"type":"branch","line":32,"loc":{"start":{"line":32,"column":63},"end":{"line":32,"column":78}},"locations":[{"start":{"line":32,"column":63},"end":{"line":32,"column":78}}]},"9":{"type":"branch","line":34,"loc":{"start":{"line":34,"column":43},"end":{"line":36,"column":9}},"locations":[{"start":{"line":34,"column":43},"end":{"line":36,"column":9}}]},"10":{"type":"branch","line":51,"loc":{"start":{"line":51,"column":11},"end":{"line":54,"column":5}},"locations":[{"start":{"line":51,"column":11},"end":{"line":54,"column":5}}]},"11":{"type":"branch","line":57,"loc":{"start":{"line":57,"column":11},"end":{"line":59,"column":5}},"locations":[{"start":{"line":57,"column":11},"end":{"line":59,"column":5}}]},"12":{"type":"branch","line":62,"loc":{"start":{"line":62,"column":11},"end":{"line":65,"column":5}},"locations":[{"start":{"line":62,"column":11},"end":{"line":65,"column":5}}]},"13":{"type":"branch","line":68,"loc":{"start":{"line":68,"column":11},"end":{"line":71,"column":5}},"locations":[{"start":{"line":68,"column":11},"end":{"line":71,"column":5}}]},"14":{"type":"branch","line":74,"loc":{"start":{"line":74,"column":11},"end":{"line":83,"column":5}},"locations":[{"start":{"line":74,"column":11},"end":{"line":83,"column":5}}]},"15":{"type":"branch","line":75,"loc":{"start":{"line":75,"column":38},"end":{"line":79,"column":9}},"locations":[{"start":{"line":75,"column":38},"end":{"line":79,"column":9}}]},"16":{"type":"branch","line":76,"loc":{"start":{"line":76,"column":41},"end":{"line":78,"column":13}},"locations":[{"start":{"line":76,"column":41},"end":{"line":78,"column":13}}]},"17":{"type":"branch","line":79,"loc":{"start":{"line":79,"column":9},"end":{"line":81,"column":9}},"locations":[{"start":{"line":79,"column":9},"end":{"line":81,"column":9}}]},"18":{"type":"branch","line":86,"loc":{"start":{"line":86,"column":11},"end":{"line":95,"column":5}},"locations":[{"start":{"line":86,"column":11},"end":{"line":95,"column":5}}]},"19":{"type":"branch","line":87,"loc":{"start":{"line":87,"column":38},"end":{"line":93,"column":9}},"locations":[{"start":{"line":87,"column":38},"end":{"line":93,"column":9}}]},"20":{"type":"branch","line":88,"loc":{"start":{"line":88,"column":41},"end":{"line":90,"column":13}},"locations":[{"start":{"line":88,"column":41},"end":{"line":90,"column":13}}]},"21":{"type":"branch","line":98,"loc":{"start":{"line":98,"column":11},"end":{"line":107,"column":5}},"locations":[{"start":{"line":98,"column":11},"end":{"line":107,"column":5}}]},"22":{"type":"branch","line":99,"loc":{"start":{"line":99,"column":38},"end":{"line":105,"column":9}},"locations":[{"start":{"line":99,"column":38},"end":{"line":105,"column":9}}]},"23":{"type":"branch","line":100,"loc":{"start":{"line":100,"column":41},"end":{"line":102,"column":13}},"locations":[{"start":{"line":100,"column":41},"end":{"line":102,"column":13}}]},"24":{"type":"branch","line":110,"loc":{"start":{"line":110,"column":11},"end":{"line":113,"column":5}},"locations":[{"start":{"line":110,"column":11},"end":{"line":113,"column":5}}]},"25":{"type":"branch","line":111,"loc":{"start":{"line":111,"column":45},"end":{"line":111,"column":56}},"locations":[{"start":{"line":111,"column":45},"end":{"line":111,"column":56}}]},"26":{"type":"branch","line":111,"loc":{"start":{"line":111,"column":57},"end":{"line":111,"column":70}},"locations":[{"start":{"line":111,"column":57},"end":{"line":111,"column":70}}]},"27":{"type":"branch","line":112,"loc":{"start":{"line":112,"column":20},"end":{"line":112,"column":78}},"locations":[{"start":{"line":112,"column":20},"end":{"line":112,"column":78}}]},"28":{"type":"branch","line":112,"loc":{"start":{"line":112,"column":79},"end":{"line":112,"column":138}},"locations":[{"start":{"line":112,"column":79},"end":{"line":112,"column":138}}]},"29":{"type":"branch","line":112,"loc":{"start":{"line":112,"column":37},"end":{"line":112,"column":77}},"locations":[{"start":{"line":112,"column":37},"end":{"line":112,"column":77}}]},"30":{"type":"branch","line":112,"loc":{"start":{"line":112,"column":97},"end":{"line":112,"column":137}},"locations":[{"start":{"line":112,"column":97},"end":{"line":112,"column":137}}]},"31":{"type":"branch","line":116,"loc":{"start":{"line":116,"column":11},"end":{"line":139,"column":5}},"locations":[{"start":{"line":116,"column":11},"end":{"line":139,"column":5}}]},"32":{"type":"branch","line":117,"loc":{"start":{"line":117,"column":33},"end":{"line":117,"column":97}},"locations":[{"start":{"line":117,"column":33},"end":{"line":117,"column":97}}]},"33":{"type":"branch","line":117,"loc":{"start":{"line":117,"column":67},"end":{"line":117,"column":96}},"locations":[{"start":{"line":117,"column":67},"end":{"line":117,"column":96}}]},"34":{"type":"branch","line":117,"loc":{"start":{"line":117,"column":99},"end":{"line":119,"column":9}},"locations":[{"start":{"line":117,"column":99},"end":{"line":119,"column":9}}]},"35":{"type":"branch","line":119,"loc":{"start":{"line":119,"column":9},"end":{"line":137,"column":9}},"locations":[{"start":{"line":119,"column":9},"end":{"line":137,"column":9}}]},"36":{"type":"branch","line":119,"loc":{"start":{"line":119,"column":40},"end":{"line":119,"column":66}},"locations":[{"start":{"line":119,"column":40},"end":{"line":119,"column":66}}]},"37":{"type":"branch","line":119,"loc":{"start":{"line":119,"column":68},"end":{"line":137,"column":9}},"locations":[{"start":{"line":119,"column":68},"end":{"line":137,"column":9}}]},"38":{"type":"branch","line":121,"loc":{"start":{"line":121,"column":40},"end":{"line":137,"column":9}},"locations":[{"start":{"line":121,"column":40},"end":{"line":137,"column":9}}]},"39":{"type":"branch","line":123,"loc":{"start":{"line":123,"column":58},"end":{"line":133,"column":17}},"locations":[{"start":{"line":123,"column":58},"end":{"line":133,"column":17}}]},"40":{"type":"branch","line":124,"loc":{"start":{"line":124,"column":52},"end":{"line":124,"column":79}},"locations":[{"start":{"line":124,"column":52},"end":{"line":124,"column":79}}]},"41":{"type":"branch","line":124,"loc":{"start":{"line":124,"column":81},"end":{"line":126,"column":21}},"locations":[{"start":{"line":124,"column":81},"end":{"line":126,"column":21}}]},"42":{"type":"branch","line":126,"loc":{"start":{"line":126,"column":21},"end":{"line":132,"column":21}},"locations":[{"start":{"line":126,"column":21},"end":{"line":132,"column":21}}]},"43":{"type":"branch","line":126,"loc":{"start":{"line":126,"column":100},"end":{"line":130,"column":21}},"locations":[{"start":{"line":126,"column":100},"end":{"line":130,"column":21}}]},"44":{"type":"branch","line":127,"loc":{"start":{"line":127,"column":62},"end":{"line":129,"column":25}},"locations":[{"start":{"line":127,"column":62},"end":{"line":129,"column":25}}]},"45":{"type":"branch","line":130,"loc":{"start":{"line":130,"column":21},"end":{"line":132,"column":21}},"locations":[{"start":{"line":130,"column":21},"end":{"line":132,"column":21}}]},"46":{"type":"branch","line":142,"loc":{"start":{"line":142,"column":11},"end":{"line":145,"column":5}},"locations":[{"start":{"line":142,"column":11},"end":{"line":145,"column":5}}]},"47":{"type":"branch","line":148,"loc":{"start":{"line":148,"column":11},"end":{"line":152,"column":5}},"locations":[{"start":{"line":148,"column":11},"end":{"line":152,"column":5}}]},"48":{"type":"branch","line":155,"loc":{"start":{"line":155,"column":11},"end":{"line":158,"column":5}},"locations":[{"start":{"line":155,"column":11},"end":{"line":158,"column":5}}]},"49":{"type":"branch","line":161,"loc":{"start":{"line":161,"column":11},"end":{"line":164,"column":5}},"locations":[{"start":{"line":161,"column":11},"end":{"line":164,"column":5}}]},"50":{"type":"branch","line":167,"loc":{"start":{"line":167,"column":11},"end":{"line":170,"column":5}},"locations":[{"start":{"line":167,"column":11},"end":{"line":170,"column":5}}]},"51":{"type":"branch","line":173,"loc":{"start":{"line":173,"column":11},"end":{"line":207,"column":5}},"locations":[{"start":{"line":173,"column":11},"end":{"line":207,"column":5}}]},"52":{"type":"branch","line":176,"loc":{"start":{"line":176,"column":31},"end":{"line":178,"column":9}},"locations":[{"start":{"line":176,"column":31},"end":{"line":178,"column":9}}]},"53":{"type":"branch","line":178,"loc":{"start":{"line":178,"column":9},"end":{"line":180,"column":9}},"locations":[{"start":{"line":178,"column":9},"end":{"line":180,"column":9}}]},"54":{"type":"branch","line":184,"loc":{"start":{"line":184,"column":58},"end":{"line":185,"column":58}},"locations":[{"start":{"line":184,"column":58},"end":{"line":185,"column":58}}]},"55":{"type":"branch","line":185,"loc":{"start":{"line":185,"column":59},"end":{"line":186,"column":60}},"locations":[{"start":{"line":185,"column":59},"end":{"line":186,"column":60}}]},"56":{"type":"branch","line":187,"loc":{"start":{"line":187,"column":14},"end":{"line":191,"column":13}},"locations":[{"start":{"line":187,"column":14},"end":{"line":191,"column":13}}]},"57":{"type":"branch","line":191,"loc":{"start":{"line":191,"column":13},"end":{"line":195,"column":13}},"locations":[{"start":{"line":191,"column":13},"end":{"line":195,"column":13}}]},"58":{"type":"branch","line":197,"loc":{"start":{"line":197,"column":35},"end":{"line":203,"column":13}},"locations":[{"start":{"line":197,"column":35},"end":{"line":203,"column":13}}]},"59":{"type":"branch","line":188,"loc":{"start":{"line":188,"column":50},"end":{"line":190,"column":17}},"locations":[{"start":{"line":188,"column":50},"end":{"line":190,"column":17}}]},"60":{"type":"branch","line":192,"loc":{"start":{"line":192,"column":50},"end":{"line":194,"column":17}},"locations":[{"start":{"line":192,"column":50},"end":{"line":194,"column":17}}]},"61":{"type":"branch","line":198,"loc":{"start":{"line":198,"column":58},"end":{"line":198,"column":94}},"locations":[{"start":{"line":198,"column":58},"end":{"line":198,"column":94}}]},"62":{"type":"branch","line":210,"loc":{"start":{"line":210,"column":11},"end":{"line":267,"column":5}},"locations":[{"start":{"line":210,"column":11},"end":{"line":267,"column":5}}]},"63":{"type":"branch","line":219,"loc":{"start":{"line":219,"column":42},"end":{"line":219,"column":71}},"locations":[{"start":{"line":219,"column":42},"end":{"line":219,"column":71}}]},"64":{"type":"branch","line":219,"loc":{"start":{"line":219,"column":73},"end":{"line":221,"column":9}},"locations":[{"start":{"line":219,"column":73},"end":{"line":221,"column":9}}]},"65":{"type":"branch","line":221,"loc":{"start":{"line":221,"column":9},"end":{"line":264,"column":9}},"locations":[{"start":{"line":221,"column":9},"end":{"line":264,"column":9}}]},"66":{"type":"branch","line":221,"loc":{"start":{"line":221,"column":40},"end":{"line":258,"column":9}},"locations":[{"start":{"line":221,"column":40},"end":{"line":258,"column":9}}]},"67":{"type":"branch","line":258,"loc":{"start":{"line":258,"column":9},"end":{"line":264,"column":9}},"locations":[{"start":{"line":258,"column":9},"end":{"line":264,"column":9}}]},"68":{"type":"branch","line":259,"loc":{"start":{"line":259,"column":64},"end":{"line":259,"column":113}},"locations":[{"start":{"line":259,"column":64},"end":{"line":259,"column":113}}]},"69":{"type":"branch","line":259,"loc":{"start":{"line":259,"column":115},"end":{"line":261,"column":13}},"locations":[{"start":{"line":259,"column":115},"end":{"line":261,"column":13}}]},"70":{"type":"branch","line":261,"loc":{"start":{"line":261,"column":13},"end":{"line":263,"column":13}},"locations":[{"start":{"line":261,"column":13},"end":{"line":263,"column":13}}]},"71":{"type":"branch","line":222,"loc":{"start":{"line":222,"column":29},"end":{"line":228,"column":13}},"locations":[{"start":{"line":222,"column":29},"end":{"line":228,"column":13}}]},"72":{"type":"branch","line":223,"loc":{"start":{"line":223,"column":43},"end":{"line":223,"column":65}},"locations":[{"start":{"line":223,"column":43},"end":{"line":223,"column":65}}]},"73":{"type":"branch","line":223,"loc":{"start":{"line":223,"column":67},"end":{"line":225,"column":17}},"locations":[{"start":{"line":223,"column":67},"end":{"line":225,"column":17}}]},"74":{"type":"branch","line":225,"loc":{"start":{"line":225,"column":17},"end":{"line":227,"column":17}},"locations":[{"start":{"line":225,"column":17},"end":{"line":227,"column":17}}]},"75":{"type":"branch","line":230,"loc":{"start":{"line":230,"column":32},"end":{"line":232,"column":13}},"locations":[{"start":{"line":230,"column":32},"end":{"line":232,"column":13}}]},"76":{"type":"branch","line":234,"loc":{"start":{"line":234,"column":33},"end":{"line":256,"column":13}},"locations":[{"start":{"line":234,"column":33},"end":{"line":256,"column":13}}]},"77":{"type":"branch","line":235,"loc":{"start":{"line":235,"column":40},"end":{"line":255,"column":17}},"locations":[{"start":{"line":235,"column":40},"end":{"line":255,"column":17}}]},"78":{"type":"branch","line":237,"loc":{"start":{"line":237,"column":40},"end":{"line":237,"column":61}},"locations":[{"start":{"line":237,"column":40},"end":{"line":237,"column":61}}]},"79":{"type":"branch","line":237,"loc":{"start":{"line":237,"column":62},"end":{"line":237,"column":67}},"locations":[{"start":{"line":237,"column":62},"end":{"line":237,"column":67}}]},"80":{"type":"branch","line":238,"loc":{"start":{"line":238,"column":79},"end":{"line":238,"column":92}},"locations":[{"start":{"line":238,"column":79},"end":{"line":238,"column":92}}]},"81":{"type":"branch","line":238,"loc":{"start":{"line":238,"column":93},"end":{"line":238,"column":99}},"locations":[{"start":{"line":238,"column":93},"end":{"line":238,"column":99}}]},"82":{"type":"branch","line":239,"loc":{"start":{"line":239,"column":49},"end":{"line":252,"column":21}},"locations":[{"start":{"line":239,"column":49},"end":{"line":252,"column":21}}]},"83":{"type":"branch","line":240,"loc":{"start":{"line":240,"column":59},"end":{"line":251,"column":25}},"locations":[{"start":{"line":240,"column":59},"end":{"line":251,"column":25}}]},"84":{"type":"branch","line":241,"loc":{"start":{"line":241,"column":54},"end":{"line":246,"column":29}},"locations":[{"start":{"line":241,"column":54},"end":{"line":246,"column":29}}]},"85":{"type":"branch","line":246,"loc":{"start":{"line":246,"column":29},"end":{"line":250,"column":29}},"locations":[{"start":{"line":246,"column":29},"end":{"line":250,"column":29}}]},"86":{"type":"branch","line":246,"loc":{"start":{"line":246,"column":66},"end":{"line":248,"column":29}},"locations":[{"start":{"line":246,"column":66},"end":{"line":248,"column":29}}]},"87":{"type":"branch","line":252,"loc":{"start":{"line":252,"column":21},"end":{"line":254,"column":21}},"locations":[{"start":{"line":252,"column":21},"end":{"line":254,"column":21}}]},"88":{"type":"branch","line":243,"loc":{"start":{"line":243,"column":51},"end":{"line":245,"column":33}},"locations":[{"start":{"line":243,"column":51},"end":{"line":245,"column":33}}]},"89":{"type":"branch","line":270,"loc":{"start":{"line":270,"column":11},"end":{"line":318,"column":5}},"locations":[{"start":{"line":270,"column":11},"end":{"line":318,"column":5}}]},"90":{"type":"branch","line":271,"loc":{"start":{"line":271,"column":33},"end":{"line":271,"column":97}},"locations":[{"start":{"line":271,"column":33},"end":{"line":271,"column":97}}]},"91":{"type":"branch","line":271,"loc":{"start":{"line":271,"column":67},"end":{"line":271,"column":96}},"locations":[{"start":{"line":271,"column":67},"end":{"line":271,"column":96}}]},"92":{"type":"branch","line":271,"loc":{"start":{"line":271,"column":99},"end":{"line":273,"column":9}},"locations":[{"start":{"line":271,"column":99},"end":{"line":273,"column":9}}]},"93":{"type":"branch","line":273,"loc":{"start":{"line":273,"column":9},"end":{"line":317,"column":9}},"locations":[{"start":{"line":273,"column":9},"end":{"line":317,"column":9}}]},"94":{"type":"branch","line":273,"loc":{"start":{"line":273,"column":40},"end":{"line":313,"column":9}},"locations":[{"start":{"line":273,"column":40},"end":{"line":313,"column":9}}]},"95":{"type":"branch","line":277,"loc":{"start":{"line":277,"column":57},"end":{"line":311,"column":13}},"locations":[{"start":{"line":277,"column":57},"end":{"line":311,"column":13}}]},"96":{"type":"branch","line":278,"loc":{"start":{"line":278,"column":37},"end":{"line":278,"column":43}},"locations":[{"start":{"line":278,"column":37},"end":{"line":278,"column":43}}]},"97":{"type":"branch","line":278,"loc":{"start":{"line":278,"column":44},"end":{"line":278,"column":51}},"locations":[{"start":{"line":278,"column":44},"end":{"line":278,"column":51}}]},"98":{"type":"branch","line":279,"loc":{"start":{"line":279,"column":41},"end":{"line":279,"column":47}},"locations":[{"start":{"line":279,"column":41},"end":{"line":279,"column":47}}]},"99":{"type":"branch","line":279,"loc":{"start":{"line":279,"column":48},"end":{"line":279,"column":55}},"locations":[{"start":{"line":279,"column":48},"end":{"line":279,"column":55}}]},"100":{"type":"branch","line":284,"loc":{"start":{"line":284,"column":54},"end":{"line":290,"column":17}},"locations":[{"start":{"line":284,"column":54},"end":{"line":290,"column":17}}]},"101":{"type":"branch","line":286,"loc":{"start":{"line":286,"column":49},"end":{"line":288,"column":21}},"locations":[{"start":{"line":286,"column":49},"end":{"line":288,"column":21}}]},"102":{"type":"branch","line":287,"loc":{"start":{"line":287,"column":73},"end":{"line":287,"column":77}},"locations":[{"start":{"line":287,"column":73},"end":{"line":287,"column":77}}]},"103":{"type":"branch","line":292,"loc":{"start":{"line":292,"column":36},"end":{"line":297,"column":17}},"locations":[{"start":{"line":292,"column":36},"end":{"line":297,"column":17}}]},"104":{"type":"branch","line":297,"loc":{"start":{"line":297,"column":63},"end":{"line":299,"column":17}},"locations":[{"start":{"line":297,"column":63},"end":{"line":299,"column":17}}]},"105":{"type":"branch","line":299,"loc":{"start":{"line":299,"column":17},"end":{"line":310,"column":17}},"locations":[{"start":{"line":299,"column":17},"end":{"line":310,"column":17}}]},"106":{"type":"branch","line":299,"loc":{"start":{"line":299,"column":48},"end":{"line":301,"column":17}},"locations":[{"start":{"line":299,"column":48},"end":{"line":301,"column":17}}]},"107":{"type":"branch","line":301,"loc":{"start":{"line":301,"column":17},"end":{"line":310,"column":17}},"locations":[{"start":{"line":301,"column":17},"end":{"line":310,"column":17}}]},"108":{"type":"branch","line":302,"loc":{"start":{"line":302,"column":44},"end":{"line":307,"column":21}},"locations":[{"start":{"line":302,"column":44},"end":{"line":307,"column":21}}]},"109":{"type":"branch","line":307,"loc":{"start":{"line":307,"column":21},"end":{"line":309,"column":21}},"locations":[{"start":{"line":307,"column":21},"end":{"line":309,"column":21}}]},"110":{"type":"branch","line":313,"loc":{"start":{"line":313,"column":9},"end":{"line":317,"column":9}},"locations":[{"start":{"line":313,"column":9},"end":{"line":317,"column":9}}]},"111":{"type":"branch","line":313,"loc":{"start":{"line":313,"column":42},"end":{"l
[...]
,"line":268},"4":{"name":"#addJdmMethodToNode","decl":{"start":{"line":297,"column":4},"end":{"line":306,"column":5}},"loc":{"start":{"line":297,"column":4},"end":{"line":306,"column":5}},"line":297},"5":{"name":"jdm_setAttribute","decl":{"start":{"line":323,"column":4},"end":{"line":325,"column":5}},"loc":{"start":{"line":323,"column":4},"end":{"line":325,"column":5}},"line":323},"6":{"name":"jdm_getAttribute","decl":{"start":{"line":339,"column":4},"end":{"line":341,"column":5}},"loc":{"start":{"line":339,"column":4},"end":{"line":341,"column":5}},"line":339},"7":{"name":"jdm_append","decl":{"start":{"line":360,"column":4},"end":{"line":362,"column":5}},"loc":{"start":{"line":360,"column":4},"end":{"line":362,"column":5}},"line":360},"8":{"name":"jdm_prepend","decl":{"start":{"line":383,"column":4},"end":{"line":385,"column":5}},"loc":{"start":{"line":383,"column":4},"end":{"line":385,"column":5}},"line":383},"9":{"name":"jdm_appendBefore","decl":{"start":{"line":406,"column":4},"end":{"line":408,"column":5}},"loc":{"start":{"line":406,"column":4},"end":{"line":408,"column":5}},"line":406},"10":{"name":"jdm_appendAfter","decl":{"start":{"line":428,"column":4},"end":{"line":430,"column":5}},"loc":{"start":{"line":428,"column":4},"end":{"line":430,"column":5}},"line":428},"11":{"name":"jdm_addId","decl":{"start":{"line":443,"column":4},"end":{"line":445,"column":5}},"loc":{"start":{"line":443,"column":4},"end":{"line":445,"column":5}},"line":443},"12":{"name":"jdm_addClassList","decl":{"start":{"line":464,"column":4},"end":{"line":466,"column":5}},"loc":{"start":{"line":464,"column":4},"end":{"line":466,"column":5}},"line":464},"13":{"name":"jdm_removeClassList","decl":{"start":{"line":485,"column":4},"end":{"line":487,"column":5}},"loc":{"start":{"line":485,"column":4},"end":{"line":487,"column":5}},"line":485},"14":{"name":"jdm_toggleClassList","decl":{"start":{"line":504,"column":4},"end":{"line":506,"column":5}},"loc":{"start":{"line":504,"column":4},"end":{"line":506,"column":5}},"line":504},"15":{"name":"jdm_findClassList","decl":{"start":{"line":523,"column":4},"end":{"line":525,"column":5}},"loc":{"start":{"line":523,"column":4},"end":{"line":525,"column":5}},"line":523},"16":{"name":"jdm_empty","decl":{"start":{"line":549,"column":4},"end":{"line":551,"column":5}},"loc":{"start":{"line":549,"column":4},"end":{"line":551,"column":5}},"line":549},"17":{"name":"jdm_destroy","decl":{"start":{"line":566,"column":4},"end":{"line":568,"column":5}},"loc":{"start":{"line":566,"column":4},"end":{"line":568,"column":5}},"line":566},"18":{"name":"jdm_validate","decl":{"start":{"line":583,"column":4},"end":{"line":585,"column":5}},"loc":{"start":{"line":583,"column":4},"end":{"line":585,"column":5}},"line":583},"19":{"name":"jdm_removeAttribute","decl":{"start":{"line":601,"column":4},"end":{"line":603,"column":5}},"loc":{"start":{"line":601,"column":4},"end":{"line":603,"column":5}},"line":601},"20":{"name":"jdm_setStyle","decl":{"start":{"line":618,"column":4},"end":{"line":620,"column":5}},"loc":{"start":{"line":618,"column":4},"end":{"line":620,"column":5}},"line":618},"21":{"name":"jdm_extendNode","decl":{"start":{"line":637,"column":4},"end":{"line":639,"column":5}},"loc":{"start":{"line":637,"column":4},"end":{"line":639,"column":5}},"line":637},"22":{"name":"jdm_innerHTML","decl":{"start":{"line":656,"column":4},"end":{"line":658,"column":5}},"loc":{"start":{"line":656,"column":4},"end":{"line":658,"column":5}},"line":656},"23":{"name":"jdm_binding","decl":{"start":{"line":678,"column":4},"end":{"line":680,"column":5}},"loc":{"start":{"line":678,"column":4},"end":{"line":680,"column":5}},"line":678},"24":{"name":"jdm_onInput","decl":{"start":{"line":697,"column":4},"end":{"line":699,"column":5}},"loc":{"start":{"line":697,"column":4},"end":{"line":699,"column":5}},"line":697},"25":{"name":"fn","decl":{"start":{"line":697,"column":21},"end":{"line":697,"column":29}},"loc":{"start":{"line":697,"column":21},"end":{"line":697,"column":29}},"line":697},"26":{"name":"jdm_onChange","decl":{"start":{"line":717,"column":4},"end":{"line":719,"column":5}},"loc":{"start":{"line":717,"column":4},"end":{"line":719,"column":5}},"line":717},"27":{"name":"fn","decl":{"start":{"line":717,"column":22},"end":{"line":717,"column":30}},"loc":{"start":{"line":717,"column":22},"end":{"line":717,"column":30}},"line":717},"28":{"name":"jdm_onSelect","decl":{"start":{"line":737,"column":4},"end":{"line":739,"column":5}},"loc":{"start":{"line":737,"column":4},"end":{"line":739,"column":5}},"line":737},"29":{"name":"fn","decl":{"start":{"line":737,"column":22},"end":{"line":737,"column":30}},"loc":{"start":{"line":737,"column":22},"end":{"line":737,"column":30}},"line":737},"30":{"name":"jdm_onDebounce","decl":{"start":{"line":760,"column":4},"end":{"line":762,"column":5}},"loc":{"start":{"line":760,"column":4},"end":{"line":762,"column":5}},"line":760},"31":{"name":"fn","decl":{"start":{"line":760,"column":24},"end":{"line":760,"column":32}},"loc":{"start":{"line":760,"column":24},"end":{"line":760,"column":32}},"line":760},"32":{"name":"jdm_onClick","decl":{"start":{"line":780,"column":4},"end":{"line":782,"column":5}},"loc":{"start":{"line":780,"column":4},"end":{"line":782,"column":5}},"line":780},"33":{"name":"fn","decl":{"start":{"line":780,"column":21},"end":{"line":780,"column":29}},"loc":{"start":{"line":780,"column":21},"end":{"line":780,"column":29}},"line":780},"34":{"name":"jdm_onRightClick","decl":{"start":{"line":801,"column":4},"end":{"line":803,"column":5}},"loc":{"start":{"line":801,"column":4},"end":{"line":803,"column":5}},"line":801},"35":{"name":"fn","decl":{"start":{"line":801,"column":26},"end":{"line":801,"column":34}},"loc":{"start":{"line":801,"column":26},"end":{"line":801,"column":34}},"line":801},"36":{"name":"jdm_onDoubleClick","decl":{"start":{"line":822,"column":4},"end":{"line":824,"column":5}},"loc":{"start":{"line":822,"column":4},"end":{"line":824,"column":5}},"line":822},"37":{"name":"fn","decl":{"start":{"line":822,"column":27},"end":{"line":822,"column":35}},"loc":{"start":{"line":822,"column":27},"end":{"line":822,"column":35}},"line":822},"38":{"name":"jdm_onInvalid","decl":{"start":{"line":849,"column":4},"end":{"line":851,"column":5}},"loc":{"start":{"line":849,"column":4},"end":{"line":851,"column":5}},"line":849},"39":{"name":"fn","decl":{"start":{"line":849,"column":23},"end":{"line":849,"column":31}},"loc":{"start":{"line":849,"column":23},"end":{"line":849,"column":31}},"line":849},"40":{"name":"jdm_onLoad","decl":{"start":{"line":871,"column":4},"end":{"line":873,"column":5}},"loc":{"start":{"line":871,"column":4},"end":{"line":873,"column":5}},"line":871},"41":{"name":"fn","decl":{"start":{"line":871,"column":20},"end":{"line":871,"column":28}},"loc":{"start":{"line":871,"column":20},"end":{"line":871,"column":28}},"line":871},"42":{"name":"jdm_onError","decl":{"start":{"line":893,"column":4},"end":{"line":895,"column":5}},"loc":{"start":{"line":893,"column":4},"end":{"line":895,"column":5}},"line":893},"43":{"name":"fn","decl":{"start":{"line":893,"column":21},"end":{"line":893,"column":29}},"loc":{"start":{"line":893,"column":21},"end":{"line":893,"column":29}},"line":893},"44":{"name":"jdm_onSubmit","decl":{"start":{"line":922,"column":4},"end":{"line":924,"column":5}},"loc":{"start":{"line":922,"column":4},"end":{"line":924,"column":5}},"line":922},"45":{"name":"fn","decl":{"start":{"line":922,"column":22},"end":{"line":922,"column":29}},"loc":{"start":{"line":922,"column":22},"end":{"line":922,"column":29}},"line":922},"46":{"name":"jdm_setValue","decl":{"start":{"line":960,"column":4},"end":{"line":962,"column":5}},"loc":{"start":{"line":960,"column":4},"end":{"line":962,"column":5}},"line":960},"47":{"name":"jdm_getValue","decl":{"start":{"line":1005,"column":4},"end":{"line":1007,"column":5}},"loc":{"start":{"line":1005,"column":4},"end":{"line":1007,"column":5}},"line":1005},"48":{"name":"jdm_genEvent","decl":{"start":{"line":1026,"column":4},"end":{"line":1028,"column":5}},"loc":{"start":{"line":1026,"column":4},"end":{"line":1028,"column":5}},"line":1026},"49":{"name":"jdm_addEventListener","decl":{"start":{"line":1048,"column":4},"end":{"line":1050,"column":5}},"loc":{"start":{"line":1048,"column":4},"end":{"line":1050,"column":5}},"line":1048},"50":{"name":"fn","decl":{"start":{"line":1048,"column":36},"end":{"line":1048,"column":44}},"loc":{"start":{"line":1048,"column":36},"end":{"line":1048,"column":44}},"line":1048},"51":{"name":"jdm_removeEventListener","decl":{"start":{"line":1073,"column":4},"end":{"line":1075,"column":5}},"loc":{"start":{"line":1073,"column":4},"end":{"line":1075,"column":5}},"line":1073},"52":{"name":"fn","decl":{"start":{"line":1073,"column":39},"end":{"line":1073,"column":47}},"loc":{"start":{"line":1073,"column":39},"end":{"line":1073,"column":47}},"line":1073},"53":{"name":"jdm_extendChildNode","decl":{"start":{"line":1096,"column":4},"end":{"line":1098,"column":5}},"loc":{"start":{"line":1096,"column":4},"end":{"line":1098,"column":5}},"line":1096},"54":{"name":"jdm_clearAnimations","decl":{"start":{"line":1110,"column":4},"end":{"line":1112,"column":5}},"loc":{"start":{"line":1110,"column":4},"end":{"line":1112,"column":5}},"line":1110},"55":{"name":"jdm_hide","decl":{"start":{"line":1114,"column":4},"end":{"line":1116,"column":5}},"loc":{"start":{"line":1114,"column":4},"end":{"line":1116,"column":5}},"line":1114},"56":{"name":"jdm_show","decl":{"start":{"line":1118,"column":4},"end":{"line":1120,"column":5}},"loc":{"start":{"line":1118,"column":4},"end":{"line":1120,"column":5}},"line":1118},"57":{"name":"jdm_fadeIn","decl":{"start":{"line":1132,"column":4},"end":{"line":1134,"column":5}},"loc":{"start":{"line":1132,"column":4},"end":{"line":1134,"column":5}},"line":1132},"58":{"name":"jdm_fadeInDown","decl":{"start":{"line":1146,"column":4},"end":{"line":1148,"column":5}},"loc":{"start":{"line":1146,"column":4},"end":{"line":1148,"column":5}},"line":1146},"59":{"name":"jdm_fadeInUp","decl":{"start":{"line":1160,"column":4},"end":{"line":1162,"column":5}},"loc":{"start":{"line":1160,"column":4},"end":{"line":1162,"column":5}},"line":1160},"60":{"name":"jdm_fadeInLeft","decl":{"start":{"line":1174,"column":4},"end":{"line":1176,"column":5}},"loc":{"start":{"line":1174,"column":4},"end":{"line":1176,"column":5}},"line":1174},"61":{"name":"jdm_fadeInRight","decl":{"start":{"line":1187,"column":4},"end":{"line":1189,"column":5}},"loc":{"start":{"line":1187,"column":4},"end":{"line":1189,"column":5}},"line":1187},"62":{"name":"jdm_fadeOut","decl":{"start":{"line":1203,"column":4},"end":{"line":1205,"column":5}},"loc":{"start":{"line":1203,"column":4},"end":{"line":1205,"column":5}},"line":1203},"63":{"name":"jdm_fadeOutRight","decl":{"start":{"line":1219,"column":4},"end":{"line":1221,"column":5}},"loc":{"start":{"line":1219,"column":4},"end":{"line":1221,"column":5}},"line":1219},"64":{"name":"jdm_fadeOutUp","decl":{"start":{"line":1234,"column":4},"end":{"line":1236,"column":5}},"loc":{"start":{"line":1234,"column":4},"end":{"line":1236,"column":5}},"line":1234},"65":{"name":"jdm_fadeOutDown","decl":{"start":{"line":1249,"column":4},"end":{"line":1251,"column":5}},"loc":{"start":{"line":1249,"column":4},"end":{"line":1251,"column":5}},"line":1249},"66":{"name":"jdm_fadeOutLeft","decl":{"start":{"line":1264,"column":4},"end":{"line":1266,"column":5}},"loc":{"start":{"line":1264,"column":4},"end":{"line":1266,"column":5}},"line":1264},"67":{"name":"jdm_bounce","decl":{"start":{"line":1278,"column":4},"end":{"line":1280,"column":5}},"loc":{"start":{"line":1278,"column":4},"end":{"line":1280,"column":5}},"line":1278},"68":{"name":"jdm_tada","decl":{"start":{"line":1292,"column":4},"end":{"line":1294,"column":5}},"loc":{"start":{"line":1292,"column":4},"end":{"line":1294,"column":5}},"line":1292},"69":{"name":"jdm_zoomIn","decl":{"start":{"line":1306,"column":4},"end":{"line":1308,"column":5}},"loc":{"start":{"line":1306,"column":4},"end":{"line":1308,"column":5}},"line":1306},"70":{"name":"jdm_zoomOut","decl":{"start":{"line":1320,"column":4},"end":{"line":1322,"column":5}},"loc":{"start":{"line":1320,"column":4},"end":{"line":1322,"column":5}},"line":1320},"71":{"name":"jdm_rotation","decl":{"start":{"line":1335,"column":4},"end":{"line":1337,"column":5}},"loc":{"start":{"line":1335,"column":4},"end":{"line":1337,"column":5}},"line":1335},"72":{"name":"window.JDM","decl":{"start":{"line":1340,"column":13},"end":{"line":1342,"column":2}},"loc":{"start":{"line":1340,"column":13},"end":{"line":1342,"column":2}},"line":1340}},"f":{"0":225,"1":225,"2":225,"3":225,"4":225,"5":1,"6":13,"7":2,"8":2,"9":2,"10":0,"11":1,"12":5,"13":2,"14":4,"15":8,"16":6,"17":1,"18":2,"19":1,"20":2,"21":3,"22":2,"23":4,"24":2,"25":0,"26":2,"27":0,"28":2,"29":0,"30":4,"31":1,"32":3,"33":1,"34":3,"35":1,"36":3,"37":1,"38":3,"39":1,"40":3,"41":1,"42":3,"43":1,"44":1,"45":0,"46":9,"47":10,"48":2,"49":1,"50":0,"51":1,"52":0,"53":3,"54":1,"55":0,"56":0,"57":3,"58":2,"59":2,"60":2,"61":2,"62":2,"63":2,"64":2,"65":2,"66":2,"67":2,"68":2,"69":2,"70":2,"71":2,"72":0}}
,"/Users/marcogiacobazzi/localhost/jdm2/src/proto.js": {"path":"/Users/marcogiacobazzi/localhost/jdm2/src/proto.js","all":false,"statementMap":{"0":{"start":{"line":1,"column":0},"end":{"line":1,"column":3}},"1":{"start":{"line":2,"column":0},"end":{"line":2,"column":46}},"2":{"start":{"line":3,"column":0},"end":{"line":3,"column":9}},"3":{"start":{"line":4,"column":0},"end":{"line":4,"column":3}},"4":{"start":{"line":5,"column":0},"end":{"line":5,"column":20}},"5":{"start":{"line":6,"column":0},"end":{"line":6,"column":19}},"6":{"start":{"line":7,"column":0},"end":{"line":7,"column":11}},"7":{"start":{"line":8,"column":0},"end":{"line":8,"column":87}},"8":{"start":{"line":9,"column":0},"end":{"line":9,"column":62}},"9":{"start":{"line":10,"column":0},"end":{"line":10,"column":64}},"10":{"start":{"line":11,"column":0},"end":{"line":11,"column":99}},"11":{"start":{"line":12,"column":0},"end":{"line":12,"column":10}},"12":{"start":{"line":13,"column":0},"end":{"line":13,"column":20}},"13":{"start":{"line":14,"column":0},"end":{"line":14,"column":37}},"14":{"start":{"line":15,"column":0},"end":{"line":15,"column":86}},"15":{"start":{"line":16,"column":0},"end":{"line":16,"column":75}},"16":{"start":{"line":17,"column":0},"end":{"line":17,"column":19}},"17":{"start":{"line":18,"column":0},"end":{"line":18,"column":35}},"18":{"start":{"line":19,"column":0},"end":{"line":19,"column":50}},"19":{"start":{"line":20,"column":0},"end":{"line":20,"column":50}},"20":{"start":{"line":21,"column":0},"end":{"line":21,"column":11}},"21":{"start":{"line":22,"column":0},"end":{"line":22,"column":50}},"22":{"start":{"line":23,"column":0},"end":{"line":23,"column":86}},"23":{"start":{"line":24,"column":0},"end":{"line":24,"column":62}},"24":{"start":{"line":25,"column":0},"end":{"line":25,"column":95}},"25":{"start":{"line":26,"column":0},"end":{"line":26,"column":101}},"26":{"start":{"line":27,"column":0},"end":{"line":27,"column":28}},"27":{"start":{"line":28,"column":0},"end":{"line":28,"column":108}},"28":{"start":{"line":29,"column":0},"end":{"line":29,"column":29}},"29":{"start":{"line":30,"column":0},"end":{"line":30,"column":20}},"30":{"start":{"line":31,"column":0},"end":{"line":31,"column":102}},"31":{"start":{"line":32,"column":0},"end":{"line":32,"column":67}},"32":{"start":{"line":33,"column":0},"end":{"line":33,"column":13}},"33":{"start":{"line":34,"column":0},"end":{"line":34,"column":10}},"35":{"start":{"line":36,"column":0},"end":{"line":36,"column":53}},"36":{"start":{"line":37,"column":0},"end":{"line":37,"column":64}},"37":{"start":{"line":38,"column":0},"end":{"line":38,"column":10}},"39":{"start":{"line":40,"column":0},"end":{"line":40,"column":11}},"40":{"start":{"line":41,"column":0},"end":{"line":41,"column":100}},"41":{"start":{"line":42,"column":0},"end":{"line":42,"column":57}},"42":{"start":{"line":43,"column":0},"end":{"line":43,"column":99}},"43":{"start":{"line":44,"column":0},"end":{"line":44,"column":89}},"44":{"start":{"line":45,"column":0},"end":{"line":45,"column":11}},"45":{"start":{"line":46,"column":0},"end":{"line":46,"column":50}},"46":{"start":{"line":47,"column":0},"end":{"line":47,"column":95}},"47":{"start":{"line":48,"column":0},"end":{"line":48,"column":44}},"48":{"start":{"line":49,"column":0},"end":{"line":49,"column":10}},"49":{"start":{"line":50,"column":0},"end":{"line":50,"column":5}},"50":{"start":{"line":51,"column":0},"end":{"line":51,"column":1}}},"s":{"0":1,"1":1,"2":1,"3":1,"4":1,"5":1,"6":1,"7":1,"8":1,"9":1,"10":1,"11":1,"12":1,"13":1,"14":1,"15":1,"16":1,"17":1,"18":1,"19":1,"20":1,"21":1,"22":22,"23":22,"24":22,"25":22,"26":6,"27":22,"28":6,"29":16,"30":10,"31":10,"32":10,"33":1,"35":1,"36":4,"37":1,"39":1,"40":1,"41":1,"42":1,"43":1,"44":1,"45":1,"46":4,"47":4,"48":1,"49":1,"50":1},"branchMap":{"0":{"type":"branch","line":6,"loc":{"start":{"line":6,"column":4},"end":{"line":50,"column":5}},"locations":[{"start":{"line":6,"column":4},"end":{"line":50,"column":5}}]},"1":{"type":"branch","line":22,"loc":{"start":{"line":22,"column":37},"end":{"line":34,"column":9}},"locations":[{"start":{"line":22,"column":37},"end":{"line":34,"column":9}}]},"2":{"type":"branch","line":26,"loc":{"start":{"line":26,"column":42},"end":{"line":26,"column":71}},"locations":[{"start":{"line":26,"column":42},"end":{"line":26,"column":71}}]},"3":{"type":"branch","line":26,"loc":{"start":{"line":26,"column":72},"end":{"line":26,"column":98}},"locations":[{"start":{"line":26,"column":72},"end":{"line":26,"column":98}}]},"4":{"type":"branch","line":26,"loc":{"start":{"line":26,"column":100},"end":{"line":28,"column":13}},"locations":[{"start":{"line":26,"column":100},"end":{"line":28,"column":13}}]},"5":{"type":"branch","line":28,"loc":{"start":{"line":28,"column":13},"end":{"line":33,"column":13}},"locations":[{"start":{"line":28,"column":13},"end":{"line":33,"column":13}}]},"6":{"type":"branch","line":28,"loc":{"start":{"line":28,"column":48},"end":{"line":28,"column":78}},"locations":[{"start":{"line":28,"column":48},"end":{"line":28,"column":78}}]},"7":{"type":"branch","line":28,"loc":{"start":{"line":28,"column":79},"end":{"line":28,"column":105}},"locations":[{"start":{"line":28,"column":79},"end":{"line":28,"column":105}}]},"8":{"type":"branch","line":28,"loc":{"start":{"line":28,"column":107},"end":{"line":30,"column":13}},"locations":[{"start":{"line":28,"column":107},"end":{"line":30,"column":13}}]},"9":{"type":"branch","line":30,"loc":{"start":{"line":30,"column":13},"end":{"line":33,"column":13}},"locations":[{"start":{"line":30,"column":13},"end":{"line":33,"column":13}}]},"10":{"type":"branch","line":36,"loc":{"start":{"line":36,"column":40},"end":{"line":38,"column":9}},"locations":[{"start":{"line":36,"column":40},"end":{"line":38,"column":9}}]},"11":{"type":"branch","line":46,"loc":{"start":{"line":46,"column":37},"end":{"line":49,"column":9}},"locations":[{"start":{"line":46,"column":37},"end":{"line":49,"column":9}}]}},"b":{"0":[1],"1":[22],"2":[20],"3":[18],"4":[6],"5":[16],"6":[14],"7":[12],"8":[6],"9":[10],"10":[4],"11":[4]},"fnMap":{"0":{"name":"Proto","decl":{"start":{"line":6,"column":4},"end":{"line":50,"column":5}},"loc":{"start":{"line":6,"column":4},"end":{"line":50,"column":5}},"line":6},"1":{"name":"Proto.String.toBoolean","decl":{"start":{"line":22,"column":37},"end":{"line":34,"column":9}},"loc":{"start":{"line":22,"column":37},"end":{"line":34,"column":9}},"line":22},"2":{"name":"Proto.String.toCapitalize","decl":{"start":{"line":36,"column":40},"end":{"line":38,"column":9}},"loc":{"start":{"line":36,"column":40},"end":{"line":38,"column":9}},"line":36},"3":{"name":"Proto.Number.toBoolean","decl":{"start":{"line":46,"column":37},"end":{"line":49,"column":9}},"loc":{"start":{"line":46,"column":37},"end":{"line":49,"column":9}},"line":46}},"f":{"0":1,"1":22,"2":4,"3":4}}
}
